2020-06-30 22:04:01,218 DEBUG o.e.j.u.l.Log [main] Logging to org.apache.logging.slf4j.Log4jLogger@6b53e23f via org.eclipse.jetty.util.log.Slf4jLog
2020-06-30 22:04:01,225 INFO o.e.j.u.l.Log [main] Logging initialized @2336ms to org.eclipse.jetty.util.log.Slf4jLog
2020-06-30 22:04:01,294 DEBUG o.e.j.u.c.ContainerLifeCycle [main] Server@4b44655e{STOPPED}[9.4.19.v20190610] added {QueuedThreadPool[qtp27319466]@1a0dcaa{STOPPED,8<=0<=200,i=0,r=-1,q=0}[NO_TRY],AUTO}
2020-06-30 22:04:01,318 DEBUG o.e.j.u.c.ContainerLifeCycle [main] HttpConnectionFactory@2b6faea6[HTTP/1.1] added {HttpConfiguration@778d1062{32768/8192,8192/8192,https://:0,[]},POJO}
2020-06-30 22:04:01,322 DEBUG o.e.j.u.c.ContainerLifeCycle [main] ServerConnector@5ccddd20{null,[]}{0.0.0.0:0} added {Server@4b44655e{STOPPED}[9.4.19.v20190610],UNMANAGED}
2020-06-30 22:04:01,324 DEBUG o.e.j.u.c.ContainerLifeCycle [main] ServerConnector@5ccddd20{null,[]}{0.0.0.0:0} added {QueuedThreadPool[qtp27319466]@1a0dcaa{STOPPED,8<=0<=200,i=0,r=-1,q=0}[NO_TRY],AUTO}
2020-06-30 22:04:01,324 DEBUG o.e.j.u.c.ContainerLifeCycle [main] ServerConnector@5ccddd20{null,[]}{0.0.0.0:0} added {ScheduledExecutorScheduler@20d28811{STOPPED},AUTO}
2020-06-30 22:04:01,325 DEBUG o.e.j.u.c.ContainerLifeCycle [main] ServerConnector@5ccddd20{null,[]}{0.0.0.0:0} added {org.eclipse.jetty.io.ArrayByteBufferPool@3967e60c,POJO}
2020-06-30 22:04:01,325 DEBUG o.e.j.u.c.ContainerLifeCycle [main] ServerConnector@5ccddd20{null,[http/1.1]}{0.0.0.0:0} added {HttpConnectionFactory@2b6faea6[HTTP/1.1],AUTO}
2020-06-30 22:04:01,326 DEBUG o.e.j.s.AbstractConnector [main] ServerConnector@5ccddd20{HTTP/1.1,[http/1.1]}{0.0.0.0:0} added HttpConnectionFactory@2b6faea6[HTTP/1.1]
2020-06-30 22:04:01,330 DEBUG o.e.j.u.c.ContainerLifeCycle [main] ServerConnector@5ccddd20{HTTP/1.1,[http/1.1]}{0.0.0.0:0} added {SelectorManager@ServerConnector@5ccddd20{HTTP/1.1,[http/1.1]}{0.0.0.0:0},MANAGED}
2020-06-30 22:04:01,330 DEBUG o.e.j.u.c.ContainerLifeCycle [main] Server@4b44655e{STOPPED}[9.4.19.v20190610] added {ServerConnector@5ccddd20{HTTP/1.1,[http/1.1]}{0.0.0.0:8080},AUTO}
2020-06-30 22:04:01,349 DEBUG o.e.j.u.DecoratedObjectFactory [main] Adding Decorator: org.eclipse.jetty.util.DeprecationWarning@19bb07ed
2020-06-30 22:04:01,358 DEBUG o.e.j.u.c.ContainerLifeCycle [main] o.e.j.s.ServletContextHandler@2145b572{/,null,UNAVAILABLE} added {org.eclipse.jetty.server.session.SessionHandler961712517==dftMaxIdleSec=-1,MANAGED}
2020-06-30 22:04:01,363 DEBUG o.e.j.u.c.ContainerLifeCycle [main] org.eclipse.jetty.server.session.SessionHandler961712517==dftMaxIdleSec=-1 added {ServletHandler@708f5957{STOPPED},MANAGED}
2020-06-30 22:04:01,373 DEBUG o.e.j.u.c.ContainerLifeCycle [main] Server@4b44655e{STOPPED}[9.4.19.v20190610] added {o.e.j.s.ServletContextHandler@2145b572{/base,null,UNAVAILABLE},MANAGED}
2020-06-30 22:04:01,373 DEBUG o.e.j.u.c.AbstractLifeCycle [main] starting Server@4b44655e{STOPPED}[9.4.19.v20190610]
2020-06-30 22:04:01,375 DEBUG o.e.j.u.c.ContainerLifeCycle [main] Server@4b44655e{STARTING}[9.4.19.v20190610] added {ErrorHandler@123ef382{STOPPED},AUTO}
2020-06-30 22:04:01,376 INFO o.e.j.s.Server [main] jetty-9.4.19.v20190610; built: 2019-06-10T16:30:51.723Z; git: afcf563148970e98786327af5e07c261fda175d3; jvm 1.8.0_201-b09
2020-06-30 22:04:01,388 DEBUG o.e.j.s.h.AbstractHandler [main] starting Server@4b44655e{STARTING}[9.4.19.v20190610]
2020-06-30 22:04:01,388 DEBUG o.e.j.u.c.AbstractLifeCycle [main] starting QueuedThreadPool[qtp27319466]@1a0dcaa{STOPPED,8<=0<=200,i=0,r=-1,q=0}[NO_TRY]
2020-06-30 22:04:01,390 DEBUG o.e.j.u.t.ReservedThreadExecutor [main] ReservedThreadExecutor@6356695f{s=0/8,p=0}
2020-06-30 22:04:01,391 DEBUG o.e.j.u.c.ContainerLifeCycle [main] QueuedThreadPool[qtp27319466]@1a0dcaa{STARTING,8<=0<=200,i=0,r=-1,q=0}[ReservedThreadExecutor@6356695f{s=0/8,p=0}] added {ReservedThreadExecutor@6356695f{s=0/8,p=0},AUTO}
2020-06-30 22:04:01,391 DEBUG o.e.j.u.c.AbstractLifeCycle [main] starting ReservedThreadExecutor@6356695f{s=0/8,p=0}
2020-06-30 22:04:01,398 DEBUG o.e.j.u.c.AbstractLifeCycle [main] STARTED @2509ms ReservedThreadExecutor@6356695f{s=0/8,p=0}
2020-06-30 22:04:01,398 DEBUG o.e.j.u.t.QueuedThreadPool [main] Starting Thread[qtp27319466-14,5,main]
2020-06-30 22:04:01,399 DEBUG o.e.j.u.t.QueuedThreadPool [main] Starting Thread[qtp27319466-15,5,main]
2020-06-30 22:04:01,399 DEBUG o.e.j.u.t.QueuedThreadPool [main] Starting Thread[qtp27319466-16,5,main]
2020-06-30 22:04:01,399 DEBUG o.e.j.u.t.QueuedThreadPool$Runner [qtp27319466-14] Runner started for QueuedThreadPool[qtp27319466]@1a0dcaa{STARTING,8<=2<=200,i=0,r=-1,q=0}[ReservedThreadExecutor@6356695f{s=0/8,p=0}]
2020-06-30 22:04:01,399 DEBUG o.e.j.u.t.QueuedThreadPool [main] Starting Thread[qtp27319466-17,5,main]
2020-06-30 22:04:01,399 DEBUG o.e.j.u.t.QueuedThreadPool$Runner [qtp27319466-15] Runner started for QueuedThreadPool[qtp27319466]@1a0dcaa{STARTING,8<=3<=200,i=0,r=-1,q=0}[ReservedThreadExecutor@6356695f{s=0/8,p=0}]
2020-06-30 22:04:01,400 DEBUG o.e.j.u.t.QueuedThreadPool [main] Starting Thread[qtp27319466-18,5,main]
2020-06-30 22:04:01,400 DEBUG o.e.j.u.t.QueuedThreadPool$Runner [qtp27319466-16] Runner started for QueuedThreadPool[qtp27319466]@1a0dcaa{STARTING,8<=4<=200,i=1,r=-1,q=0}[ReservedThreadExecutor@6356695f{s=0/8,p=0}]
2020-06-30 22:04:01,400 DEBUG o.e.j.u.t.QueuedThreadPool [main] Starting Thread[qtp27319466-19,5,main]
2020-06-30 22:04:01,400 DEBUG o.e.j.u.t.QueuedThreadPool$Runner [qtp27319466-17] Runner started for QueuedThreadPool[qtp27319466]@1a0dcaa{STARTING,8<=5<=200,i=2,r=-1,q=0}[ReservedThreadExecutor@6356695f{s=0/8,p=0}]
2020-06-30 22:04:01,407 DEBUG o.e.j.u.t.QueuedThreadPool [main] Starting Thread[qtp27319466-20,5,main]
2020-06-30 22:04:01,408 DEBUG o.e.j.u.t.QueuedThreadPool$Runner [qtp27319466-18] Runner started for QueuedThreadPool[qtp27319466]@1a0dcaa{STARTING,8<=7<=200,i=3,r=-1,q=0}[ReservedThreadExecutor@6356695f{s=0/8,p=0}]
2020-06-30 22:04:01,408 DEBUG o.e.j.u.t.QueuedThreadPool$Runner [qtp27319466-19] Runner started for QueuedThreadPool[qtp27319466]@1a0dcaa{STARTING,8<=7<=200,i=3,r=-1,q=0}[ReservedThreadExecutor@6356695f{s=0/8,p=0}]
2020-06-30 22:04:01,408 DEBUG o.e.j.u.t.QueuedThreadPool [main] Starting Thread[qtp27319466-21,5,main]
2020-06-30 22:04:01,408 DEBUG o.e.j.u.t.QueuedThreadPool$Runner [qtp27319466-20] Runner started for QueuedThreadPool[qtp27319466]@1a0dcaa{STARTING,8<=8<=200,i=6,r=-1,q=0}[ReservedThreadExecutor@6356695f{s=0/8,p=0}]
2020-06-30 22:04:01,409 DEBUG o.e.j.u.c.AbstractLifeCycle [main] STARTED @2520ms QueuedThreadPool[qtp27319466]@1a0dcaa{STARTED,8<=8<=200,i=6,r=8,q=0}[ReservedThreadExecutor@6356695f{s=0/8,p=0}]
2020-06-30 22:04:01,409 DEBUG o.e.j.u.t.QueuedThreadPool$Runner [qtp27319466-21] Runner started for QueuedThreadPool[qtp27319466]@1a0dcaa{STARTED,8<=8<=200,i=6,r=8,q=0}[ReservedThreadExecutor@6356695f{s=0/8,p=0}]
2020-06-30 22:04:01,409 DEBUG o.e.j.u.c.AbstractLifeCycle [main] starting o.e.j.s.ServletContextHandler@2145b572{/base,null,UNAVAILABLE}
2020-06-30 22:04:01,415 DEBUG o.e.j.h.PreEncodedHttpField [main] HttpField encoders loaded: [org.eclipse.jetty.http.Http1FieldPreEncoder@245b4bdc]
2020-06-30 22:04:01,420 DEBUG o.e.j.s.h.AbstractHandler [main] starting o.e.j.s.ServletContextHandler@2145b572{/base,null,STARTING}
2020-06-30 22:04:01,421 DEBUG o.e.j.u.c.AbstractLifeCycle [main] starting org.eclipse.jetty.server.session.SessionHandler961712517==dftMaxIdleSec=-1
2020-06-30 22:04:01,425 DEBUG o.e.j.u.c.ContainerLifeCycle [main] org.eclipse.jetty.server.session.SessionHandler961712517==dftMaxIdleSec=-1 added {org.eclipse.jetty.server.session.DefaultSessionCache@131774fe[evict=-1,removeUnloadable=false,saveOnCreate=false,saveOnInactiveEvict=false],AUTO}
2020-06-30 22:04:01,427 DEBUG o.e.j.u.c.ContainerLifeCycle [main] org.eclipse.jetty.server.session.DefaultSessionCache@131774fe[evict=-1,removeUnloadable=false,saveOnCreate=false,saveOnInactiveEvict=false] added {org.eclipse.jetty.server.session.NullSessionDataStore@5c33f1a9[passivating=false,graceSec=3600],AUTO}
2020-06-30 22:04:01,428 DEBUG o.e.j.u.c.AbstractLifeCycle [main] starting DefaultSessionIdManager@6adbc9d{STOPPED}[worker=null]
2020-06-30 22:04:01,429 INFO o.e.j.s.s.DefaultSessionIdManager [main] DefaultSessionIdManager workerName=node0
2020-06-30 22:04:01,429 INFO o.e.j.s.s.DefaultSessionIdManager [main] No SessionScavenger set, using defaults
2020-06-30 22:04:01,430 DEBUG o.e.j.u.c.ContainerLifeCycle [main] DefaultSessionIdManager@6adbc9d{STARTING}[worker=node0] added {HouseKeeper@223191a6{STOPPED}[interval=600000, ownscheduler=false],MANAGED}
2020-06-30 22:04:01,430 DEBUG o.e.j.u.c.AbstractLifeCycle [main] starting HouseKeeper@223191a6{STOPPED}[interval=600000, ownscheduler=false]
2020-06-30 22:04:01,431 DEBUG o.e.j.u.c.AbstractLifeCycle [main] starting ScheduledExecutorScheduler@49139829{STOPPED}
2020-06-30 22:04:01,433 DEBUG o.e.j.u.c.AbstractLifeCycle [main] STARTED @2544ms ScheduledExecutorScheduler@49139829{STARTED}
2020-06-30 22:04:01,433 DEBUG o.e.j.s.s.HouseKeeper [main] Using own scheduler for scavenging
2020-06-30 22:04:01,434 INFO o.e.j.s.s.HouseKeeper [main] node0 Scavenging every 600000ms
2020-06-30 22:04:01,436 DEBUG o.e.j.u.c.AbstractLifeCycle [main] STARTED @2547ms HouseKeeper@223191a6{STARTED}[interval=600000, ownscheduler=true]
2020-06-30 22:04:01,436 DEBUG o.e.j.u.c.AbstractLifeCycle [main] STARTED @2547ms DefaultSessionIdManager@6adbc9d{STARTED}[worker=node0]
2020-06-30 22:04:01,436 DEBUG o.e.j.u.c.ContainerLifeCycle [main] Server@4b44655e{STARTING}[9.4.19.v20190610] added {DefaultSessionIdManager@6adbc9d{STARTED}[worker=node0],MANAGED}
2020-06-30 22:04:01,437 DEBUG o.e.j.u.c.ContainerLifeCycle [main] org.eclipse.jetty.server.session.SessionHandler961712517==dftMaxIdleSec=-1 added {DefaultSessionIdManager@6adbc9d{STARTED}[worker=node0],UNMANAGED}
2020-06-30 22:04:01,437 DEBUG o.e.j.u.c.AbstractLifeCycle [main] starting ScheduledExecutorScheduler@5b8dfcc1{STOPPED}
2020-06-30 22:04:01,437 DEBUG o.e.j.u.c.AbstractLifeCycle [main] STARTED @2549ms ScheduledExecutorScheduler@5b8dfcc1{STARTED}
2020-06-30 22:04:01,439 DEBUG o.e.j.s.h.AbstractHandler [main] starting org.eclipse.jetty.server.session.SessionHandler961712517==dftMaxIdleSec=-1
2020-06-30 22:04:01,439 DEBUG o.e.j.u.c.AbstractLifeCycle [main] starting ServletHandler@708f5957{STOPPED}
2020-06-30 22:04:01,442 DEBUG o.e.j.s.ServletHandler [main] Path=/path2/[EMBEDDED:null] mapped to servlet=com.demo.jetty.websocket.server2.demo1.AnnotatedEchoSocket2-6e171cd7[EMBEDDED:null]
2020-06-30 22:04:01,446 DEBUG o.e.j.h.p.PathMappings [main] Added MappedResource[pathSpec=ServletPathSpec["/path2/",pathDepth=2,group=EXACT],resource=com.demo.jetty.websocket.server2.demo1.AnnotatedEchoSocket2-6e171cd7@466f0ef1==com.demo.jetty.websocket.server2.demo1.AnnotatedEchoSocket2,jsp=null,order=-1,inst=false,async=true] to PathMappings[size=1]
2020-06-30 22:04:01,446 DEBUG o.e.j.s.ServletHandler [main] Path=/path1/[EMBEDDED:null] mapped to servlet=com.demo.jetty.websocket.server2.demo1.AnnotatedEchoSocket-43195e57[EMBEDDED:null]
2020-06-30 22:04:01,447 DEBUG o.e.j.h.p.PathMappings [main] Added MappedResource[pathSpec=ServletPathSpec["/path1/",pathDepth=2,group=EXACT],resource=com.demo.jetty.websocket.server2.demo1.AnnotatedEchoSocket-43195e57@c34b1fca==com.demo.jetty.websocket.server2.demo1.AnnotatedEchoSocket,jsp=null,order=-1,inst=false,async=true] to PathMappings[size=2]
2020-06-30 22:04:01,447 DEBUG o.e.j.s.ServletHandler [main] filterNameMap={}
2020-06-30 22:04:01,448 DEBUG o.e.j.s.ServletHandler [main] pathFilters=null
2020-06-30 22:04:01,448 DEBUG o.e.j.s.ServletHandler [main] servletFilterMap=null
2020-06-30 22:04:01,448 DEBUG o.e.j.s.ServletHandler [main] servletPathMap=PathMappings[size=2]
2020-06-30 22:04:01,449 DEBUG o.e.j.s.ServletHandler [main] servletNameMap={com.demo.jetty.websocket.server2.demo1.AnnotatedEchoSocket-43195e57=com.demo.jetty.websocket.server2.demo1.AnnotatedEchoSocket-43195e57@c34b1fca==com.demo.jetty.websocket.server2.demo1.AnnotatedEchoSocket,jsp=null,order=-1,inst=false,async=true, com.demo.jetty.websocket.server2.demo1.AnnotatedEchoSocket2-6e171cd7=com.demo.jetty.websocket.server2.demo1.AnnotatedEchoSocket2-6e171cd7@466f0ef1==com.demo.jetty.websocket.server2.demo1.AnnotatedEchoSocket2,jsp=null,order=-1,inst=false,async=true}
2020-06-30 22:04:01,450 DEBUG o.e.j.s.ServletHandler [main] Adding Default404Servlet to ServletHandler@708f5957{STARTING}
2020-06-30 22:04:01,451 DEBUG o.e.j.s.ServletHandler [main] Path=/path2/[EMBEDDED:null] mapped to servlet=com.demo.jetty.websocket.server2.demo1.AnnotatedEchoSocket2-6e171cd7[EMBEDDED:null]
2020-06-30 22:04:01,451 DEBUG o.e.j.h.p.PathMappings [main] Added MappedResource[pathSpec=ServletPathSpec["/path2/",pathDepth=2,group=EXACT],resource=com.demo.jetty.websocket.server2.demo1.AnnotatedEchoSocket2-6e171cd7@466f0ef1==com.demo.jetty.websocket.server2.demo1.AnnotatedEchoSocket2,jsp=null,order=-1,inst=false,async=true] to PathMappings[size=1]
2020-06-30 22:04:01,451 DEBUG o.e.j.s.ServletHandler [main] Path=/path1/[EMBEDDED:null] mapped to servlet=com.demo.jetty.websocket.server2.demo1.AnnotatedEchoSocket-43195e57[EMBEDDED:null]
2020-06-30 22:04:01,451 DEBUG o.e.j.h.p.PathMappings [main] Added MappedResource[pathSpec=ServletPathSpec["/path1/",pathDepth=2,group=EXACT],resource=com.demo.jetty.websocket.server2.demo1.AnnotatedEchoSocket-43195e57@c34b1fca==com.demo.jetty.websocket.server2.demo1.AnnotatedEchoSocket,jsp=null,order=-1,inst=false,async=true] to PathMappings[size=2]
2020-06-30 22:04:01,452 DEBUG o.e.j.s.ServletHandler [main] Path=/[EMBEDDED:null] mapped to servlet=org.eclipse.jetty.servlet.ServletHandler$Default404Servlet-f6efaab[EMBEDDED:null]
2020-06-30 22:04:01,452 DEBUG o.e.j.h.p.PathMappings [main] Added MappedResource[pathSpec=ServletPathSpec["/",pathDepth=-1,group=DEFAULT],resource=org.eclipse.jetty.servlet.ServletHandler$Default404Servlet-f6efaab@aa2e1d5d==org.eclipse.jetty.servlet.ServletHandler$Default404Servlet,jsp=null,order=-1,inst=false,async=true] to PathMappings[size=3]
2020-06-30 22:04:01,452 DEBUG o.e.j.s.ServletHandler [main] filterNameMap={}
2020-06-30 22:04:01,452 DEBUG o.e.j.s.ServletHandler [main] pathFilters=null
2020-06-30 22:04:01,453 DEBUG o.e.j.s.ServletHandler [main] servletFilterMap=null
2020-06-30 22:04:01,453 DEBUG o.e.j.s.ServletHandler [main] servletPathMap=PathMappings[size=3]
2020-06-30 22:04:01,453 DEBUG o.e.j.s.ServletHandler [main] servletNameMap={com.demo.jetty.websocket.server2.demo1.AnnotatedEchoSocket-43195e57=com.demo.jetty.websocket.server2.demo1.AnnotatedEchoSocket-43195e57@c34b1fca==com.demo.jetty.websocket.server2.demo1.AnnotatedEchoSocket,jsp=null,order=-1,inst=false,async=true, org.eclipse.jetty.servlet.ServletHandler$Default404Servlet-f6efaab=org.eclipse.jetty.servlet.ServletHandler$Default404Servlet-f6efaab@aa2e1d5d==org.eclipse.jetty.servlet.ServletHandler$Default404Servlet,jsp=null,order=-1,inst=false,async=true, com.demo.jetty.websocket.server2.demo1.AnnotatedEchoSocket2-6e171cd7=com.demo.jetty.websocket.server2.demo1.AnnotatedEchoSocket2-6e171cd7@466f0ef1==com.demo.jetty.websocket.server2.demo1.AnnotatedEchoSocket2,jsp=null,order=-1,inst=false,async=true}
2020-06-30 22:04:01,454 DEBUG o.e.j.s.h.AbstractHandler [main] starting ServletHandler@708f5957{STARTING}
2020-06-30 22:04:01,455 DEBUG o.e.j.u.c.AbstractLifeCycle [main] STARTED @2566ms ServletHandler@708f5957{STARTED}
2020-06-30 22:04:01,455 DEBUG o.e.j.u.c.AbstractLifeCycle [main] starting org.eclipse.jetty.server.session.DefaultSessionCache@131774fe[evict=-1,removeUnloadable=false,saveOnCreate=false,saveOnInactiveEvict=false]
2020-06-30 22:04:01,455 DEBUG o.e.j.u.c.AbstractLifeCycle [main] starting org.eclipse.jetty.server.session.NullSessionDataStore@5c33f1a9[passivating=false,graceSec=3600]
2020-06-30 22:04:01,456 DEBUG o.e.j.u.c.AbstractLifeCycle [main] STARTED @2567ms org.eclipse.jetty.server.session.NullSessionDataStore@5c33f1a9[passivating=false,graceSec=3600]
2020-06-30 22:04:01,457 DEBUG o.e.j.u.c.AbstractLifeCycle [main] STARTED @2568ms org.eclipse.jetty.server.session.DefaultSessionCache@131774fe[evict=-1,removeUnloadable=false,saveOnCreate=false,saveOnInactiveEvict=false]
2020-06-30 22:04:01,457 DEBUG o.e.j.u.c.AbstractLifeCycle [main] STARTED @2568ms org.eclipse.jetty.server.session.SessionHandler961712517==dftMaxIdleSec=-1
2020-06-30 22:04:01,462 DEBUG o.e.j.u.c.AbstractLifeCycle [main] starting com.demo.jetty.websocket.server2.demo1.AnnotatedEchoSocket-43195e57@c34b1fca==com.demo.jetty.websocket.server2.demo1.AnnotatedEchoSocket,jsp=null,order=-1,inst=false,async=true
2020-06-30 22:04:01,471 DEBUG o.e.j.u.c.AbstractLifeCycle [main] STARTED @2582ms com.demo.jetty.websocket.server2.demo1.AnnotatedEchoSocket-43195e57@c34b1fca==com.demo.jetty.websocket.server2.demo1.AnnotatedEchoSocket,jsp=null,order=-1,inst=false,async=true
2020-06-30 22:04:01,473 DEBUG o.e.j.u.c.AbstractLifeCycle [main] starting com.demo.jetty.websocket.server2.demo1.AnnotatedEchoSocket2-6e171cd7@466f0ef1==com.demo.jetty.websocket.server2.demo1.AnnotatedEchoSocket2,jsp=null,order=-1,inst=false,async=true
2020-06-30 22:04:01,474 DEBUG o.e.j.u.c.AbstractLifeCycle [main] STARTED @2585ms com.demo.jetty.websocket.server2.demo1.AnnotatedEchoSocket2-6e171cd7@466f0ef1==com.demo.jetty.websocket.server2.demo1.AnnotatedEchoSocket2,jsp=null,order=-1,inst=false,async=true
2020-06-30 22:04:01,476 DEBUG o.e.j.u.c.AbstractLifeCycle [main] starting org.eclipse.jetty.servlet.ServletHandler$Default404Servlet-f6efaab@aa2e1d5d==org.eclipse.jetty.servlet.ServletHandler$Default404Servlet,jsp=null,order=-1,inst=false,async=true
2020-06-30 22:04:01,476 DEBUG o.e.j.u.c.AbstractLifeCycle [main] STARTED @2588ms org.eclipse.jetty.servlet.ServletHandler$Default404Servlet-f6efaab@aa2e1d5d==org.eclipse.jetty.servlet.ServletHandler$Default404Servlet,jsp=null,order=-1,inst=false,async=true
2020-06-30 22:04:01,477 INFO o.e.j.s.h.ContextHandler [main] Started o.e.j.s.ServletContextHandler@2145b572{/base,null,AVAILABLE}
2020-06-30 22:04:01,477 DEBUG o.e.j.u.c.AbstractLifeCycle [main] STARTED @2589ms o.e.j.s.ServletContextHandler@2145b572{/base,null,AVAILABLE}
2020-06-30 22:04:01,478 DEBUG o.e.j.u.c.AbstractLifeCycle [main] starting ErrorHandler@123ef382{STOPPED}
2020-06-30 22:04:01,478 DEBUG o.e.j.s.h.AbstractHandler [main] starting ErrorHandler@123ef382{STARTING}
2020-06-30 22:04:01,480 DEBUG o.e.j.u.c.AbstractLifeCycle [main] STARTED @2591ms ErrorHandler@123ef382{STARTED}
2020-06-30 22:04:01,481 DEBUG o.e.j.u.c.AbstractLifeCycle [main] starting ServerConnector@5ccddd20{HTTP/1.1,[http/1.1]}{0.0.0.0:8080}
2020-06-30 22:04:01,488 DEBUG o.e.j.u.c.ContainerLifeCycle [main] ServerConnector@5ccddd20{HTTP/1.1,[http/1.1]}{0.0.0.0:8080} added {sun.nio.ch.ServerSocketChannelImpl[/0:0:0:0:0:0:0:0:8080],POJO}
2020-06-30 22:04:01,489 DEBUG o.e.j.u.c.AbstractLifeCycle [main] starting ScheduledExecutorScheduler@20d28811{STOPPED}
2020-06-30 22:04:01,490 DEBUG o.e.j.u.c.AbstractLifeCycle [main] STARTED @2601ms ScheduledExecutorScheduler@20d28811{STARTED}
2020-06-30 22:04:01,490 DEBUG o.e.j.u.c.AbstractLifeCycle [main] starting HttpConnectionFactory@2b6faea6[HTTP/1.1]
2020-06-30 22:04:01,491 DEBUG o.e.j.u.c.AbstractLifeCycle [main] STARTED @2602ms HttpConnectionFactory@2b6faea6[HTTP/1.1]
2020-06-30 22:04:01,491 DEBUG o.e.j.u.c.AbstractLifeCycle [main] starting SelectorManager@ServerConnector@5ccddd20{HTTP/1.1,[http/1.1]}{0.0.0.0:8080}
2020-06-30 22:04:01,524 DEBUG o.e.j.u.c.ContainerLifeCycle [main] EatWhatYouKill@77888435/SelectorProducer@765d7657/IDLE/p=false/QueuedThreadPool[qtp27319466]@1a0dcaa{STARTED,8<=8<=200,i=8,r=8,q=0}[ReservedThreadExecutor@6356695f{s=0/8,p=0}][pc=0,pic=0,pec=0,epc=0]@2020-06-30T22:04:01.518+08:00 added {SelectorProducer@765d7657,POJO}
2020-06-30 22:04:01,525 DEBUG o.e.j.u.c.ContainerLifeCycle [main] EatWhatYouKill@77888435/SelectorProducer@765d7657/IDLE/p=false/QueuedThreadPool[qtp27319466]@1a0dcaa{STARTED,8<=8<=200,i=8,r=8,q=0}[ReservedThreadExecutor@6356695f{s=0/8,p=0}][pc=0,pic=0,pec=0,epc=0]@2020-06-30T22:04:01.525+08:00 added {QueuedThreadPool[qtp27319466]@1a0dcaa{STARTED,8<=8<=200,i=8,r=8,q=0}[ReservedThreadExecutor@6356695f{s=0/8,p=0}],UNMANAGED}
2020-06-30 22:04:01,526 DEBUG o.e.j.u.t.s.EatWhatYouKill [main] EatWhatYouKill@77888435/SelectorProducer@765d7657/IDLE/p=false/QueuedThreadPool[qtp27319466]@1a0dcaa{STARTED,8<=8<=200,i=8,r=8,q=0}[ReservedThreadExecutor@6356695f{s=0/8,p=0}][pc=0,pic=0,pec=0,epc=0]@2020-06-30T22:04:01.526+08:00 created
2020-06-30 22:04:01,527 DEBUG o.e.j.u.c.ContainerLifeCycle [main] ManagedSelector@3754a4bf{STOPPED} id=0 keys=-1 selected=-1 updates=0 added {EatWhatYouKill@77888435/SelectorProducer@765d7657/IDLE/p=false/QueuedThreadPool[qtp27319466]@1a0dcaa{STARTED,8<=8<=200,i=8,r=8,q=0}[ReservedThreadExecutor@6356695f{s=0/8,p=0}][pc=0,pic=0,pec=0,epc=0]@2020-06-30T22:04:01.527+08:00,MANAGED}
2020-06-30 22:04:01,529 DEBUG o.e.j.u.c.ContainerLifeCycle [main] SelectorManager@ServerConnector@5ccddd20{HTTP/1.1,[http/1.1]}{0.0.0.0:8080} added {ManagedSelector@3754a4bf{STOPPED} id=0 keys=-1 selected=-1 updates=0,AUTO}
2020-06-30 22:04:01,531 DEBUG o.e.j.u.c.ContainerLifeCycle [main] EatWhatYouKill@62379589/SelectorProducer@4afcd809/IDLE/p=false/QueuedThreadPool[qtp27319466]@1a0dcaa{STARTED,8<=8<=200,i=8,r=8,q=0}[ReservedThreadExecutor@6356695f{s=0/8,p=0}][pc=0,pic=0,pec=0,epc=0]@2020-06-30T22:04:01.53+08:00 added {SelectorProducer@4afcd809,POJO}
2020-06-30 22:04:01,532 DEBUG o.e.j.u.c.ContainerLifeCycle [main] EatWhatYouKill@62379589/SelectorProducer@4afcd809/IDLE/p=false/QueuedThreadPool[qtp27319466]@1a0dcaa{STARTED,8<=8<=200,i=8,r=8,q=0}[ReservedThreadExecutor@6356695f{s=0/8,p=0}][pc=0,pic=0,pec=0,epc=0]@2020-06-30T22:04:01.531+08:00 added {QueuedThreadPool[qtp27319466]@1a0dcaa{STARTED,8<=8<=200,i=8,r=8,q=0}[ReservedThreadExecutor@6356695f{s=0/8,p=0}],UNMANAGED}
2020-06-30 22:04:01,533 DEBUG o.e.j.u.t.s.EatWhatYouKill [main] EatWhatYouKill@62379589/SelectorProducer@4afcd809/IDLE/p=false/QueuedThreadPool[qtp27319466]@1a0dcaa{STARTED,8<=8<=200,i=8,r=8,q=0}[ReservedThreadExecutor@6356695f{s=0/8,p=0}][pc=0,pic=0,pec=0,epc=0]@2020-06-30T22:04:01.532+08:00 created
2020-06-30 22:04:01,534 DEBUG o.e.j.u.c.ContainerLifeCycle [main] ManagedSelector@175c2241{STOPPED} id=1 keys=-1 selected=-1 updates=0 added {EatWhatYouKill@62379589/SelectorProducer@4afcd809/IDLE/p=false/QueuedThreadPool[qtp27319466]@1a0dcaa{STARTED,8<=8<=200,i=8,r=8,q=0}[ReservedThreadExecutor@6356695f{s=0/8,p=0}][pc=0,pic=0,pec=0,epc=0]@2020-06-30T22:04:01.534+08:00,MANAGED}
2020-06-30 22:04:01,535 DEBUG o.e.j.u.c.ContainerLifeCycle [main] SelectorManager@ServerConnector@5ccddd20{HTTP/1.1,[http/1.1]}{0.0.0.0:8080} added {ManagedSelector@175c2241{STOPPED} id=1 keys=-1 selected=-1 updates=0,AUTO}
2020-06-30 22:04:01,536 DEBUG o.e.j.u.c.ContainerLifeCycle [main] EatWhatYouKill@5bf0d49/SelectorProducer@5b7a5baa/IDLE/p=false/QueuedThreadPool[qtp27319466]@1a0dcaa{STARTED,8<=8<=200,i=8,r=8,q=0}[ReservedThreadExecutor@6356695f{s=0/8,p=0}][pc=0,pic=0,pec=0,epc=0]@2020-06-30T22:04:01.535+08:00 added {SelectorProducer@5b7a5baa,POJO}
2020-06-30 22:04:01,537 DEBUG o.e.j.u.c.ContainerLifeCycle [main] EatWhatYouKill@5bf0d49/SelectorProducer@5b7a5baa/IDLE/p=false/QueuedThreadPool[qtp27319466]@1a0dcaa{STARTED,8<=8<=200,i=8,r=8,q=0}[ReservedThreadExecutor@6356695f{s=0/8,p=0}][pc=0,pic=0,pec=0,epc=0]@2020-06-30T22:04:01.536+08:00 added {QueuedThreadPool[qtp27319466]@1a0dcaa{STARTED,8<=8<=200,i=8,r=8,q=0}[ReservedThreadExecutor@6356695f{s=0/8,p=0}],UNMANAGED}
2020-06-30 22:04:01,538 DEBUG o.e.j.u.t.s.EatWhatYouKill [main] EatWhatYouKill@5bf0d49/SelectorProducer@5b7a5baa/IDLE/p=false/QueuedThreadPool[qtp27319466]@1a0dcaa{STARTED,8<=8<=200,i=8,r=8,q=0}[ReservedThreadExecutor@6356695f{s=0/8,p=0}][pc=0,pic=0,pec=0,epc=0]@2020-06-30T22:04:01.537+08:00 created
2020-06-30 22:04:01,540 DEBUG o.e.j.u.c.ContainerLifeCycle [main] ManagedSelector@776aec5c{STOPPED} id=2 keys=-1 selected=-1 updates=0 added {EatWhatYouKill@5bf0d49/SelectorProducer@5b7a5baa/IDLE/p=false/QueuedThreadPool[qtp27319466]@1a0dcaa{STARTED,8<=8<=200,i=8,r=8,q=0}[ReservedThreadExecutor@6356695f{s=0/8,p=0}][pc=0,pic=0,pec=0,epc=0]@2020-06-30T22:04:01.539+08:00,MANAGED}
2020-06-30 22:04:01,541 DEBUG o.e.j.u.c.ContainerLifeCycle [main] SelectorManager@ServerConnector@5ccddd20{HTTP/1.1,[http/1.1]}{0.0.0.0:8080} added {ManagedSelector@776aec5c{STOPPED} id=2 keys=-1 selected=-1 updates=0,AUTO}
2020-06-30 22:04:01,542 DEBUG o.e.j.u.c.ContainerLifeCycle [main] EatWhatYouKill@1d296da/SelectorProducer@7c7a06ec/IDLE/p=false/QueuedThreadPool[qtp27319466]@1a0dcaa{STARTED,8<=8<=200,i=8,r=8,q=0}[ReservedThreadExecutor@6356695f{s=0/8,p=0}][pc=0,pic=0,pec=0,epc=0]@2020-06-30T22:04:01.542+08:00 added {SelectorProducer@7c7a06ec,POJO}
2020-06-30 22:04:01,543 DEBUG o.e.j.u.c.ContainerLifeCycle [main] EatWhatYouKill@1d296da/SelectorProducer@7c7a06ec/IDLE/p=false/QueuedThreadPool[qtp27319466]@1a0dcaa{STARTED,8<=8<=200,i=8,r=8,q=0}[ReservedThreadExecutor@6356695f{s=0/8,p=0}][pc=0,pic=0,pec=0,epc=0]@2020-06-30T22:04:01.543+08:00 added {QueuedThreadPool[qtp27319466]@1a0dcaa{STARTED,8<=8<=200,i=8,r=8,q=0}[ReservedThreadExecutor@6356695f{s=0/8,p=0}],UNMANAGED}
2020-06-30 22:04:01,544 DEBUG o.e.j.u.t.s.EatWhatYouKill [main] EatWhatYouKill@1d296da/SelectorProducer@7c7a06ec/IDLE/p=false/QueuedThreadPool[qtp27319466]@1a0dcaa{STARTED,8<=8<=200,i=8,r=8,q=0}[ReservedThreadExecutor@6356695f{s=0/8,p=0}][pc=0,pic=0,pec=0,epc=0]@2020-06-30T22:04:01.544+08:00 created
2020-06-30 22:04:01,545 DEBUG o.e.j.u.c.ContainerLifeCycle [main] ManagedSelector@75d4a5c2{STOPPED} id=3 keys=-1 selected=-1 updates=0 added {EatWhatYouKill@1d296da/SelectorProducer@7c7a06ec/IDLE/p=false/QueuedThreadPool[qtp27319466]@1a0dcaa{STARTED,8<=8<=200,i=8,r=8,q=0}[ReservedThreadExecutor@6356695f{s=0/8,p=0}][pc=0,pic=0,pec=0,epc=0]@2020-06-30T22:04:01.545+08:00,MANAGED}
2020-06-30 22:04:01,546 DEBUG o.e.j.u.c.ContainerLifeCycle [main] SelectorManager@ServerConnector@5ccddd20{HTTP/1.1,[http/1.1]}{0.0.0.0:8080} added {ManagedSelector@75d4a5c2{STOPPED} id=3 keys=-1 selected=-1 updates=0,AUTO}
2020-06-30 22:04:01,546 DEBUG o.e.j.u.c.AbstractLifeCycle [main] starting ManagedSelector@3754a4bf{STOPPED} id=0 keys=-1 selected=-1 updates=0
2020-06-30 22:04:01,547 DEBUG o.e.j.u.c.AbstractLifeCycle [main] starting EatWhatYouKill@77888435/SelectorProducer@765d7657/IDLE/p=false/QueuedThreadPool[qtp27319466]@1a0dcaa{STARTED,8<=8<=200,i=8,r=8,q=0}[ReservedThreadExecutor@6356695f{s=0/8,p=0}][pc=0,pic=0,pec=0,epc=0]@2020-06-30T22:04:01.547+08:00
2020-06-30 22:04:01,548 DEBUG o.e.j.u.c.AbstractLifeCycle [main] STARTED @2659ms EatWhatYouKill@77888435/SelectorProducer@765d7657/IDLE/p=false/QueuedThreadPool[qtp27319466]@1a0dcaa{STARTED,8<=8<=200,i=8,r=8,q=0}[ReservedThreadExecutor@6356695f{s=0/8,p=0}][pc=0,pic=0,pec=0,epc=0]@2020-06-30T22:04:01.548+08:00
2020-06-30 22:04:01,561 DEBUG o.e.j.u.t.QueuedThreadPool [main] queue org.eclipse.jetty.io.ManagedSelector$$Lambda$29/1613095350@22ff4249 startThread=false
2020-06-30 22:04:01,561 DEBUG o.e.j.u.t.QueuedThreadPool$Runner [qtp27319466-14] run org.eclipse.jetty.io.ManagedSelector$$Lambda$29/1613095350@22ff4249 in QueuedThreadPool[qtp27319466]@1a0dcaa{STARTED,8<=8<=200,i=7,r=8,q=0}[ReservedThreadExecutor@6356695f{s=0/8,p=0}]
2020-06-30 22:04:01,562 DEBUG o.e.j.i.ManagedSelector [main] Queued change org.eclipse.jetty.io.ManagedSelector$Start@2d1ef81a on ManagedSelector@3754a4bf{STARTING} id=0 keys=0 selected=0 updates=0
2020-06-30 22:04:01,562 DEBUG o.e.j.u.t.s.EatWhatYouKill [qtp27319466-14] EatWhatYouKill@77888435/SelectorProducer@765d7657/IDLE/p=false/QueuedThreadPool[qtp27319466]@1a0dcaa{STARTED,8<=8<=200,i=7,r=8,q=0}[ReservedThreadExecutor@6356695f{s=0/8,p=0}][pc=0,pic=0,pec=0,epc=0]@2020-06-30T22:04:01.562+08:00 tryProduce false
2020-06-30 22:04:01,566 DEBUG o.e.j.i.ManagedSelector$SelectorProducer [qtp27319466-14] updateable 1
2020-06-30 22:04:01,567 DEBUG o.e.j.i.ManagedSelector$SelectorProducer [qtp27319466-14] update org.eclipse.jetty.io.ManagedSelector$Start@2d1ef81a
2020-06-30 22:04:01,567 DEBUG o.e.j.i.ManagedSelector$SelectorProducer [qtp27319466-14] updates 0
2020-06-30 22:04:01,567 DEBUG o.e.j.u.c.AbstractLifeCycle [main] STARTED @2678ms ManagedSelector@3754a4bf{STARTED} id=0 keys=0 selected=0 updates=0
2020-06-30 22:04:01,567 DEBUG o.e.j.i.ManagedSelector$SelectorProducer [qtp27319466-14] Selector sun.nio.ch.WindowsSelectorImpl@10fd3279 waiting with 0 keys
2020-06-30 22:04:01,567 DEBUG o.e.j.u.c.AbstractLifeCycle [main] starting ManagedSelector@175c2241{STOPPED} id=1 keys=-1 selected=-1 updates=0
2020-06-30 22:04:01,568 DEBUG o.e.j.u.c.AbstractLifeCycle [main] starting EatWhatYouKill@62379589/SelectorProducer@4afcd809/IDLE/p=false/QueuedThreadPool[qtp27319466]@1a0dcaa{STARTED,8<=8<=200,i=7,r=8,q=0}[ReservedThreadExecutor@6356695f{s=0/8,p=0}][pc=0,pic=0,pec=0,epc=0]@2020-06-30T22:04:01.568+08:00
2020-06-30 22:04:01,568 DEBUG o.e.j.u.c.AbstractLifeCycle [main] STARTED @2679ms EatWhatYouKill@62379589/SelectorProducer@4afcd809/IDLE/p=false/QueuedThreadPool[qtp27319466]@1a0dcaa{STARTED,8<=8<=200,i=7,r=8,q=0}[ReservedThreadExecutor@6356695f{s=0/8,p=0}][pc=0,pic=0,pec=0,epc=0]@2020-06-30T22:04:01.568+08:00
2020-06-30 22:04:01,570 DEBUG o.e.j.u.t.QueuedThreadPool [main] queue org.eclipse.jetty.io.ManagedSelector$$Lambda$29/1613095350@4c402120 startThread=false
2020-06-30 22:04:01,570 DEBUG o.e.j.u.t.QueuedThreadPool$Runner [qtp27319466-15] run org.eclipse.jetty.io.ManagedSelector$$Lambda$29/1613095350@4c402120 in QueuedThreadPool[qtp27319466]@1a0dcaa{STARTED,8<=8<=200,i=6,r=8,q=0}[ReservedThreadExecutor@6356695f{s=0/8,p=0}]
2020-06-30 22:04:01,571 DEBUG o.e.j.i.ManagedSelector [main] Queued change org.eclipse.jetty.io.ManagedSelector$Start@327514f on ManagedSelector@175c2241{STARTING} id=1 keys=0 selected=0 updates=0
2020-06-30 22:04:01,571 DEBUG o.e.j.u.t.s.EatWhatYouKill [qtp27319466-15] EatWhatYouKill@62379589/SelectorProducer@4afcd809/IDLE/p=false/QueuedThreadPool[qtp27319466]@1a0dcaa{STARTED,8<=8<=200,i=6,r=8,q=0}[ReservedThreadExecutor@6356695f{s=0/8,p=0}][pc=0,pic=0,pec=0,epc=0]@2020-06-30T22:04:01.571+08:00 tryProduce false
2020-06-30 22:04:01,571 DEBUG o.e.j.i.ManagedSelector$SelectorProducer [qtp27319466-15] updateable 1
2020-06-30 22:04:01,572 DEBUG o.e.j.i.ManagedSelector$SelectorProducer [qtp27319466-15] update org.eclipse.jetty.io.ManagedSelector$Start@327514f
2020-06-30 22:04:01,572 DEBUG o.e.j.i.ManagedSelector$SelectorProducer [qtp27319466-15] updates 0
2020-06-30 22:04:01,572 DEBUG o.e.j.i.ManagedSelector$SelectorProducer [qtp27319466-15] Selector sun.nio.ch.WindowsSelectorImpl@3cbd70e4 waiting with 0 keys
2020-06-30 22:04:01,572 DEBUG o.e.j.u.c.AbstractLifeCycle [main] STARTED @2683ms ManagedSelector@175c2241{STARTED} id=1 keys=0 selected=0 updates=0
2020-06-30 22:04:01,573 DEBUG o.e.j.u.c.AbstractLifeCycle [main] starting ManagedSelector@776aec5c{STOPPED} id=2 keys=-1 selected=-1 updates=0
2020-06-30 22:04:01,573 DEBUG o.e.j.u.c.AbstractLifeCycle [main] starting EatWhatYouKill@5bf0d49/SelectorProducer@5b7a5baa/IDLE/p=false/QueuedThreadPool[qtp27319466]@1a0dcaa{STARTED,8<=8<=200,i=6,r=8,q=0}[ReservedThreadExecutor@6356695f{s=0/8,p=0}][pc=0,pic=0,pec=0,epc=0]@2020-06-30T22:04:01.573+08:00
2020-06-30 22:04:01,574 DEBUG o.e.j.u.c.AbstractLifeCycle [main] STARTED @2685ms EatWhatYouKill@5bf0d49/SelectorProducer@5b7a5baa/IDLE/p=false/QueuedThreadPool[qtp27319466]@1a0dcaa{STARTED,8<=8<=200,i=6,r=8,q=0}[ReservedThreadExecutor@6356695f{s=0/8,p=0}][pc=0,pic=0,pec=0,epc=0]@2020-06-30T22:04:01.574+08:00
2020-06-30 22:04:01,576 DEBUG o.e.j.u.t.QueuedThreadPool [main] queue org.eclipse.jetty.io.ManagedSelector$$Lambda$29/1613095350@5b12b668 startThread=false
2020-06-30 22:04:01,576 DEBUG o.e.j.u.t.QueuedThreadPool$Runner [qtp27319466-16] run org.eclipse.jetty.io.ManagedSelector$$Lambda$29/1613095350@5b12b668 in QueuedThreadPool[qtp27319466]@1a0dcaa{STARTED,8<=8<=200,i=5,r=8,q=0}[ReservedThreadExecutor@6356695f{s=0/8,p=0}]
2020-06-30 22:04:01,577 DEBUG o.e.j.i.ManagedSelector [main] Queued change org.eclipse.jetty.io.ManagedSelector$Start@1165b38 on ManagedSelector@776aec5c{STARTING} id=2 keys=0 selected=0 updates=0
2020-06-30 22:04:01,577 DEBUG o.e.j.u.t.s.EatWhatYouKill [qtp27319466-16] EatWhatYouKill@5bf0d49/SelectorProducer@5b7a5baa/IDLE/p=false/QueuedThreadPool[qtp27319466]@1a0dcaa{STARTED,8<=8<=200,i=5,r=8,q=0}[ReservedThreadExecutor@6356695f{s=0/8,p=0}][pc=0,pic=0,pec=0,epc=0]@2020-06-30T22:04:01.577+08:00 tryProduce false
2020-06-30 22:04:01,577 DEBUG o.e.j.i.ManagedSelector$SelectorProducer [qtp27319466-16] updateable 1
2020-06-30 22:04:01,578 DEBUG o.e.j.i.ManagedSelector$SelectorProducer [qtp27319466-16] update org.eclipse.jetty.io.ManagedSelector$Start@1165b38
2020-06-30 22:04:01,578 DEBUG o.e.j.i.ManagedSelector$SelectorProducer [qtp27319466-16] updates 0
2020-06-30 22:04:01,578 DEBUG o.e.j.u.c.AbstractLifeCycle [main] STARTED @2689ms ManagedSelector@776aec5c{STARTED} id=2 keys=0 selected=0 updates=0
2020-06-30 22:04:01,578 DEBUG o.e.j.i.ManagedSelector$SelectorProducer [qtp27319466-16] Selector sun.nio.ch.WindowsSelectorImpl@66770429 waiting with 0 keys
2020-06-30 22:04:01,579 DEBUG o.e.j.u.c.AbstractLifeCycle [main] starting ManagedSelector@75d4a5c2{STOPPED} id=3 keys=-1 selected=-1 updates=0
2020-06-30 22:04:01,579 DEBUG o.e.j.u.c.AbstractLifeCycle [main] starting EatWhatYouKill@1d296da/SelectorProducer@7c7a06ec/IDLE/p=false/QueuedThreadPool[qtp27319466]@1a0dcaa{STARTED,8<=8<=200,i=5,r=8,q=0}[ReservedThreadExecutor@6356695f{s=0/8,p=0}][pc=0,pic=0,pec=0,epc=0]@2020-06-30T22:04:01.579+08:00
2020-06-30 22:04:01,580 DEBUG o.e.j.u.c.AbstractLifeCycle [main] STARTED @2691ms EatWhatYouKill@1d296da/SelectorProducer@7c7a06ec/IDLE/p=false/QueuedThreadPool[qtp27319466]@1a0dcaa{STARTED,8<=8<=200,i=5,r=8,q=0}[ReservedThreadExecutor@6356695f{s=0/8,p=0}][pc=0,pic=0,pec=0,epc=0]@2020-06-30T22:04:01.58+08:00
2020-06-30 22:04:01,582 DEBUG o.e.j.u.t.QueuedThreadPool [main] queue org.eclipse.jetty.io.ManagedSelector$$Lambda$29/1613095350@4c12331b startThread=false
2020-06-30 22:04:01,582 DEBUG o.e.j.u.t.QueuedThreadPool$Runner [qtp27319466-17] run org.eclipse.jetty.io.ManagedSelector$$Lambda$29/1613095350@4c12331b in QueuedThreadPool[qtp27319466]@1a0dcaa{STARTED,8<=8<=200,i=4,r=8,q=0}[ReservedThreadExecutor@6356695f{s=0/8,p=0}]
2020-06-30 22:04:01,582 DEBUG o.e.j.i.ManagedSelector [main] Queued change org.eclipse.jetty.io.ManagedSelector$Start@7586beff on ManagedSelector@75d4a5c2{STARTING} id=3 keys=0 selected=0 updates=0
2020-06-30 22:04:01,583 DEBUG o.e.j.u.t.s.EatWhatYouKill [qtp27319466-17] EatWhatYouKill@1d296da/SelectorProducer@7c7a06ec/IDLE/p=false/QueuedThreadPool[qtp27319466]@1a0dcaa{STARTED,8<=8<=200,i=4,r=8,q=0}[ReservedThreadExecutor@6356695f{s=0/8,p=0}][pc=0,pic=0,pec=0,epc=0]@2020-06-30T22:04:01.583+08:00 tryProduce false
2020-06-30 22:04:01,583 DEBUG o.e.j.i.ManagedSelector$SelectorProducer [qtp27319466-17] updateable 1
2020-06-30 22:04:01,583 DEBUG o.e.j.i.ManagedSelector$SelectorProducer [qtp27319466-17] update org.eclipse.jetty.io.ManagedSelector$Start@7586beff
2020-06-30 22:04:01,584 DEBUG o.e.j.i.ManagedSelector$SelectorProducer [qtp27319466-17] updates 0
2020-06-30 22:04:01,584 DEBUG o.e.j.u.c.AbstractLifeCycle [main] STARTED @2695ms ManagedSelector@75d4a5c2{STARTED} id=3 keys=0 selected=0 updates=0
2020-06-30 22:04:01,584 DEBUG o.e.j.i.ManagedSelector$SelectorProducer [qtp27319466-17] Selector sun.nio.ch.WindowsSelectorImpl@9f237f waiting with 0 keys
2020-06-30 22:04:01,584 DEBUG o.e.j.u.c.AbstractLifeCycle [main] STARTED @2695ms SelectorManager@ServerConnector@5ccddd20{HTTP/1.1,[http/1.1]}{0.0.0.0:8080}
2020-06-30 22:04:01,586 DEBUG o.e.j.u.c.ContainerLifeCycle [main] ServerConnector@5ccddd20{HTTP/1.1,[http/1.1]}{0.0.0.0:8080} added {acceptor-0@5542c4ed,POJO}
2020-06-30 22:04:01,587 DEBUG o.e.j.u.t.QueuedThreadPool [main] queue acceptor-0@5542c4ed startThread=false
2020-06-30 22:04:01,587 DEBUG o.e.j.u.t.QueuedThreadPool$Runner [qtp27319466-18] run acceptor-0@5542c4ed in QueuedThreadPool[qtp27319466]@1a0dcaa{STARTED,8<=8<=200,i=3,r=8,q=0}[ReservedThreadExecutor@6356695f{s=0/8,p=0}]
2020-06-30 22:04:01,587 INFO o.e.j.s.AbstractConnector [main] Started ServerConnector@5ccddd20{HTTP/1.1,[http/1.1]}{0.0.0.0:8080}
2020-06-30 22:04:01,587 DEBUG o.e.j.u.c.AbstractLifeCycle [main] STARTED @2698ms ServerConnector@5ccddd20{HTTP/1.1,[http/1.1]}{0.0.0.0:8080}
2020-06-30 22:04:01,588 INFO o.e.j.s.Server [main] Started @2699ms
2020-06-30 22:04:01,588 DEBUG o.e.j.u.c.AbstractLifeCycle [main] STARTED @2699ms Server@4b44655e{STARTED}[9.4.19.v20190610]
