2020-03-11 17:20:30,094 INFO c.m.d.l.SLF4JLogger [main] Cluster created with settings {hosts=[localhost:27017], mode=SINGLE, requiredClusterType=UNKNOWN, serverSelectionTimeout='30000 ms', maxWaitQueueSize=500}
2020-03-11 17:20:30,120 DEBUG c.m.d.l.SLF4JLogger [main] Updating cluster description to  {type=UNKNOWN, servers=[{address=localhost:27017, type=UNKNOWN, state=CONNECTING}]
2020-03-11 17:20:30,147 INFO c.m.d.l.SLF4JLogger [main] Cluster description not yet available. Waiting for 30000 ms before timing out
2020-03-11 17:20:30,156 INFO c.m.d.l.SLF4JLogger [cluster-ClusterId{value='5e68ad5dc0633a2d3e11337c', description='null'}-localhost:27017] Opened connection [connectionId{localValue:1, serverValue:297}] to localhost:27017
2020-03-11 17:20:30,157 DEBUG c.m.d.l.SLF4JLogger [cluster-ClusterId{value='5e68ad5dc0633a2d3e11337c', description='null'}-localhost:27017] Checking status of localhost:27017
2020-03-11 17:20:30,172 DEBUG c.m.d.l.SLF4JLogger [cluster-ClusterId{value='5e68ad5dc0633a2d3e11337c', description='null'}-localhost:27017] Sending command '{"ismaster": 1, "$db": "admin"}' with request id 4 to com.demo.database admin on connection [connectionId{localValue:1, serverValue:297}] to server localhost:27017
2020-03-11 17:20:30,174 DEBUG c.m.d.l.SLF4JLogger [cluster-ClusterId{value='5e68ad5dc0633a2d3e11337c', description='null'}-localhost:27017] Execution of command with request id 4 completed successfully in 14.04 ms on connection [connectionId{localValue:1, serverValue:297}] to server localhost:27017
2020-03-11 17:20:30,175 INFO c.m.d.l.SLF4JLogger [cluster-ClusterId{value='5e68ad5dc0633a2d3e11337c', description='null'}-localhost:27017] Monitor com.demo.thread successfully connected to server with description ServerDescription{address=localhost:27017, type=STANDALONE, state=CONNECTED, ok=true, version=ServerVersion{versionList=[4, 0, 10]}, minWireVersion=0, maxWireVersion=7, maxDocumentSize=16777216, logicalSessionTimeoutMinutes=30, roundTripTimeNanos=16948300}
2020-03-11 17:20:30,175 DEBUG c.m.d.l.SLF4JLogger [cluster-ClusterId{value='5e68ad5dc0633a2d3e11337c', description='null'}-localhost:27017] Updating cluster description to  {type=STANDALONE, servers=[{address=localhost:27017, type=STANDALONE, roundTripTime=16.9 ms, state=CONNECTED}]
2020-03-11 17:20:30,185 INFO c.m.d.l.SLF4JLogger [main] Opened connection [connectionId{localValue:2, serverValue:298}] to localhost:27017
2020-03-11 17:20:30,194 DEBUG c.m.d.l.SLF4JLogger [main] Sending command '{"insert": "myinfo", "ordered": true, "$db": "mydatabase", "documents": [{"_id": {"$oid": "5e68ad5ec0633a2d3e11337d"}, "name": "haiyang", "age": 28, "sex": "man"}]}' with request id 8 to com.demo.database mydatabase on connection [connectionId{localValue:2, serverValue:298}] to server localhost:27017
2020-03-11 17:20:30,206 DEBUG c.m.d.l.SLF4JLogger [main] Execution of command with request id 8 completed successfully in 13.77 ms on connection [connectionId{localValue:2, serverValue:298}] to server localhost:27017
2020-03-11 17:20:30,209 DEBUG c.m.d.l.SLF4JLogger [main] Sending command '{"insert": "myinfo", "ordered": true, "$db": "mydatabase", "documents": [{"_id": {"$oid": "5e68ad5ec0633a2d3e11337e"}, "name": "mama", "age": 53, "sex": "woman"}, {"_id": {"$oid": "5e68ad5ec0633a2d3e11337f"}, "name": "baba", "age": 63, "sex": "man"}]}' with request id 9 to com.demo.database mydatabase on connection [connectionId{localValue:2, serverValue:298}] to server localhost:27017
2020-03-11 17:20:30,210 DEBUG c.m.d.l.SLF4JLogger [main] Execution of command with request id 9 completed successfully in 1.37 ms on connection [connectionId{localValue:2, serverValue:298}] to server localhost:27017
2020-03-11 17:20:30,221 DEBUG c.m.d.l.SLF4JLogger [main] Sending command '{"find": "myinfo", "$db": "mydatabase", "$readPreference": {"mode": "primaryPreferred"}}' with request id 10 to com.demo.database mydatabase on connection [connectionId{localValue:2, serverValue:298}] to server localhost:27017
2020-03-11 17:20:30,222 DEBUG c.m.d.l.SLF4JLogger [main] Execution of command with request id 10 completed successfully in 1.27 ms on connection [connectionId{localValue:2, serverValue:298}] to server localhost:27017
2020-03-11 17:20:30,230 DEBUG c.m.d.l.SLF4JLogger [main] Sending command '{"delete": "myinfo", "ordered": true, "$db": "mydatabase", "deletes": [{"q": {"name": "haiyang"}, "limit": 0}]}' with request id 11 to com.demo.database mydatabase on connection [connectionId{localValue:2, serverValue:298}] to server localhost:27017
2020-03-11 17:20:30,231 DEBUG c.m.d.l.SLF4JLogger [main] Execution of command with request id 11 completed successfully in 1.39 ms on connection [connectionId{localValue:2, serverValue:298}] to server localhost:27017
2020-03-11 17:20:30,232 DEBUG c.m.d.l.SLF4JLogger [main] Sending command '{"delete": "myinfo", "ordered": true, "$db": "mydatabase", "deletes": [{"q": {"name": "haiyang"}, "limit": 1}]}' with request id 12 to com.demo.database mydatabase on connection [connectionId{localValue:2, serverValue:298}] to server localhost:27017
2020-03-11 17:20:30,234 DEBUG c.m.d.l.SLF4JLogger [main] Execution of command with request id 12 completed successfully in 1.40 ms on connection [connectionId{localValue:2, serverValue:298}] to server localhost:27017
