2020-06-28 17:18:23,527 DEBUG o.e.j.u.l.Log [main] Logging to org.apache.logging.slf4j.Log4jLogger@1dd92fe2 via org.eclipse.jetty.util.log.Slf4jLog
2020-06-28 17:18:23,533 INFO o.e.j.u.l.Log [main] Logging initialized @1682ms to org.eclipse.jetty.util.log.Slf4jLog
2020-06-28 17:18:23,587 DEBUG o.e.j.u.c.ContainerLifeCycle [main] Server@7ea37dbf{STOPPED}[9.4.19.v20190610] added {QueuedThreadPool[qtp433287555]@19d37183{STOPPED,8<=0<=200,i=0,r=-1,q=0}[NO_TRY],AUTO}
2020-06-28 17:18:23,607 DEBUG o.e.j.u.c.ContainerLifeCycle [main] HttpConnectionFactory@1e802ef9[HTTP/1.1] added {HttpConfiguration@2b6faea6{32768/8192,8192/8192,https://:0,[]},POJO}
2020-06-28 17:18:23,610 DEBUG o.e.j.u.c.ContainerLifeCycle [main] ServerConnector@96def03{null,[]}{0.0.0.0:0} added {Server@7ea37dbf{STOPPED}[9.4.19.v20190610],UNMANAGED}
2020-06-28 17:18:23,612 DEBUG o.e.j.u.c.ContainerLifeCycle [main] ServerConnector@96def03{null,[]}{0.0.0.0:0} added {QueuedThreadPool[qtp433287555]@19d37183{STOPPED,8<=0<=200,i=0,r=-1,q=0}[NO_TRY],AUTO}
2020-06-28 17:18:23,613 DEBUG o.e.j.u.c.ContainerLifeCycle [main] ServerConnector@96def03{null,[]}{0.0.0.0:0} added {ScheduledExecutorScheduler@3cc2931c{STOPPED},AUTO}
2020-06-28 17:18:23,613 DEBUG o.e.j.u.c.ContainerLifeCycle [main] ServerConnector@96def03{null,[]}{0.0.0.0:0} added {org.eclipse.jetty.io.ArrayByteBufferPool@20d28811,POJO}
2020-06-28 17:18:23,613 DEBUG o.e.j.u.c.ContainerLifeCycle [main] ServerConnector@96def03{null,[http/1.1]}{0.0.0.0:0} added {HttpConnectionFactory@1e802ef9[HTTP/1.1],AUTO}
2020-06-28 17:18:23,613 DEBUG o.e.j.s.AbstractConnector [main] ServerConnector@96def03{HTTP/1.1,[http/1.1]}{0.0.0.0:0} added HttpConnectionFactory@1e802ef9[HTTP/1.1]
2020-06-28 17:18:23,617 DEBUG o.e.j.u.c.ContainerLifeCycle [main] ServerConnector@96def03{HTTP/1.1,[http/1.1]}{0.0.0.0:0} added {SelectorManager@ServerConnector@96def03{HTTP/1.1,[http/1.1]}{0.0.0.0:0},MANAGED}
2020-06-28 17:18:23,617 DEBUG o.e.j.u.c.ContainerLifeCycle [main] Server@7ea37dbf{STOPPED}[9.4.19.v20190610] added {ServerConnector@96def03{HTTP/1.1,[http/1.1]}{0.0.0.0:8080},AUTO}
2020-06-28 17:18:23,631 DEBUG o.e.j.u.DecoratedObjectFactory [main] Adding Decorator: org.eclipse.jetty.util.DeprecationWarning@4b0b0854
2020-06-28 17:18:23,638 DEBUG o.e.j.u.c.ContainerLifeCycle [main] o.e.j.s.ServletContextHandler@15eb5ee5{/,null,UNAVAILABLE} added {org.eclipse.jetty.server.session.SessionHandler558216562==dftMaxIdleSec=-1,MANAGED}
2020-06-28 17:18:23,643 DEBUG o.e.j.u.c.ContainerLifeCycle [main] org.eclipse.jetty.server.session.SessionHandler558216562==dftMaxIdleSec=-1 added {ServletHandler@619713e5{STOPPED},MANAGED}
2020-06-28 17:18:23,650 DEBUG o.e.j.u.c.ContainerLifeCycle [main] Server@7ea37dbf{STOPPED}[9.4.19.v20190610] added {o.e.j.s.ServletContextHandler@15eb5ee5{/base,null,UNAVAILABLE},MANAGED}
2020-06-28 17:18:23,650 DEBUG o.e.j.u.c.AbstractLifeCycle [main] starting Server@7ea37dbf{STOPPED}[9.4.19.v20190610]
2020-06-28 17:18:23,652 DEBUG o.e.j.u.c.ContainerLifeCycle [main] Server@7ea37dbf{STARTING}[9.4.19.v20190610] added {ErrorHandler@59fd97a8{STOPPED},AUTO}
2020-06-28 17:18:23,653 INFO o.e.j.s.Server [main] jetty-9.4.19.v20190610; built: 2019-06-10T16:30:51.723Z; git: afcf563148970e98786327af5e07c261fda175d3; jvm 1.8.0_201-b09
2020-06-28 17:18:23,663 DEBUG o.e.j.s.h.AbstractHandler [main] starting Server@7ea37dbf{STARTING}[9.4.19.v20190610]
2020-06-28 17:18:23,663 DEBUG o.e.j.u.c.AbstractLifeCycle [main] starting QueuedThreadPool[qtp433287555]@19d37183{STOPPED,8<=0<=200,i=0,r=-1,q=0}[NO_TRY]
2020-06-28 17:18:23,665 DEBUG o.e.j.u.t.ReservedThreadExecutor [main] ReservedThreadExecutor@4567f35d{s=0/8,p=0}
2020-06-28 17:18:23,665 DEBUG o.e.j.u.c.ContainerLifeCycle [main] QueuedThreadPool[qtp433287555]@19d37183{STARTING,8<=0<=200,i=0,r=-1,q=0}[ReservedThreadExecutor@4567f35d{s=0/8,p=0}] added {ReservedThreadExecutor@4567f35d{s=0/8,p=0},AUTO}
2020-06-28 17:18:23,665 DEBUG o.e.j.u.c.AbstractLifeCycle [main] starting ReservedThreadExecutor@4567f35d{s=0/8,p=0}
2020-06-28 17:18:23,671 DEBUG o.e.j.u.c.AbstractLifeCycle [main] STARTED @1820ms ReservedThreadExecutor@4567f35d{s=0/8,p=0}
2020-06-28 17:18:23,671 DEBUG o.e.j.u.t.QueuedThreadPool [main] Starting Thread[qtp433287555-14,5,main]
2020-06-28 17:18:23,672 DEBUG o.e.j.u.t.QueuedThreadPool [main] Starting Thread[qtp433287555-15,5,main]
2020-06-28 17:18:23,672 DEBUG o.e.j.u.t.QueuedThreadPool [main] Starting Thread[qtp433287555-16,5,main]
2020-06-28 17:18:23,672 DEBUG o.e.j.u.t.QueuedThreadPool [main] Starting Thread[qtp433287555-17,5,main]
2020-06-28 17:18:23,672 DEBUG o.e.j.u.t.QueuedThreadPool$Runner [qtp433287555-14] Runner started for QueuedThreadPool[qtp433287555]@19d37183{STARTING,8<=3<=200,i=0,r=-1,q=0}[ReservedThreadExecutor@4567f35d{s=0/8,p=0}]
2020-06-28 17:18:23,672 DEBUG o.e.j.u.t.QueuedThreadPool$Runner [qtp433287555-15] Runner started for QueuedThreadPool[qtp433287555]@19d37183{STARTING,8<=4<=200,i=0,r=-1,q=0}[ReservedThreadExecutor@4567f35d{s=0/8,p=0}]
2020-06-28 17:18:23,672 DEBUG o.e.j.u.t.QueuedThreadPool [main] Starting Thread[qtp433287555-18,5,main]
2020-06-28 17:18:23,672 DEBUG o.e.j.u.t.QueuedThreadPool$Runner [qtp433287555-16] Runner started for QueuedThreadPool[qtp433287555]@19d37183{STARTING,8<=4<=200,i=0,r=-1,q=0}[ReservedThreadExecutor@4567f35d{s=0/8,p=0}]
2020-06-28 17:18:23,673 DEBUG o.e.j.u.t.QueuedThreadPool [main] Starting Thread[qtp433287555-19,5,main]
2020-06-28 17:18:23,673 DEBUG o.e.j.u.t.QueuedThreadPool$Runner [qtp433287555-17] Runner started for QueuedThreadPool[qtp433287555]@19d37183{STARTING,8<=5<=200,i=2,r=-1,q=0}[ReservedThreadExecutor@4567f35d{s=0/8,p=0}]
2020-06-28 17:18:23,680 DEBUG o.e.j.u.t.QueuedThreadPool [main] Starting Thread[qtp433287555-20,5,main]
2020-06-28 17:18:23,680 DEBUG o.e.j.u.t.QueuedThreadPool$Runner [qtp433287555-18] Runner started for QueuedThreadPool[qtp433287555]@19d37183{STARTING,8<=6<=200,i=3,r=-1,q=0}[ReservedThreadExecutor@4567f35d{s=0/8,p=0}]
2020-06-28 17:18:23,680 DEBUG o.e.j.u.t.QueuedThreadPool [main] Starting Thread[qtp433287555-21,5,main]
2020-06-28 17:18:23,680 DEBUG o.e.j.u.t.QueuedThreadPool$Runner [qtp433287555-19] Runner started for QueuedThreadPool[qtp433287555]@19d37183{STARTING,8<=7<=200,i=4,r=-1,q=0}[ReservedThreadExecutor@4567f35d{s=0/8,p=0}]
2020-06-28 17:18:23,680 DEBUG o.e.j.u.t.QueuedThreadPool$Runner [qtp433287555-20] Runner started for QueuedThreadPool[qtp433287555]@19d37183{STARTING,8<=8<=200,i=5,r=-1,q=0}[ReservedThreadExecutor@4567f35d{s=0/8,p=0}]
2020-06-28 17:18:23,680 DEBUG o.e.j.u.c.AbstractLifeCycle [main] STARTED @1829ms QueuedThreadPool[qtp433287555]@19d37183{STARTED,8<=8<=200,i=5,r=8,q=0}[ReservedThreadExecutor@4567f35d{s=0/8,p=0}]
2020-06-28 17:18:23,680 DEBUG o.e.j.u.t.QueuedThreadPool$Runner [qtp433287555-21] Runner started for QueuedThreadPool[qtp433287555]@19d37183{STARTED,8<=8<=200,i=6,r=8,q=0}[ReservedThreadExecutor@4567f35d{s=0/8,p=0}]
2020-06-28 17:18:23,681 DEBUG o.e.j.u.c.AbstractLifeCycle [main] starting o.e.j.s.ServletContextHandler@15eb5ee5{/base,null,UNAVAILABLE}
2020-06-28 17:18:23,685 DEBUG o.e.j.h.PreEncodedHttpField [main] HttpField encoders loaded: [org.eclipse.jetty.http.Http1FieldPreEncoder@515aebb0]
2020-06-28 17:18:23,691 DEBUG o.e.j.s.h.AbstractHandler [main] starting o.e.j.s.ServletContextHandler@15eb5ee5{/base,null,STARTING}
2020-06-28 17:18:23,691 DEBUG o.e.j.u.c.AbstractLifeCycle [main] starting org.eclipse.jetty.server.session.SessionHandler558216562==dftMaxIdleSec=-1
2020-06-28 17:18:23,693 DEBUG o.e.j.u.c.ContainerLifeCycle [main] org.eclipse.jetty.server.session.SessionHandler558216562==dftMaxIdleSec=-1 added {org.eclipse.jetty.server.session.DefaultSessionCache@3febb011[evict=-1,removeUnloadable=false,saveOnCreate=false,saveOnInactiveEvict=false],AUTO}
2020-06-28 17:18:23,694 DEBUG o.e.j.u.c.ContainerLifeCycle [main] org.eclipse.jetty.server.session.DefaultSessionCache@3febb011[evict=-1,removeUnloadable=false,saveOnCreate=false,saveOnInactiveEvict=false] added {org.eclipse.jetty.server.session.NullSessionDataStore@2b662a77[passivating=false,graceSec=3600],AUTO}
2020-06-28 17:18:23,695 DEBUG o.e.j.u.c.AbstractLifeCycle [main] starting DefaultSessionIdManager@1623b78d{STOPPED}[worker=null]
2020-06-28 17:18:23,696 INFO o.e.j.s.s.DefaultSessionIdManager [main] DefaultSessionIdManager workerName=node0
2020-06-28 17:18:23,696 INFO o.e.j.s.s.DefaultSessionIdManager [main] No SessionScavenger set, using defaults
2020-06-28 17:18:23,696 DEBUG o.e.j.u.c.ContainerLifeCycle [main] DefaultSessionIdManager@1623b78d{STARTING}[worker=node0] added {HouseKeeper@4550bb58{STOPPED}[interval=600000, ownscheduler=false],MANAGED}
2020-06-28 17:18:23,697 DEBUG o.e.j.u.c.AbstractLifeCycle [main] starting HouseKeeper@4550bb58{STOPPED}[interval=600000, ownscheduler=false]
2020-06-28 17:18:23,697 DEBUG o.e.j.u.c.AbstractLifeCycle [main] starting ScheduledExecutorScheduler@4ec4f3a0{STOPPED}
2020-06-28 17:18:23,698 DEBUG o.e.j.u.c.AbstractLifeCycle [main] STARTED @1847ms ScheduledExecutorScheduler@4ec4f3a0{STARTED}
2020-06-28 17:18:23,698 DEBUG o.e.j.s.s.HouseKeeper [main] Using own scheduler for scavenging
2020-06-28 17:18:23,699 INFO o.e.j.s.s.HouseKeeper [main] node0 Scavenging every 600000ms
2020-06-28 17:18:23,700 DEBUG o.e.j.u.c.AbstractLifeCycle [main] STARTED @1849ms HouseKeeper@4550bb58{STARTED}[interval=600000, ownscheduler=true]
2020-06-28 17:18:23,700 DEBUG o.e.j.u.c.AbstractLifeCycle [main] STARTED @1849ms DefaultSessionIdManager@1623b78d{STARTED}[worker=node0]
2020-06-28 17:18:23,700 DEBUG o.e.j.u.c.ContainerLifeCycle [main] Server@7ea37dbf{STARTING}[9.4.19.v20190610] added {DefaultSessionIdManager@1623b78d{STARTED}[worker=node0],MANAGED}
2020-06-28 17:18:23,700 DEBUG o.e.j.u.c.ContainerLifeCycle [main] org.eclipse.jetty.server.session.SessionHandler558216562==dftMaxIdleSec=-1 added {DefaultSessionIdManager@1623b78d{STARTED}[worker=node0],UNMANAGED}
2020-06-28 17:18:23,701 DEBUG o.e.j.u.c.AbstractLifeCycle [main] starting ScheduledExecutorScheduler@1a482e36{STOPPED}
2020-06-28 17:18:23,701 DEBUG o.e.j.u.c.AbstractLifeCycle [main] STARTED @1850ms ScheduledExecutorScheduler@1a482e36{STARTED}
2020-06-28 17:18:23,702 DEBUG o.e.j.s.h.AbstractHandler [main] starting org.eclipse.jetty.server.session.SessionHandler558216562==dftMaxIdleSec=-1
2020-06-28 17:18:23,702 DEBUG o.e.j.u.c.AbstractLifeCycle [main] starting ServletHandler@619713e5{STOPPED}
2020-06-28 17:18:23,703 DEBUG o.e.j.s.ServletHandler [main] Path=/path4/[EMBEDDED:null] mapped to servlet=com.demo.jetty.websocket.server2.demo4.MyEchoServlet4-1ab3a8c8[EMBEDDED:null]
2020-06-28 17:18:23,705 DEBUG o.e.j.h.p.PathMappings [main] Added MappedResource[pathSpec=ServletPathSpec["/path4/",pathDepth=2,group=EXACT],resource=com.demo.jetty.websocket.server2.demo4.MyEchoServlet4-1ab3a8c8@140135e9==com.demo.jetty.websocket.server2.demo4.MyEchoServlet4,jsp=null,order=-1,inst=false,async=true] to PathMappings[size=1]
2020-06-28 17:18:23,705 DEBUG o.e.j.s.ServletHandler [main] filterNameMap={}
2020-06-28 17:18:23,705 DEBUG o.e.j.s.ServletHandler [main] pathFilters=null
2020-06-28 17:18:23,705 DEBUG o.e.j.s.ServletHandler [main] servletFilterMap=null
2020-06-28 17:18:23,706 DEBUG o.e.j.s.ServletHandler [main] servletPathMap=PathMappings[size=1]
2020-06-28 17:18:23,706 DEBUG o.e.j.s.ServletHandler [main] servletNameMap={com.demo.jetty.websocket.server2.demo4.MyEchoServlet4-1ab3a8c8=com.demo.jetty.websocket.server2.demo4.MyEchoServlet4-1ab3a8c8@140135e9==com.demo.jetty.websocket.server2.demo4.MyEchoServlet4,jsp=null,order=-1,inst=false,async=true}
2020-06-28 17:18:23,706 DEBUG o.e.j.s.ServletHandler [main] Adding Default404Servlet to ServletHandler@619713e5{STARTING}
2020-06-28 17:18:23,706 DEBUG o.e.j.s.ServletHandler [main] Path=/path4/[EMBEDDED:null] mapped to servlet=com.demo.jetty.websocket.server2.demo4.MyEchoServlet4-1ab3a8c8[EMBEDDED:null]
2020-06-28 17:18:23,707 DEBUG o.e.j.h.p.PathMappings [main] Added MappedResource[pathSpec=ServletPathSpec["/path4/",pathDepth=2,group=EXACT],resource=com.demo.jetty.websocket.server2.demo4.MyEchoServlet4-1ab3a8c8@140135e9==com.demo.jetty.websocket.server2.demo4.MyEchoServlet4,jsp=null,order=-1,inst=false,async=true] to PathMappings[size=1]
2020-06-28 17:18:23,707 DEBUG o.e.j.s.ServletHandler [main] Path=/[EMBEDDED:null] mapped to servlet=org.eclipse.jetty.servlet.ServletHandler$Default404Servlet-1283bb96[EMBEDDED:null]
2020-06-28 17:18:23,707 DEBUG o.e.j.h.p.PathMappings [main] Added MappedResource[pathSpec=ServletPathSpec["/",pathDepth=-1,group=DEFAULT],resource=org.eclipse.jetty.servlet.ServletHandler$Default404Servlet-1283bb96@f6c607cd==org.eclipse.jetty.servlet.ServletHandler$Default404Servlet,jsp=null,order=-1,inst=false,async=true] to PathMappings[size=2]
2020-06-28 17:18:23,707 DEBUG o.e.j.s.ServletHandler [main] filterNameMap={}
2020-06-28 17:18:23,707 DEBUG o.e.j.s.ServletHandler [main] pathFilters=null
2020-06-28 17:18:23,707 DEBUG o.e.j.s.ServletHandler [main] servletFilterMap=null
2020-06-28 17:18:23,708 DEBUG o.e.j.s.ServletHandler [main] servletPathMap=PathMappings[size=2]
2020-06-28 17:18:23,708 DEBUG o.e.j.s.ServletHandler [main] servletNameMap={com.demo.jetty.websocket.server2.demo4.MyEchoServlet4-1ab3a8c8=com.demo.jetty.websocket.server2.demo4.MyEchoServlet4-1ab3a8c8@140135e9==com.demo.jetty.websocket.server2.demo4.MyEchoServlet4,jsp=null,order=-1,inst=false,async=true, org.eclipse.jetty.servlet.ServletHandler$Default404Servlet-1283bb96=org.eclipse.jetty.servlet.ServletHandler$Default404Servlet-1283bb96@f6c607cd==org.eclipse.jetty.servlet.ServletHandler$Default404Servlet,jsp=null,order=-1,inst=false,async=true}
2020-06-28 17:18:23,708 DEBUG o.e.j.s.h.AbstractHandler [main] starting ServletHandler@619713e5{STARTING}
2020-06-28 17:18:23,708 DEBUG o.e.j.u.c.AbstractLifeCycle [main] STARTED @1857ms ServletHandler@619713e5{STARTED}
2020-06-28 17:18:23,708 DEBUG o.e.j.u.c.AbstractLifeCycle [main] starting org.eclipse.jetty.server.session.DefaultSessionCache@3febb011[evict=-1,removeUnloadable=false,saveOnCreate=false,saveOnInactiveEvict=false]
2020-06-28 17:18:23,709 DEBUG o.e.j.u.c.AbstractLifeCycle [main] starting org.eclipse.jetty.server.session.NullSessionDataStore@2b662a77[passivating=false,graceSec=3600]
2020-06-28 17:18:23,709 DEBUG o.e.j.u.c.AbstractLifeCycle [main] STARTED @1858ms org.eclipse.jetty.server.session.NullSessionDataStore@2b662a77[passivating=false,graceSec=3600]
2020-06-28 17:18:23,709 DEBUG o.e.j.u.c.AbstractLifeCycle [main] STARTED @1858ms org.eclipse.jetty.server.session.DefaultSessionCache@3febb011[evict=-1,removeUnloadable=false,saveOnCreate=false,saveOnInactiveEvict=false]
2020-06-28 17:18:23,709 DEBUG o.e.j.u.c.AbstractLifeCycle [main] STARTED @1858ms org.eclipse.jetty.server.session.SessionHandler558216562==dftMaxIdleSec=-1
2020-06-28 17:18:23,711 DEBUG o.e.j.u.c.AbstractLifeCycle [main] starting com.demo.jetty.websocket.server2.demo4.MyEchoServlet4-1ab3a8c8@140135e9==com.demo.jetty.websocket.server2.demo4.MyEchoServlet4,jsp=null,order=-1,inst=false,async=true
2020-06-28 17:18:23,714 DEBUG o.e.j.u.c.AbstractLifeCycle [main] STARTED @1863ms com.demo.jetty.websocket.server2.demo4.MyEchoServlet4-1ab3a8c8@140135e9==com.demo.jetty.websocket.server2.demo4.MyEchoServlet4,jsp=null,order=-1,inst=false,async=true
2020-06-28 17:18:23,714 DEBUG o.e.j.u.c.AbstractLifeCycle [main] starting org.eclipse.jetty.servlet.ServletHandler$Default404Servlet-1283bb96@f6c607cd==org.eclipse.jetty.servlet.ServletHandler$Default404Servlet,jsp=null,order=-1,inst=false,async=true
2020-06-28 17:18:23,715 DEBUG o.e.j.u.c.AbstractLifeCycle [main] STARTED @1864ms org.eclipse.jetty.servlet.ServletHandler$Default404Servlet-1283bb96@f6c607cd==org.eclipse.jetty.servlet.ServletHandler$Default404Servlet,jsp=null,order=-1,inst=false,async=true
2020-06-28 17:18:23,715 INFO o.e.j.s.h.ContextHandler [main] Started o.e.j.s.ServletContextHandler@15eb5ee5{/base,null,AVAILABLE}
2020-06-28 17:18:23,715 DEBUG o.e.j.u.c.AbstractLifeCycle [main] STARTED @1864ms o.e.j.s.ServletContextHandler@15eb5ee5{/base,null,AVAILABLE}
2020-06-28 17:18:23,715 DEBUG o.e.j.u.c.AbstractLifeCycle [main] starting ErrorHandler@59fd97a8{STOPPED}
2020-06-28 17:18:23,715 DEBUG o.e.j.s.h.AbstractHandler [main] starting ErrorHandler@59fd97a8{STARTING}
2020-06-28 17:18:23,715 DEBUG o.e.j.u.c.AbstractLifeCycle [main] STARTED @1865ms ErrorHandler@59fd97a8{STARTED}
2020-06-28 17:18:23,716 DEBUG o.e.j.u.c.AbstractLifeCycle [main] starting ServerConnector@96def03{HTTP/1.1,[http/1.1]}{0.0.0.0:8080}
2020-06-28 17:18:23,718 DEBUG o.e.j.u.c.ContainerLifeCycle [main] ServerConnector@96def03{HTTP/1.1,[http/1.1]}{0.0.0.0:8080} added {sun.nio.ch.ServerSocketChannelImpl[/0:0:0:0:0:0:0:0:8080],POJO}
2020-06-28 17:18:23,719 DEBUG o.e.j.u.c.AbstractLifeCycle [main] starting ScheduledExecutorScheduler@3cc2931c{STOPPED}
2020-06-28 17:18:23,720 DEBUG o.e.j.u.c.AbstractLifeCycle [main] STARTED @1869ms ScheduledExecutorScheduler@3cc2931c{STARTED}
2020-06-28 17:18:23,720 DEBUG o.e.j.u.c.AbstractLifeCycle [main] starting HttpConnectionFactory@1e802ef9[HTTP/1.1]
2020-06-28 17:18:23,720 DEBUG o.e.j.u.c.AbstractLifeCycle [main] STARTED @1869ms HttpConnectionFactory@1e802ef9[HTTP/1.1]
2020-06-28 17:18:23,720 DEBUG o.e.j.u.c.AbstractLifeCycle [main] starting SelectorManager@ServerConnector@96def03{HTTP/1.1,[http/1.1]}{0.0.0.0:8080}
2020-06-28 17:18:23,731 DEBUG o.e.j.u.c.ContainerLifeCycle [main] EatWhatYouKill@3270d194/SelectorProducer@397fbdb/IDLE/p=false/QueuedThreadPool[qtp433287555]@19d37183{STARTED,8<=8<=200,i=8,r=8,q=0}[ReservedThreadExecutor@4567f35d{s=0/8,p=0}][pc=0,pic=0,pec=0,epc=0]@2020-06-28T17:18:23.729+08:00 added {SelectorProducer@397fbdb,POJO}
2020-06-28 17:18:23,732 DEBUG o.e.j.u.c.ContainerLifeCycle [main] EatWhatYouKill@3270d194/SelectorProducer@397fbdb/IDLE/p=false/QueuedThreadPool[qtp433287555]@19d37183{STARTED,8<=8<=200,i=8,r=8,q=0}[ReservedThreadExecutor@4567f35d{s=0/8,p=0}][pc=0,pic=0,pec=0,epc=0]@2020-06-28T17:18:23.731+08:00 added {QueuedThreadPool[qtp433287555]@19d37183{STARTED,8<=8<=200,i=8,r=8,q=0}[ReservedThreadExecutor@4567f35d{s=0/8,p=0}],UNMANAGED}
2020-06-28 17:18:23,732 DEBUG o.e.j.u.t.s.EatWhatYouKill [main] EatWhatYouKill@3270d194/SelectorProducer@397fbdb/IDLE/p=false/QueuedThreadPool[qtp433287555]@19d37183{STARTED,8<=8<=200,i=8,r=8,q=0}[ReservedThreadExecutor@4567f35d{s=0/8,p=0}][pc=0,pic=0,pec=0,epc=0]@2020-06-28T17:18:23.732+08:00 created
2020-06-28 17:18:23,733 DEBUG o.e.j.u.c.ContainerLifeCycle [main] ManagedSelector@6b2ea799{STOPPED} id=0 keys=-1 selected=-1 updates=0 added {EatWhatYouKill@3270d194/SelectorProducer@397fbdb/IDLE/p=false/QueuedThreadPool[qtp433287555]@19d37183{STARTED,8<=8<=200,i=8,r=8,q=0}[ReservedThreadExecutor@4567f35d{s=0/8,p=0}][pc=0,pic=0,pec=0,epc=0]@2020-06-28T17:18:23.733+08:00,MANAGED}
2020-06-28 17:18:23,733 DEBUG o.e.j.u.c.ContainerLifeCycle [main] SelectorManager@ServerConnector@96def03{HTTP/1.1,[http/1.1]}{0.0.0.0:8080} added {ManagedSelector@6b2ea799{STOPPED} id=0 keys=-1 selected=-1 updates=0,AUTO}
2020-06-28 17:18:23,734 DEBUG o.e.j.u.c.ContainerLifeCycle [main] EatWhatYouKill@411f53a0/SelectorProducer@2b71e916/IDLE/p=false/QueuedThreadPool[qtp433287555]@19d37183{STARTED,8<=8<=200,i=8,r=8,q=0}[ReservedThreadExecutor@4567f35d{s=0/8,p=0}][pc=0,pic=0,pec=0,epc=0]@2020-06-28T17:18:23.734+08:00 added {SelectorProducer@2b71e916,POJO}
2020-06-28 17:18:23,734 DEBUG o.e.j.u.c.ContainerLifeCycle [main] EatWhatYouKill@411f53a0/SelectorProducer@2b71e916/IDLE/p=false/QueuedThreadPool[qtp433287555]@19d37183{STARTED,8<=8<=200,i=8,r=8,q=0}[ReservedThreadExecutor@4567f35d{s=0/8,p=0}][pc=0,pic=0,pec=0,epc=0]@2020-06-28T17:18:23.734+08:00 added {QueuedThreadPool[qtp433287555]@19d37183{STARTED,8<=8<=200,i=8,r=8,q=0}[ReservedThreadExecutor@4567f35d{s=0/8,p=0}],UNMANAGED}
2020-06-28 17:18:23,735 DEBUG o.e.j.u.t.s.EatWhatYouKill [main] EatWhatYouKill@411f53a0/SelectorProducer@2b71e916/IDLE/p=false/QueuedThreadPool[qtp433287555]@19d37183{STARTED,8<=8<=200,i=8,r=8,q=0}[ReservedThreadExecutor@4567f35d{s=0/8,p=0}][pc=0,pic=0,pec=0,epc=0]@2020-06-28T17:18:23.735+08:00 created
2020-06-28 17:18:23,735 DEBUG o.e.j.u.c.ContainerLifeCycle [main] ManagedSelector@36fc695d{STOPPED} id=1 keys=-1 selected=-1 updates=0 added {EatWhatYouKill@411f53a0/SelectorProducer@2b71e916/IDLE/p=false/QueuedThreadPool[qtp433287555]@19d37183{STARTED,8<=8<=200,i=8,r=8,q=0}[ReservedThreadExecutor@4567f35d{s=0/8,p=0}][pc=0,pic=0,pec=0,epc=0]@2020-06-28T17:18:23.735+08:00,MANAGED}
2020-06-28 17:18:23,736 DEBUG o.e.j.u.c.ContainerLifeCycle [main] SelectorManager@ServerConnector@96def03{HTTP/1.1,[http/1.1]}{0.0.0.0:8080} added {ManagedSelector@36fc695d{STOPPED} id=1 keys=-1 selected=-1 updates=0,AUTO}
2020-06-28 17:18:23,736 DEBUG o.e.j.u.c.ContainerLifeCycle [main] EatWhatYouKill@28701274/SelectorProducer@13c9d689/IDLE/p=false/QueuedThreadPool[qtp433287555]@19d37183{STARTED,8<=8<=200,i=8,r=8,q=0}[ReservedThreadExecutor@4567f35d{s=0/8,p=0}][pc=0,pic=0,pec=0,epc=0]@2020-06-28T17:18:23.736+08:00 added {SelectorProducer@13c9d689,POJO}
2020-06-28 17:18:23,737 DEBUG o.e.j.u.c.ContainerLifeCycle [main] EatWhatYouKill@28701274/SelectorProducer@13c9d689/IDLE/p=false/QueuedThreadPool[qtp433287555]@19d37183{STARTED,8<=8<=200,i=8,r=8,q=0}[ReservedThreadExecutor@4567f35d{s=0/8,p=0}][pc=0,pic=0,pec=0,epc=0]@2020-06-28T17:18:23.737+08:00 added {QueuedThreadPool[qtp433287555]@19d37183{STARTED,8<=8<=200,i=8,r=8,q=0}[ReservedThreadExecutor@4567f35d{s=0/8,p=0}],UNMANAGED}
2020-06-28 17:18:23,737 DEBUG o.e.j.u.t.s.EatWhatYouKill [main] EatWhatYouKill@28701274/SelectorProducer@13c9d689/IDLE/p=false/QueuedThreadPool[qtp433287555]@19d37183{STARTED,8<=8<=200,i=8,r=8,q=0}[ReservedThreadExecutor@4567f35d{s=0/8,p=0}][pc=0,pic=0,pec=0,epc=0]@2020-06-28T17:18:23.737+08:00 created
2020-06-28 17:18:23,738 DEBUG o.e.j.u.c.ContainerLifeCycle [main] ManagedSelector@3754a4bf{STOPPED} id=2 keys=-1 selected=-1 updates=0 added {EatWhatYouKill@28701274/SelectorProducer@13c9d689/IDLE/p=false/QueuedThreadPool[qtp433287555]@19d37183{STARTED,8<=8<=200,i=8,r=8,q=0}[ReservedThreadExecutor@4567f35d{s=0/8,p=0}][pc=0,pic=0,pec=0,epc=0]@2020-06-28T17:18:23.738+08:00,MANAGED}
2020-06-28 17:18:23,738 DEBUG o.e.j.u.c.ContainerLifeCycle [main] SelectorManager@ServerConnector@96def03{HTTP/1.1,[http/1.1]}{0.0.0.0:8080} added {ManagedSelector@3754a4bf{STOPPED} id=2 keys=-1 selected=-1 updates=0,AUTO}
2020-06-28 17:18:23,738 DEBUG o.e.j.u.c.ContainerLifeCycle [main] EatWhatYouKill@62379589/SelectorProducer@4afcd809/IDLE/p=false/QueuedThreadPool[qtp433287555]@19d37183{STARTED,8<=8<=200,i=8,r=8,q=0}[ReservedThreadExecutor@4567f35d{s=0/8,p=0}][pc=0,pic=0,pec=0,epc=0]@2020-06-28T17:18:23.738+08:00 added {SelectorProducer@4afcd809,POJO}
2020-06-28 17:18:23,739 DEBUG o.e.j.u.c.ContainerLifeCycle [main] EatWhatYouKill@62379589/SelectorProducer@4afcd809/IDLE/p=false/QueuedThreadPool[qtp433287555]@19d37183{STARTED,8<=8<=200,i=8,r=8,q=0}[ReservedThreadExecutor@4567f35d{s=0/8,p=0}][pc=0,pic=0,pec=0,epc=0]@2020-06-28T17:18:23.739+08:00 added {QueuedThreadPool[qtp433287555]@19d37183{STARTED,8<=8<=200,i=8,r=8,q=0}[ReservedThreadExecutor@4567f35d{s=0/8,p=0}],UNMANAGED}
2020-06-28 17:18:23,740 DEBUG o.e.j.u.t.s.EatWhatYouKill [main] EatWhatYouKill@62379589/SelectorProducer@4afcd809/IDLE/p=false/QueuedThreadPool[qtp433287555]@19d37183{STARTED,8<=8<=200,i=8,r=8,q=0}[ReservedThreadExecutor@4567f35d{s=0/8,p=0}][pc=0,pic=0,pec=0,epc=0]@2020-06-28T17:18:23.739+08:00 created
2020-06-28 17:18:23,740 DEBUG o.e.j.u.c.ContainerLifeCycle [main] ManagedSelector@175c2241{STOPPED} id=3 keys=-1 selected=-1 updates=0 added {EatWhatYouKill@62379589/SelectorProducer@4afcd809/IDLE/p=false/QueuedThreadPool[qtp433287555]@19d37183{STARTED,8<=8<=200,i=8,r=8,q=0}[ReservedThreadExecutor@4567f35d{s=0/8,p=0}][pc=0,pic=0,pec=0,epc=0]@2020-06-28T17:18:23.74+08:00,MANAGED}
2020-06-28 17:18:23,741 DEBUG o.e.j.u.c.ContainerLifeCycle [main] SelectorManager@ServerConnector@96def03{HTTP/1.1,[http/1.1]}{0.0.0.0:8080} added {ManagedSelector@175c2241{STOPPED} id=3 keys=-1 selected=-1 updates=0,AUTO}
2020-06-28 17:18:23,741 DEBUG o.e.j.u.c.AbstractLifeCycle [main] starting ManagedSelector@6b2ea799{STOPPED} id=0 keys=-1 selected=-1 updates=0
2020-06-28 17:18:23,741 DEBUG o.e.j.u.c.AbstractLifeCycle [main] starting EatWhatYouKill@3270d194/SelectorProducer@397fbdb/IDLE/p=false/QueuedThreadPool[qtp433287555]@19d37183{STARTED,8<=8<=200,i=8,r=8,q=0}[ReservedThreadExecutor@4567f35d{s=0/8,p=0}][pc=0,pic=0,pec=0,epc=0]@2020-06-28T17:18:23.741+08:00
2020-06-28 17:18:23,742 DEBUG o.e.j.u.c.AbstractLifeCycle [main] STARTED @1890ms EatWhatYouKill@3270d194/SelectorProducer@397fbdb/IDLE/p=false/QueuedThreadPool[qtp433287555]@19d37183{STARTED,8<=8<=200,i=8,r=8,q=0}[ReservedThreadExecutor@4567f35d{s=0/8,p=0}][pc=0,pic=0,pec=0,epc=0]@2020-06-28T17:18:23.742+08:00
2020-06-28 17:18:23,749 DEBUG o.e.j.u.t.QueuedThreadPool [main] queue org.eclipse.jetty.io.ManagedSelector$$Lambda$29/1423561005@38425407 startThread=false
2020-06-28 17:18:23,749 DEBUG o.e.j.u.t.QueuedThreadPool$Runner [qtp433287555-14] run org.eclipse.jetty.io.ManagedSelector$$Lambda$29/1423561005@38425407 in QueuedThreadPool[qtp433287555]@19d37183{STARTED,8<=8<=200,i=7,r=8,q=0}[ReservedThreadExecutor@4567f35d{s=0/8,p=0}]
2020-06-28 17:18:23,749 DEBUG o.e.j.u.t.s.EatWhatYouKill [qtp433287555-14] EatWhatYouKill@3270d194/SelectorProducer@397fbdb/IDLE/p=false/QueuedThreadPool[qtp433287555]@19d37183{STARTED,8<=8<=200,i=7,r=8,q=0}[ReservedThreadExecutor@4567f35d{s=0/8,p=0}][pc=0,pic=0,pec=0,epc=0]@2020-06-28T17:18:23.749+08:00 tryProduce false
2020-06-28 17:18:23,749 DEBUG o.e.j.i.ManagedSelector [main] Queued change org.eclipse.jetty.io.ManagedSelector$Start@43bc63a3 on ManagedSelector@6b2ea799{STARTING} id=0 keys=0 selected=0 updates=0
2020-06-28 17:18:23,751 DEBUG o.e.j.i.ManagedSelector$SelectorProducer [qtp433287555-14] updateable 1
2020-06-28 17:18:23,751 DEBUG o.e.j.i.ManagedSelector$SelectorProducer [qtp433287555-14] update org.eclipse.jetty.io.ManagedSelector$Start@43bc63a3
2020-06-28 17:18:23,751 DEBUG o.e.j.i.ManagedSelector$SelectorProducer [qtp433287555-14] updates 0
2020-06-28 17:18:23,751 DEBUG o.e.j.u.c.AbstractLifeCycle [main] STARTED @1900ms ManagedSelector@6b2ea799{STARTED} id=0 keys=0 selected=0 updates=0
2020-06-28 17:18:23,751 DEBUG o.e.j.i.ManagedSelector$SelectorProducer [qtp433287555-14] Selector sun.nio.ch.WindowsSelectorImpl@513291ac waiting with 0 keys
2020-06-28 17:18:23,751 DEBUG o.e.j.u.c.AbstractLifeCycle [main] starting ManagedSelector@36fc695d{STOPPED} id=1 keys=-1 selected=-1 updates=0
2020-06-28 17:18:23,752 DEBUG o.e.j.u.c.AbstractLifeCycle [main] starting EatWhatYouKill@411f53a0/SelectorProducer@2b71e916/IDLE/p=false/QueuedThreadPool[qtp433287555]@19d37183{STARTED,8<=8<=200,i=7,r=8,q=0}[ReservedThreadExecutor@4567f35d{s=0/8,p=0}][pc=0,pic=0,pec=0,epc=0]@2020-06-28T17:18:23.752+08:00
2020-06-28 17:18:23,752 DEBUG o.e.j.u.c.AbstractLifeCycle [main] STARTED @1901ms EatWhatYouKill@411f53a0/SelectorProducer@2b71e916/IDLE/p=false/QueuedThreadPool[qtp433287555]@19d37183{STARTED,8<=8<=200,i=7,r=8,q=0}[ReservedThreadExecutor@4567f35d{s=0/8,p=0}][pc=0,pic=0,pec=0,epc=0]@2020-06-28T17:18:23.752+08:00
2020-06-28 17:18:23,753 DEBUG o.e.j.u.t.QueuedThreadPool [main] queue org.eclipse.jetty.io.ManagedSelector$$Lambda$29/1423561005@702657cc startThread=false
2020-06-28 17:18:23,753 DEBUG o.e.j.u.t.QueuedThreadPool$Runner [qtp433287555-15] run org.eclipse.jetty.io.ManagedSelector$$Lambda$29/1423561005@702657cc in QueuedThreadPool[qtp433287555]@19d37183{STARTED,8<=8<=200,i=6,r=8,q=0}[ReservedThreadExecutor@4567f35d{s=0/8,p=0}]
2020-06-28 17:18:23,753 DEBUG o.e.j.i.ManagedSelector [main] Queued change org.eclipse.jetty.io.ManagedSelector$Start@6a6cb05c on ManagedSelector@36fc695d{STARTING} id=1 keys=0 selected=0 updates=0
2020-06-28 17:18:23,753 DEBUG o.e.j.u.t.s.EatWhatYouKill [qtp433287555-15] EatWhatYouKill@411f53a0/SelectorProducer@2b71e916/IDLE/p=false/QueuedThreadPool[qtp433287555]@19d37183{STARTED,8<=8<=200,i=6,r=8,q=0}[ReservedThreadExecutor@4567f35d{s=0/8,p=0}][pc=0,pic=0,pec=0,epc=0]@2020-06-28T17:18:23.753+08:00 tryProduce false
2020-06-28 17:18:23,754 DEBUG o.e.j.i.ManagedSelector$SelectorProducer [qtp433287555-15] updateable 1
2020-06-28 17:18:23,754 DEBUG o.e.j.i.ManagedSelector$SelectorProducer [qtp433287555-15] update org.eclipse.jetty.io.ManagedSelector$Start@6a6cb05c
2020-06-28 17:18:23,754 DEBUG o.e.j.i.ManagedSelector$SelectorProducer [qtp433287555-15] updates 0
2020-06-28 17:18:23,754 DEBUG o.e.j.i.ManagedSelector$SelectorProducer [qtp433287555-15] Selector sun.nio.ch.WindowsSelectorImpl@4edb490 waiting with 0 keys
2020-06-28 17:18:23,754 DEBUG o.e.j.u.c.AbstractLifeCycle [main] STARTED @1903ms ManagedSelector@36fc695d{STARTED} id=1 keys=0 selected=0 updates=0
2020-06-28 17:18:23,754 DEBUG o.e.j.u.c.AbstractLifeCycle [main] starting ManagedSelector@3754a4bf{STOPPED} id=2 keys=-1 selected=-1 updates=0
2020-06-28 17:18:23,754 DEBUG o.e.j.u.c.AbstractLifeCycle [main] starting EatWhatYouKill@28701274/SelectorProducer@13c9d689/IDLE/p=false/QueuedThreadPool[qtp433287555]@19d37183{STARTED,8<=8<=200,i=6,r=8,q=0}[ReservedThreadExecutor@4567f35d{s=0/8,p=0}][pc=0,pic=0,pec=0,epc=0]@2020-06-28T17:18:23.754+08:00
2020-06-28 17:18:23,754 DEBUG o.e.j.u.c.AbstractLifeCycle [main] STARTED @1904ms EatWhatYouKill@28701274/SelectorProducer@13c9d689/IDLE/p=false/QueuedThreadPool[qtp433287555]@19d37183{STARTED,8<=8<=200,i=6,r=8,q=0}[ReservedThreadExecutor@4567f35d{s=0/8,p=0}][pc=0,pic=0,pec=0,epc=0]@2020-06-28T17:18:23.754+08:00
2020-06-28 17:18:23,756 DEBUG o.e.j.u.t.QueuedThreadPool [main] queue org.eclipse.jetty.io.ManagedSelector$$Lambda$29/1423561005@40a4337a startThread=false
2020-06-28 17:18:23,756 DEBUG o.e.j.u.t.QueuedThreadPool$Runner [qtp433287555-16] run org.eclipse.jetty.io.ManagedSelector$$Lambda$29/1423561005@40a4337a in QueuedThreadPool[qtp433287555]@19d37183{STARTED,8<=8<=200,i=5,r=8,q=0}[ReservedThreadExecutor@4567f35d{s=0/8,p=0}]
2020-06-28 17:18:23,756 DEBUG o.e.j.i.ManagedSelector [main] Queued change org.eclipse.jetty.io.ManagedSelector$Start@6025e1b6 on ManagedSelector@3754a4bf{STARTING} id=2 keys=0 selected=0 updates=0
2020-06-28 17:18:23,756 DEBUG o.e.j.u.t.s.EatWhatYouKill [qtp433287555-16] EatWhatYouKill@28701274/SelectorProducer@13c9d689/IDLE/p=false/QueuedThreadPool[qtp433287555]@19d37183{STARTED,8<=8<=200,i=5,r=8,q=0}[ReservedThreadExecutor@4567f35d{s=0/8,p=0}][pc=0,pic=0,pec=0,epc=0]@2020-06-28T17:18:23.756+08:00 tryProduce false
2020-06-28 17:18:23,757 DEBUG o.e.j.i.ManagedSelector$SelectorProducer [qtp433287555-16] updateable 1
2020-06-28 17:18:23,757 DEBUG o.e.j.i.ManagedSelector$SelectorProducer [qtp433287555-16] update org.eclipse.jetty.io.ManagedSelector$Start@6025e1b6
2020-06-28 17:18:23,757 DEBUG o.e.j.i.ManagedSelector$SelectorProducer [qtp433287555-16] updates 0
2020-06-28 17:18:23,757 DEBUG o.e.j.u.c.AbstractLifeCycle [main] STARTED @1906ms ManagedSelector@3754a4bf{STARTED} id=2 keys=0 selected=0 updates=0
2020-06-28 17:18:23,757 DEBUG o.e.j.i.ManagedSelector$SelectorProducer [qtp433287555-16] Selector sun.nio.ch.WindowsSelectorImpl@3842a010 waiting with 0 keys
2020-06-28 17:18:23,757 DEBUG o.e.j.u.c.AbstractLifeCycle [main] starting ManagedSelector@175c2241{STOPPED} id=3 keys=-1 selected=-1 updates=0
2020-06-28 17:18:23,757 DEBUG o.e.j.u.c.AbstractLifeCycle [main] starting EatWhatYouKill@62379589/SelectorProducer@4afcd809/IDLE/p=false/QueuedThreadPool[qtp433287555]@19d37183{STARTED,8<=8<=200,i=5,r=8,q=0}[ReservedThreadExecutor@4567f35d{s=0/8,p=0}][pc=0,pic=0,pec=0,epc=0]@2020-06-28T17:18:23.757+08:00
2020-06-28 17:18:23,757 DEBUG o.e.j.u.c.AbstractLifeCycle [main] STARTED @1907ms EatWhatYouKill@62379589/SelectorProducer@4afcd809/IDLE/p=false/QueuedThreadPool[qtp433287555]@19d37183{STARTED,8<=8<=200,i=5,r=8,q=0}[ReservedThreadExecutor@4567f35d{s=0/8,p=0}][pc=0,pic=0,pec=0,epc=0]@2020-06-28T17:18:23.757+08:00
2020-06-28 17:18:23,758 DEBUG o.e.j.u.t.QueuedThreadPool [main] queue org.eclipse.jetty.io.ManagedSelector$$Lambda$29/1423561005@22ff4249 startThread=false
2020-06-28 17:18:23,759 DEBUG o.e.j.u.t.QueuedThreadPool$Runner [qtp433287555-17] run org.eclipse.jetty.io.ManagedSelector$$Lambda$29/1423561005@22ff4249 in QueuedThreadPool[qtp433287555]@19d37183{STARTED,8<=8<=200,i=4,r=8,q=0}[ReservedThreadExecutor@4567f35d{s=0/8,p=0}]
2020-06-28 17:18:23,759 DEBUG o.e.j.i.ManagedSelector [main] Queued change org.eclipse.jetty.io.ManagedSelector$Start@2d1ef81a on ManagedSelector@175c2241{STARTING} id=3 keys=0 selected=0 updates=0
2020-06-28 17:18:23,759 DEBUG o.e.j.u.t.s.EatWhatYouKill [qtp433287555-17] EatWhatYouKill@62379589/SelectorProducer@4afcd809/IDLE/p=false/QueuedThreadPool[qtp433287555]@19d37183{STARTED,8<=8<=200,i=4,r=8,q=0}[ReservedThreadExecutor@4567f35d{s=0/8,p=0}][pc=0,pic=0,pec=0,epc=0]@2020-06-28T17:18:23.759+08:00 tryProduce false
2020-06-28 17:18:23,759 DEBUG o.e.j.i.ManagedSelector$SelectorProducer [qtp433287555-17] updateable 1
2020-06-28 17:18:23,759 DEBUG o.e.j.i.ManagedSelector$SelectorProducer [qtp433287555-17] update org.eclipse.jetty.io.ManagedSelector$Start@2d1ef81a
2020-06-28 17:18:23,759 DEBUG o.e.j.i.ManagedSelector$SelectorProducer [qtp433287555-17] updates 0
2020-06-28 17:18:23,759 DEBUG o.e.j.u.c.AbstractLifeCycle [main] STARTED @1909ms ManagedSelector@175c2241{STARTED} id=3 keys=0 selected=0 updates=0
2020-06-28 17:18:23,759 DEBUG o.e.j.i.ManagedSelector$SelectorProducer [qtp433287555-17] Selector sun.nio.ch.WindowsSelectorImpl@6044553a waiting with 0 keys
2020-06-28 17:18:23,759 DEBUG o.e.j.u.c.AbstractLifeCycle [main] STARTED @1909ms SelectorManager@ServerConnector@96def03{HTTP/1.1,[http/1.1]}{0.0.0.0:8080}
2020-06-28 17:18:23,760 DEBUG o.e.j.u.c.ContainerLifeCycle [main] ServerConnector@96def03{HTTP/1.1,[http/1.1]}{0.0.0.0:8080} added {acceptor-0@5b12b668,POJO}
2020-06-28 17:18:23,760 DEBUG o.e.j.u.t.QueuedThreadPool [main] queue acceptor-0@5b12b668 startThread=false
2020-06-28 17:18:23,760 DEBUG o.e.j.u.t.QueuedThreadPool$Runner [qtp433287555-18] run acceptor-0@5b12b668 in QueuedThreadPool[qtp433287555]@19d37183{STARTED,8<=8<=200,i=3,r=8,q=0}[ReservedThreadExecutor@4567f35d{s=0/8,p=0}]
2020-06-28 17:18:23,760 INFO o.e.j.s.AbstractConnector [main] Started ServerConnector@96def03{HTTP/1.1,[http/1.1]}{0.0.0.0:8080}
2020-06-28 17:18:23,761 DEBUG o.e.j.u.c.AbstractLifeCycle [main] STARTED @1910ms ServerConnector@96def03{HTTP/1.1,[http/1.1]}{0.0.0.0:8080}
2020-06-28 17:18:23,761 INFO o.e.j.s.Server [main] Started @1910ms
2020-06-28 17:18:23,761 DEBUG o.e.j.u.c.AbstractLifeCycle [main] STARTED @1910ms Server@7ea37dbf{STARTED}[9.4.19.v20190610]
2020-06-28 17:18:41,180 DEBUG o.e.j.i.ManagedSelector [qtp433287555-18-acceptor-0@5b12b668-ServerConnector@96def03{HTTP/1.1,[http/1.1]}{0.0.0.0:8080}] Queued change org.eclipse.jetty.io.ManagedSelector$Accept@46a71a54 on ManagedSelector@36fc695d{STARTED} id=1 keys=0 selected=0 updates=0
2020-06-28 17:18:41,180 DEBUG o.e.j.i.ManagedSelector [qtp433287555-18-acceptor-0@5b12b668-ServerConnector@96def03{HTTP/1.1,[http/1.1]}{0.0.0.0:8080}] Wakeup on submit ManagedSelector@36fc695d{STARTED} id=1 keys=0 selected=0 updates=1
2020-06-28 17:18:41,180 DEBUG o.e.j.i.ManagedSelector$SelectorProducer [qtp433287555-15] Selector sun.nio.ch.WindowsSelectorImpl@4edb490 woken with none selected
2020-06-28 17:18:41,181 DEBUG o.e.j.i.ManagedSelector$SelectorProducer [qtp433287555-15] Selector sun.nio.ch.WindowsSelectorImpl@4edb490 woken up from select, 0/0/0 selected
2020-06-28 17:18:41,181 DEBUG o.e.j.i.ManagedSelector$SelectorProducer [qtp433287555-15] Selector sun.nio.ch.WindowsSelectorImpl@4edb490 processing 0 keys, 1 updates
2020-06-28 17:18:41,181 DEBUG o.e.j.i.ManagedSelector$SelectorProducer [qtp433287555-15] updateable 1
2020-06-28 17:18:41,181 DEBUG o.e.j.i.ManagedSelector$SelectorProducer [qtp433287555-15] update org.eclipse.jetty.io.ManagedSelector$Accept@46a71a54
2020-06-28 17:18:41,181 DEBUG o.e.j.u.t.QueuedThreadPool [qtp433287555-15] queue org.eclipse.jetty.io.ManagedSelector$Accept@46a71a54 startThread=false
2020-06-28 17:18:41,182 DEBUG o.e.j.u.t.QueuedThreadPool$Runner [qtp433287555-19] run org.eclipse.jetty.io.ManagedSelector$Accept@46a71a54 in QueuedThreadPool[qtp433287555]@19d37183{STARTED,8<=8<=200,i=2,r=8,q=0}[ReservedThreadExecutor@4567f35d{s=0/8,p=0}]
2020-06-28 17:18:41,182 DEBUG o.e.j.i.ManagedSelector$SelectorProducer [qtp433287555-15] updates 0
2020-06-28 17:18:41,182 DEBUG o.e.j.i.ManagedSelector$SelectorProducer [qtp433287555-15] Selector sun.nio.ch.WindowsSelectorImpl@4edb490 waiting with 1 keys
2020-06-28 17:18:41,191 DEBUG o.e.j.i.IdleTimeout [qtp433287555-19] SocketChannelEndPoint@43497592{/127.0.0.1:62813<->/127.0.0.1:8080,OPEN,fill=-,flush=-,to=5/30000}{io=0/0,kio=0,kro=0}-><null> idle timeout check, elapsed: 5 ms, remaining: 29995 ms
2020-06-28 17:18:41,233 DEBUG o.e.j.s.HttpChannel [qtp433287555-19] new HttpChannelOverHttp@136c3320{r=0,c=false,c=false/false,a=IDLE,uri=null,age=0} -> SocketChannelEndPoint@43497592{/127.0.0.1:62813<->/127.0.0.1:8080,OPEN,fill=-,flush=-,to=47/30000}{io=0/0,kio=0,kro=0}-><null>,null,HttpChannelState@68b98949{s=IDLE a=NOT_ASYNC i=true r=IDLE w=false}
2020-06-28 17:18:41,240 DEBUG o.e.j.s.HttpConnection [qtp433287555-19] New HTTP Connection HttpConnection@531dfa3e::SocketChannelEndPoint@43497592{/127.0.0.1:62813<->/127.0.0.1:8080,OPEN,fill=-,flush=-,to=54/30000}{io=0/0,kio=0,kro=0}-><null>
2020-06-28 17:18:41,241 DEBUG o.e.j.i.AbstractEndPoint [qtp433287555-19] onOpen SocketChannelEndPoint@43497592{/127.0.0.1:62813<->/127.0.0.1:8080,OPEN,fill=-,flush=-,to=55/30000}{io=0/0,kio=0,kro=0}->HttpConnection@531dfa3e[p=HttpParser{s=START,0 of -1},g=HttpGenerator@76293e4d{s=START}]=>HttpChannelOverHttp@136c3320{r=0,c=false,c=false/false,a=IDLE,uri=null,age=0}
2020-06-28 17:18:41,242 DEBUG o.e.j.i.AbstractConnection [qtp433287555-19] onOpen HttpConnection@531dfa3e::SocketChannelEndPoint@43497592{/127.0.0.1:62813<->/127.0.0.1:8080,OPEN,fill=-,flush=-,to=56/30000}{io=0/0,kio=0,kro=0}->HttpConnection@531dfa3e[p=HttpParser{s=START,0 of -1},g=HttpGenerator@76293e4d{s=START}]=>HttpChannelOverHttp@136c3320{r=0,c=false,c=false/false,a=IDLE,uri=null,age=0}
2020-06-28 17:18:41,242 DEBUG o.e.j.i.AbstractConnection [qtp433287555-19] fillInterested HttpConnection@531dfa3e::SocketChannelEndPoint@43497592{/127.0.0.1:62813<->/127.0.0.1:8080,OPEN,fill=-,flush=-,to=56/30000}{io=0/0,kio=0,kro=0}->HttpConnection@531dfa3e[p=HttpParser{s=START,0 of -1},g=HttpGenerator@76293e4d{s=START}]=>HttpChannelOverHttp@136c3320{r=0,c=false,c=false/false,a=IDLE,uri=null,age=0}
2020-06-28 17:18:41,243 DEBUG o.e.j.i.FillInterest [qtp433287555-19] interested FillInterest@4ad9f6bc{AC.ReadCB@531dfa3e{HttpConnection@531dfa3e::SocketChannelEndPoint@43497592{/127.0.0.1:62813<->/127.0.0.1:8080,OPEN,fill=FI,flush=-,to=0/30000}{io=0/0,kio=0,kro=0}->HttpConnection@531dfa3e[p=HttpParser{s=START,0 of -1},g=HttpGenerator@76293e4d{s=START}]=>HttpChannelOverHttp@136c3320{r=0,c=false,c=false/false,a=IDLE,uri=null,age=0}}}
2020-06-28 17:18:41,243 DEBUG o.e.j.i.ChannelEndPoint [qtp433287555-19] changeInterests p=false 0->1 for SocketChannelEndPoint@43497592{/127.0.0.1:62813<->/127.0.0.1:8080,OPEN,fill=FI,flush=-,to=0/30000}{io=0/1,kio=0,kro=0}->HttpConnection@531dfa3e[p=HttpParser{s=START,0 of -1},g=HttpGenerator@76293e4d{s=START}]=>HttpChannelOverHttp@136c3320{r=0,c=false,c=false/false,a=IDLE,uri=null,age=0}
2020-06-28 17:18:41,243 DEBUG o.e.j.i.ManagedSelector [qtp433287555-19] Queued change org.eclipse.jetty.io.ChannelEndPoint$1@50becb95 on ManagedSelector@36fc695d{STARTED} id=1 keys=1 selected=0 updates=0
2020-06-28 17:18:41,243 DEBUG o.e.j.i.ManagedSelector [qtp433287555-19] Wakeup on submit ManagedSelector@36fc695d{STARTED} id=1 keys=1 selected=0 updates=1
2020-06-28 17:18:41,244 DEBUG o.e.j.i.ManagedSelector$SelectorProducer [qtp433287555-15] Selector sun.nio.ch.WindowsSelectorImpl@4edb490 woken with none selected
2020-06-28 17:18:41,244 DEBUG o.e.j.i.ManagedSelector [qtp433287555-19] Created SocketChannelEndPoint@43497592{/127.0.0.1:62813<->/127.0.0.1:8080,OPEN,fill=FI,flush=-,to=1/30000}{io=0/1,kio=0,kro=0}->HttpConnection@531dfa3e[p=HttpParser{s=START,0 of -1},g=HttpGenerator@76293e4d{s=START}]=>HttpChannelOverHttp@136c3320{r=0,c=false,c=false/false,a=IDLE,uri=null,age=0}
2020-06-28 17:18:41,244 DEBUG o.e.j.i.ManagedSelector$SelectorProducer [qtp433287555-15] Selector sun.nio.ch.WindowsSelectorImpl@4edb490 woken up from select, 0/0/1 selected
2020-06-28 17:18:41,244 DEBUG o.e.j.u.t.QueuedThreadPool$Runner [qtp433287555-19] ran org.eclipse.jetty.io.ManagedSelector$Accept@46a71a54 in QueuedThreadPool[qtp433287555]@19d37183{STARTED,8<=8<=200,i=2,r=8,q=0}[ReservedThreadExecutor@4567f35d{s=0/8,p=0}]
2020-06-28 17:18:41,244 DEBUG o.e.j.i.ManagedSelector$SelectorProducer [qtp433287555-15] Selector sun.nio.ch.WindowsSelectorImpl@4edb490 processing 0 keys, 1 updates
2020-06-28 17:18:41,244 DEBUG o.e.j.i.ManagedSelector$SelectorProducer [qtp433287555-15] updateable 1
2020-06-28 17:18:41,245 DEBUG o.e.j.i.ManagedSelector$SelectorProducer [qtp433287555-15] update org.eclipse.jetty.io.ChannelEndPoint$1@50becb95
2020-06-28 17:18:41,245 DEBUG o.e.j.i.ChannelEndPoint [qtp433287555-15] Key interests updated 0 -> 1 on SocketChannelEndPoint@43497592{/127.0.0.1:62813<->/127.0.0.1:8080,OPEN,fill=FI,flush=-,to=2/30000}{io=1/1,kio=1,kro=0}->HttpConnection@531dfa3e[p=HttpParser{s=START,0 of -1},g=HttpGenerator@76293e4d{s=START}]=>HttpChannelOverHttp@136c3320{r=0,c=false,c=false/false,a=IDLE,uri=null,age=0}
2020-06-28 17:18:41,245 DEBUG o.e.j.i.ManagedSelector$SelectorProducer [qtp433287555-15] updates 0
2020-06-28 17:18:41,246 DEBUG o.e.j.i.ManagedSelector$SelectorProducer [qtp433287555-15] Selector sun.nio.ch.WindowsSelectorImpl@4edb490 waiting with 1 keys
2020-06-28 17:18:41,246 DEBUG o.e.j.i.ManagedSelector$SelectorProducer [qtp433287555-15] Selector sun.nio.ch.WindowsSelectorImpl@4edb490 woken up from select, 1/1/1 selected
2020-06-28 17:18:41,246 DEBUG o.e.j.i.ManagedSelector$SelectorProducer [qtp433287555-15] Selector sun.nio.ch.WindowsSelectorImpl@4edb490 processing 1 keys, 0 updates
2020-06-28 17:18:41,246 DEBUG o.e.j.i.ManagedSelector$SelectorProducer [qtp433287555-15] selected 1 sun.nio.ch.SelectionKeyImpl@e15dfe0 SocketChannelEndPoint@43497592{/127.0.0.1:62813<->/127.0.0.1:8080,OPEN,fill=FI,flush=-,to=3/30000}{io=1/1,kio=1,kro=1}->HttpConnection@531dfa3e[p=HttpParser{s=START,0 of -1},g=HttpGenerator@76293e4d{s=START}]=>HttpChannelOverHttp@136c3320{r=0,c=false,c=false/false,a=IDLE,uri=null,age=0} 
2020-06-28 17:18:41,247 DEBUG o.e.j.i.ChannelEndPoint [qtp433287555-15] onSelected 1->0 r=true w=false for SocketChannelEndPoint@43497592{/127.0.0.1:62813<->/127.0.0.1:8080,OPEN,fill=FI,flush=-,to=4/30000}{io=1/0,kio=1,kro=1}->HttpConnection@531dfa3e[p=HttpParser{s=START,0 of -1},g=HttpGenerator@76293e4d{s=START}]=>HttpChannelOverHttp@136c3320{r=0,c=false,c=false/false,a=IDLE,uri=null,age=0}
2020-06-28 17:18:41,247 DEBUG o.e.j.i.ChannelEndPoint [qtp433287555-15] task CEP:SocketChannelEndPoint@43497592{/127.0.0.1:62813<->/127.0.0.1:8080,OPEN,fill=FI,flush=-,to=4/30000}{io=1/0,kio=1,kro=1}->HttpConnection@531dfa3e[p=HttpParser{s=START,0 of -1},g=HttpGenerator@76293e4d{s=START}]=>HttpChannelOverHttp@136c3320{r=0,c=false,c=false/false,a=IDLE,uri=null,age=0}:runFillable:BLOCKING
2020-06-28 17:18:41,247 DEBUG o.e.j.u.t.ReservedThreadExecutor [qtp433287555-15] ReservedThreadExecutor@4567f35d{s=0/8,p=0} tryExecute EatWhatYouKill@411f53a0/SelectorProducer@2b71e916/PRODUCING/p=false/QueuedThreadPool[qtp433287555]@19d37183{STARTED,8<=8<=200,i=3,r=8,q=0}[ReservedThreadExecutor@4567f35d{s=0/8,p=0}][pc=0,pic=0,pec=0,epc=0]@2020-06-28T17:18:41.247+08:00
2020-06-28 17:18:41,248 DEBUG o.e.j.u.t.ReservedThreadExecutor [qtp433287555-15] ReservedThreadExecutor@4567f35d{s=0/8,p=1} startReservedThread p=1
2020-06-28 17:18:41,249 DEBUG o.e.j.u.t.QueuedThreadPool [qtp433287555-15] queue ReservedThreadExecutor@4567f35d{s=0/8,p=1}@7a167b19 startThread=false
2020-06-28 17:18:41,249 DEBUG o.e.j.u.t.QueuedThreadPool$Runner [qtp433287555-20] run ReservedThreadExecutor@4567f35d{s=0/8,p=1}@7a167b19 in QueuedThreadPool[qtp433287555]@19d37183{STARTED,8<=8<=200,i=2,r=8,q=0}[ReservedThreadExecutor@4567f35d{s=0/8,p=1}]
2020-06-28 17:18:41,249 DEBUG o.e.j.u.t.ReservedThreadExecutor$ReservedThread [qtp433287555-20] ReservedThreadExecutor@4567f35d{s=1/8,p=1}@7a167b19 started
2020-06-28 17:18:41,249 DEBUG o.e.j.u.t.ReservedThreadExecutor$ReservedThread [qtp433287555-20] ReservedThreadExecutor@4567f35d{s=1/8,p=0}@7a167b19 waiting
2020-06-28 17:18:41,249 DEBUG o.e.j.u.t.s.EatWhatYouKill [qtp433287555-15] EatWhatYouKill@411f53a0/SelectorProducer@2b71e916/PRODUCING/p=false/QueuedThreadPool[qtp433287555]@19d37183{STARTED,8<=8<=200,i=2,r=8,q=0}[ReservedThreadExecutor@4567f35d{s=1/8,p=1}][pc=0,pic=0,pec=0,epc=0]@2020-06-28T17:18:41.249+08:00 m=PRODUCE_EXECUTE_CONSUME t=CEP:SocketChannelEndPoint@43497592{/127.0.0.1:62813<->/127.0.0.1:8080,OPEN,fill=FI,flush=-,to=6/30000}{io=1/0,kio=1,kro=1}->HttpConnection@531dfa3e[p=HttpParser{s=START,0 of -1},g=HttpGenerator@76293e4d{s=START}]=>HttpChannelOverHttp@136c3320{r=0,c=false,c=false/false,a=IDLE,uri=null,age=0}:runFillable:BLOCKING/BLOCKING
2020-06-28 17:18:41,250 DEBUG o.e.j.u.t.QueuedThreadPool [qtp433287555-15] queue CEP:SocketChannelEndPoint@43497592{/127.0.0.1:62813<->/127.0.0.1:8080,OPEN,fill=FI,flush=-,to=7/30000}{io=1/0,kio=1,kro=1}->HttpConnection@531dfa3e[p=HttpParser{s=START,0 of -1},g=HttpGenerator@76293e4d{s=START}]=>HttpChannelOverHttp@136c3320{r=0,c=false,c=false/false,a=IDLE,uri=null,age=0}:runFillable:BLOCKING startThread=false
2020-06-28 17:18:41,250 DEBUG o.e.j.u.t.QueuedThreadPool$Runner [qtp433287555-21] run CEP:SocketChannelEndPoint@43497592{/127.0.0.1:62813<->/127.0.0.1:8080,OPEN,fill=FI,flush=-,to=7/30000}{io=1/0,kio=1,kro=1}->HttpConnection@531dfa3e[p=HttpParser{s=START,0 of -1},g=HttpGenerator@76293e4d{s=START}]=>HttpChannelOverHttp@136c3320{r=0,c=false,c=false/false,a=IDLE,uri=null,age=0}:runFillable:BLOCKING in QueuedThreadPool[qtp433287555]@19d37183{STARTED,8<=8<=200,i=1,r=8,q=0}[ReservedThreadExecutor@4567f35d{s=1/8,p=0}]
2020-06-28 17:18:41,250 DEBUG o.e.j.i.ManagedSelector$SelectorProducer [qtp433287555-15] updateable 0
2020-06-28 17:18:41,250 DEBUG o.e.j.i.ManagedSelector$SelectorProducer [qtp433287555-15] updates 0
2020-06-28 17:18:41,250 DEBUG o.e.j.i.FillInterest [qtp433287555-21] fillable FillInterest@4ad9f6bc{AC.ReadCB@531dfa3e{HttpConnection@531dfa3e::SocketChannelEndPoint@43497592{/127.0.0.1:62813<->/127.0.0.1:8080,OPEN,fill=FI,flush=-,to=7/30000}{io=1/0,kio=1,kro=1}->HttpConnection@531dfa3e[p=HttpParser{s=START,0 of -1},g=HttpGenerator@76293e4d{s=START}]=>HttpChannelOverHttp@136c3320{r=0,c=false,c=false/false,a=IDLE,uri=null,age=0}}}
2020-06-28 17:18:41,250 DEBUG o.e.j.i.ChannelEndPoint [qtp433287555-15] Key interests updated 1 -> 0 on SocketChannelEndPoint@43497592{/127.0.0.1:62813<->/127.0.0.1:8080,OPEN,fill=FI,flush=-,to=7/30000}{io=0/0,kio=0,kro=1}->HttpConnection@531dfa3e[p=HttpParser{s=START,0 of -1},g=HttpGenerator@76293e4d{s=START}]=>HttpChannelOverHttp@136c3320{r=0,c=false,c=false/false,a=IDLE,uri=null,age=0}
2020-06-28 17:18:41,250 DEBUG o.e.j.i.ManagedSelector$SelectorProducer [qtp433287555-15] Selector sun.nio.ch.WindowsSelectorImpl@4edb490 waiting with 1 keys
2020-06-28 17:18:41,251 DEBUG o.e.j.s.HttpConnection [qtp433287555-21] HttpConnection@531dfa3e::SocketChannelEndPoint@43497592{/127.0.0.1:62813<->/127.0.0.1:8080,OPEN,fill=-,flush=-,to=7/30000}{io=0/0,kio=0,kro=1}->HttpConnection@531dfa3e[p=HttpParser{s=START,0 of -1},g=HttpGenerator@76293e4d{s=START}]=>HttpChannelOverHttp@136c3320{r=0,c=false,c=false/false,a=IDLE,uri=null,age=0} onFillable enter HttpChannelState@68b98949{s=IDLE a=NOT_ASYNC i=true r=IDLE w=false} null
2020-06-28 17:18:41,255 DEBUG o.e.j.i.ChannelEndPoint [qtp433287555-21] filled 169 HeapByteBuffer@6b2dfb49[p=0,l=169,c=8192,r=169]={<<<GET /base/path4/e...: websocket\r\n\r\n>>>\x00\x00\x00\x00\x00\x00\x00\x00\x00\x00\x00\x00\x00\x00\x00\x00\x00...\x00\x00\x00\x00\x00\x00\x00\x00\x00\x00\x00\x00\x00\x00\x00}
2020-06-28 17:18:41,255 DEBUG o.e.j.s.HttpConnection [qtp433287555-21] HttpConnection@531dfa3e::SocketChannelEndPoint@43497592{/127.0.0.1:62813<->/127.0.0.1:8080,OPEN,fill=-,flush=-,to=3/30000}{io=0/0,kio=0,kro=1}->HttpConnection@531dfa3e[p=HttpParser{s=START,0 of -1},g=HttpGenerator@76293e4d{s=START}]=>HttpChannelOverHttp@136c3320{r=0,c=false,c=false/false,a=IDLE,uri=null,age=0} filled 169 HeapByteBuffer@6b2dfb49[p=0,l=169,c=8192,r=169]={<<<GET /base/path4/e...: websocket\r\n\r\n>>>\x00\x00\x00\x00\x00\x00\x00\x00\x00\x00\x00\x00\x00\x00\x00\x00\x00...\x00\x00\x00\x00\x00\x00\x00\x00\x00\x00\x00\x00\x00\x00\x00}
2020-06-28 17:18:41,256 DEBUG o.e.j.s.HttpConnection [qtp433287555-21] HttpConnection@531dfa3e::SocketChannelEndPoint@43497592{/127.0.0.1:62813<->/127.0.0.1:8080,OPEN,fill=-,flush=-,to=3/30000}{io=0/0,kio=0,kro=1}->HttpConnection@531dfa3e[p=HttpParser{s=START,0 of -1},g=HttpGenerator@76293e4d{s=START}]=>HttpChannelOverHttp@136c3320{r=0,c=false,c=false/false,a=IDLE,uri=null,age=0} parse HeapByteBuffer@6b2dfb49[p=0,l=169,c=8192,r=169]={<<<GET /base/path4/e...: websocket\r\n\r\n>>>\x00\x00\x00\x00\x00\x00\x00\x00\x00\x00\x00\x00\x00\x00\x00\x00\x00...\x00\x00\x00\x00\x00\x00\x00\x00\x00\x00\x00\x00\x00\x00\x00} {}
2020-06-28 17:18:41,256 DEBUG o.e.j.h.HttpParser [qtp433287555-21] parseNext s=START HeapByteBuffer@6b2dfb49[p=0,l=169,c=8192,r=169]={<<<GET /base/path4/e...: websocket\r\n\r\n>>>\x00\x00\x00\x00\x00\x00\x00\x00\x00\x00\x00\x00\x00\x00\x00\x00\x00...\x00\x00\x00\x00\x00\x00\x00\x00\x00\x00\x00\x00\x00\x00\x00}
2020-06-28 17:18:41,257 DEBUG o.e.j.h.HttpParser [qtp433287555-21] START --> SPACE1
2020-06-28 17:18:41,259 DEBUG o.e.j.h.HttpParser [qtp433287555-21] SPACE1 --> URI
2020-06-28 17:18:41,259 DEBUG o.e.j.h.HttpParser [qtp433287555-21] URI --> SPACE2
2020-06-28 17:18:41,259 DEBUG o.e.j.h.HttpParser [qtp433287555-21] SPACE2 --> REQUEST_VERSION
2020-06-28 17:18:41,260 DEBUG o.e.j.h.HttpParser [qtp433287555-21] REQUEST_VERSION --> HEADER
2020-06-28 17:18:41,261 DEBUG o.e.j.h.HttpParser [qtp433287555-21] HEADER:Connection: Upgrade --> IN_VALUE
2020-06-28 17:18:41,261 DEBUG o.e.j.h.HttpParser [qtp433287555-21] HEADER:Connection: Upgrade --> FIELD
2020-06-28 17:18:41,265 DEBUG o.e.j.h.HttpParser [qtp433287555-21] HEADER:Host --> VALUE
2020-06-28 17:18:41,265 DEBUG o.e.j.h.HttpParser [qtp433287555-21] HEADER:Host --> IN_VALUE
2020-06-28 17:18:41,265 DEBUG o.e.j.h.HttpParser [qtp433287555-21] HEADER:Host --> FIELD
2020-06-28 17:18:41,266 DEBUG o.e.j.h.HttpParser [qtp433287555-21] HEADER:Sec-WebSocket-Key --> VALUE
2020-06-28 17:18:41,266 DEBUG o.e.j.h.HttpParser [qtp433287555-21] HEADER:Sec-WebSocket-Key --> IN_VALUE
2020-06-28 17:18:41,266 DEBUG o.e.j.h.HttpParser [qtp433287555-21] HEADER:Sec-WebSocket-Key --> FIELD
2020-06-28 17:18:41,266 DEBUG o.e.j.h.HttpParser [qtp433287555-21] HEADER:Sec-WebSocket-Version --> VALUE
2020-06-28 17:18:41,266 DEBUG o.e.j.h.HttpParser [qtp433287555-21] HEADER:Sec-WebSocket-Version --> IN_VALUE
2020-06-28 17:18:41,266 DEBUG o.e.j.h.HttpParser [qtp433287555-21] HEADER:Sec-WebSocket-Version --> FIELD
2020-06-28 17:18:41,267 DEBUG o.e.j.h.HttpParser [qtp433287555-21] HEADER:Upgrade --> VALUE
2020-06-28 17:18:41,267 DEBUG o.e.j.h.HttpParser [qtp433287555-21] HEADER:Upgrade --> IN_VALUE
2020-06-28 17:18:41,267 DEBUG o.e.j.h.HttpParser [qtp433287555-21] HEADER:Upgrade --> FIELD
2020-06-28 17:18:41,267 DEBUG o.e.j.h.HttpParser [qtp433287555-21] HEADER --> END
2020-06-28 17:18:41,267 DEBUG o.e.j.s.HttpChannelOverHttp [qtp433287555-21] upgrade HttpChannelOverHttp@136c3320{r=0,c=false,c=false/false,a=IDLE,uri=null,age=0} Upgrade: websocket
2020-06-28 17:18:41,268 DEBUG o.e.j.s.HttpChannelOverHttp [qtp433287555-21] No factory for Upgrade: websocket in ServerConnector@96def03{HTTP/1.1,[http/1.1]}{0.0.0.0:8080}
2020-06-28 17:18:41,269 DEBUG o.e.j.s.HttpChannel [qtp433287555-21] REQUEST for //127.0.0.1:8080/base/path4/echo/ on HttpChannelOverHttp@136c3320{r=1,c=false,c=false/false,a=IDLE,uri=//127.0.0.1:8080/base/path4/echo/,age=1}
GET //127.0.0.1:8080/base/path4/echo/ HTTP/1.1
Connection: Upgrade
Host: 127.0.0.1:8080
Sec-WebSocket-Key: AZE6Vs1eRqb2wBdMcskLYw==
Sec-WebSocket-Version: 13
Upgrade: websocket


2020-06-28 17:18:41,270 DEBUG o.e.j.s.HttpChannel [qtp433287555-21] HttpChannelOverHttp@136c3320{r=1,c=false,c=false/false,a=IDLE,uri=//127.0.0.1:8080/base/path4/echo/,age=2} onContentComplete
2020-06-28 17:18:41,270 DEBUG o.e.j.s.HttpChannel [qtp433287555-21] HttpChannelOverHttp@136c3320{r=1,c=false,c=false/false,a=IDLE,uri=//127.0.0.1:8080/base/path4/echo/,age=2} onRequestComplete
2020-06-28 17:18:41,270 DEBUG o.e.j.s.HttpInput [qtp433287555-21] HttpInputOverHTTP@47c4881b[c=0,q=0,[0]=null,s=STREAM] addContent EOF
2020-06-28 17:18:41,271 DEBUG o.e.j.s.HttpConnection [qtp433287555-21] HttpConnection@531dfa3e::SocketChannelEndPoint@43497592{/127.0.0.1:62813<->/127.0.0.1:8080,OPEN,fill=-,flush=-,to=19/30000}{io=0/0,kio=0,kro=1}->HttpConnection@531dfa3e[p=HttpParser{s=END,0 of -1},g=HttpGenerator@76293e4d{s=START}]=>HttpChannelOverHttp@136c3320{r=1,c=false,c=false/false,a=IDLE,uri=//127.0.0.1:8080/base/path4/echo/,age=2} parsed true HttpParser{s=END,0 of -1}
2020-06-28 17:18:41,271 DEBUG o.e.j.s.HttpConnection [qtp433287555-21] releaseRequestBuffer HttpConnection@531dfa3e::SocketChannelEndPoint@43497592{/127.0.0.1:62813<->/127.0.0.1:8080,OPEN,fill=-,flush=-,to=19/30000}{io=0/0,kio=0,kro=1}->HttpConnection@531dfa3e[p=HttpParser{s=END,0 of -1},g=HttpGenerator@76293e4d{s=START}]=>HttpChannelOverHttp@136c3320{r=1,c=false,c=false/false,a=IDLE,uri=//127.0.0.1:8080/base/path4/echo/,age=3}
2020-06-28 17:18:41,273 DEBUG o.e.j.s.HttpChannel [qtp433287555-21] HttpChannelOverHttp@136c3320{r=1,c=false,c=false/false,a=IDLE,uri=//127.0.0.1:8080/base/path4/echo/,age=5} handle //127.0.0.1:8080/base/path4/echo/ 
2020-06-28 17:18:41,273 DEBUG o.e.j.s.HttpChannelState [qtp433287555-21] handling HttpChannelState@68b98949{s=IDLE a=NOT_ASYNC i=true r=IDLE w=false}
2020-06-28 17:18:41,275 DEBUG o.e.j.s.HttpChannel [qtp433287555-21] HttpChannelOverHttp@136c3320{r=1,c=false,c=false/false,a=DISPATCHED,uri=//127.0.0.1:8080/base/path4/echo/,age=6} action DISPATCH
2020-06-28 17:18:41,276 DEBUG o.e.j.s.Server [qtp433287555-21] REQUEST GET /base/path4/echo/ on HttpChannelOverHttp@136c3320{r=1,c=false,c=false/false,a=DISPATCHED,uri=//127.0.0.1:8080/base/path4/echo/,age=8}
2020-06-28 17:18:41,276 DEBUG o.e.j.s.h.ContextHandler [qtp433287555-21] scope null||/base/path4/echo/ @ o.e.j.s.ServletContextHandler@15eb5ee5{/base,null,AVAILABLE}
2020-06-28 17:18:41,277 DEBUG o.e.j.s.h.ContextHandler [qtp433287555-21] context=/base||/path4/echo/ @ o.e.j.s.ServletContextHandler@15eb5ee5{/base,null,AVAILABLE}
2020-06-28 17:18:41,277 DEBUG o.e.j.s.s.SessionHandler [qtp433287555-21] SessionHandler.doScope
2020-06-28 17:18:41,277 DEBUG o.e.j.s.s.SessionHandler [qtp433287555-21] sessionHandler=org.eclipse.jetty.server.session.SessionHandler558216562==dftMaxIdleSec=-1 session=null
2020-06-28 17:18:41,278 DEBUG o.e.j.s.ServletHandler [qtp433287555-21] servlet /base|/path4/echo/|null -> org.eclipse.jetty.servlet.ServletHandler$Default404Servlet-1283bb96@f6c607cd==org.eclipse.jetty.servlet.ServletHandler$Default404Servlet,jsp=null,order=-1,inst=false,async=true
2020-06-28 17:18:41,278 DEBUG o.e.j.s.ServletHandler [qtp433287555-21] chain=null
2020-06-28 17:18:41,283 DEBUG o.e.j.s.ServletHolder [qtp433287555-21] Servlet.init org.eclipse.jetty.servlet.ServletHandler$Default404Servlet@43ff086c for org.eclipse.jetty.servlet.ServletHandler$Default404Servlet-1283bb96
2020-06-28 17:18:41,287 DEBUG o.e.j.s.HttpChannel [qtp433287555-21] sendResponse info=null content=DirectByteBuffer@636b43c2[p=0,l=333,c=32768,r=333]={<<<<html>\n<head>\n<me.../body>\n</html>\n>>>\x00\x00\x00\x00\x00\x00\x00\x00\x00\x00\x00\x00\x00\x00\x00\x00\x00...\x00\x00\x00\x00\x00\x00\x00\x00\x00\x00\x00\x00\x00\x00\x00} complete=true committing=true callback=Blocker@4282e393{null}
2020-06-28 17:18:41,287 DEBUG o.e.j.s.HttpChannel [qtp433287555-21] COMMIT for /base/path4/echo/ on HttpChannelOverHttp@136c3320{r=1,c=true,c=false/false,a=DISPATCHED,uri=//127.0.0.1:8080/base/path4/echo/,age=19}
404 Not Found HTTP/1.1
Date: Sun, 28 Jun 2020 09:18:41 GMT
Cache-Control: must-revalidate,no-cache,no-store
Content-Type: text/html;charset=iso-8859-1


2020-06-28 17:18:41,290 DEBUG o.e.j.s.HttpConnection$SendCallback [qtp433287555-21] org.eclipse.jetty.server.HttpConnection$SendCallback@22584a4[PROCESSING][i=HTTP/1.1{s=404,h=3,cl=-1},cb=org.eclipse.jetty.server.HttpChannel$SendCallback@68734058] generate: NEED_HEADER (null,[p=0,l=333,c=32768,r=333],true)@START
2020-06-28 17:18:41,291 DEBUG o.e.j.h.HttpGenerator [qtp433287555-21] generateHeaders HTTP/1.1{s=404,h=3,cl=-1} last=true content=DirectByteBuffer@636b43c2[p=0,l=333,c=32768,r=333]={<<<<html>\n<head>\n<me.../body>\n</html>\n>>>\x00\x00\x00\x00\x00\x00\x00\x00\x00\x00\x00\x00\x00\x00\x00\x00\x00...\x00\x00\x00\x00\x00\x00\x00\x00\x00\x00\x00\x00\x00\x00\x00}
2020-06-28 17:18:41,291 DEBUG o.e.j.h.HttpGenerator [qtp433287555-21] Date: Sun, 28 Jun 2020 09:18:41 GMT
Cache-Control: must-revalidate,no-cache,no-store
Content-Type: text/html;charset=iso-8859-1


2020-06-28 17:18:41,292 DEBUG o.e.j.h.HttpGenerator [qtp433287555-21] CONTENT_LENGTH
2020-06-28 17:18:41,292 DEBUG o.e.j.s.HttpConnection$SendCallback [qtp433287555-21] org.eclipse.jetty.server.HttpConnection$SendCallback@22584a4[PROCESSING][i=HTTP/1.1{s=404,h=3,cl=-1},cb=org.eclipse.jetty.server.HttpChannel$SendCallback@68734058] generate: FLUSH ([p=0,l=211,c=8192,r=211],[p=0,l=333,c=32768,r=333],true)@COMPLETING
2020-06-28 17:18:41,293 DEBUG o.e.j.i.WriteFlusher [qtp433287555-21] write: WriteFlusher@68395057{IDLE}->null [HeapByteBuffer@6b2dfb49[p=0,l=211,c=8192,r=211]={<<<HTTP/1.1 404 Not ....v20190610)\r\n\r\n>>>\x00\x00\x00\x00\x00\x00\x00\x00\x00\x00\x00\x00\x00\x00\x00\x00\x00...\x00\x00\x00\x00\x00\x00\x00\x00\x00\x00\x00\x00\x00\x00\x00},DirectByteBuffer@636b43c2[p=0,l=333,c=32768,r=333]={<<<<html>\n<head>\n<me.../body>\n</html>\n>>>\x00\x00\x00\x00\x00\x00\x00\x00\x00\x00\x00\x00\x00\x00\x00\x00\x00...\x00\x00\x00\x00\x00\x00\x00\x00\x00\x00\x00\x00\x00\x00\x00}]
2020-06-28 17:18:41,293 DEBUG o.e.j.i.WriteFlusher [qtp433287555-21] update WriteFlusher@68395057{WRITING}->null:IDLE-->WRITING
2020-06-28 17:18:41,295 DEBUG o.e.j.i.ChannelEndPoint [qtp433287555-21] flushed 544 SocketChannelEndPoint@43497592{/127.0.0.1:62813<->/127.0.0.1:8080,OPEN,fill=-,flush=W,to=42/30000}{io=0/0,kio=0,kro=1}->HttpConnection@531dfa3e[p=HttpParser{s=END,0 of -1},g=HttpGenerator@76293e4d{s=COMPLETING}]=>HttpChannelOverHttp@136c3320{r=1,c=true,c=false/false,a=DISPATCHED,uri=//127.0.0.1:8080/base/path4/echo/,age=26}
2020-06-28 17:18:41,295 DEBUG o.e.j.i.WriteFlusher [qtp433287555-21] Flushed=true written=544 remaining=0 WriteFlusher@68395057{WRITING}->null
2020-06-28 17:18:41,295 DEBUG o.e.j.i.WriteFlusher [qtp433287555-21] update WriteFlusher@68395057{IDLE}->null:WRITING-->IDLE
2020-06-28 17:18:41,296 DEBUG o.e.j.s.HttpConnection$SendCallback [qtp433287555-21] org.eclipse.jetty.server.HttpConnection$SendCallback@22584a4[PROCESSING][i=HTTP/1.1{s=404,h=3,cl=-1},cb=org.eclipse.jetty.server.HttpChannel$SendCallback@68734058] generate: DONE ([p=211,l=211,c=8192,r=0],[p=333,l=333,c=32768,r=0],true)@END
2020-06-28 17:18:41,298 DEBUG o.e.j.s.s.SessionHandler [qtp433287555-21] FinalSession=null, old_session_handler=null, this=org.eclipse.jetty.server.session.SessionHandler558216562==dftMaxIdleSec=-1, calling complete=true
2020-06-28 17:18:41,298 DEBUG o.e.j.s.s.SessionHandler [qtp433287555-21] Complete called with session null
2020-06-28 17:18:41,298 DEBUG o.e.j.s.Server [qtp433287555-21] handled=true async=false committed=true on HttpChannelOverHttp@136c3320{r=1,c=true,c=false/true,a=DISPATCHED,uri=//127.0.0.1:8080/base/path4/echo/,age=30}
2020-06-28 17:18:41,299 DEBUG o.e.j.s.HttpChannelState [qtp433287555-21] unhandle HttpChannelState@68b98949{s=DISPATCHED a=NOT_ASYNC i=true r=IDLE w=false}
2020-06-28 17:18:41,299 DEBUG o.e.j.s.HttpChannel [qtp433287555-21] HttpChannelOverHttp@136c3320{r=1,c=true,c=false/true,a=COMPLETING,uri=//127.0.0.1:8080/base/path4/echo/,age=31} action COMPLETE
2020-06-28 17:18:41,299 DEBUG o.e.j.s.HttpChannelState [qtp433287555-21] onComplete HttpChannelState@68b98949{s=COMPLETING a=NOT_ASYNC i=false r=IDLE w=false}
2020-06-28 17:18:41,299 DEBUG o.e.j.s.HttpChannel [qtp433287555-21] COMPLETE for /base/path4/echo/ written=333
2020-06-28 17:18:41,302 DEBUG o.e.j.s.HttpChannelState [qtp433287555-21] recycle HttpChannelState@68b98949{s=COMPLETED a=NOT_ASYNC i=false r=IDLE w=false}
2020-06-28 17:18:41,303 DEBUG o.e.j.h.HttpParser [qtp433287555-21] reset HttpParser{s=END,0 of -1}
2020-06-28 17:18:41,303 DEBUG o.e.j.h.HttpParser [qtp433287555-21] END --> START
2020-06-28 17:18:41,303 DEBUG o.e.j.s.HttpChannel [qtp433287555-21] HttpChannelOverHttp@136c3320{r=1,c=false,c=false/false,a=IDLE,uri=null,age=0} handle exit, result COMPLETE
2020-06-28 17:18:41,303 DEBUG o.e.j.i.AbstractEndPoint [qtp433287555-21] shutdownInput SocketChannelEndPoint@43497592{/127.0.0.1:62813<->/127.0.0.1:8080,OPEN,fill=-,flush=-,to=8/30000}{io=0/0,kio=0,kro=1}->HttpConnection@531dfa3e[p=HttpParser{s=START,0 of -1},g=HttpGenerator@76293e4d{s=START}]=>HttpChannelOverHttp@136c3320{r=1,c=false,c=false/false,a=IDLE,uri=null,age=0}
2020-06-28 17:18:41,303 DEBUG o.e.j.i.ChannelEndPoint [qtp433287555-21] filled -1 HeapByteBuffer@6b2dfb49[p=0,l=0,c=8192,r=0]={<<<>>>HTTP/1.1 404 Not ...\x00\x00\x00\x00\x00\x00\x00\x00\x00\x00\x00\x00\x00\x00\x00}
2020-06-28 17:18:41,303 DEBUG o.e.j.h.HttpParser [qtp433287555-21] atEOF HttpParser{s=START,0 of -1}
2020-06-28 17:18:41,304 DEBUG o.e.j.s.HttpConnection [qtp433287555-21] HttpConnection@531dfa3e::SocketChannelEndPoint@43497592{/127.0.0.1:62813<->/127.0.0.1:8080,ISHUT,fill=-,flush=-,to=8/30000}{io=0/0,kio=0,kro=1}->HttpConnection@531dfa3e[p=HttpParser{s=START,0 of -1},g=HttpGenerator@76293e4d{s=START}]=>HttpChannelOverHttp@136c3320{r=1,c=false,c=false/false,a=IDLE,uri=null,age=0} filled -1 HeapByteBuffer@6b2dfb49[p=0,l=0,c=8192,r=0]={<<<>>>HTTP/1.1 404 Not ...\x00\x00\x00\x00\x00\x00\x00\x00\x00\x00\x00\x00\x00\x00\x00}
2020-06-28 17:18:41,304 DEBUG o.e.j.s.HttpConnection [qtp433287555-21] HttpConnection@531dfa3e::SocketChannelEndPoint@43497592{/127.0.0.1:62813<->/127.0.0.1:8080,ISHUT,fill=-,flush=-,to=8/30000}{io=0/0,kio=0,kro=1}->HttpConnection@531dfa3e[p=HttpParser{s=START,0 of -1},g=HttpGenerator@76293e4d{s=START}]=>HttpChannelOverHttp@136c3320{r=1,c=false,c=false/false,a=IDLE,uri=null,age=0} parse HeapByteBuffer@6b2dfb49[p=0,l=0,c=8192,r=0]={<<<>>>HTTP/1.1 404 Not ...\x00\x00\x00\x00\x00\x00\x00\x00\x00\x00\x00\x00\x00\x00\x00} {}
2020-06-28 17:18:41,304 DEBUG o.e.j.h.HttpParser [qtp433287555-21] parseNext s=START HeapByteBuffer@6b2dfb49[p=0,l=0,c=8192,r=0]={<<<>>>HTTP/1.1 404 Not ...\x00\x00\x00\x00\x00\x00\x00\x00\x00\x00\x00\x00\x00\x00\x00}
2020-06-28 17:18:41,304 DEBUG o.e.j.h.HttpParser [qtp433287555-21] START --> CLOSED
2020-06-28 17:18:41,304 DEBUG o.e.j.i.AbstractEndPoint [qtp433287555-21] close SocketChannelEndPoint@43497592{/127.0.0.1:62813<->/127.0.0.1:8080,ISHUT,fill=-,flush=-,to=9/30000}{io=0/0,kio=0,kro=1}->HttpConnection@531dfa3e[p=HttpParser{s=CLOSED,0 of -1},g=HttpGenerator@76293e4d{s=START}]=>HttpChannelOverHttp@136c3320{r=1,c=false,c=false/false,a=IDLE,uri=null,age=0}
2020-06-28 17:18:41,304 DEBUG o.e.j.i.AbstractEndPoint [qtp433287555-21] close(null) SocketChannelEndPoint@43497592{/127.0.0.1:62813<->/127.0.0.1:8080,ISHUT,fill=-,flush=-,to=9/30000}{io=0/0,kio=0,kro=1}->HttpConnection@531dfa3e[p=HttpParser{s=CLOSED,0 of -1},g=HttpGenerator@76293e4d{s=START}]=>HttpChannelOverHttp@136c3320{r=1,c=false,c=false/false,a=IDLE,uri=null,age=0}
2020-06-28 17:18:41,304 DEBUG o.e.j.i.ChannelEndPoint [qtp433287555-21] doClose SocketChannelEndPoint@43497592{/127.0.0.1:62813<->/127.0.0.1:8080,CLOSED,fill=-,flush=-,to=9/30000}{io=0/0,kio=0,kro=1}->HttpConnection@531dfa3e[p=HttpParser{s=CLOSED,0 of -1},g=HttpGenerator@76293e4d{s=START}]=>HttpChannelOverHttp@136c3320{r=1,c=false,c=false/false,a=IDLE,uri=null,age=0}
2020-06-28 17:18:41,305 DEBUG o.e.j.i.WriteFlusher [qtp433287555-21] ignored: WriteFlusher@68395057{IDLE}->null
java.nio.channels.ClosedChannelException: null
	at org.eclipse.jetty.io.WriteFlusher.onClose(WriteFlusher.java:492) [jetty-io-9.4.19.v20190610.jar:9.4.19.v20190610]
	at org.eclipse.jetty.io.AbstractEndPoint.onClose(AbstractEndPoint.java:353) [jetty-io-9.4.19.v20190610.jar:9.4.19.v20190610]
	at org.eclipse.jetty.io.ChannelEndPoint.onClose(ChannelEndPoint.java:215) [jetty-io-9.4.19.v20190610.jar:9.4.19.v20190610]
	at org.eclipse.jetty.io.AbstractEndPoint.doOnClose(AbstractEndPoint.java:225) [jetty-io-9.4.19.v20190610.jar:9.4.19.v20190610]
	at org.eclipse.jetty.io.AbstractEndPoint.close(AbstractEndPoint.java:192) [jetty-io-9.4.19.v20190610.jar:9.4.19.v20190610]
	at org.eclipse.jetty.io.AbstractEndPoint.close(AbstractEndPoint.java:175) [jetty-io-9.4.19.v20190610.jar:9.4.19.v20190610]
	at org.eclipse.jetty.io.AbstractConnection.close(AbstractConnection.java:248) [jetty-io-9.4.19.v20190610.jar:9.4.19.v20190610]
	at org.eclipse.jetty.server.HttpChannelOverHttp.earlyEOF(HttpChannelOverHttp.java:234) [jetty-server-9.4.19.v20190610.jar:9.4.19.v20190610]
	at org.eclipse.jetty.http.HttpParser.parseNext(HttpParser.java:1552) [jetty-http-9.4.19.v20190610.jar:9.4.19.v20190610]
	at org.eclipse.jetty.server.HttpConnection.parseRequestBuffer(HttpConnection.java:369) [jetty-server-9.4.19.v20190610.jar:9.4.19.v20190610]
	at org.eclipse.jetty.server.HttpConnection.onFillable(HttpConnection.java:257) [jetty-server-9.4.19.v20190610.jar:9.4.19.v20190610]
	at org.eclipse.jetty.io.AbstractConnection$ReadCallback.succeeded(AbstractConnection.java:305) [jetty-io-9.4.19.v20190610.jar:9.4.19.v20190610]
	at org.eclipse.jetty.io.FillInterest.fillable(FillInterest.java:103) [jetty-io-9.4.19.v20190610.jar:9.4.19.v20190610]
	at org.eclipse.jetty.io.ChannelEndPoint$2.run(ChannelEndPoint.java:117) [jetty-io-9.4.19.v20190610.jar:9.4.19.v20190610]
	at org.eclipse.jetty.util.thread.QueuedThreadPool.runJob(QueuedThreadPool.java:781) [jetty-util-9.4.19.v20190610.jar:9.4.19.v20190610]
	at org.eclipse.jetty.util.thread.QueuedThreadPool$Runner.run(QueuedThreadPool.java:917) [jetty-util-9.4.19.v20190610.jar:9.4.19.v20190610]
	at java.lang.Thread.run(Thread.java:748) [?:1.8.0_201]
2020-06-28 17:18:41,342 DEBUG o.e.j.i.FillInterest [qtp433287555-21] onClose FillInterest@4ad9f6bc{null}
2020-06-28 17:18:41,342 DEBUG o.e.j.i.ManagedSelector [qtp433287555-21] Wakeup ManagedSelector@36fc695d{STARTED} id=1 keys=1 selected=0 updates=0
2020-06-28 17:18:41,343 DEBUG o.e.j.u.t.QueuedThreadPool [qtp433287555-21] queue org.eclipse.jetty.io.ManagedSelector$DestroyEndPoint@769dcafd startThread=false
2020-06-28 17:18:41,343 DEBUG o.e.j.i.ManagedSelector$SelectorProducer [qtp433287555-15] Selector sun.nio.ch.WindowsSelectorImpl@4edb490 woken with none selected
2020-06-28 17:18:41,343 DEBUG o.e.j.u.t.QueuedThreadPool$Runner [qtp433287555-19] run org.eclipse.jetty.io.ManagedSelector$DestroyEndPoint@769dcafd in QueuedThreadPool[qtp433287555]@19d37183{STARTED,8<=8<=200,i=0,r=8,q=0}[ReservedThreadExecutor@4567f35d{s=1/8,p=0}]
2020-06-28 17:18:41,343 DEBUG o.e.j.i.ManagedSelector$SelectorProducer [qtp433287555-15] Selector sun.nio.ch.WindowsSelectorImpl@4edb490 woken up from select, 0/0/0 selected
2020-06-28 17:18:41,343 DEBUG o.e.j.i.ManagedSelector$SelectorProducer [qtp433287555-15] Selector sun.nio.ch.WindowsSelectorImpl@4edb490 processing 0 keys, 0 updates
2020-06-28 17:18:41,343 DEBUG o.e.j.s.HttpConnection [qtp433287555-21] HttpConnection@531dfa3e::SocketChannelEndPoint@43497592{/127.0.0.1:62813<->/127.0.0.1:8080,CLOSED,fill=-,flush=-,to=48/30000}{io=0/0,kio=-1,kro=-1}->HttpConnection@531dfa3e[p=HttpParser{s=CLOSED,0 of -1},g=HttpGenerator@76293e4d{s=START}]=>HttpChannelOverHttp@136c3320{r=1,c=false,c=false/false,a=IDLE,uri=null,age=0} parsed false HttpParser{s=CLOSED,0 of -1}
2020-06-28 17:18:41,343 DEBUG o.e.j.i.ManagedSelector$DestroyEndPoint [qtp433287555-19] Destroyed SocketChannelEndPoint@43497592{/127.0.0.1:62813<->/127.0.0.1:8080,CLOSED,fill=-,flush=-,to=48/30000}{io=0/0,kio=-1,kro=-1}->HttpConnection@531dfa3e[p=HttpParser{s=CLOSED,0 of -1},g=HttpGenerator@76293e4d{s=START}]=>HttpChannelOverHttp@136c3320{r=1,c=false,c=false/false,a=IDLE,uri=null,age=0}
2020-06-28 17:18:41,343 DEBUG o.e.j.i.ManagedSelector$SelectorProducer [qtp433287555-15] updateable 0
2020-06-28 17:18:41,343 DEBUG o.e.j.i.ManagedSelector$SelectorProducer [qtp433287555-15] updates 0
2020-06-28 17:18:41,343 DEBUG o.e.j.s.HttpConnection [qtp433287555-21] releaseRequestBuffer HttpConnection@531dfa3e::SocketChannelEndPoint@43497592{/127.0.0.1:62813<->/127.0.0.1:8080,CLOSED,fill=-,flush=-,to=48/30000}{io=0/0,kio=-1,kro=-1}->HttpConnection@531dfa3e[p=HttpParser{s=CLOSED,0 of -1},g=HttpGenerator@76293e4d{s=START}]=>HttpChannelOverHttp@136c3320{r=1,c=false,c=false/false,a=IDLE,uri=null,age=0}
2020-06-28 17:18:41,343 DEBUG o.e.j.i.ManagedSelector$SelectorProducer [qtp433287555-15] Selector sun.nio.ch.WindowsSelectorImpl@4edb490 waiting with 0 keys
2020-06-28 17:18:41,343 DEBUG o.e.j.i.AbstractConnection [qtp433287555-19] onClose HttpConnection@531dfa3e::SocketChannelEndPoint@43497592{/127.0.0.1:62813<->/127.0.0.1:8080,CLOSED,fill=-,flush=-,to=48/30000}{io=0/0,kio=-1,kro=-1}->HttpConnection@531dfa3e[p=HttpParser{s=CLOSED,0 of -1},g=HttpGenerator@76293e4d{s=START}]=>HttpChannelOverHttp@136c3320{r=1,c=false,c=false/false,a=IDLE,uri=null,age=0}
2020-06-28 17:18:41,344 DEBUG o.e.j.i.AbstractEndPoint [qtp433287555-21] shutdownOutput SocketChannelEndPoint@43497592{/127.0.0.1:62813<->/127.0.0.1:8080,CLOSED,fill=-,flush=-,to=48/30000}{io=0/0,kio=-1,kro=-1}->HttpConnection@531dfa3e[p=HttpParser{s=CLOSED,0 of -1},g=HttpGenerator@76293e4d{s=START}]=>HttpChannelOverHttp@136c3320{r=1,c=false,c=false/false,a=IDLE,uri=null,age=0}
2020-06-28 17:18:41,344 DEBUG o.e.j.u.t.QueuedThreadPool$Runner [qtp433287555-19] ran org.eclipse.jetty.io.ManagedSelector$DestroyEndPoint@769dcafd in QueuedThreadPool[qtp433287555]@19d37183{STARTED,8<=8<=200,i=0,r=8,q=0}[ReservedThreadExecutor@4567f35d{s=1/8,p=0}]
2020-06-28 17:18:41,344 DEBUG o.e.j.s.HttpConnection [qtp433287555-21] HttpConnection@531dfa3e::SocketChannelEndPoint@43497592{/127.0.0.1:62813<->/127.0.0.1:8080,CLOSED,fill=-,flush=-,to=48/30000}{io=0/0,kio=-1,kro=-1}->HttpConnection@531dfa3e[p=HttpParser{s=CLOSED,0 of -1},g=HttpGenerator@76293e4d{s=START}]=>HttpChannelOverHttp@136c3320{r=1,c=false,c=false/false,a=IDLE,uri=null,age=0} onFillable exit HttpChannelState@68b98949{s=IDLE a=NOT_ASYNC i=true r=IDLE w=false} null
2020-06-28 17:18:41,344 DEBUG o.e.j.u.t.QueuedThreadPool$Runner [qtp433287555-21] ran CEP:SocketChannelEndPoint@43497592{/127.0.0.1:62813<->/127.0.0.1:8080,CLOSED,fill=-,flush=-,to=49/30000}{io=0/0,kio=-1,kro=-1}->HttpConnection@531dfa3e[p=HttpParser{s=CLOSED,0 of -1},g=HttpGenerator@76293e4d{s=START}]=>HttpChannelOverHttp@136c3320{r=1,c=false,c=false/false,a=IDLE,uri=null,age=0}:runFillable:BLOCKING in QueuedThreadPool[qtp433287555]@19d37183{STARTED,8<=8<=200,i=1,r=8,q=0}[ReservedThreadExecutor@4567f35d{s=1/8,p=0}]
2020-06-28 17:19:41,250 DEBUG o.e.j.u.t.ReservedThreadExecutor$ReservedThread [qtp433287555-20] ReservedThreadExecutor@4567f35d{s=1/8,p=0}@7a167b19 IDLE
2020-06-28 17:19:41,250 DEBUG o.e.j.u.t.ReservedThreadExecutor [qtp433287555-20] ReservedThreadExecutor@4567f35d{s=1/8,p=0} tryExecute STOP!
2020-06-28 17:19:41,251 DEBUG o.e.j.u.t.ReservedThreadExecutor$ReservedThread [qtp433287555-20] ReservedThreadExecutor@4567f35d{s=0/8,p=0}@7a167b19 offer STOP!
2020-06-28 17:19:41,251 DEBUG o.e.j.u.t.ReservedThreadExecutor$ReservedThread [qtp433287555-20] ReservedThreadExecutor@4567f35d{s=0/8,p=0}@7a167b19 task=STOP!
2020-06-28 17:19:41,251 DEBUG o.e.j.u.t.ReservedThreadExecutor$ReservedThread [qtp433287555-20] ReservedThreadExecutor@4567f35d{s=0/8,p=0}@7a167b19 Exited
2020-06-28 17:19:41,251 DEBUG o.e.j.u.t.QueuedThreadPool$Runner [qtp433287555-20] ran ReservedThreadExecutor@4567f35d{s=0/8,p=0}@7a167b19 in QueuedThreadPool[qtp433287555]@19d37183{STARTED,8<=8<=200,i=2,r=8,q=0}[ReservedThreadExecutor@4567f35d{s=0/8,p=0}]
2020-06-28 17:28:23,706 DEBUG o.e.j.s.s.HouseKeeper [Session-HouseKeeper-4550bb58] node0 scavenging sessions
2020-06-28 17:28:23,707 DEBUG o.e.j.s.s.SessionHandler [Session-HouseKeeper-4550bb58] org.eclipse.jetty.server.session.SessionHandler558216562==dftMaxIdleSec=-1 scavenging sessions
2020-06-28 17:28:23,708 DEBUG o.e.j.s.s.SessionHandler [Session-HouseKeeper-4550bb58] org.eclipse.jetty.server.session.SessionHandler558216562==dftMaxIdleSec=-1 scavenging session ids []
2020-06-28 17:28:23,708 DEBUG o.e.j.s.s.AbstractSessionCache [Session-HouseKeeper-4550bb58] org.eclipse.jetty.server.session.DefaultSessionCache@3febb011[evict=-1,removeUnloadable=false,saveOnCreate=false,saveOnInactiveEvict=false] checking expiration on []
2020-06-28 17:38:23,715 DEBUG o.e.j.s.s.HouseKeeper [Session-HouseKeeper-4550bb58] node0 scavenging sessions
2020-06-28 17:38:23,716 DEBUG o.e.j.s.s.SessionHandler [Session-HouseKeeper-4550bb58] org.eclipse.jetty.server.session.SessionHandler558216562==dftMaxIdleSec=-1 scavenging sessions
2020-06-28 17:38:23,716 DEBUG o.e.j.s.s.SessionHandler [Session-HouseKeeper-4550bb58] org.eclipse.jetty.server.session.SessionHandler558216562==dftMaxIdleSec=-1 scavenging session ids []
2020-06-28 17:38:23,716 DEBUG o.e.j.s.s.AbstractSessionCache [Session-HouseKeeper-4550bb58] org.eclipse.jetty.server.session.DefaultSessionCache@3febb011[evict=-1,removeUnloadable=false,saveOnCreate=false,saveOnInactiveEvict=false] checking expiration on []
2020-06-28 17:48:23,723 DEBUG o.e.j.s.s.HouseKeeper [Session-HouseKeeper-4550bb58] node0 scavenging sessions
2020-06-28 17:48:23,724 DEBUG o.e.j.s.s.SessionHandler [Session-HouseKeeper-4550bb58] org.eclipse.jetty.server.session.SessionHandler558216562==dftMaxIdleSec=-1 scavenging sessions
2020-06-28 17:48:23,724 DEBUG o.e.j.s.s.SessionHandler [Session-HouseKeeper-4550bb58] org.eclipse.jetty.server.session.SessionHandler558216562==dftMaxIdleSec=-1 scavenging session ids []
2020-06-28 17:48:23,724 DEBUG o.e.j.s.s.AbstractSessionCache [Session-HouseKeeper-4550bb58] org.eclipse.jetty.server.session.DefaultSessionCache@3febb011[evict=-1,removeUnloadable=false,saveOnCreate=false,saveOnInactiveEvict=false] checking expiration on []
2020-06-28 17:58:23,728 DEBUG o.e.j.s.s.HouseKeeper [Session-HouseKeeper-4550bb58] node0 scavenging sessions
2020-06-28 17:58:23,729 DEBUG o.e.j.s.s.SessionHandler [Session-HouseKeeper-4550bb58] org.eclipse.jetty.server.session.SessionHandler558216562==dftMaxIdleSec=-1 scavenging sessions
2020-06-28 17:58:23,729 DEBUG o.e.j.s.s.SessionHandler [Session-HouseKeeper-4550bb58] org.eclipse.jetty.server.session.SessionHandler558216562==dftMaxIdleSec=-1 scavenging session ids []
2020-06-28 17:58:23,729 DEBUG o.e.j.s.s.AbstractSessionCache [Session-HouseKeeper-4550bb58] org.eclipse.jetty.server.session.DefaultSessionCache@3febb011[evict=-1,removeUnloadable=false,saveOnCreate=false,saveOnInactiveEvict=false] checking expiration on []
2020-06-28 18:08:23,742 DEBUG o.e.j.s.s.HouseKeeper [Session-HouseKeeper-4550bb58] node0 scavenging sessions
2020-06-28 18:08:23,743 DEBUG o.e.j.s.s.SessionHandler [Session-HouseKeeper-4550bb58] org.eclipse.jetty.server.session.SessionHandler558216562==dftMaxIdleSec=-1 scavenging sessions
2020-06-28 18:08:23,743 DEBUG o.e.j.s.s.SessionHandler [Session-HouseKeeper-4550bb58] org.eclipse.jetty.server.session.SessionHandler558216562==dftMaxIdleSec=-1 scavenging session ids []
2020-06-28 18:08:23,743 DEBUG o.e.j.s.s.AbstractSessionCache [Session-HouseKeeper-4550bb58] org.eclipse.jetty.server.session.DefaultSessionCache@3febb011[evict=-1,removeUnloadable=false,saveOnCreate=false,saveOnInactiveEvict=false] checking expiration on []
2020-06-28 18:18:23,748 DEBUG o.e.j.s.s.HouseKeeper [Session-HouseKeeper-4550bb58] node0 scavenging sessions
2020-06-28 18:18:23,749 DEBUG o.e.j.s.s.SessionHandler [Session-HouseKeeper-4550bb58] org.eclipse.jetty.server.session.SessionHandler558216562==dftMaxIdleSec=-1 scavenging sessions
2020-06-28 18:18:23,749 DEBUG o.e.j.s.s.SessionHandler [Session-HouseKeeper-4550bb58] org.eclipse.jetty.server.session.SessionHandler558216562==dftMaxIdleSec=-1 scavenging session ids []
2020-06-28 18:18:23,749 DEBUG o.e.j.s.s.AbstractSessionCache [Session-HouseKeeper-4550bb58] org.eclipse.jetty.server.session.DefaultSessionCache@3febb011[evict=-1,removeUnloadable=false,saveOnCreate=false,saveOnInactiveEvict=false] checking expiration on []
2020-06-28 18:28:23,721 DEBUG o.e.j.s.s.HouseKeeper [Session-HouseKeeper-4550bb58] node0 scavenging sessions
2020-06-28 18:28:23,721 DEBUG o.e.j.s.s.SessionHandler [Session-HouseKeeper-4550bb58] org.eclipse.jetty.server.session.SessionHandler558216562==dftMaxIdleSec=-1 scavenging sessions
2020-06-28 18:28:23,721 DEBUG o.e.j.s.s.SessionHandler [Session-HouseKeeper-4550bb58] org.eclipse.jetty.server.session.SessionHandler558216562==dftMaxIdleSec=-1 scavenging session ids []
2020-06-28 18:28:23,722 DEBUG o.e.j.s.s.AbstractSessionCache [Session-HouseKeeper-4550bb58] org.eclipse.jetty.server.session.DefaultSessionCache@3febb011[evict=-1,removeUnloadable=false,saveOnCreate=false,saveOnInactiveEvict=false] checking expiration on []
