2020-07-11 21:50:10,526 DEBUG o.e.j.u.l.Log [main] Logging to org.apache.logging.slf4j.Log4jLogger@445b295b via org.eclipse.jetty.util.log.Slf4jLog
2020-07-11 21:50:10,549 INFO o.e.j.u.l.Log [main] Logging initialized @4281ms to org.eclipse.jetty.util.log.Slf4jLog
2020-07-11 21:50:10,588 DEBUG o.e.j.u.c.ContainerLifeCycle [main] Server@50caa560{STOPPED}[9.4.19.v20190610] added {QueuedThreadPool[qtp1647766367]@6236eb5f{STOPPED,8<=0<=200,i=0,r=-1,q=0}[NO_TRY],AUTO}
2020-07-11 21:50:10,623 DEBUG o.e.j.u.c.ContainerLifeCycle [main] HttpConnectionFactory@c333c60[HTTP/1.1] added {HttpConfiguration@79da8dc5{32768/8192,8192/8192,https://:0,[]},POJO}
2020-07-11 21:50:10,630 DEBUG o.e.j.u.c.ContainerLifeCycle [main] ServerConnector@53976f5c{null,[]}{0.0.0.0:0} added {Server@50caa560{STOPPED}[9.4.19.v20190610],UNMANAGED}
2020-07-11 21:50:10,631 DEBUG o.e.j.u.c.ContainerLifeCycle [main] ServerConnector@53976f5c{null,[]}{0.0.0.0:0} added {QueuedThreadPool[qtp1647766367]@6236eb5f{STOPPED,8<=0<=200,i=0,r=-1,q=0}[NO_TRY],AUTO}
2020-07-11 21:50:10,632 DEBUG o.e.j.u.c.ContainerLifeCycle [main] ServerConnector@53976f5c{null,[]}{0.0.0.0:0} added {ScheduledExecutorScheduler@44821a96{STOPPED},AUTO}
2020-07-11 21:50:10,633 DEBUG o.e.j.u.c.ContainerLifeCycle [main] ServerConnector@53976f5c{null,[]}{0.0.0.0:0} added {org.eclipse.jetty.io.ArrayByteBufferPool@a3d8174,POJO}
2020-07-11 21:50:10,634 DEBUG o.e.j.u.c.ContainerLifeCycle [main] ServerConnector@53976f5c{null,[http/1.1]}{0.0.0.0:0} added {HttpConnectionFactory@c333c60[HTTP/1.1],AUTO}
2020-07-11 21:50:10,634 DEBUG o.e.j.s.AbstractConnector [main] ServerConnector@53976f5c{HTTP/1.1,[http/1.1]}{0.0.0.0:0} added HttpConnectionFactory@c333c60[HTTP/1.1]
2020-07-11 21:50:10,640 DEBUG o.e.j.u.c.ContainerLifeCycle [main] ServerConnector@53976f5c{HTTP/1.1,[http/1.1]}{0.0.0.0:0} added {SelectorManager@ServerConnector@53976f5c{HTTP/1.1,[http/1.1]}{0.0.0.0:0},MANAGED}
2020-07-11 21:50:10,641 DEBUG o.e.j.u.c.ContainerLifeCycle [main] Server@50caa560{STOPPED}[9.4.19.v20190610] added {ServerConnector@53976f5c{HTTP/1.1,[http/1.1]}{0.0.0.0:10085},AUTO}
2020-07-11 21:50:10,642 DEBUG o.e.j.u.c.AbstractLifeCycle [main] starting Server@50caa560{STOPPED}[9.4.19.v20190610]
2020-07-11 21:50:10,647 DEBUG o.e.j.u.c.ContainerLifeCycle [main] Server@50caa560{STARTING}[9.4.19.v20190610] added {ErrorHandler@34f5090e{STOPPED},AUTO}
2020-07-11 21:50:10,651 INFO o.e.j.s.Server [main] jetty-9.4.19.v20190610; built: 2019-06-10T16:30:51.723Z; git: afcf563148970e98786327af5e07c261fda175d3; jvm 1.8.0_251-b08
2020-07-11 21:50:10,678 DEBUG o.e.j.s.h.AbstractHandler [main] starting Server@50caa560{STARTING}[9.4.19.v20190610]
2020-07-11 21:50:10,679 DEBUG o.e.j.u.c.AbstractLifeCycle [main] starting QueuedThreadPool[qtp1647766367]@6236eb5f{STOPPED,8<=0<=200,i=0,r=-1,q=0}[NO_TRY]
2020-07-11 21:50:10,683 DEBUG o.e.j.u.t.ReservedThreadExecutor [main] ReservedThreadExecutor@101952da{s=0/8,p=0}
2020-07-11 21:50:10,684 DEBUG o.e.j.u.c.ContainerLifeCycle [main] QueuedThreadPool[qtp1647766367]@6236eb5f{STARTING,8<=0<=200,i=0,r=-1,q=0}[ReservedThreadExecutor@101952da{s=0/8,p=0}] added {ReservedThreadExecutor@101952da{s=0/8,p=0},AUTO}
2020-07-11 21:50:10,684 DEBUG o.e.j.u.c.AbstractLifeCycle [main] starting ReservedThreadExecutor@101952da{s=0/8,p=0}
2020-07-11 21:50:10,693 DEBUG o.e.j.u.c.AbstractLifeCycle [main] STARTED @4425ms ReservedThreadExecutor@101952da{s=0/8,p=0}
2020-07-11 21:50:10,695 DEBUG o.e.j.u.t.QueuedThreadPool [main] Starting Thread[qtp1647766367-14,5,main]
2020-07-11 21:50:10,696 DEBUG o.e.j.u.t.QueuedThreadPool [main] Starting Thread[qtp1647766367-15,5,main]
2020-07-11 21:50:10,697 DEBUG o.e.j.u.t.QueuedThreadPool [main] Starting Thread[qtp1647766367-16,5,main]
2020-07-11 21:50:10,696 DEBUG o.e.j.u.t.QueuedThreadPool$Runner [qtp1647766367-14] Runner started for QueuedThreadPool[qtp1647766367]@6236eb5f{STARTING,8<=2<=200,i=0,r=-1,q=0}[ReservedThreadExecutor@101952da{s=0/8,p=0}]
2020-07-11 21:50:10,697 DEBUG o.e.j.u.t.QueuedThreadPool$Runner [qtp1647766367-15] Runner started for QueuedThreadPool[qtp1647766367]@6236eb5f{STARTING,8<=3<=200,i=0,r=-1,q=0}[ReservedThreadExecutor@101952da{s=0/8,p=0}]
2020-07-11 21:50:10,698 DEBUG o.e.j.u.t.QueuedThreadPool [main] Starting Thread[qtp1647766367-17,5,main]
2020-07-11 21:50:10,698 DEBUG o.e.j.u.t.QueuedThreadPool$Runner [qtp1647766367-16] Runner started for QueuedThreadPool[qtp1647766367]@6236eb5f{STARTING,8<=4<=200,i=1,r=-1,q=0}[ReservedThreadExecutor@101952da{s=0/8,p=0}]
2020-07-11 21:50:10,699 DEBUG o.e.j.u.t.QueuedThreadPool [main] Starting Thread[qtp1647766367-18,5,main]
2020-07-11 21:50:10,699 DEBUG o.e.j.u.t.QueuedThreadPool$Runner [qtp1647766367-17] Runner started for QueuedThreadPool[qtp1647766367]@6236eb5f{STARTING,8<=5<=200,i=2,r=-1,q=0}[ReservedThreadExecutor@101952da{s=0/8,p=0}]
2020-07-11 21:50:10,700 DEBUG o.e.j.u.t.QueuedThreadPool [main] Starting Thread[qtp1647766367-19,5,main]
2020-07-11 21:50:10,700 DEBUG o.e.j.u.t.QueuedThreadPool$Runner [qtp1647766367-18] Runner started for QueuedThreadPool[qtp1647766367]@6236eb5f{STARTING,8<=6<=200,i=4,r=-1,q=0}[ReservedThreadExecutor@101952da{s=0/8,p=0}]
2020-07-11 21:50:10,701 DEBUG o.e.j.u.t.QueuedThreadPool [main] Starting Thread[qtp1647766367-20,5,main]
2020-07-11 21:50:10,702 DEBUG o.e.j.u.t.QueuedThreadPool$Runner [qtp1647766367-19] Runner started for QueuedThreadPool[qtp1647766367]@6236eb5f{STARTING,8<=7<=200,i=5,r=-1,q=0}[ReservedThreadExecutor@101952da{s=0/8,p=0}]
2020-07-11 21:50:10,702 DEBUG o.e.j.u.t.QueuedThreadPool [main] Starting Thread[qtp1647766367-21,5,main]
2020-07-11 21:50:10,702 DEBUG o.e.j.u.t.QueuedThreadPool$Runner [qtp1647766367-20] Runner started for QueuedThreadPool[qtp1647766367]@6236eb5f{STARTING,8<=8<=200,i=5,r=-1,q=0}[ReservedThreadExecutor@101952da{s=0/8,p=0}]
2020-07-11 21:50:10,703 DEBUG o.e.j.u.c.AbstractLifeCycle [main] STARTED @4435ms QueuedThreadPool[qtp1647766367]@6236eb5f{STARTED,8<=8<=200,i=6,r=8,q=0}[ReservedThreadExecutor@101952da{s=0/8,p=0}]
2020-07-11 21:50:10,704 DEBUG o.e.j.u.t.QueuedThreadPool$Runner [qtp1647766367-21] Runner started for QueuedThreadPool[qtp1647766367]@6236eb5f{STARTED,8<=8<=200,i=6,r=8,q=0}[ReservedThreadExecutor@101952da{s=0/8,p=0}]
2020-07-11 21:50:10,704 DEBUG o.e.j.u.c.AbstractLifeCycle [main] starting ErrorHandler@34f5090e{STOPPED}
2020-07-11 21:50:10,705 DEBUG o.e.j.s.h.AbstractHandler [main] starting ErrorHandler@34f5090e{STARTING}
2020-07-11 21:50:10,705 DEBUG o.e.j.u.c.AbstractLifeCycle [main] STARTED @4437ms ErrorHandler@34f5090e{STARTED}
2020-07-11 21:50:10,706 DEBUG o.e.j.u.c.AbstractLifeCycle [main] starting ServerConnector@53976f5c{HTTP/1.1,[http/1.1]}{0.0.0.0:10085}
2020-07-11 21:50:10,713 DEBUG o.e.j.u.c.ContainerLifeCycle [main] ServerConnector@53976f5c{HTTP/1.1,[http/1.1]}{0.0.0.0:10085} added {sun.nio.ch.ServerSocketChannelImpl[/0:0:0:0:0:0:0:0:10085],POJO}
2020-07-11 21:50:10,715 DEBUG o.e.j.u.c.AbstractLifeCycle [main] starting ScheduledExecutorScheduler@44821a96{STOPPED}
2020-07-11 21:50:10,717 DEBUG o.e.j.u.c.AbstractLifeCycle [main] STARTED @4449ms ScheduledExecutorScheduler@44821a96{STARTED}
2020-07-11 21:50:10,717 DEBUG o.e.j.u.c.AbstractLifeCycle [main] starting HttpConnectionFactory@c333c60[HTTP/1.1]
2020-07-11 21:50:10,717 DEBUG o.e.j.u.c.AbstractLifeCycle [main] STARTED @4450ms HttpConnectionFactory@c333c60[HTTP/1.1]
2020-07-11 21:50:10,718 DEBUG o.e.j.u.c.AbstractLifeCycle [main] starting SelectorManager@ServerConnector@53976f5c{HTTP/1.1,[http/1.1]}{0.0.0.0:10085}
2020-07-11 21:50:10,754 DEBUG o.e.j.u.c.ContainerLifeCycle [main] EatWhatYouKill@78123e82/SelectorProducer@4d465b11/IDLE/p=false/QueuedThreadPool[qtp1647766367]@6236eb5f{STARTED,8<=8<=200,i=8,r=8,q=0}[ReservedThreadExecutor@101952da{s=0/8,p=0}][pc=0,pic=0,pec=0,epc=0]@2020-07-11T21:50:10.745+08:00 added {SelectorProducer@4d465b11,POJO}
2020-07-11 21:50:10,756 DEBUG o.e.j.u.c.ContainerLifeCycle [main] EatWhatYouKill@78123e82/SelectorProducer@4d465b11/IDLE/p=false/QueuedThreadPool[qtp1647766367]@6236eb5f{STARTED,8<=8<=200,i=8,r=8,q=0}[ReservedThreadExecutor@101952da{s=0/8,p=0}][pc=0,pic=0,pec=0,epc=0]@2020-07-11T21:50:10.755+08:00 added {QueuedThreadPool[qtp1647766367]@6236eb5f{STARTED,8<=8<=200,i=8,r=8,q=0}[ReservedThreadExecutor@101952da{s=0/8,p=0}],UNMANAGED}
2020-07-11 21:50:10,758 DEBUG o.e.j.u.t.s.EatWhatYouKill [main] EatWhatYouKill@78123e82/SelectorProducer@4d465b11/IDLE/p=false/QueuedThreadPool[qtp1647766367]@6236eb5f{STARTED,8<=8<=200,i=8,r=8,q=0}[ReservedThreadExecutor@101952da{s=0/8,p=0}][pc=0,pic=0,pec=0,epc=0]@2020-07-11T21:50:10.757+08:00 created
2020-07-11 21:50:10,760 DEBUG o.e.j.u.c.ContainerLifeCycle [main] ManagedSelector@56cdfb3b{STOPPED} id=0 keys=-1 selected=-1 updates=0 added {EatWhatYouKill@78123e82/SelectorProducer@4d465b11/IDLE/p=false/QueuedThreadPool[qtp1647766367]@6236eb5f{STARTED,8<=8<=200,i=8,r=8,q=0}[ReservedThreadExecutor@101952da{s=0/8,p=0}][pc=0,pic=0,pec=0,epc=0]@2020-07-11T21:50:10.759+08:00,MANAGED}
2020-07-11 21:50:10,761 DEBUG o.e.j.u.c.ContainerLifeCycle [main] SelectorManager@ServerConnector@53976f5c{HTTP/1.1,[http/1.1]}{0.0.0.0:10085} added {ManagedSelector@56cdfb3b{STOPPED} id=0 keys=-1 selected=-1 updates=0,AUTO}
2020-07-11 21:50:10,763 DEBUG o.e.j.u.c.ContainerLifeCycle [main] EatWhatYouKill@2b91004a/SelectorProducer@20ccf40b/IDLE/p=false/QueuedThreadPool[qtp1647766367]@6236eb5f{STARTED,8<=8<=200,i=8,r=8,q=0}[ReservedThreadExecutor@101952da{s=0/8,p=0}][pc=0,pic=0,pec=0,epc=0]@2020-07-11T21:50:10.762+08:00 added {SelectorProducer@20ccf40b,POJO}
2020-07-11 21:50:10,764 DEBUG o.e.j.u.c.ContainerLifeCycle [main] EatWhatYouKill@2b91004a/SelectorProducer@20ccf40b/IDLE/p=false/QueuedThreadPool[qtp1647766367]@6236eb5f{STARTED,8<=8<=200,i=8,r=8,q=0}[ReservedThreadExecutor@101952da{s=0/8,p=0}][pc=0,pic=0,pec=0,epc=0]@2020-07-11T21:50:10.763+08:00 added {QueuedThreadPool[qtp1647766367]@6236eb5f{STARTED,8<=8<=200,i=8,r=8,q=0}[ReservedThreadExecutor@101952da{s=0/8,p=0}],UNMANAGED}
2020-07-11 21:50:10,765 DEBUG o.e.j.u.t.s.EatWhatYouKill [main] EatWhatYouKill@2b91004a/SelectorProducer@20ccf40b/IDLE/p=false/QueuedThreadPool[qtp1647766367]@6236eb5f{STARTED,8<=8<=200,i=8,r=8,q=0}[ReservedThreadExecutor@101952da{s=0/8,p=0}][pc=0,pic=0,pec=0,epc=0]@2020-07-11T21:50:10.764+08:00 created
2020-07-11 21:50:10,766 DEBUG o.e.j.u.c.ContainerLifeCycle [main] ManagedSelector@2fb3536e{STOPPED} id=1 keys=-1 selected=-1 updates=0 added {EatWhatYouKill@2b91004a/SelectorProducer@20ccf40b/IDLE/p=false/QueuedThreadPool[qtp1647766367]@6236eb5f{STARTED,8<=8<=200,i=8,r=8,q=0}[ReservedThreadExecutor@101952da{s=0/8,p=0}][pc=0,pic=0,pec=0,epc=0]@2020-07-11T21:50:10.766+08:00,MANAGED}
2020-07-11 21:50:10,767 DEBUG o.e.j.u.c.ContainerLifeCycle [main] SelectorManager@ServerConnector@53976f5c{HTTP/1.1,[http/1.1]}{0.0.0.0:10085} added {ManagedSelector@2fb3536e{STOPPED} id=1 keys=-1 selected=-1 updates=0,AUTO}
2020-07-11 21:50:10,768 DEBUG o.e.j.u.c.ContainerLifeCycle [main] EatWhatYouKill@169e6180/SelectorProducer@35aea049/IDLE/p=false/QueuedThreadPool[qtp1647766367]@6236eb5f{STARTED,8<=8<=200,i=8,r=8,q=0}[ReservedThreadExecutor@101952da{s=0/8,p=0}][pc=0,pic=0,pec=0,epc=0]@2020-07-11T21:50:10.768+08:00 added {SelectorProducer@35aea049,POJO}
2020-07-11 21:50:10,769 DEBUG o.e.j.u.c.ContainerLifeCycle [main] EatWhatYouKill@169e6180/SelectorProducer@35aea049/IDLE/p=false/QueuedThreadPool[qtp1647766367]@6236eb5f{STARTED,8<=8<=200,i=8,r=8,q=0}[ReservedThreadExecutor@101952da{s=0/8,p=0}][pc=0,pic=0,pec=0,epc=0]@2020-07-11T21:50:10.769+08:00 added {QueuedThreadPool[qtp1647766367]@6236eb5f{STARTED,8<=8<=200,i=8,r=8,q=0}[ReservedThreadExecutor@101952da{s=0/8,p=0}],UNMANAGED}
2020-07-11 21:50:10,770 DEBUG o.e.j.u.t.s.EatWhatYouKill [main] EatWhatYouKill@169e6180/SelectorProducer@35aea049/IDLE/p=false/QueuedThreadPool[qtp1647766367]@6236eb5f{STARTED,8<=8<=200,i=8,r=8,q=0}[ReservedThreadExecutor@101952da{s=0/8,p=0}][pc=0,pic=0,pec=0,epc=0]@2020-07-11T21:50:10.77+08:00 created
2020-07-11 21:50:10,771 DEBUG o.e.j.u.c.ContainerLifeCycle [main] ManagedSelector@7205765b{STOPPED} id=2 keys=-1 selected=-1 updates=0 added {EatWhatYouKill@169e6180/SelectorProducer@35aea049/IDLE/p=false/QueuedThreadPool[qtp1647766367]@6236eb5f{STARTED,8<=8<=200,i=8,r=8,q=0}[ReservedThreadExecutor@101952da{s=0/8,p=0}][pc=0,pic=0,pec=0,epc=0]@2020-07-11T21:50:10.771+08:00,MANAGED}
2020-07-11 21:50:10,772 DEBUG o.e.j.u.c.ContainerLifeCycle [main] SelectorManager@ServerConnector@53976f5c{HTTP/1.1,[http/1.1]}{0.0.0.0:10085} added {ManagedSelector@7205765b{STOPPED} id=2 keys=-1 selected=-1 updates=0,AUTO}
2020-07-11 21:50:10,773 DEBUG o.e.j.u.c.ContainerLifeCycle [main] EatWhatYouKill@47987356/SelectorProducer@22ef9844/IDLE/p=false/QueuedThreadPool[qtp1647766367]@6236eb5f{STARTED,8<=8<=200,i=8,r=8,q=0}[ReservedThreadExecutor@101952da{s=0/8,p=0}][pc=0,pic=0,pec=0,epc=0]@2020-07-11T21:50:10.772+08:00 added {SelectorProducer@22ef9844,POJO}
2020-07-11 21:50:10,774 DEBUG o.e.j.u.c.ContainerLifeCycle [main] EatWhatYouKill@47987356/SelectorProducer@22ef9844/IDLE/p=false/QueuedThreadPool[qtp1647766367]@6236eb5f{STARTED,8<=8<=200,i=8,r=8,q=0}[ReservedThreadExecutor@101952da{s=0/8,p=0}][pc=0,pic=0,pec=0,epc=0]@2020-07-11T21:50:10.773+08:00 added {QueuedThreadPool[qtp1647766367]@6236eb5f{STARTED,8<=8<=200,i=8,r=8,q=0}[ReservedThreadExecutor@101952da{s=0/8,p=0}],UNMANAGED}
2020-07-11 21:50:10,775 DEBUG o.e.j.u.t.s.EatWhatYouKill [main] EatWhatYouKill@47987356/SelectorProducer@22ef9844/IDLE/p=false/QueuedThreadPool[qtp1647766367]@6236eb5f{STARTED,8<=8<=200,i=8,r=8,q=0}[ReservedThreadExecutor@101952da{s=0/8,p=0}][pc=0,pic=0,pec=0,epc=0]@2020-07-11T21:50:10.775+08:00 created
2020-07-11 21:50:10,776 DEBUG o.e.j.u.c.ContainerLifeCycle [main] ManagedSelector@6283d8b8{STOPPED} id=3 keys=-1 selected=-1 updates=0 added {EatWhatYouKill@47987356/SelectorProducer@22ef9844/IDLE/p=false/QueuedThreadPool[qtp1647766367]@6236eb5f{STARTED,8<=8<=200,i=8,r=8,q=0}[ReservedThreadExecutor@101952da{s=0/8,p=0}][pc=0,pic=0,pec=0,epc=0]@2020-07-11T21:50:10.776+08:00,MANAGED}
2020-07-11 21:50:10,777 DEBUG o.e.j.u.c.ContainerLifeCycle [main] SelectorManager@ServerConnector@53976f5c{HTTP/1.1,[http/1.1]}{0.0.0.0:10085} added {ManagedSelector@6283d8b8{STOPPED} id=3 keys=-1 selected=-1 updates=0,AUTO}
2020-07-11 21:50:10,778 DEBUG o.e.j.u.c.AbstractLifeCycle [main] starting ManagedSelector@56cdfb3b{STOPPED} id=0 keys=-1 selected=-1 updates=0
2020-07-11 21:50:10,779 DEBUG o.e.j.u.c.AbstractLifeCycle [main] starting EatWhatYouKill@78123e82/SelectorProducer@4d465b11/IDLE/p=false/QueuedThreadPool[qtp1647766367]@6236eb5f{STARTED,8<=8<=200,i=8,r=8,q=0}[ReservedThreadExecutor@101952da{s=0/8,p=0}][pc=0,pic=0,pec=0,epc=0]@2020-07-11T21:50:10.779+08:00
2020-07-11 21:50:10,780 DEBUG o.e.j.u.c.AbstractLifeCycle [main] STARTED @4512ms EatWhatYouKill@78123e82/SelectorProducer@4d465b11/IDLE/p=false/QueuedThreadPool[qtp1647766367]@6236eb5f{STARTED,8<=8<=200,i=8,r=8,q=0}[ReservedThreadExecutor@101952da{s=0/8,p=0}][pc=0,pic=0,pec=0,epc=0]@2020-07-11T21:50:10.78+08:00
2020-07-11 21:50:10,794 DEBUG o.e.j.u.t.QueuedThreadPool [main] queue org.eclipse.jetty.io.ManagedSelector$$Lambda$68/1636050357@58695725 startThread=false
2020-07-11 21:50:10,794 DEBUG o.e.j.u.t.QueuedThreadPool$Runner [qtp1647766367-14] run org.eclipse.jetty.io.ManagedSelector$$Lambda$68/1636050357@58695725 in QueuedThreadPool[qtp1647766367]@6236eb5f{STARTED,8<=8<=200,i=7,r=8,q=0}[ReservedThreadExecutor@101952da{s=0/8,p=0}]
2020-07-11 21:50:10,795 DEBUG o.e.j.i.ManagedSelector [main] Queued change org.eclipse.jetty.io.ManagedSelector$Start@543588e6 on ManagedSelector@56cdfb3b{STARTING} id=0 keys=0 selected=0 updates=0
2020-07-11 21:50:10,795 DEBUG o.e.j.u.t.s.EatWhatYouKill [qtp1647766367-14] EatWhatYouKill@78123e82/SelectorProducer@4d465b11/IDLE/p=false/QueuedThreadPool[qtp1647766367]@6236eb5f{STARTED,8<=8<=200,i=7,r=8,q=0}[ReservedThreadExecutor@101952da{s=0/8,p=0}][pc=0,pic=0,pec=0,epc=0]@2020-07-11T21:50:10.795+08:00 tryProduce false
2020-07-11 21:50:10,800 DEBUG o.e.j.i.ManagedSelector$SelectorProducer [qtp1647766367-14] updateable 1
2020-07-11 21:50:10,801 DEBUG o.e.j.i.ManagedSelector$SelectorProducer [qtp1647766367-14] update org.eclipse.jetty.io.ManagedSelector$Start@543588e6
2020-07-11 21:50:10,801 DEBUG o.e.j.i.ManagedSelector$SelectorProducer [qtp1647766367-14] updates 0
2020-07-11 21:50:10,802 DEBUG o.e.j.u.c.AbstractLifeCycle [main] STARTED @4534ms ManagedSelector@56cdfb3b{STARTED} id=0 keys=0 selected=0 updates=0
2020-07-11 21:50:10,802 DEBUG o.e.j.i.ManagedSelector$SelectorProducer [qtp1647766367-14] Selector sun.nio.ch.WindowsSelectorImpl@2b18ec42 waiting with 0 keys
2020-07-11 21:50:10,802 DEBUG o.e.j.u.c.AbstractLifeCycle [main] starting ManagedSelector@2fb3536e{STOPPED} id=1 keys=-1 selected=-1 updates=0
2020-07-11 21:50:10,803 DEBUG o.e.j.u.c.AbstractLifeCycle [main] starting EatWhatYouKill@2b91004a/SelectorProducer@20ccf40b/IDLE/p=false/QueuedThreadPool[qtp1647766367]@6236eb5f{STARTED,8<=8<=200,i=7,r=8,q=0}[ReservedThreadExecutor@101952da{s=0/8,p=0}][pc=0,pic=0,pec=0,epc=0]@2020-07-11T21:50:10.803+08:00
2020-07-11 21:50:10,804 DEBUG o.e.j.u.c.AbstractLifeCycle [main] STARTED @4536ms EatWhatYouKill@2b91004a/SelectorProducer@20ccf40b/IDLE/p=false/QueuedThreadPool[qtp1647766367]@6236eb5f{STARTED,8<=8<=200,i=7,r=8,q=0}[ReservedThreadExecutor@101952da{s=0/8,p=0}][pc=0,pic=0,pec=0,epc=0]@2020-07-11T21:50:10.804+08:00
2020-07-11 21:50:10,806 DEBUG o.e.j.u.t.QueuedThreadPool [main] queue org.eclipse.jetty.io.ManagedSelector$$Lambda$68/1636050357@f5acb9d startThread=false
2020-07-11 21:50:10,806 DEBUG o.e.j.u.t.QueuedThreadPool$Runner [qtp1647766367-15] run org.eclipse.jetty.io.ManagedSelector$$Lambda$68/1636050357@f5acb9d in QueuedThreadPool[qtp1647766367]@6236eb5f{STARTED,8<=8<=200,i=6,r=8,q=0}[ReservedThreadExecutor@101952da{s=0/8,p=0}]
2020-07-11 21:50:10,807 DEBUG o.e.j.i.ManagedSelector [main] Queued change org.eclipse.jetty.io.ManagedSelector$Start@4fb3ee4e on ManagedSelector@2fb3536e{STARTING} id=1 keys=0 selected=0 updates=0
2020-07-11 21:50:10,807 DEBUG o.e.j.u.t.s.EatWhatYouKill [qtp1647766367-15] EatWhatYouKill@2b91004a/SelectorProducer@20ccf40b/IDLE/p=false/QueuedThreadPool[qtp1647766367]@6236eb5f{STARTED,8<=8<=200,i=6,r=8,q=0}[ReservedThreadExecutor@101952da{s=0/8,p=0}][pc=0,pic=0,pec=0,epc=0]@2020-07-11T21:50:10.807+08:00 tryProduce false
2020-07-11 21:50:10,807 DEBUG o.e.j.i.ManagedSelector$SelectorProducer [qtp1647766367-15] updateable 1
2020-07-11 21:50:10,808 DEBUG o.e.j.i.ManagedSelector$SelectorProducer [qtp1647766367-15] update org.eclipse.jetty.io.ManagedSelector$Start@4fb3ee4e
2020-07-11 21:50:10,808 DEBUG o.e.j.i.ManagedSelector$SelectorProducer [qtp1647766367-15] updates 0
2020-07-11 21:50:10,808 DEBUG o.e.j.i.ManagedSelector$SelectorProducer [qtp1647766367-15] Selector sun.nio.ch.WindowsSelectorImpl@388298b8 waiting with 0 keys
2020-07-11 21:50:10,808 DEBUG o.e.j.u.c.AbstractLifeCycle [main] STARTED @4540ms ManagedSelector@2fb3536e{STARTED} id=1 keys=0 selected=0 updates=0
2020-07-11 21:50:10,809 DEBUG o.e.j.u.c.AbstractLifeCycle [main] starting ManagedSelector@7205765b{STOPPED} id=2 keys=-1 selected=-1 updates=0
2020-07-11 21:50:10,810 DEBUG o.e.j.u.c.AbstractLifeCycle [main] starting EatWhatYouKill@169e6180/SelectorProducer@35aea049/IDLE/p=false/QueuedThreadPool[qtp1647766367]@6236eb5f{STARTED,8<=8<=200,i=6,r=8,q=0}[ReservedThreadExecutor@101952da{s=0/8,p=0}][pc=0,pic=0,pec=0,epc=0]@2020-07-11T21:50:10.809+08:00
2020-07-11 21:50:10,811 DEBUG o.e.j.u.c.AbstractLifeCycle [main] STARTED @4542ms EatWhatYouKill@169e6180/SelectorProducer@35aea049/IDLE/p=false/QueuedThreadPool[qtp1647766367]@6236eb5f{STARTED,8<=8<=200,i=6,r=8,q=0}[ReservedThreadExecutor@101952da{s=0/8,p=0}][pc=0,pic=0,pec=0,epc=0]@2020-07-11T21:50:10.81+08:00
2020-07-11 21:50:10,813 DEBUG o.e.j.u.t.QueuedThreadPool [main] queue org.eclipse.jetty.io.ManagedSelector$$Lambda$68/1636050357@5d7148e2 startThread=false
2020-07-11 21:50:10,814 DEBUG o.e.j.u.t.QueuedThreadPool$Runner [qtp1647766367-16] run org.eclipse.jetty.io.ManagedSelector$$Lambda$68/1636050357@5d7148e2 in QueuedThreadPool[qtp1647766367]@6236eb5f{STARTED,8<=8<=200,i=5,r=8,q=0}[ReservedThreadExecutor@101952da{s=0/8,p=0}]
2020-07-11 21:50:10,814 DEBUG o.e.j.i.ManagedSelector [main] Queued change org.eclipse.jetty.io.ManagedSelector$Start@25fb8912 on ManagedSelector@7205765b{STARTING} id=2 keys=0 selected=0 updates=0
2020-07-11 21:50:10,814 DEBUG o.e.j.u.t.s.EatWhatYouKill [qtp1647766367-16] EatWhatYouKill@169e6180/SelectorProducer@35aea049/IDLE/p=false/QueuedThreadPool[qtp1647766367]@6236eb5f{STARTED,8<=8<=200,i=5,r=8,q=0}[ReservedThreadExecutor@101952da{s=0/8,p=0}][pc=0,pic=0,pec=0,epc=0]@2020-07-11T21:50:10.814+08:00 tryProduce false
2020-07-11 21:50:10,815 DEBUG o.e.j.i.ManagedSelector$SelectorProducer [qtp1647766367-16] updateable 1
2020-07-11 21:50:10,815 DEBUG o.e.j.i.ManagedSelector$SelectorProducer [qtp1647766367-16] update org.eclipse.jetty.io.ManagedSelector$Start@25fb8912
2020-07-11 21:50:10,815 DEBUG o.e.j.i.ManagedSelector$SelectorProducer [qtp1647766367-16] updates 0
2020-07-11 21:50:10,816 DEBUG o.e.j.u.c.AbstractLifeCycle [main] STARTED @4548ms ManagedSelector@7205765b{STARTED} id=2 keys=0 selected=0 updates=0
2020-07-11 21:50:10,816 DEBUG o.e.j.i.ManagedSelector$SelectorProducer [qtp1647766367-16] Selector sun.nio.ch.WindowsSelectorImpl@504bdb3b waiting with 0 keys
2020-07-11 21:50:10,817 DEBUG o.e.j.u.c.AbstractLifeCycle [main] starting ManagedSelector@6283d8b8{STOPPED} id=3 keys=-1 selected=-1 updates=0
2020-07-11 21:50:10,818 DEBUG o.e.j.u.c.AbstractLifeCycle [main] starting EatWhatYouKill@47987356/SelectorProducer@22ef9844/IDLE/p=false/QueuedThreadPool[qtp1647766367]@6236eb5f{STARTED,8<=8<=200,i=5,r=8,q=0}[ReservedThreadExecutor@101952da{s=0/8,p=0}][pc=0,pic=0,pec=0,epc=0]@2020-07-11T21:50:10.817+08:00
2020-07-11 21:50:10,819 DEBUG o.e.j.u.c.AbstractLifeCycle [main] STARTED @4550ms EatWhatYouKill@47987356/SelectorProducer@22ef9844/IDLE/p=false/QueuedThreadPool[qtp1647766367]@6236eb5f{STARTED,8<=8<=200,i=5,r=8,q=0}[ReservedThreadExecutor@101952da{s=0/8,p=0}][pc=0,pic=0,pec=0,epc=0]@2020-07-11T21:50:10.818+08:00
2020-07-11 21:50:10,820 DEBUG o.e.j.u.t.QueuedThreadPool [main] queue org.eclipse.jetty.io.ManagedSelector$$Lambda$68/1636050357@7c24b813 startThread=false
2020-07-11 21:50:10,820 DEBUG o.e.j.u.t.QueuedThreadPool$Runner [qtp1647766367-17] run org.eclipse.jetty.io.ManagedSelector$$Lambda$68/1636050357@7c24b813 in QueuedThreadPool[qtp1647766367]@6236eb5f{STARTED,8<=8<=200,i=4,r=8,q=0}[ReservedThreadExecutor@101952da{s=0/8,p=0}]
2020-07-11 21:50:10,821 DEBUG o.e.j.i.ManagedSelector [main] Queued change org.eclipse.jetty.io.ManagedSelector$Start@2c35e847 on ManagedSelector@6283d8b8{STARTING} id=3 keys=0 selected=0 updates=0
2020-07-11 21:50:10,821 DEBUG o.e.j.u.t.s.EatWhatYouKill [qtp1647766367-17] EatWhatYouKill@47987356/SelectorProducer@22ef9844/IDLE/p=false/QueuedThreadPool[qtp1647766367]@6236eb5f{STARTED,8<=8<=200,i=4,r=8,q=0}[ReservedThreadExecutor@101952da{s=0/8,p=0}][pc=0,pic=0,pec=0,epc=0]@2020-07-11T21:50:10.821+08:00 tryProduce false
2020-07-11 21:50:10,822 DEBUG o.e.j.i.ManagedSelector$SelectorProducer [qtp1647766367-17] updateable 1
2020-07-11 21:50:10,822 DEBUG o.e.j.i.ManagedSelector$SelectorProducer [qtp1647766367-17] update org.eclipse.jetty.io.ManagedSelector$Start@2c35e847
2020-07-11 21:50:10,822 DEBUG o.e.j.i.ManagedSelector$SelectorProducer [qtp1647766367-17] updates 0
2020-07-11 21:50:10,822 DEBUG o.e.j.i.ManagedSelector$SelectorProducer [qtp1647766367-17] Selector sun.nio.ch.WindowsSelectorImpl@549c4132 waiting with 0 keys
2020-07-11 21:50:10,822 DEBUG o.e.j.u.c.AbstractLifeCycle [main] STARTED @4555ms ManagedSelector@6283d8b8{STARTED} id=3 keys=0 selected=0 updates=0
2020-07-11 21:50:10,823 DEBUG o.e.j.u.c.AbstractLifeCycle [main] STARTED @4556ms SelectorManager@ServerConnector@53976f5c{HTTP/1.1,[http/1.1]}{0.0.0.0:10085}
2020-07-11 21:50:10,825 DEBUG o.e.j.u.c.ContainerLifeCycle [main] ServerConnector@53976f5c{HTTP/1.1,[http/1.1]}{0.0.0.0:10085} added {acceptor-0@5ba3f27a,POJO}
2020-07-11 21:50:10,826 DEBUG o.e.j.u.t.QueuedThreadPool [main] queue acceptor-0@5ba3f27a startThread=false
2020-07-11 21:50:10,826 DEBUG o.e.j.u.t.QueuedThreadPool$Runner [qtp1647766367-18] run acceptor-0@5ba3f27a in QueuedThreadPool[qtp1647766367]@6236eb5f{STARTED,8<=8<=200,i=3,r=8,q=0}[ReservedThreadExecutor@101952da{s=0/8,p=0}]
2020-07-11 21:50:10,826 INFO o.e.j.s.AbstractConnector [main] Started ServerConnector@53976f5c{HTTP/1.1,[http/1.1]}{0.0.0.0:10085}
2020-07-11 21:50:10,828 DEBUG o.e.j.u.c.AbstractLifeCycle [main] STARTED @4560ms ServerConnector@53976f5c{HTTP/1.1,[http/1.1]}{0.0.0.0:10085}
2020-07-11 21:50:10,828 INFO o.e.j.s.Server [main] Started @4561ms
2020-07-11 21:50:10,829 DEBUG o.e.j.u.c.AbstractLifeCycle [main] STARTED @4561ms Server@50caa560{STARTED}[9.4.19.v20190610]
2020-07-11 21:50:11,846 DEBUG o.e.j.u.c.AbstractLifeCycle [main] stopping Server@50caa560{STARTED}[9.4.19.v20190610]
2020-07-11 21:50:11,846 DEBUG o.e.j.s.Server [main] doStop Server@50caa560{STOPPING}[9.4.19.v20190610]
2020-07-11 21:50:11,849 DEBUG o.e.j.u.t.QueuedThreadPool$Runner [qtp1647766367-18] ran qtp1647766367-18-acceptor-0@5ba3f27a-ServerConnector@53976f5c{HTTP/1.1,[http/1.1]}{0.0.0.0:10085} in QueuedThreadPool[qtp1647766367]@6236eb5f{STARTED,8<=8<=200,i=3,r=8,q=0}[ReservedThreadExecutor@101952da{s=0/8,p=0}]
2020-07-11 21:50:11,853 DEBUG o.e.j.s.h.AbstractHandlerContainer [main] Graceful shutdown Server@50caa560{STOPPING}[9.4.19.v20190610] by 
2020-07-11 21:50:11,853 DEBUG o.e.j.u.c.AbstractLifeCycle [main] stopping ServerConnector@53976f5c{HTTP/1.1,[http/1.1]}{0.0.0.0:10085}
2020-07-11 21:50:11,854 DEBUG o.e.j.u.c.AbstractLifeCycle [main] stopping SelectorManager@ServerConnector@53976f5c{HTTP/1.1,[http/1.1]}{0.0.0.0:10085}
2020-07-11 21:50:11,855 DEBUG o.e.j.u.c.AbstractLifeCycle [main] stopping ManagedSelector@6283d8b8{STARTED} id=3 keys=0 selected=0 updates=0
2020-07-11 21:50:11,855 DEBUG o.e.j.i.ManagedSelector [main] Queued change org.eclipse.jetty.io.ManagedSelector$CloseConnections@43dac38f on ManagedSelector@6283d8b8{STOPPING} id=3 keys=0 selected=0 updates=0
2020-07-11 21:50:11,856 DEBUG o.e.j.i.ManagedSelector [main] Wakeup on submit ManagedSelector@6283d8b8{STOPPING} id=3 keys=0 selected=0 updates=1
2020-07-11 21:50:11,857 DEBUG o.e.j.i.ManagedSelector$SelectorProducer [qtp1647766367-17] Selector sun.nio.ch.WindowsSelectorImpl@549c4132 woken with none selected
2020-07-11 21:50:11,857 DEBUG o.e.j.i.ManagedSelector$SelectorProducer [qtp1647766367-17] Selector sun.nio.ch.WindowsSelectorImpl@549c4132 woken up from select, 0/0/0 selected
2020-07-11 21:50:11,857 DEBUG o.e.j.i.ManagedSelector$SelectorProducer [qtp1647766367-17] Selector sun.nio.ch.WindowsSelectorImpl@549c4132 processing 0 keys, 1 updates
2020-07-11 21:50:11,858 DEBUG o.e.j.i.ManagedSelector$SelectorProducer [qtp1647766367-17] updateable 1
2020-07-11 21:50:11,858 DEBUG o.e.j.i.ManagedSelector$SelectorProducer [qtp1647766367-17] update org.eclipse.jetty.io.ManagedSelector$CloseConnections@43dac38f
2020-07-11 21:50:11,858 DEBUG o.e.j.i.ManagedSelector$CloseConnections [qtp1647766367-17] Closing 0 connections on ManagedSelector@6283d8b8{STOPPING} id=3 keys=0 selected=0 updates=0
2020-07-11 21:50:11,859 DEBUG o.e.j.i.ManagedSelector$SelectorProducer [qtp1647766367-17] updates 0
2020-07-11 21:50:11,859 DEBUG o.e.j.i.ManagedSelector$SelectorProducer [qtp1647766367-17] Selector sun.nio.ch.WindowsSelectorImpl@549c4132 waiting with 0 keys
2020-07-11 21:50:11,859 DEBUG o.e.j.i.ManagedSelector [main] Queued change org.eclipse.jetty.io.ManagedSelector$StopSelector@342c38f8 on ManagedSelector@6283d8b8{STOPPING} id=3 keys=0 selected=0 updates=0
2020-07-11 21:50:11,860 DEBUG o.e.j.i.ManagedSelector [main] Wakeup on submit ManagedSelector@6283d8b8{STOPPING} id=3 keys=0 selected=0 updates=1
2020-07-11 21:50:11,861 DEBUG o.e.j.i.ManagedSelector$SelectorProducer [qtp1647766367-17] Selector sun.nio.ch.WindowsSelectorImpl@549c4132 woken with none selected
2020-07-11 21:50:11,861 DEBUG o.e.j.i.ManagedSelector$SelectorProducer [qtp1647766367-17] Selector sun.nio.ch.WindowsSelectorImpl@549c4132 woken up from select, 0/0/0 selected
2020-07-11 21:50:11,861 DEBUG o.e.j.i.ManagedSelector$SelectorProducer [qtp1647766367-17] Selector sun.nio.ch.WindowsSelectorImpl@549c4132 processing 0 keys, 1 updates
2020-07-11 21:50:11,862 DEBUG o.e.j.i.ManagedSelector$SelectorProducer [qtp1647766367-17] updateable 1
2020-07-11 21:50:11,862 DEBUG o.e.j.i.ManagedSelector$SelectorProducer [qtp1647766367-17] update org.eclipse.jetty.io.ManagedSelector$StopSelector@342c38f8
2020-07-11 21:50:11,864 DEBUG o.e.j.i.ManagedSelector$SelectorProducer [qtp1647766367-17] updates 0
2020-07-11 21:50:11,864 DEBUG o.e.j.u.c.AbstractLifeCycle [main] stopping EatWhatYouKill@47987356/SelectorProducer@22ef9844/PRODUCING/p=false/QueuedThreadPool[qtp1647766367]@6236eb5f{STARTED,8<=8<=200,i=4,r=8,q=0}[ReservedThreadExecutor@101952da{s=0/8,p=0}][pc=0,pic=0,pec=0,epc=0]@2020-07-11T21:50:11.864+08:00
2020-07-11 21:50:11,864 DEBUG o.e.j.u.t.QueuedThreadPool$Runner [qtp1647766367-17] ran org.eclipse.jetty.io.ManagedSelector$$Lambda$68/1636050357@7c24b813 in QueuedThreadPool[qtp1647766367]@6236eb5f{STARTED,8<=8<=200,i=4,r=8,q=0}[ReservedThreadExecutor@101952da{s=0/8,p=0}]
2020-07-11 21:50:11,865 DEBUG o.e.j.u.c.AbstractLifeCycle [main] STOPPED EatWhatYouKill@47987356/SelectorProducer@22ef9844/IDLE/p=false/QueuedThreadPool[qtp1647766367]@6236eb5f{STARTED,8<=8<=200,i=5,r=8,q=0}[ReservedThreadExecutor@101952da{s=0/8,p=0}][pc=0,pic=0,pec=0,epc=0]@2020-07-11T21:50:11.865+08:00
2020-07-11 21:50:11,866 DEBUG o.e.j.u.c.AbstractLifeCycle [main] STOPPED ManagedSelector@6283d8b8{STOPPED} id=3 keys=-1 selected=-1 updates=0
2020-07-11 21:50:11,866 DEBUG o.e.j.u.c.AbstractLifeCycle [main] stopping ManagedSelector@7205765b{STARTED} id=2 keys=0 selected=0 updates=0
2020-07-11 21:50:11,867 DEBUG o.e.j.i.ManagedSelector [main] Queued change org.eclipse.jetty.io.ManagedSelector$CloseConnections@c88a337 on ManagedSelector@7205765b{STOPPING} id=2 keys=0 selected=0 updates=0
2020-07-11 21:50:11,867 DEBUG o.e.j.i.ManagedSelector [main] Wakeup on submit ManagedSelector@7205765b{STOPPING} id=2 keys=0 selected=0 updates=1
2020-07-11 21:50:11,868 DEBUG o.e.j.i.ManagedSelector$SelectorProducer [qtp1647766367-16] Selector sun.nio.ch.WindowsSelectorImpl@504bdb3b woken with none selected
2020-07-11 21:50:11,868 DEBUG o.e.j.i.ManagedSelector$SelectorProducer [qtp1647766367-16] Selector sun.nio.ch.WindowsSelectorImpl@504bdb3b woken up from select, 0/0/0 selected
2020-07-11 21:50:11,868 DEBUG o.e.j.i.ManagedSelector$SelectorProducer [qtp1647766367-16] Selector sun.nio.ch.WindowsSelectorImpl@504bdb3b processing 0 keys, 1 updates
2020-07-11 21:50:11,869 DEBUG o.e.j.i.ManagedSelector$SelectorProducer [qtp1647766367-16] updateable 1
2020-07-11 21:50:11,869 DEBUG o.e.j.i.ManagedSelector$SelectorProducer [qtp1647766367-16] update org.eclipse.jetty.io.ManagedSelector$CloseConnections@c88a337
2020-07-11 21:50:11,869 DEBUG o.e.j.i.ManagedSelector$CloseConnections [qtp1647766367-16] Closing 0 connections on ManagedSelector@7205765b{STOPPING} id=2 keys=0 selected=0 updates=0
2020-07-11 21:50:11,869 DEBUG o.e.j.i.ManagedSelector$SelectorProducer [qtp1647766367-16] updates 0
2020-07-11 21:50:11,870 DEBUG o.e.j.i.ManagedSelector$SelectorProducer [qtp1647766367-16] Selector sun.nio.ch.WindowsSelectorImpl@504bdb3b waiting with 0 keys
2020-07-11 21:50:11,870 DEBUG o.e.j.i.ManagedSelector [main] Queued change org.eclipse.jetty.io.ManagedSelector$StopSelector@5d0a1059 on ManagedSelector@7205765b{STOPPING} id=2 keys=0 selected=0 updates=0
2020-07-11 21:50:11,870 DEBUG o.e.j.i.ManagedSelector [main] Wakeup on submit ManagedSelector@7205765b{STOPPING} id=2 keys=0 selected=0 updates=1
2020-07-11 21:50:11,871 DEBUG o.e.j.i.ManagedSelector$SelectorProducer [qtp1647766367-16] Selector sun.nio.ch.WindowsSelectorImpl@504bdb3b woken with none selected
2020-07-11 21:50:11,871 DEBUG o.e.j.i.ManagedSelector$SelectorProducer [qtp1647766367-16] Selector sun.nio.ch.WindowsSelectorImpl@504bdb3b woken up from select, 0/0/0 selected
2020-07-11 21:50:11,872 DEBUG o.e.j.i.ManagedSelector$SelectorProducer [qtp1647766367-16] Selector sun.nio.ch.WindowsSelectorImpl@504bdb3b processing 0 keys, 1 updates
2020-07-11 21:50:11,872 DEBUG o.e.j.i.ManagedSelector$SelectorProducer [qtp1647766367-16] updateable 1
2020-07-11 21:50:11,872 DEBUG o.e.j.i.ManagedSelector$SelectorProducer [qtp1647766367-16] update org.eclipse.jetty.io.ManagedSelector$StopSelector@5d0a1059
2020-07-11 21:50:11,873 DEBUG o.e.j.i.ManagedSelector$SelectorProducer [qtp1647766367-16] updates 0
2020-07-11 21:50:11,874 DEBUG o.e.j.u.t.QueuedThreadPool$Runner [qtp1647766367-16] ran org.eclipse.jetty.io.ManagedSelector$$Lambda$68/1636050357@5d7148e2 in QueuedThreadPool[qtp1647766367]@6236eb5f{STARTED,8<=8<=200,i=5,r=8,q=0}[ReservedThreadExecutor@101952da{s=0/8,p=0}]
2020-07-11 21:50:11,874 DEBUG o.e.j.u.c.AbstractLifeCycle [main] stopping EatWhatYouKill@169e6180/SelectorProducer@35aea049/PRODUCING/p=false/QueuedThreadPool[qtp1647766367]@6236eb5f{STARTED,8<=8<=200,i=5,r=8,q=0}[ReservedThreadExecutor@101952da{s=0/8,p=0}][pc=0,pic=0,pec=0,epc=0]@2020-07-11T21:50:11.873+08:00
2020-07-11 21:50:11,875 DEBUG o.e.j.u.c.AbstractLifeCycle [main] STOPPED EatWhatYouKill@169e6180/SelectorProducer@35aea049/IDLE/p=false/QueuedThreadPool[qtp1647766367]@6236eb5f{STARTED,8<=8<=200,i=6,r=8,q=0}[ReservedThreadExecutor@101952da{s=0/8,p=0}][pc=0,pic=0,pec=0,epc=0]@2020-07-11T21:50:11.874+08:00
2020-07-11 21:50:11,875 DEBUG o.e.j.u.c.AbstractLifeCycle [main] STOPPED ManagedSelector@7205765b{STOPPED} id=2 keys=-1 selected=-1 updates=0
2020-07-11 21:50:11,875 DEBUG o.e.j.u.c.AbstractLifeCycle [main] stopping ManagedSelector@2fb3536e{STARTED} id=1 keys=0 selected=0 updates=0
2020-07-11 21:50:11,876 DEBUG o.e.j.i.ManagedSelector [main] Queued change org.eclipse.jetty.io.ManagedSelector$CloseConnections@485966cc on ManagedSelector@2fb3536e{STOPPING} id=1 keys=0 selected=0 updates=0
2020-07-11 21:50:11,876 DEBUG o.e.j.i.ManagedSelector [main] Wakeup on submit ManagedSelector@2fb3536e{STOPPING} id=1 keys=0 selected=0 updates=1
2020-07-11 21:50:11,876 DEBUG o.e.j.i.ManagedSelector$SelectorProducer [qtp1647766367-15] Selector sun.nio.ch.WindowsSelectorImpl@388298b8 woken with none selected
2020-07-11 21:50:11,877 DEBUG o.e.j.i.ManagedSelector$SelectorProducer [qtp1647766367-15] Selector sun.nio.ch.WindowsSelectorImpl@388298b8 woken up from select, 0/0/0 selected
2020-07-11 21:50:11,877 DEBUG o.e.j.i.ManagedSelector$SelectorProducer [qtp1647766367-15] Selector sun.nio.ch.WindowsSelectorImpl@388298b8 processing 0 keys, 1 updates
2020-07-11 21:50:11,877 DEBUG o.e.j.i.ManagedSelector$SelectorProducer [qtp1647766367-15] updateable 1
2020-07-11 21:50:11,877 DEBUG o.e.j.i.ManagedSelector$SelectorProducer [qtp1647766367-15] update org.eclipse.jetty.io.ManagedSelector$CloseConnections@485966cc
2020-07-11 21:50:11,878 DEBUG o.e.j.i.ManagedSelector$CloseConnections [qtp1647766367-15] Closing 0 connections on ManagedSelector@2fb3536e{STOPPING} id=1 keys=0 selected=0 updates=0
2020-07-11 21:50:11,878 DEBUG o.e.j.i.ManagedSelector$SelectorProducer [qtp1647766367-15] updates 0
2020-07-11 21:50:11,878 DEBUG o.e.j.i.ManagedSelector$SelectorProducer [qtp1647766367-15] Selector sun.nio.ch.WindowsSelectorImpl@388298b8 waiting with 0 keys
2020-07-11 21:50:11,878 DEBUG o.e.j.i.ManagedSelector [main] Queued change org.eclipse.jetty.io.ManagedSelector$StopSelector@1de76cc7 on ManagedSelector@2fb3536e{STOPPING} id=1 keys=0 selected=0 updates=0
2020-07-11 21:50:11,879 DEBUG o.e.j.i.ManagedSelector [main] Wakeup on submit ManagedSelector@2fb3536e{STOPPING} id=1 keys=0 selected=0 updates=1
2020-07-11 21:50:11,879 DEBUG o.e.j.i.ManagedSelector$SelectorProducer [qtp1647766367-15] Selector sun.nio.ch.WindowsSelectorImpl@388298b8 woken with none selected
2020-07-11 21:50:11,879 DEBUG o.e.j.i.ManagedSelector$SelectorProducer [qtp1647766367-15] Selector sun.nio.ch.WindowsSelectorImpl@388298b8 woken up from select, 0/0/0 selected
2020-07-11 21:50:11,880 DEBUG o.e.j.i.ManagedSelector$SelectorProducer [qtp1647766367-15] Selector sun.nio.ch.WindowsSelectorImpl@388298b8 processing 0 keys, 1 updates
2020-07-11 21:50:11,880 DEBUG o.e.j.i.ManagedSelector$SelectorProducer [qtp1647766367-15] updateable 1
2020-07-11 21:50:11,880 DEBUG o.e.j.i.ManagedSelector$SelectorProducer [qtp1647766367-15] update org.eclipse.jetty.io.ManagedSelector$StopSelector@1de76cc7
2020-07-11 21:50:11,881 DEBUG o.e.j.i.ManagedSelector$SelectorProducer [qtp1647766367-15] updates 0
2020-07-11 21:50:11,882 DEBUG o.e.j.u.c.AbstractLifeCycle [main] stopping EatWhatYouKill@2b91004a/SelectorProducer@20ccf40b/PRODUCING/p=false/QueuedThreadPool[qtp1647766367]@6236eb5f{STARTED,8<=8<=200,i=6,r=8,q=0}[ReservedThreadExecutor@101952da{s=0/8,p=0}][pc=0,pic=0,pec=0,epc=0]@2020-07-11T21:50:11.881+08:00
2020-07-11 21:50:11,882 DEBUG o.e.j.u.t.QueuedThreadPool$Runner [qtp1647766367-15] ran org.eclipse.jetty.io.ManagedSelector$$Lambda$68/1636050357@f5acb9d in QueuedThreadPool[qtp1647766367]@6236eb5f{STARTED,8<=8<=200,i=6,r=8,q=0}[ReservedThreadExecutor@101952da{s=0/8,p=0}]
2020-07-11 21:50:11,882 DEBUG o.e.j.u.c.AbstractLifeCycle [main] STOPPED EatWhatYouKill@2b91004a/SelectorProducer@20ccf40b/IDLE/p=false/QueuedThreadPool[qtp1647766367]@6236eb5f{STARTED,8<=8<=200,i=7,r=8,q=0}[ReservedThreadExecutor@101952da{s=0/8,p=0}][pc=0,pic=0,pec=0,epc=0]@2020-07-11T21:50:11.882+08:00
2020-07-11 21:50:11,883 DEBUG o.e.j.u.c.AbstractLifeCycle [main] STOPPED ManagedSelector@2fb3536e{STOPPED} id=1 keys=-1 selected=-1 updates=0
2020-07-11 21:50:11,883 DEBUG o.e.j.u.c.AbstractLifeCycle [main] stopping ManagedSelector@56cdfb3b{STARTED} id=0 keys=0 selected=0 updates=0
2020-07-11 21:50:11,883 DEBUG o.e.j.i.ManagedSelector [main] Queued change org.eclipse.jetty.io.ManagedSelector$CloseConnections@54bff557 on ManagedSelector@56cdfb3b{STOPPING} id=0 keys=0 selected=0 updates=0
2020-07-11 21:50:11,884 DEBUG o.e.j.i.ManagedSelector [main] Wakeup on submit ManagedSelector@56cdfb3b{STOPPING} id=0 keys=0 selected=0 updates=1
2020-07-11 21:50:11,885 DEBUG o.e.j.i.ManagedSelector$SelectorProducer [qtp1647766367-14] Selector sun.nio.ch.WindowsSelectorImpl@2b18ec42 woken with none selected
2020-07-11 21:50:11,886 DEBUG o.e.j.i.ManagedSelector$SelectorProducer [qtp1647766367-14] Selector sun.nio.ch.WindowsSelectorImpl@2b18ec42 woken up from select, 0/0/0 selected
2020-07-11 21:50:11,886 DEBUG o.e.j.i.ManagedSelector$SelectorProducer [qtp1647766367-14] Selector sun.nio.ch.WindowsSelectorImpl@2b18ec42 processing 0 keys, 1 updates
2020-07-11 21:50:11,886 DEBUG o.e.j.i.ManagedSelector$SelectorProducer [qtp1647766367-14] updateable 1
2020-07-11 21:50:11,886 DEBUG o.e.j.i.ManagedSelector$SelectorProducer [qtp1647766367-14] update org.eclipse.jetty.io.ManagedSelector$CloseConnections@54bff557
2020-07-11 21:50:11,887 DEBUG o.e.j.i.ManagedSelector$CloseConnections [qtp1647766367-14] Closing 0 connections on ManagedSelector@56cdfb3b{STOPPING} id=0 keys=0 selected=0 updates=0
2020-07-11 21:50:11,887 DEBUG o.e.j.i.ManagedSelector$SelectorProducer [qtp1647766367-14] updates 0
2020-07-11 21:50:11,887 DEBUG o.e.j.i.ManagedSelector$SelectorProducer [qtp1647766367-14] Selector sun.nio.ch.WindowsSelectorImpl@2b18ec42 waiting with 0 keys
2020-07-11 21:50:11,887 DEBUG o.e.j.i.ManagedSelector [main] Queued change org.eclipse.jetty.io.ManagedSelector$StopSelector@593aaf41 on ManagedSelector@56cdfb3b{STOPPING} id=0 keys=0 selected=0 updates=0
2020-07-11 21:50:11,887 DEBUG o.e.j.i.ManagedSelector [main] Wakeup on submit ManagedSelector@56cdfb3b{STOPPING} id=0 keys=0 selected=0 updates=1
2020-07-11 21:50:11,888 DEBUG o.e.j.i.ManagedSelector$SelectorProducer [qtp1647766367-14] Selector sun.nio.ch.WindowsSelectorImpl@2b18ec42 woken with none selected
2020-07-11 21:50:11,888 DEBUG o.e.j.i.ManagedSelector$SelectorProducer [qtp1647766367-14] Selector sun.nio.ch.WindowsSelectorImpl@2b18ec42 woken up from select, 0/0/0 selected
2020-07-11 21:50:11,889 DEBUG o.e.j.i.ManagedSelector$SelectorProducer [qtp1647766367-14] Selector sun.nio.ch.WindowsSelectorImpl@2b18ec42 processing 0 keys, 1 updates
2020-07-11 21:50:11,889 DEBUG o.e.j.i.ManagedSelector$SelectorProducer [qtp1647766367-14] updateable 1
2020-07-11 21:50:11,889 DEBUG o.e.j.i.ManagedSelector$SelectorProducer [qtp1647766367-14] update org.eclipse.jetty.io.ManagedSelector$StopSelector@593aaf41
2020-07-11 21:50:11,890 DEBUG o.e.j.i.ManagedSelector$SelectorProducer [qtp1647766367-14] updates 0
2020-07-11 21:50:11,891 DEBUG o.e.j.u.c.AbstractLifeCycle [main] stopping EatWhatYouKill@78123e82/SelectorProducer@4d465b11/PRODUCING/p=false/QueuedThreadPool[qtp1647766367]@6236eb5f{STARTED,8<=8<=200,i=7,r=8,q=0}[ReservedThreadExecutor@101952da{s=0/8,p=0}][pc=0,pic=0,pec=0,epc=0]@2020-07-11T21:50:11.89+08:00
2020-07-11 21:50:11,891 DEBUG o.e.j.u.t.QueuedThreadPool$Runner [qtp1647766367-14] ran org.eclipse.jetty.io.ManagedSelector$$Lambda$68/1636050357@58695725 in QueuedThreadPool[qtp1647766367]@6236eb5f{STARTED,8<=8<=200,i=7,r=8,q=0}[ReservedThreadExecutor@101952da{s=0/8,p=0}]
2020-07-11 21:50:11,892 DEBUG o.e.j.u.c.AbstractLifeCycle [main] STOPPED EatWhatYouKill@78123e82/SelectorProducer@4d465b11/IDLE/p=false/QueuedThreadPool[qtp1647766367]@6236eb5f{STARTED,8<=8<=200,i=8,r=8,q=0}[ReservedThreadExecutor@101952da{s=0/8,p=0}][pc=0,pic=0,pec=0,epc=0]@2020-07-11T21:50:11.892+08:00
2020-07-11 21:50:11,892 DEBUG o.e.j.u.c.AbstractLifeCycle [main] STOPPED ManagedSelector@56cdfb3b{STOPPED} id=0 keys=-1 selected=-1 updates=0
2020-07-11 21:50:11,893 DEBUG o.e.j.u.c.AbstractLifeCycle [main] STOPPED SelectorManager@ServerConnector@53976f5c{HTTP/1.1,[http/1.1]}{0.0.0.0:10085}
2020-07-11 21:50:11,894 DEBUG o.e.j.u.c.AbstractLifeCycle [main] stopping HttpConnectionFactory@c333c60[HTTP/1.1]
2020-07-11 21:50:11,895 DEBUG o.e.j.u.c.AbstractLifeCycle [main] STOPPED HttpConnectionFactory@c333c60[HTTP/1.1]
2020-07-11 21:50:11,895 DEBUG o.e.j.u.c.AbstractLifeCycle [main] stopping ScheduledExecutorScheduler@44821a96{STARTED}
2020-07-11 21:50:11,895 DEBUG o.e.j.u.c.AbstractLifeCycle [main] STOPPED ScheduledExecutorScheduler@44821a96{STOPPED}
2020-07-11 21:50:11,896 INFO o.e.j.s.AbstractConnector [main] Stopped ServerConnector@53976f5c{HTTP/1.1,[http/1.1]}{0.0.0.0:10085}
2020-07-11 21:50:11,896 DEBUG o.e.j.u.c.AbstractLifeCycle [main] STOPPED ServerConnector@53976f5c{HTTP/1.1,[http/1.1]}{0.0.0.0:10085}
2020-07-11 21:50:11,896 DEBUG o.e.j.s.h.AbstractHandler [main] stopping Server@50caa560{STOPPING}[9.4.19.v20190610]
2020-07-11 21:50:11,897 DEBUG o.e.j.u.c.AbstractLifeCycle [main] stopping ErrorHandler@34f5090e{STARTED}
2020-07-11 21:50:11,897 DEBUG o.e.j.s.h.AbstractHandler [main] stopping ErrorHandler@34f5090e{STOPPING}
2020-07-11 21:50:11,897 DEBUG o.e.j.u.c.AbstractLifeCycle [main] STOPPED ErrorHandler@34f5090e{STOPPED}
2020-07-11 21:50:11,897 DEBUG o.e.j.u.c.AbstractLifeCycle [main] stopping QueuedThreadPool[qtp1647766367]@6236eb5f{STARTED,8<=8<=200,i=8,r=8,q=0}[ReservedThreadExecutor@101952da{s=0/8,p=0}]
2020-07-11 21:50:11,897 DEBUG o.e.j.u.t.QueuedThreadPool [main] Stopping QueuedThreadPool[qtp1647766367]@6236eb5f{STOPPING,8<=8<=200,i=8,r=-1,q=0}[ReservedThreadExecutor@101952da{s=0/8,p=0}]
2020-07-11 21:50:11,898 DEBUG o.e.j.u.c.AbstractLifeCycle [main] stopping ReservedThreadExecutor@101952da{s=0/8,p=0}
2020-07-11 21:50:11,898 DEBUG o.e.j.u.c.AbstractLifeCycle [main] STOPPED ReservedThreadExecutor@101952da{s=0/8,p=0}
2020-07-11 21:50:11,899 DEBUG o.e.j.u.t.QueuedThreadPool [main] Waiting for Thread[qtp1647766367-21,5,main] for 14999
2020-07-11 21:50:11,899 DEBUG o.e.j.u.t.QueuedThreadPool$Runner [qtp1647766367-21] run org.eclipse.jetty.util.thread.QueuedThreadPool$$Lambda$49/1995250556@145f01cc in QueuedThreadPool[qtp1647766367]@6236eb5f{STOPPING,8<=0<=200,i=8,r=-1,q=5}[NO_TRY]
2020-07-11 21:50:11,899 DEBUG o.e.j.u.t.QueuedThreadPool$Runner [qtp1647766367-17] run org.eclipse.jetty.util.thread.QueuedThreadPool$$Lambda$49/1995250556@145f01cc in QueuedThreadPool[qtp1647766367]@6236eb5f{STOPPING,8<=0<=200,i=8,r=-1,q=2}[NO_TRY]
2020-07-11 21:50:11,899 DEBUG o.e.j.u.t.QueuedThreadPool$Runner [qtp1647766367-16] run org.eclipse.jetty.util.thread.QueuedThreadPool$$Lambda$49/1995250556@145f01cc in QueuedThreadPool[qtp1647766367]@6236eb5f{STOPPING,8<=0<=200,i=8,r=-1,q=1}[NO_TRY]
2020-07-11 21:50:11,900 DEBUG o.e.j.u.t.QueuedThreadPool$Runner [qtp1647766367-14] run org.eclipse.jetty.util.thread.QueuedThreadPool$$Lambda$49/1995250556@145f01cc in QueuedThreadPool[qtp1647766367]@6236eb5f{STOPPING,8<=0<=200,i=8,r=-1,q=0}[NO_TRY]
2020-07-11 21:50:11,900 DEBUG o.e.j.u.t.QueuedThreadPool$Runner [qtp1647766367-17] ran org.eclipse.jetty.util.thread.QueuedThreadPool$$Lambda$49/1995250556@145f01cc in QueuedThreadPool[qtp1647766367]@6236eb5f{STOPPING,8<=0<=200,i=8,r=-1,q=0}[NO_TRY]
2020-07-11 21:50:11,900 DEBUG o.e.j.u.t.QueuedThreadPool$Runner [qtp1647766367-18] run org.eclipse.jetty.util.thread.QueuedThreadPool$$Lambda$49/1995250556@145f01cc in QueuedThreadPool[qtp1647766367]@6236eb5f{STOPPING,8<=0<=200,i=8,r=-1,q=4}[NO_TRY]
2020-07-11 21:50:11,901 DEBUG o.e.j.u.t.QueuedThreadPool$Runner [qtp1647766367-17] Thread[qtp1647766367-17,5,main] exited for QueuedThreadPool[qtp1647766367]@6236eb5f{STOPPING,8<=0<=200,i=8,r=-1,q=0}[NO_TRY]
2020-07-11 21:50:11,901 DEBUG o.e.j.u.t.QueuedThreadPool$Runner [qtp1647766367-18] ran org.eclipse.jetty.util.thread.QueuedThreadPool$$Lambda$49/1995250556@145f01cc in QueuedThreadPool[qtp1647766367]@6236eb5f{STOPPING,8<=0<=200,i=8,r=-1,q=0}[NO_TRY]
2020-07-11 21:50:11,900 DEBUG o.e.j.u.t.QueuedThreadPool$Runner [qtp1647766367-16] ran org.eclipse.jetty.util.thread.QueuedThreadPool$$Lambda$49/1995250556@145f01cc in QueuedThreadPool[qtp1647766367]@6236eb5f{STOPPING,8<=0<=200,i=8,r=-1,q=0}[NO_TRY]
2020-07-11 21:50:11,899 DEBUG o.e.j.u.t.QueuedThreadPool$Runner [qtp1647766367-19] run org.eclipse.jetty.util.thread.QueuedThreadPool$$Lambda$49/1995250556@145f01cc in QueuedThreadPool[qtp1647766367]@6236eb5f{STOPPING,8<=0<=200,i=8,r=-1,q=6}[NO_TRY]
2020-07-11 21:50:11,903 DEBUG o.e.j.u.t.QueuedThreadPool$Runner [qtp1647766367-16] Thread[qtp1647766367-16,5,main] exited for QueuedThreadPool[qtp1647766367]@6236eb5f{STOPPING,8<=0<=200,i=8,r=-1,q=0}[NO_TRY]
2020-07-11 21:50:11,903 DEBUG o.e.j.u.t.QueuedThreadPool$Runner [qtp1647766367-21] ran org.eclipse.jetty.util.thread.QueuedThreadPool$$Lambda$49/1995250556@145f01cc in QueuedThreadPool[qtp1647766367]@6236eb5f{STOPPING,8<=0<=200,i=8,r=-1,q=1}[NO_TRY]
2020-07-11 21:50:11,899 DEBUG o.e.j.u.t.QueuedThreadPool$Runner [qtp1647766367-20] run org.eclipse.jetty.util.thread.QueuedThreadPool$$Lambda$49/1995250556@145f01cc in QueuedThreadPool[qtp1647766367]@6236eb5f{STOPPING,8<=0<=200,i=8,r=-1,q=6}[NO_TRY]
2020-07-11 21:50:11,903 DEBUG o.e.j.u.t.QueuedThreadPool$Runner [qtp1647766367-18] Thread[qtp1647766367-18,5,main] exited for QueuedThreadPool[qtp1647766367]@6236eb5f{STOPPING,8<=0<=200,i=8,r=-1,q=0}[NO_TRY]
2020-07-11 21:50:11,900 DEBUG o.e.j.u.t.QueuedThreadPool$Runner [qtp1647766367-15] run org.eclipse.jetty.util.thread.QueuedThreadPool$$Lambda$49/1995250556@145f01cc in QueuedThreadPool[qtp1647766367]@6236eb5f{STOPPING,8<=0<=200,i=8,r=-1,q=1}[NO_TRY]
2020-07-11 21:50:11,902 DEBUG o.e.j.u.t.QueuedThreadPool$Runner [qtp1647766367-14] ran org.eclipse.jetty.util.thread.QueuedThreadPool$$Lambda$49/1995250556@145f01cc in QueuedThreadPool[qtp1647766367]@6236eb5f{STOPPING,8<=0<=200,i=8,r=-1,q=0}[NO_TRY]
2020-07-11 21:50:11,903 DEBUG o.e.j.u.t.QueuedThreadPool$Runner [qtp1647766367-21] Thread[qtp1647766367-21,5,main] exited for QueuedThreadPool[qtp1647766367]@6236eb5f{STOPPING,8<=0<=200,i=8,r=-1,q=0}[NO_TRY]
2020-07-11 21:50:11,903 DEBUG o.e.j.u.t.QueuedThreadPool$Runner [qtp1647766367-15] ran org.eclipse.jetty.util.thread.QueuedThreadPool$$Lambda$49/1995250556@145f01cc in QueuedThreadPool[qtp1647766367]@6236eb5f{STOPPING,8<=0<=200,i=8,r=-1,q=0}[NO_TRY]
2020-07-11 21:50:11,904 DEBUG o.e.j.u.t.QueuedThreadPool [main] Waiting for Thread[qtp1647766367-16,5,] for 14995
2020-07-11 21:50:11,903 DEBUG o.e.j.u.t.QueuedThreadPool$Runner [qtp1647766367-14] Thread[qtp1647766367-14,5,main] exited for QueuedThreadPool[qtp1647766367]@6236eb5f{STOPPING,8<=0<=200,i=8,r=-1,q=0}[NO_TRY]
2020-07-11 21:50:11,904 DEBUG o.e.j.u.t.QueuedThreadPool$Runner [qtp1647766367-15] Thread[qtp1647766367-15,5,main] exited for QueuedThreadPool[qtp1647766367]@6236eb5f{STOPPING,8<=0<=200,i=8,r=-1,q=0}[NO_TRY]
2020-07-11 21:50:11,904 DEBUG o.e.j.u.t.QueuedThreadPool$Runner [qtp1647766367-19] ran org.eclipse.jetty.util.thread.QueuedThreadPool$$Lambda$49/1995250556@145f01cc in QueuedThreadPool[qtp1647766367]@6236eb5f{STOPPING,8<=0<=200,i=8,r=-1,q=0}[NO_TRY]
2020-07-11 21:50:11,904 DEBUG o.e.j.u.t.QueuedThreadPool [main] Waiting for Thread[qtp1647766367-19,5,main] for 14994
2020-07-11 21:50:11,904 DEBUG o.e.j.u.t.QueuedThreadPool$Runner [qtp1647766367-20] ran org.eclipse.jetty.util.thread.QueuedThreadPool$$Lambda$49/1995250556@145f01cc in QueuedThreadPool[qtp1647766367]@6236eb5f{STOPPING,8<=0<=200,i=8,r=-1,q=0}[NO_TRY]
2020-07-11 21:50:11,905 DEBUG o.e.j.u.t.QueuedThreadPool$Runner [qtp1647766367-20] Thread[qtp1647766367-20,5,main] exited for QueuedThreadPool[qtp1647766367]@6236eb5f{STOPPING,8<=0<=200,i=8,r=-1,q=0}[NO_TRY]
2020-07-11 21:50:11,905 DEBUG o.e.j.u.t.QueuedThreadPool$Runner [qtp1647766367-19] Thread[qtp1647766367-19,5,main] exited for QueuedThreadPool[qtp1647766367]@6236eb5f{STOPPING,8<=0<=200,i=8,r=-1,q=0}[NO_TRY]
2020-07-11 21:50:11,907 DEBUG o.e.j.u.t.QueuedThreadPool [main] Waiting for Thread[qtp1647766367-20,5,] for 14992
2020-07-11 21:50:11,908 DEBUG o.e.j.u.c.AbstractLifeCycle [main] STOPPED QueuedThreadPool[qtp1647766367]@6236eb5f{STOPPED,8<=0<=200,i=8,r=-1,q=0}[NO_TRY]
2020-07-11 21:50:11,908 DEBUG o.e.j.u.c.AbstractLifeCycle [main] STOPPED Server@50caa560{STOPPED}[9.4.19.v20190610]
