2020-06-27 18:24:44,947 DEBUG o.e.j.u.l.Log [main] Logging to org.apache.logging.slf4j.Log4jLogger@1dd92fe2 via org.eclipse.jetty.util.log.Slf4jLog
2020-06-27 18:24:44,952 INFO o.e.j.u.l.Log [main] Logging initialized @1892ms to org.eclipse.jetty.util.log.Slf4jLog
2020-06-27 18:24:45,006 DEBUG o.e.j.u.c.ContainerLifeCycle [main] Server@7ea37dbf{STOPPED}[9.4.19.v20190610] added {QueuedThreadPool[qtp433287555]@19d37183{STOPPED,8<=0<=200,i=0,r=-1,q=0}[NO_TRY],AUTO}
2020-06-27 18:24:45,026 DEBUG o.e.j.u.c.ContainerLifeCycle [main] HttpConnectionFactory@1e802ef9[HTTP/1.1] added {HttpConfiguration@2b6faea6{32768/8192,8192/8192,https://:0,[]},POJO}
2020-06-27 18:24:45,030 DEBUG o.e.j.u.c.ContainerLifeCycle [main] ServerConnector@96def03{null,[]}{0.0.0.0:0} added {Server@7ea37dbf{STOPPED}[9.4.19.v20190610],UNMANAGED}
2020-06-27 18:24:45,032 DEBUG o.e.j.u.c.ContainerLifeCycle [main] ServerConnector@96def03{null,[]}{0.0.0.0:0} added {QueuedThreadPool[qtp433287555]@19d37183{STOPPED,8<=0<=200,i=0,r=-1,q=0}[NO_TRY],AUTO}
2020-06-27 18:24:45,032 DEBUG o.e.j.u.c.ContainerLifeCycle [main] ServerConnector@96def03{null,[]}{0.0.0.0:0} added {ScheduledExecutorScheduler@3cc2931c{STOPPED},AUTO}
2020-06-27 18:24:45,032 DEBUG o.e.j.u.c.ContainerLifeCycle [main] ServerConnector@96def03{null,[]}{0.0.0.0:0} added {org.eclipse.jetty.io.ArrayByteBufferPool@20d28811,POJO}
2020-06-27 18:24:45,033 DEBUG o.e.j.u.c.ContainerLifeCycle [main] ServerConnector@96def03{null,[http/1.1]}{0.0.0.0:0} added {HttpConnectionFactory@1e802ef9[HTTP/1.1],AUTO}
2020-06-27 18:24:45,033 DEBUG o.e.j.s.AbstractConnector [main] ServerConnector@96def03{HTTP/1.1,[http/1.1]}{0.0.0.0:0} added HttpConnectionFactory@1e802ef9[HTTP/1.1]
2020-06-27 18:24:45,037 DEBUG o.e.j.u.c.ContainerLifeCycle [main] ServerConnector@96def03{HTTP/1.1,[http/1.1]}{0.0.0.0:0} added {SelectorManager@ServerConnector@96def03{HTTP/1.1,[http/1.1]}{0.0.0.0:0},MANAGED}
2020-06-27 18:24:45,037 DEBUG o.e.j.u.c.ContainerLifeCycle [main] Server@7ea37dbf{STOPPED}[9.4.19.v20190610] added {ServerConnector@96def03{HTTP/1.1,[http/1.1]}{0.0.0.0:8080},AUTO}
2020-06-27 18:24:45,055 DEBUG o.e.j.u.DecoratedObjectFactory [main] Adding Decorator: org.eclipse.jetty.util.DeprecationWarning@4b0b0854
2020-06-27 18:24:45,062 DEBUG o.e.j.u.c.ContainerLifeCycle [main] o.e.j.s.ServletContextHandler@15eb5ee5{/,null,UNAVAILABLE} added {org.eclipse.jetty.server.session.SessionHandler558216562==dftMaxIdleSec=-1,MANAGED}
2020-06-27 18:24:45,066 DEBUG o.e.j.u.c.ContainerLifeCycle [main] org.eclipse.jetty.server.session.SessionHandler558216562==dftMaxIdleSec=-1 added {ServletHandler@619713e5{STOPPED},MANAGED}
2020-06-27 18:24:45,073 DEBUG o.e.j.u.c.ContainerLifeCycle [main] Server@7ea37dbf{STOPPED}[9.4.19.v20190610] added {o.e.j.s.ServletContextHandler@15eb5ee5{/base,null,UNAVAILABLE},MANAGED}
2020-06-27 18:24:45,074 DEBUG o.e.j.u.c.AbstractLifeCycle [main] starting Server@7ea37dbf{STOPPED}[9.4.19.v20190610]
2020-06-27 18:24:45,075 DEBUG o.e.j.u.c.ContainerLifeCycle [main] Server@7ea37dbf{STARTING}[9.4.19.v20190610] added {ErrorHandler@f5ac9e4{STOPPED},AUTO}
2020-06-27 18:24:45,077 INFO o.e.j.s.Server [main] jetty-9.4.19.v20190610; built: 2019-06-10T16:30:51.723Z; git: afcf563148970e98786327af5e07c261fda175d3; jvm 1.8.0_201-b09
2020-06-27 18:24:45,086 DEBUG o.e.j.s.h.AbstractHandler [main] starting Server@7ea37dbf{STARTING}[9.4.19.v20190610]
2020-06-27 18:24:45,087 DEBUG o.e.j.u.c.AbstractLifeCycle [main] starting QueuedThreadPool[qtp433287555]@19d37183{STOPPED,8<=0<=200,i=0,r=-1,q=0}[NO_TRY]
2020-06-27 18:24:45,089 DEBUG o.e.j.u.t.ReservedThreadExecutor [main] ReservedThreadExecutor@5ffead27{s=0/8,p=0}
2020-06-27 18:24:45,089 DEBUG o.e.j.u.c.ContainerLifeCycle [main] QueuedThreadPool[qtp433287555]@19d37183{STARTING,8<=0<=200,i=0,r=-1,q=0}[ReservedThreadExecutor@5ffead27{s=0/8,p=0}] added {ReservedThreadExecutor@5ffead27{s=0/8,p=0},AUTO}
2020-06-27 18:24:45,089 DEBUG o.e.j.u.c.AbstractLifeCycle [main] starting ReservedThreadExecutor@5ffead27{s=0/8,p=0}
2020-06-27 18:24:45,095 DEBUG o.e.j.u.c.AbstractLifeCycle [main] STARTED @2035ms ReservedThreadExecutor@5ffead27{s=0/8,p=0}
2020-06-27 18:24:45,096 DEBUG o.e.j.u.t.QueuedThreadPool [main] Starting Thread[qtp433287555-14,5,main]
2020-06-27 18:24:45,096 DEBUG o.e.j.u.t.QueuedThreadPool [main] Starting Thread[qtp433287555-15,5,main]
2020-06-27 18:24:45,096 DEBUG o.e.j.u.t.QueuedThreadPool [main] Starting Thread[qtp433287555-16,5,main]
2020-06-27 18:24:45,097 DEBUG o.e.j.u.t.QueuedThreadPool [main] Starting Thread[qtp433287555-17,5,main]
2020-06-27 18:24:45,097 DEBUG o.e.j.u.t.QueuedThreadPool$Runner [qtp433287555-14] Runner started for QueuedThreadPool[qtp433287555]@19d37183{STARTING,8<=3<=200,i=0,r=-1,q=0}[ReservedThreadExecutor@5ffead27{s=0/8,p=0}]
2020-06-27 18:24:45,097 DEBUG o.e.j.u.t.QueuedThreadPool [main] Starting Thread[qtp433287555-18,5,main]
2020-06-27 18:24:45,097 DEBUG o.e.j.u.t.QueuedThreadPool$Runner [qtp433287555-15] Runner started for QueuedThreadPool[qtp433287555]@19d37183{STARTING,8<=4<=200,i=0,r=-1,q=0}[ReservedThreadExecutor@5ffead27{s=0/8,p=0}]
2020-06-27 18:24:45,097 DEBUG o.e.j.u.t.QueuedThreadPool$Runner [qtp433287555-16] Runner started for QueuedThreadPool[qtp433287555]@19d37183{STARTING,8<=4<=200,i=0,r=-1,q=0}[ReservedThreadExecutor@5ffead27{s=0/8,p=0}]
2020-06-27 18:24:45,097 DEBUG o.e.j.u.t.QueuedThreadPool [main] Starting Thread[qtp433287555-19,5,main]
2020-06-27 18:24:45,097 DEBUG o.e.j.u.t.QueuedThreadPool$Runner [qtp433287555-17] Runner started for QueuedThreadPool[qtp433287555]@19d37183{STARTING,8<=5<=200,i=1,r=-1,q=0}[ReservedThreadExecutor@5ffead27{s=0/8,p=0}]
2020-06-27 18:24:45,104 DEBUG o.e.j.u.t.QueuedThreadPool$Runner [qtp433287555-18] Runner started for QueuedThreadPool[qtp433287555]@19d37183{STARTING,8<=6<=200,i=3,r=-1,q=0}[ReservedThreadExecutor@5ffead27{s=0/8,p=0}]
2020-06-27 18:24:45,104 DEBUG o.e.j.u.t.QueuedThreadPool [main] Starting Thread[qtp433287555-20,5,main]
2020-06-27 18:24:45,105 DEBUG o.e.j.u.t.QueuedThreadPool [main] Starting Thread[qtp433287555-21,5,main]
2020-06-27 18:24:45,105 DEBUG o.e.j.u.t.QueuedThreadPool$Runner [qtp433287555-19] Runner started for QueuedThreadPool[qtp433287555]@19d37183{STARTING,8<=7<=200,i=5,r=-1,q=0}[ReservedThreadExecutor@5ffead27{s=0/8,p=0}]
2020-06-27 18:24:45,105 DEBUG o.e.j.u.t.QueuedThreadPool$Runner [qtp433287555-20] Runner started for QueuedThreadPool[qtp433287555]@19d37183{STARTING,8<=8<=200,i=5,r=-1,q=0}[ReservedThreadExecutor@5ffead27{s=0/8,p=0}]
2020-06-27 18:24:45,105 DEBUG o.e.j.u.c.AbstractLifeCycle [main] STARTED @2045ms QueuedThreadPool[qtp433287555]@19d37183{STARTED,8<=8<=200,i=6,r=8,q=0}[ReservedThreadExecutor@5ffead27{s=0/8,p=0}]
2020-06-27 18:24:45,105 DEBUG o.e.j.u.t.QueuedThreadPool$Runner [qtp433287555-21] Runner started for QueuedThreadPool[qtp433287555]@19d37183{STARTED,8<=8<=200,i=6,r=8,q=0}[ReservedThreadExecutor@5ffead27{s=0/8,p=0}]
2020-06-27 18:24:45,106 DEBUG o.e.j.u.c.AbstractLifeCycle [main] starting o.e.j.s.ServletContextHandler@15eb5ee5{/base,null,UNAVAILABLE}
2020-06-27 18:24:45,110 DEBUG o.e.j.h.PreEncodedHttpField [main] HttpField encoders loaded: [org.eclipse.jetty.http.Http1FieldPreEncoder@dd8ba08]
2020-06-27 18:24:45,117 DEBUG o.e.j.s.h.AbstractHandler [main] starting o.e.j.s.ServletContextHandler@15eb5ee5{/base,null,STARTING}
2020-06-27 18:24:45,117 DEBUG o.e.j.u.c.AbstractLifeCycle [main] starting org.eclipse.jetty.server.session.SessionHandler558216562==dftMaxIdleSec=-1
2020-06-27 18:24:45,120 DEBUG o.e.j.u.c.ContainerLifeCycle [main] org.eclipse.jetty.server.session.SessionHandler558216562==dftMaxIdleSec=-1 added {org.eclipse.jetty.server.session.DefaultSessionCache@10e31a9a[evict=-1,removeUnloadable=false,saveOnCreate=false,saveOnInactiveEvict=false],AUTO}
2020-06-27 18:24:45,122 DEBUG o.e.j.u.c.ContainerLifeCycle [main] org.eclipse.jetty.server.session.DefaultSessionCache@10e31a9a[evict=-1,removeUnloadable=false,saveOnCreate=false,saveOnInactiveEvict=false] added {org.eclipse.jetty.server.session.NullSessionDataStore@7f0eb4b4[passivating=false,graceSec=3600],AUTO}
2020-06-27 18:24:45,123 DEBUG o.e.j.u.c.AbstractLifeCycle [main] starting DefaultSessionIdManager@c8c12ac{STOPPED}[worker=null]
2020-06-27 18:24:45,124 INFO o.e.j.s.s.DefaultSessionIdManager [main] DefaultSessionIdManager workerName=node0
2020-06-27 18:24:45,124 INFO o.e.j.s.s.DefaultSessionIdManager [main] No SessionScavenger set, using defaults
2020-06-27 18:24:45,125 DEBUG o.e.j.u.c.ContainerLifeCycle [main] DefaultSessionIdManager@c8c12ac{STARTING}[worker=node0] added {HouseKeeper@4ec4f3a0{STOPPED}[interval=600000, ownscheduler=false],MANAGED}
2020-06-27 18:24:45,125 DEBUG o.e.j.u.c.AbstractLifeCycle [main] starting HouseKeeper@4ec4f3a0{STOPPED}[interval=600000, ownscheduler=false]
2020-06-27 18:24:45,125 DEBUG o.e.j.u.c.AbstractLifeCycle [main] starting ScheduledExecutorScheduler@223191a6{STOPPED}
2020-06-27 18:24:45,127 DEBUG o.e.j.u.c.AbstractLifeCycle [main] STARTED @2066ms ScheduledExecutorScheduler@223191a6{STARTED}
2020-06-27 18:24:45,127 DEBUG o.e.j.s.s.HouseKeeper [main] Using own scheduler for scavenging
2020-06-27 18:24:45,127 INFO o.e.j.s.s.HouseKeeper [main] node0 Scavenging every 600000ms
2020-06-27 18:24:45,129 DEBUG o.e.j.u.c.AbstractLifeCycle [main] STARTED @2068ms HouseKeeper@4ec4f3a0{STARTED}[interval=600000, ownscheduler=true]
2020-06-27 18:24:45,129 DEBUG o.e.j.u.c.AbstractLifeCycle [main] STARTED @2069ms DefaultSessionIdManager@c8c12ac{STARTED}[worker=node0]
2020-06-27 18:24:45,129 DEBUG o.e.j.u.c.ContainerLifeCycle [main] Server@7ea37dbf{STARTING}[9.4.19.v20190610] added {DefaultSessionIdManager@c8c12ac{STARTED}[worker=node0],MANAGED}
2020-06-27 18:24:45,129 DEBUG o.e.j.u.c.ContainerLifeCycle [main] org.eclipse.jetty.server.session.SessionHandler558216562==dftMaxIdleSec=-1 added {DefaultSessionIdManager@c8c12ac{STARTED}[worker=node0],UNMANAGED}
2020-06-27 18:24:45,129 DEBUG o.e.j.u.c.AbstractLifeCycle [main] starting ScheduledExecutorScheduler@72967906{STOPPED}
2020-06-27 18:24:45,130 DEBUG o.e.j.u.c.AbstractLifeCycle [main] STARTED @2069ms ScheduledExecutorScheduler@72967906{STARTED}
2020-06-27 18:24:45,130 DEBUG o.e.j.s.h.AbstractHandler [main] starting org.eclipse.jetty.server.session.SessionHandler558216562==dftMaxIdleSec=-1
2020-06-27 18:24:45,131 DEBUG o.e.j.u.c.AbstractLifeCycle [main] starting ServletHandler@619713e5{STOPPED}
2020-06-27 18:24:45,133 DEBUG o.e.j.s.ServletHandler [main] Path=/path2/[EMBEDDED:null] mapped to servlet=com.demo.jetty.websocket.server.AnnotatedEchoSocket2-1ab3a8c8[EMBEDDED:null]
2020-06-27 18:24:45,134 DEBUG o.e.j.h.p.PathMappings [main] Added MappedResource[pathSpec=ServletPathSpec["/path2/",pathDepth=2,group=EXACT],resource=com.demo.jetty.websocket.server.AnnotatedEchoSocket2-1ab3a8c8@1760fa82==com.demo.jetty.websocket.server.AnnotatedEchoSocket2,jsp=null,order=-1,inst=false,async=true] to PathMappings[size=1]
2020-06-27 18:24:45,135 DEBUG o.e.j.s.ServletHandler [main] Path=/path2_2/[EMBEDDED:null] mapped to servlet=com.demo.jetty.websocket.server.AnnotatedEchoSocket2_2-498d318c[EMBEDDED:null]
2020-06-27 18:24:45,135 DEBUG o.e.j.h.p.PathMappings [main] Added MappedResource[pathSpec=ServletPathSpec["/path2_2/",pathDepth=2,group=EXACT],resource=com.demo.jetty.websocket.server.AnnotatedEchoSocket2_2-498d318c@fd68f7dc==com.demo.jetty.websocket.server.AnnotatedEchoSocket2_2,jsp=null,order=-1,inst=false,async=true] to PathMappings[size=2]
2020-06-27 18:24:45,135 DEBUG o.e.j.s.ServletHandler [main] filterNameMap={}
2020-06-27 18:24:45,135 DEBUG o.e.j.s.ServletHandler [main] pathFilters=null
2020-06-27 18:24:45,135 DEBUG o.e.j.s.ServletHandler [main] servletFilterMap=null
2020-06-27 18:24:45,136 DEBUG o.e.j.s.ServletHandler [main] servletPathMap=PathMappings[size=2]
2020-06-27 18:24:45,136 DEBUG o.e.j.s.ServletHandler [main] servletNameMap={com.demo.jetty.websocket.server.AnnotatedEchoSocket2-1ab3a8c8=com.demo.jetty.websocket.server.AnnotatedEchoSocket2-1ab3a8c8@1760fa82==com.demo.jetty.websocket.server.AnnotatedEchoSocket2,jsp=null,order=-1,inst=false,async=true, com.demo.jetty.websocket.server.AnnotatedEchoSocket2_2-498d318c=com.demo.jetty.websocket.server.AnnotatedEchoSocket2_2-498d318c@fd68f7dc==com.demo.jetty.websocket.server.AnnotatedEchoSocket2_2,jsp=null,order=-1,inst=false,async=true}
2020-06-27 18:24:45,136 DEBUG o.e.j.s.ServletHandler [main] Adding Default404Servlet to ServletHandler@619713e5{STARTING}
2020-06-27 18:24:45,137 DEBUG o.e.j.s.ServletHandler [main] Path=/path2/[EMBEDDED:null] mapped to servlet=com.demo.jetty.websocket.server.AnnotatedEchoSocket2-1ab3a8c8[EMBEDDED:null]
2020-06-27 18:24:45,137 DEBUG o.e.j.h.p.PathMappings [main] Added MappedResource[pathSpec=ServletPathSpec["/path2/",pathDepth=2,group=EXACT],resource=com.demo.jetty.websocket.server.AnnotatedEchoSocket2-1ab3a8c8@1760fa82==com.demo.jetty.websocket.server.AnnotatedEchoSocket2,jsp=null,order=-1,inst=false,async=true] to PathMappings[size=1]
2020-06-27 18:24:45,137 DEBUG o.e.j.s.ServletHandler [main] Path=/path2_2/[EMBEDDED:null] mapped to servlet=com.demo.jetty.websocket.server.AnnotatedEchoSocket2_2-498d318c[EMBEDDED:null]
2020-06-27 18:24:45,137 DEBUG o.e.j.h.p.PathMappings [main] Added MappedResource[pathSpec=ServletPathSpec["/path2_2/",pathDepth=2,group=EXACT],resource=com.demo.jetty.websocket.server.AnnotatedEchoSocket2_2-498d318c@fd68f7dc==com.demo.jetty.websocket.server.AnnotatedEchoSocket2_2,jsp=null,order=-1,inst=false,async=true] to PathMappings[size=2]
2020-06-27 18:24:45,137 DEBUG o.e.j.s.ServletHandler [main] Path=/[EMBEDDED:null] mapped to servlet=org.eclipse.jetty.servlet.ServletHandler$Default404Servlet-74f0ea28[EMBEDDED:null]
2020-06-27 18:24:45,137 DEBUG o.e.j.h.p.PathMappings [main] Added MappedResource[pathSpec=ServletPathSpec["/",pathDepth=-1,group=DEFAULT],resource=org.eclipse.jetty.servlet.ServletHandler$Default404Servlet-74f0ea28@1e2f8a1d==org.eclipse.jetty.servlet.ServletHandler$Default404Servlet,jsp=null,order=-1,inst=false,async=true] to PathMappings[size=3]
2020-06-27 18:24:45,137 DEBUG o.e.j.s.ServletHandler [main] filterNameMap={}
2020-06-27 18:24:45,138 DEBUG o.e.j.s.ServletHandler [main] pathFilters=null
2020-06-27 18:24:45,138 DEBUG o.e.j.s.ServletHandler [main] servletFilterMap=null
2020-06-27 18:24:45,138 DEBUG o.e.j.s.ServletHandler [main] servletPathMap=PathMappings[size=3]
2020-06-27 18:24:45,138 DEBUG o.e.j.s.ServletHandler [main] servletNameMap={com.demo.jetty.websocket.server.AnnotatedEchoSocket2-1ab3a8c8=com.demo.jetty.websocket.server.AnnotatedEchoSocket2-1ab3a8c8@1760fa82==com.demo.jetty.websocket.server.AnnotatedEchoSocket2,jsp=null,order=-1,inst=false,async=true, org.eclipse.jetty.servlet.ServletHandler$Default404Servlet-74f0ea28=org.eclipse.jetty.servlet.ServletHandler$Default404Servlet-74f0ea28@1e2f8a1d==org.eclipse.jetty.servlet.ServletHandler$Default404Servlet,jsp=null,order=-1,inst=false,async=true, com.demo.jetty.websocket.server.AnnotatedEchoSocket2_2-498d318c=com.demo.jetty.websocket.server.AnnotatedEchoSocket2_2-498d318c@fd68f7dc==com.demo.jetty.websocket.server.AnnotatedEchoSocket2_2,jsp=null,order=-1,inst=false,async=true}
2020-06-27 18:24:45,138 DEBUG o.e.j.s.h.AbstractHandler [main] starting ServletHandler@619713e5{STARTING}
2020-06-27 18:24:45,138 DEBUG o.e.j.u.c.AbstractLifeCycle [main] STARTED @2078ms ServletHandler@619713e5{STARTED}
2020-06-27 18:24:45,138 DEBUG o.e.j.u.c.AbstractLifeCycle [main] starting org.eclipse.jetty.server.session.DefaultSessionCache@10e31a9a[evict=-1,removeUnloadable=false,saveOnCreate=false,saveOnInactiveEvict=false]
2020-06-27 18:24:45,139 DEBUG o.e.j.u.c.AbstractLifeCycle [main] starting org.eclipse.jetty.server.session.NullSessionDataStore@7f0eb4b4[passivating=false,graceSec=3600]
2020-06-27 18:24:45,139 DEBUG o.e.j.u.c.AbstractLifeCycle [main] STARTED @2079ms org.eclipse.jetty.server.session.NullSessionDataStore@7f0eb4b4[passivating=false,graceSec=3600]
2020-06-27 18:24:45,139 DEBUG o.e.j.u.c.AbstractLifeCycle [main] STARTED @2079ms org.eclipse.jetty.server.session.DefaultSessionCache@10e31a9a[evict=-1,removeUnloadable=false,saveOnCreate=false,saveOnInactiveEvict=false]
2020-06-27 18:24:45,140 DEBUG o.e.j.u.c.AbstractLifeCycle [main] STARTED @2079ms org.eclipse.jetty.server.session.SessionHandler558216562==dftMaxIdleSec=-1
2020-06-27 18:24:45,142 DEBUG o.e.j.u.c.AbstractLifeCycle [main] starting com.demo.jetty.websocket.server.AnnotatedEchoSocket2-1ab3a8c8@1760fa82==com.demo.jetty.websocket.server.AnnotatedEchoSocket2,jsp=null,order=-1,inst=false,async=true
2020-06-27 18:24:45,145 DEBUG o.e.j.u.c.AbstractLifeCycle [main] STARTED @2085ms com.demo.jetty.websocket.server.AnnotatedEchoSocket2-1ab3a8c8@1760fa82==com.demo.jetty.websocket.server.AnnotatedEchoSocket2,jsp=null,order=-1,inst=false,async=true
2020-06-27 18:24:45,145 DEBUG o.e.j.u.c.AbstractLifeCycle [main] starting com.demo.jetty.websocket.server.AnnotatedEchoSocket2_2-498d318c@fd68f7dc==com.demo.jetty.websocket.server.AnnotatedEchoSocket2_2,jsp=null,order=-1,inst=false,async=true
2020-06-27 18:24:45,148 DEBUG o.e.j.u.c.AbstractLifeCycle [main] STARTED @2087ms com.demo.jetty.websocket.server.AnnotatedEchoSocket2_2-498d318c@fd68f7dc==com.demo.jetty.websocket.server.AnnotatedEchoSocket2_2,jsp=null,order=-1,inst=false,async=true
2020-06-27 18:24:45,148 DEBUG o.e.j.u.c.AbstractLifeCycle [main] starting org.eclipse.jetty.servlet.ServletHandler$Default404Servlet-74f0ea28@1e2f8a1d==org.eclipse.jetty.servlet.ServletHandler$Default404Servlet,jsp=null,order=-1,inst=false,async=true
2020-06-27 18:24:45,148 DEBUG o.e.j.u.c.AbstractLifeCycle [main] STARTED @2088ms org.eclipse.jetty.servlet.ServletHandler$Default404Servlet-74f0ea28@1e2f8a1d==org.eclipse.jetty.servlet.ServletHandler$Default404Servlet,jsp=null,order=-1,inst=false,async=true
2020-06-27 18:24:45,149 INFO o.e.j.s.h.ContextHandler [main] Started o.e.j.s.ServletContextHandler@15eb5ee5{/base,null,AVAILABLE}
2020-06-27 18:24:45,149 DEBUG o.e.j.u.c.AbstractLifeCycle [main] STARTED @2088ms o.e.j.s.ServletContextHandler@15eb5ee5{/base,null,AVAILABLE}
2020-06-27 18:24:45,149 DEBUG o.e.j.u.c.AbstractLifeCycle [main] starting ErrorHandler@f5ac9e4{STOPPED}
2020-06-27 18:24:45,149 DEBUG o.e.j.s.h.AbstractHandler [main] starting ErrorHandler@f5ac9e4{STARTING}
2020-06-27 18:24:45,150 DEBUG o.e.j.u.c.AbstractLifeCycle [main] STARTED @2089ms ErrorHandler@f5ac9e4{STARTED}
2020-06-27 18:24:45,150 DEBUG o.e.j.u.c.AbstractLifeCycle [main] starting ServerConnector@96def03{HTTP/1.1,[http/1.1]}{0.0.0.0:8080}
2020-06-27 18:24:45,154 DEBUG o.e.j.u.c.ContainerLifeCycle [main] ServerConnector@96def03{HTTP/1.1,[http/1.1]}{0.0.0.0:8080} added {sun.nio.ch.ServerSocketChannelImpl[/0:0:0:0:0:0:0:0:8080],POJO}
2020-06-27 18:24:45,155 DEBUG o.e.j.u.c.AbstractLifeCycle [main] starting ScheduledExecutorScheduler@3cc2931c{STOPPED}
2020-06-27 18:24:45,156 DEBUG o.e.j.u.c.AbstractLifeCycle [main] STARTED @2096ms ScheduledExecutorScheduler@3cc2931c{STARTED}
2020-06-27 18:24:45,156 DEBUG o.e.j.u.c.AbstractLifeCycle [main] starting HttpConnectionFactory@1e802ef9[HTTP/1.1]
2020-06-27 18:24:45,156 DEBUG o.e.j.u.c.AbstractLifeCycle [main] STARTED @2096ms HttpConnectionFactory@1e802ef9[HTTP/1.1]
2020-06-27 18:24:45,156 DEBUG o.e.j.u.c.AbstractLifeCycle [main] starting SelectorManager@ServerConnector@96def03{HTTP/1.1,[http/1.1]}{0.0.0.0:8080}
2020-06-27 18:24:45,175 DEBUG o.e.j.u.c.ContainerLifeCycle [main] EatWhatYouKill@34123d65/SelectorProducer@5e0e82ae/IDLE/p=false/QueuedThreadPool[qtp433287555]@19d37183{STARTED,8<=8<=200,i=8,r=8,q=0}[ReservedThreadExecutor@5ffead27{s=0/8,p=0}][pc=0,pic=0,pec=0,epc=0]@2020-06-27T18:24:45.171+08:00 added {SelectorProducer@5e0e82ae,POJO}
2020-06-27 18:24:45,175 DEBUG o.e.j.u.c.ContainerLifeCycle [main] EatWhatYouKill@34123d65/SelectorProducer@5e0e82ae/IDLE/p=false/QueuedThreadPool[qtp433287555]@19d37183{STARTED,8<=8<=200,i=8,r=8,q=0}[ReservedThreadExecutor@5ffead27{s=0/8,p=0}][pc=0,pic=0,pec=0,epc=0]@2020-06-27T18:24:45.175+08:00 added {QueuedThreadPool[qtp433287555]@19d37183{STARTED,8<=8<=200,i=8,r=8,q=0}[ReservedThreadExecutor@5ffead27{s=0/8,p=0}],UNMANAGED}
2020-06-27 18:24:45,175 DEBUG o.e.j.u.t.s.EatWhatYouKill [main] EatWhatYouKill@34123d65/SelectorProducer@5e0e82ae/IDLE/p=false/QueuedThreadPool[qtp433287555]@19d37183{STARTED,8<=8<=200,i=8,r=8,q=0}[ReservedThreadExecutor@5ffead27{s=0/8,p=0}][pc=0,pic=0,pec=0,epc=0]@2020-06-27T18:24:45.175+08:00 created
2020-06-27 18:24:45,176 DEBUG o.e.j.u.c.ContainerLifeCycle [main] ManagedSelector@5b7a5baa{STOPPED} id=0 keys=-1 selected=-1 updates=0 added {EatWhatYouKill@34123d65/SelectorProducer@5e0e82ae/IDLE/p=false/QueuedThreadPool[qtp433287555]@19d37183{STARTED,8<=8<=200,i=8,r=8,q=0}[ReservedThreadExecutor@5ffead27{s=0/8,p=0}][pc=0,pic=0,pec=0,epc=0]@2020-06-27T18:24:45.176+08:00,MANAGED}
2020-06-27 18:24:45,176 DEBUG o.e.j.u.c.ContainerLifeCycle [main] SelectorManager@ServerConnector@96def03{HTTP/1.1,[http/1.1]}{0.0.0.0:8080} added {ManagedSelector@5b7a5baa{STOPPED} id=0 keys=-1 selected=-1 updates=0,AUTO}
2020-06-27 18:24:45,176 DEBUG o.e.j.u.c.ContainerLifeCycle [main] EatWhatYouKill@776aec5c/SelectorProducer@1d296da/IDLE/p=false/QueuedThreadPool[qtp433287555]@19d37183{STARTED,8<=8<=200,i=8,r=8,q=0}[ReservedThreadExecutor@5ffead27{s=0/8,p=0}][pc=0,pic=0,pec=0,epc=0]@2020-06-27T18:24:45.176+08:00 added {SelectorProducer@1d296da,POJO}
2020-06-27 18:24:45,177 DEBUG o.e.j.u.c.ContainerLifeCycle [main] EatWhatYouKill@776aec5c/SelectorProducer@1d296da/IDLE/p=false/QueuedThreadPool[qtp433287555]@19d37183{STARTED,8<=8<=200,i=8,r=8,q=0}[ReservedThreadExecutor@5ffead27{s=0/8,p=0}][pc=0,pic=0,pec=0,epc=0]@2020-06-27T18:24:45.177+08:00 added {QueuedThreadPool[qtp433287555]@19d37183{STARTED,8<=8<=200,i=8,r=8,q=0}[ReservedThreadExecutor@5ffead27{s=0/8,p=0}],UNMANAGED}
2020-06-27 18:24:45,177 DEBUG o.e.j.u.t.s.EatWhatYouKill [main] EatWhatYouKill@776aec5c/SelectorProducer@1d296da/IDLE/p=false/QueuedThreadPool[qtp433287555]@19d37183{STARTED,8<=8<=200,i=8,r=8,q=0}[ReservedThreadExecutor@5ffead27{s=0/8,p=0}][pc=0,pic=0,pec=0,epc=0]@2020-06-27T18:24:45.177+08:00 created
2020-06-27 18:24:45,177 DEBUG o.e.j.u.c.ContainerLifeCycle [main] ManagedSelector@7c7a06ec{STOPPED} id=1 keys=-1 selected=-1 updates=0 added {EatWhatYouKill@776aec5c/SelectorProducer@1d296da/IDLE/p=false/QueuedThreadPool[qtp433287555]@19d37183{STARTED,8<=8<=200,i=8,r=8,q=0}[ReservedThreadExecutor@5ffead27{s=0/8,p=0}][pc=0,pic=0,pec=0,epc=0]@2020-06-27T18:24:45.177+08:00,MANAGED}
2020-06-27 18:24:45,178 DEBUG o.e.j.u.c.ContainerLifeCycle [main] SelectorManager@ServerConnector@96def03{HTTP/1.1,[http/1.1]}{0.0.0.0:8080} added {ManagedSelector@7c7a06ec{STOPPED} id=1 keys=-1 selected=-1 updates=0,AUTO}
2020-06-27 18:24:45,178 DEBUG o.e.j.u.c.ContainerLifeCycle [main] EatWhatYouKill@75d4a5c2/SelectorProducer@557caf28/IDLE/p=false/QueuedThreadPool[qtp433287555]@19d37183{STARTED,8<=8<=200,i=8,r=8,q=0}[ReservedThreadExecutor@5ffead27{s=0/8,p=0}][pc=0,pic=0,pec=0,epc=0]@2020-06-27T18:24:45.178+08:00 added {SelectorProducer@557caf28,POJO}
2020-06-27 18:24:45,178 DEBUG o.e.j.u.c.ContainerLifeCycle [main] EatWhatYouKill@75d4a5c2/SelectorProducer@557caf28/IDLE/p=false/QueuedThreadPool[qtp433287555]@19d37183{STARTED,8<=8<=200,i=8,r=8,q=0}[ReservedThreadExecutor@5ffead27{s=0/8,p=0}][pc=0,pic=0,pec=0,epc=0]@2020-06-27T18:24:45.178+08:00 added {QueuedThreadPool[qtp433287555]@19d37183{STARTED,8<=8<=200,i=8,r=8,q=0}[ReservedThreadExecutor@5ffead27{s=0/8,p=0}],UNMANAGED}
2020-06-27 18:24:45,178 DEBUG o.e.j.u.t.s.EatWhatYouKill [main] EatWhatYouKill@75d4a5c2/SelectorProducer@557caf28/IDLE/p=false/QueuedThreadPool[qtp433287555]@19d37183{STARTED,8<=8<=200,i=8,r=8,q=0}[ReservedThreadExecutor@5ffead27{s=0/8,p=0}][pc=0,pic=0,pec=0,epc=0]@2020-06-27T18:24:45.178+08:00 created
2020-06-27 18:24:45,179 DEBUG o.e.j.u.c.ContainerLifeCycle [main] ManagedSelector@408d971b{STOPPED} id=2 keys=-1 selected=-1 updates=0 added {EatWhatYouKill@75d4a5c2/SelectorProducer@557caf28/IDLE/p=false/QueuedThreadPool[qtp433287555]@19d37183{STARTED,8<=8<=200,i=8,r=8,q=0}[ReservedThreadExecutor@5ffead27{s=0/8,p=0}][pc=0,pic=0,pec=0,epc=0]@2020-06-27T18:24:45.179+08:00,MANAGED}
2020-06-27 18:24:45,179 DEBUG o.e.j.u.c.ContainerLifeCycle [main] SelectorManager@ServerConnector@96def03{HTTP/1.1,[http/1.1]}{0.0.0.0:8080} added {ManagedSelector@408d971b{STOPPED} id=2 keys=-1 selected=-1 updates=0,AUTO}
2020-06-27 18:24:45,180 DEBUG o.e.j.u.c.ContainerLifeCycle [main] EatWhatYouKill@6c6cb480/SelectorProducer@3c46e67a/IDLE/p=false/QueuedThreadPool[qtp433287555]@19d37183{STARTED,8<=8<=200,i=8,r=8,q=0}[ReservedThreadExecutor@5ffead27{s=0/8,p=0}][pc=0,pic=0,pec=0,epc=0]@2020-06-27T18:24:45.18+08:00 added {SelectorProducer@3c46e67a,POJO}
2020-06-27 18:24:45,180 DEBUG o.e.j.u.c.ContainerLifeCycle [main] EatWhatYouKill@6c6cb480/SelectorProducer@3c46e67a/IDLE/p=false/QueuedThreadPool[qtp433287555]@19d37183{STARTED,8<=8<=200,i=8,r=8,q=0}[ReservedThreadExecutor@5ffead27{s=0/8,p=0}][pc=0,pic=0,pec=0,epc=0]@2020-06-27T18:24:45.18+08:00 added {QueuedThreadPool[qtp433287555]@19d37183{STARTED,8<=8<=200,i=8,r=8,q=0}[ReservedThreadExecutor@5ffead27{s=0/8,p=0}],UNMANAGED}
2020-06-27 18:24:45,181 DEBUG o.e.j.u.t.s.EatWhatYouKill [main] EatWhatYouKill@6c6cb480/SelectorProducer@3c46e67a/IDLE/p=false/QueuedThreadPool[qtp433287555]@19d37183{STARTED,8<=8<=200,i=8,r=8,q=0}[ReservedThreadExecutor@5ffead27{s=0/8,p=0}][pc=0,pic=0,pec=0,epc=0]@2020-06-27T18:24:45.181+08:00 created
2020-06-27 18:24:45,182 DEBUG o.e.j.u.c.ContainerLifeCycle [main] ManagedSelector@c730b35{STOPPED} id=3 keys=-1 selected=-1 updates=0 added {EatWhatYouKill@6c6cb480/SelectorProducer@3c46e67a/IDLE/p=false/QueuedThreadPool[qtp433287555]@19d37183{STARTED,8<=8<=200,i=8,r=8,q=0}[ReservedThreadExecutor@5ffead27{s=0/8,p=0}][pc=0,pic=0,pec=0,epc=0]@2020-06-27T18:24:45.182+08:00,MANAGED}
2020-06-27 18:24:45,182 DEBUG o.e.j.u.c.ContainerLifeCycle [main] SelectorManager@ServerConnector@96def03{HTTP/1.1,[http/1.1]}{0.0.0.0:8080} added {ManagedSelector@c730b35{STOPPED} id=3 keys=-1 selected=-1 updates=0,AUTO}
2020-06-27 18:24:45,182 DEBUG o.e.j.u.c.AbstractLifeCycle [main] starting ManagedSelector@5b7a5baa{STOPPED} id=0 keys=-1 selected=-1 updates=0
2020-06-27 18:24:45,183 DEBUG o.e.j.u.c.AbstractLifeCycle [main] starting EatWhatYouKill@34123d65/SelectorProducer@5e0e82ae/IDLE/p=false/QueuedThreadPool[qtp433287555]@19d37183{STARTED,8<=8<=200,i=8,r=8,q=0}[ReservedThreadExecutor@5ffead27{s=0/8,p=0}][pc=0,pic=0,pec=0,epc=0]@2020-06-27T18:24:45.183+08:00
2020-06-27 18:24:45,183 DEBUG o.e.j.u.c.AbstractLifeCycle [main] STARTED @2123ms EatWhatYouKill@34123d65/SelectorProducer@5e0e82ae/IDLE/p=false/QueuedThreadPool[qtp433287555]@19d37183{STARTED,8<=8<=200,i=8,r=8,q=0}[ReservedThreadExecutor@5ffead27{s=0/8,p=0}][pc=0,pic=0,pec=0,epc=0]@2020-06-27T18:24:45.183+08:00
2020-06-27 18:24:45,191 DEBUG o.e.j.u.t.QueuedThreadPool [main] queue org.eclipse.jetty.io.ManagedSelector$$Lambda$29/1527953000@1165b38 startThread=false
2020-06-27 18:24:45,191 DEBUG o.e.j.u.t.QueuedThreadPool$Runner [qtp433287555-14] run org.eclipse.jetty.io.ManagedSelector$$Lambda$29/1527953000@1165b38 in QueuedThreadPool[qtp433287555]@19d37183{STARTED,8<=8<=200,i=7,r=8,q=0}[ReservedThreadExecutor@5ffead27{s=0/8,p=0}]
2020-06-27 18:24:45,191 DEBUG o.e.j.u.t.s.EatWhatYouKill [qtp433287555-14] EatWhatYouKill@34123d65/SelectorProducer@5e0e82ae/IDLE/p=false/QueuedThreadPool[qtp433287555]@19d37183{STARTED,8<=8<=200,i=7,r=8,q=0}[ReservedThreadExecutor@5ffead27{s=0/8,p=0}][pc=0,pic=0,pec=0,epc=0]@2020-06-27T18:24:45.191+08:00 tryProduce false
2020-06-27 18:24:45,191 DEBUG o.e.j.i.ManagedSelector [main] Queued change org.eclipse.jetty.io.ManagedSelector$Start@4c12331b on ManagedSelector@5b7a5baa{STARTING} id=0 keys=0 selected=0 updates=0
2020-06-27 18:24:45,193 DEBUG o.e.j.i.ManagedSelector$SelectorProducer [qtp433287555-14] updateable 1
2020-06-27 18:24:45,193 DEBUG o.e.j.i.ManagedSelector$SelectorProducer [qtp433287555-14] update org.eclipse.jetty.io.ManagedSelector$Start@4c12331b
2020-06-27 18:24:45,193 DEBUG o.e.j.i.ManagedSelector$SelectorProducer [qtp433287555-14] updates 0
2020-06-27 18:24:45,193 DEBUG o.e.j.i.ManagedSelector$SelectorProducer [qtp433287555-14] Selector sun.nio.ch.WindowsSelectorImpl@608e3c29 waiting with 0 keys
2020-06-27 18:24:45,193 DEBUG o.e.j.u.c.AbstractLifeCycle [main] STARTED @2133ms ManagedSelector@5b7a5baa{STARTED} id=0 keys=0 selected=0 updates=0
2020-06-27 18:24:45,193 DEBUG o.e.j.u.c.AbstractLifeCycle [main] starting ManagedSelector@7c7a06ec{STOPPED} id=1 keys=-1 selected=-1 updates=0
2020-06-27 18:24:45,194 DEBUG o.e.j.u.c.AbstractLifeCycle [main] starting EatWhatYouKill@776aec5c/SelectorProducer@1d296da/IDLE/p=false/QueuedThreadPool[qtp433287555]@19d37183{STARTED,8<=8<=200,i=7,r=8,q=0}[ReservedThreadExecutor@5ffead27{s=0/8,p=0}][pc=0,pic=0,pec=0,epc=0]@2020-06-27T18:24:45.194+08:00
2020-06-27 18:24:45,194 DEBUG o.e.j.u.c.AbstractLifeCycle [main] STARTED @2134ms EatWhatYouKill@776aec5c/SelectorProducer@1d296da/IDLE/p=false/QueuedThreadPool[qtp433287555]@19d37183{STARTED,8<=8<=200,i=7,r=8,q=0}[ReservedThreadExecutor@5ffead27{s=0/8,p=0}][pc=0,pic=0,pec=0,epc=0]@2020-06-27T18:24:45.194+08:00
2020-06-27 18:24:45,195 DEBUG o.e.j.u.t.QueuedThreadPool [main] queue org.eclipse.jetty.io.ManagedSelector$$Lambda$29/1527953000@7586beff startThread=false
2020-06-27 18:24:45,195 DEBUG o.e.j.u.t.QueuedThreadPool$Runner [qtp433287555-15] run org.eclipse.jetty.io.ManagedSelector$$Lambda$29/1527953000@7586beff in QueuedThreadPool[qtp433287555]@19d37183{STARTED,8<=8<=200,i=6,r=8,q=0}[ReservedThreadExecutor@5ffead27{s=0/8,p=0}]
2020-06-27 18:24:45,195 DEBUG o.e.j.i.ManagedSelector [main] Queued change org.eclipse.jetty.io.ManagedSelector$Start@3b69e7d1 on ManagedSelector@7c7a06ec{STARTING} id=1 keys=0 selected=0 updates=0
2020-06-27 18:24:45,196 DEBUG o.e.j.u.t.s.EatWhatYouKill [qtp433287555-15] EatWhatYouKill@776aec5c/SelectorProducer@1d296da/IDLE/p=false/QueuedThreadPool[qtp433287555]@19d37183{STARTED,8<=8<=200,i=6,r=8,q=0}[ReservedThreadExecutor@5ffead27{s=0/8,p=0}][pc=0,pic=0,pec=0,epc=0]@2020-06-27T18:24:45.195+08:00 tryProduce false
2020-06-27 18:24:45,196 DEBUG o.e.j.i.ManagedSelector$SelectorProducer [qtp433287555-15] updateable 1
2020-06-27 18:24:45,196 DEBUG o.e.j.i.ManagedSelector$SelectorProducer [qtp433287555-15] update org.eclipse.jetty.io.ManagedSelector$Start@3b69e7d1
2020-06-27 18:24:45,196 DEBUG o.e.j.i.ManagedSelector$SelectorProducer [qtp433287555-15] updates 0
2020-06-27 18:24:45,196 DEBUG o.e.j.i.ManagedSelector$SelectorProducer [qtp433287555-15] Selector sun.nio.ch.WindowsSelectorImpl@66770429 waiting with 0 keys
2020-06-27 18:24:45,196 DEBUG o.e.j.u.c.AbstractLifeCycle [main] STARTED @2136ms ManagedSelector@7c7a06ec{STARTED} id=1 keys=0 selected=0 updates=0
2020-06-27 18:24:45,196 DEBUG o.e.j.u.c.AbstractLifeCycle [main] starting ManagedSelector@408d971b{STOPPED} id=2 keys=-1 selected=-1 updates=0
2020-06-27 18:24:45,197 DEBUG o.e.j.u.c.AbstractLifeCycle [main] starting EatWhatYouKill@75d4a5c2/SelectorProducer@557caf28/IDLE/p=false/QueuedThreadPool[qtp433287555]@19d37183{STARTED,8<=8<=200,i=6,r=8,q=0}[ReservedThreadExecutor@5ffead27{s=0/8,p=0}][pc=0,pic=0,pec=0,epc=0]@2020-06-27T18:24:45.197+08:00
2020-06-27 18:24:45,197 DEBUG o.e.j.u.c.AbstractLifeCycle [main] STARTED @2137ms EatWhatYouKill@75d4a5c2/SelectorProducer@557caf28/IDLE/p=false/QueuedThreadPool[qtp433287555]@19d37183{STARTED,8<=8<=200,i=6,r=8,q=0}[ReservedThreadExecutor@5ffead27{s=0/8,p=0}][pc=0,pic=0,pec=0,epc=0]@2020-06-27T18:24:45.197+08:00
2020-06-27 18:24:45,199 DEBUG o.e.j.u.t.QueuedThreadPool [main] queue org.eclipse.jetty.io.ManagedSelector$$Lambda$29/1527953000@815b41f startThread=false
2020-06-27 18:24:45,199 DEBUG o.e.j.u.t.QueuedThreadPool$Runner [qtp433287555-16] run org.eclipse.jetty.io.ManagedSelector$$Lambda$29/1527953000@815b41f in QueuedThreadPool[qtp433287555]@19d37183{STARTED,8<=8<=200,i=5,r=8,q=0}[ReservedThreadExecutor@5ffead27{s=0/8,p=0}]
2020-06-27 18:24:45,200 DEBUG o.e.j.i.ManagedSelector [main] Queued change org.eclipse.jetty.io.ManagedSelector$Start@5542c4ed on ManagedSelector@408d971b{STARTING} id=2 keys=0 selected=0 updates=0
2020-06-27 18:24:45,200 DEBUG o.e.j.u.t.s.EatWhatYouKill [qtp433287555-16] EatWhatYouKill@75d4a5c2/SelectorProducer@557caf28/IDLE/p=false/QueuedThreadPool[qtp433287555]@19d37183{STARTED,8<=8<=200,i=5,r=8,q=0}[ReservedThreadExecutor@5ffead27{s=0/8,p=0}][pc=0,pic=0,pec=0,epc=0]@2020-06-27T18:24:45.2+08:00 tryProduce false
2020-06-27 18:24:45,200 DEBUG o.e.j.i.ManagedSelector$SelectorProducer [qtp433287555-16] updateable 1
2020-06-27 18:24:45,200 DEBUG o.e.j.i.ManagedSelector$SelectorProducer [qtp433287555-16] update org.eclipse.jetty.io.ManagedSelector$Start@5542c4ed
2020-06-27 18:24:45,200 DEBUG o.e.j.i.ManagedSelector$SelectorProducer [qtp433287555-16] updates 0
2020-06-27 18:24:45,200 DEBUG o.e.j.u.c.AbstractLifeCycle [main] STARTED @2140ms ManagedSelector@408d971b{STARTED} id=2 keys=0 selected=0 updates=0
2020-06-27 18:24:45,200 DEBUG o.e.j.i.ManagedSelector$SelectorProducer [qtp433287555-16] Selector sun.nio.ch.WindowsSelectorImpl@9f237f waiting with 0 keys
2020-06-27 18:24:45,201 DEBUG o.e.j.u.c.AbstractLifeCycle [main] starting ManagedSelector@c730b35{STOPPED} id=3 keys=-1 selected=-1 updates=0
2020-06-27 18:24:45,201 DEBUG o.e.j.u.c.AbstractLifeCycle [main] starting EatWhatYouKill@6c6cb480/SelectorProducer@3c46e67a/IDLE/p=false/QueuedThreadPool[qtp433287555]@19d37183{STARTED,8<=8<=200,i=5,r=8,q=0}[ReservedThreadExecutor@5ffead27{s=0/8,p=0}][pc=0,pic=0,pec=0,epc=0]@2020-06-27T18:24:45.201+08:00
2020-06-27 18:24:45,201 DEBUG o.e.j.u.c.AbstractLifeCycle [main] STARTED @2141ms EatWhatYouKill@6c6cb480/SelectorProducer@3c46e67a/IDLE/p=false/QueuedThreadPool[qtp433287555]@19d37183{STARTED,8<=8<=200,i=5,r=8,q=0}[ReservedThreadExecutor@5ffead27{s=0/8,p=0}][pc=0,pic=0,pec=0,epc=0]@2020-06-27T18:24:45.201+08:00
2020-06-27 18:24:45,202 DEBUG o.e.j.u.t.QueuedThreadPool [main] queue org.eclipse.jetty.io.ManagedSelector$$Lambda$29/1527953000@1573f9fc startThread=false
2020-06-27 18:24:45,203 DEBUG o.e.j.u.t.QueuedThreadPool$Runner [qtp433287555-17] run org.eclipse.jetty.io.ManagedSelector$$Lambda$29/1527953000@1573f9fc in QueuedThreadPool[qtp433287555]@19d37183{STARTED,8<=8<=200,i=4,r=8,q=0}[ReservedThreadExecutor@5ffead27{s=0/8,p=0}]
2020-06-27 18:24:45,203 DEBUG o.e.j.i.ManagedSelector [main] Queued change org.eclipse.jetty.io.ManagedSelector$Start@6150c3ec on ManagedSelector@c730b35{STARTING} id=3 keys=0 selected=0 updates=0
2020-06-27 18:24:45,203 DEBUG o.e.j.u.t.s.EatWhatYouKill [qtp433287555-17] EatWhatYouKill@6c6cb480/SelectorProducer@3c46e67a/IDLE/p=false/QueuedThreadPool[qtp433287555]@19d37183{STARTED,8<=8<=200,i=4,r=8,q=0}[ReservedThreadExecutor@5ffead27{s=0/8,p=0}][pc=0,pic=0,pec=0,epc=0]@2020-06-27T18:24:45.203+08:00 tryProduce false
2020-06-27 18:24:45,203 DEBUG o.e.j.i.ManagedSelector$SelectorProducer [qtp433287555-17] updateable 1
2020-06-27 18:24:45,203 DEBUG o.e.j.i.ManagedSelector$SelectorProducer [qtp433287555-17] update org.eclipse.jetty.io.ManagedSelector$Start@6150c3ec
2020-06-27 18:24:45,203 DEBUG o.e.j.i.ManagedSelector$SelectorProducer [qtp433287555-17] updates 0
2020-06-27 18:24:45,203 DEBUG o.e.j.u.c.AbstractLifeCycle [main] STARTED @2143ms ManagedSelector@c730b35{STARTED} id=3 keys=0 selected=0 updates=0
2020-06-27 18:24:45,203 DEBUG o.e.j.i.ManagedSelector$SelectorProducer [qtp433287555-17] Selector sun.nio.ch.WindowsSelectorImpl@41b69140 waiting with 0 keys
2020-06-27 18:24:45,203 DEBUG o.e.j.u.c.AbstractLifeCycle [main] STARTED @2143ms SelectorManager@ServerConnector@96def03{HTTP/1.1,[http/1.1]}{0.0.0.0:8080}
2020-06-27 18:24:45,205 DEBUG o.e.j.u.c.ContainerLifeCycle [main] ServerConnector@96def03{HTTP/1.1,[http/1.1]}{0.0.0.0:8080} added {acceptor-0@dd05255,POJO}
2020-06-27 18:24:45,205 DEBUG o.e.j.u.t.QueuedThreadPool [main] queue acceptor-0@dd05255 startThread=false
2020-06-27 18:24:45,205 DEBUG o.e.j.u.t.QueuedThreadPool$Runner [qtp433287555-18] run acceptor-0@dd05255 in QueuedThreadPool[qtp433287555]@19d37183{STARTED,8<=8<=200,i=3,r=8,q=0}[ReservedThreadExecutor@5ffead27{s=0/8,p=0}]
2020-06-27 18:24:45,205 INFO o.e.j.s.AbstractConnector [main] Started ServerConnector@96def03{HTTP/1.1,[http/1.1]}{0.0.0.0:8080}
2020-06-27 18:24:45,205 DEBUG o.e.j.u.c.AbstractLifeCycle [main] STARTED @2145ms ServerConnector@96def03{HTTP/1.1,[http/1.1]}{0.0.0.0:8080}
2020-06-27 18:24:45,205 INFO o.e.j.s.Server [main] Started @2145ms
2020-06-27 18:24:45,206 DEBUG o.e.j.u.c.AbstractLifeCycle [main] STARTED @2145ms Server@7ea37dbf{STARTED}[9.4.19.v20190610]
