2020-06-27 17:28:38,326 DEBUG o.e.j.u.l.Log [main] Logging to org.apache.logging.slf4j.Log4jLogger@61009542 via org.eclipse.jetty.util.log.Slf4jLog
2020-06-27 17:28:38,331 INFO o.e.j.u.l.Log [main] Logging initialized @1761ms to org.eclipse.jetty.util.log.Slf4jLog
2020-06-27 17:28:38,385 DEBUG o.e.j.u.DecoratedObjectFactory [main] Adding Decorator: org.eclipse.jetty.util.DeprecationWarning@3901d134
2020-06-27 17:28:38,395 DEBUG o.e.j.u.c.ContainerLifeCycle [main] o.e.j.s.ServletContextHandler@647fd8ce{/,null,UNAVAILABLE} added {org.eclipse.jetty.server.session.SessionHandler22671767==dftMaxIdleSec=-1,MANAGED}
2020-06-27 17:28:38,400 DEBUG o.e.j.u.c.ContainerLifeCycle [main] org.eclipse.jetty.server.session.SessionHandler22671767==dftMaxIdleSec=-1 added {ServletHandler@778d1062{STOPPED},MANAGED}
2020-06-27 17:28:38,419 DEBUG o.e.j.u.c.ContainerLifeCycle [main] Server@4a22f9e2{STOPPED}[9.4.19.v20190610] added {QueuedThreadPool[qtp1704629915]@659a969b{STOPPED,8<=0<=200,i=0,r=-1,q=0}[NO_TRY],AUTO}
2020-06-27 17:28:38,439 DEBUG o.e.j.u.c.ContainerLifeCycle [main] HttpConnectionFactory@2f7298b[HTTP/1.1] added {HttpConfiguration@188715b5{32768/8192,8192/8192,https://:0,[]},POJO}
2020-06-27 17:28:38,442 DEBUG o.e.j.u.c.ContainerLifeCycle [main] ServerConnector@1dde4cb2{null,[]}{0.0.0.0:0} added {Server@4a22f9e2{STOPPED}[9.4.19.v20190610],UNMANAGED}
2020-06-27 17:28:38,442 DEBUG o.e.j.u.c.ContainerLifeCycle [main] ServerConnector@1dde4cb2{null,[]}{0.0.0.0:0} added {QueuedThreadPool[qtp1704629915]@659a969b{STOPPED,8<=0<=200,i=0,r=-1,q=0}[NO_TRY],AUTO}
2020-06-27 17:28:38,442 DEBUG o.e.j.u.c.ContainerLifeCycle [main] ServerConnector@1dde4cb2{null,[]}{0.0.0.0:0} added {ScheduledExecutorScheduler@5f058f00{STOPPED},AUTO}
2020-06-27 17:28:38,443 DEBUG o.e.j.u.c.ContainerLifeCycle [main] ServerConnector@1dde4cb2{null,[]}{0.0.0.0:0} added {org.eclipse.jetty.io.ArrayByteBufferPool@192d43ce,POJO}
2020-06-27 17:28:38,443 DEBUG o.e.j.u.c.ContainerLifeCycle [main] ServerConnector@1dde4cb2{null,[http/1.1]}{0.0.0.0:0} added {HttpConnectionFactory@2f7298b[HTTP/1.1],AUTO}
2020-06-27 17:28:38,443 DEBUG o.e.j.s.AbstractConnector [main] ServerConnector@1dde4cb2{HTTP/1.1,[http/1.1]}{0.0.0.0:0} added HttpConnectionFactory@2f7298b[HTTP/1.1]
2020-06-27 17:28:38,446 DEBUG o.e.j.u.c.ContainerLifeCycle [main] ServerConnector@1dde4cb2{HTTP/1.1,[http/1.1]}{0.0.0.0:0} added {SelectorManager@ServerConnector@1dde4cb2{HTTP/1.1,[http/1.1]}{0.0.0.0:0},MANAGED}
2020-06-27 17:28:38,447 DEBUG o.e.j.u.c.ContainerLifeCycle [main] Server@4a22f9e2{STOPPED}[9.4.19.v20190610] added {ServerConnector@1dde4cb2{HTTP/1.1,[http/1.1]}{0.0.0.0:8080},AUTO}
2020-06-27 17:28:38,447 DEBUG o.e.j.u.c.ContainerLifeCycle [main] Server@4a22f9e2{STOPPED}[9.4.19.v20190610] added {o.e.j.s.ServletContextHandler@647fd8ce{/base,null,UNAVAILABLE},MANAGED}
2020-06-27 17:28:38,447 DEBUG o.e.j.u.c.AbstractLifeCycle [main] starting Server@4a22f9e2{STOPPED}[9.4.19.v20190610]
2020-06-27 17:28:38,449 DEBUG o.e.j.u.c.ContainerLifeCycle [main] Server@4a22f9e2{STARTING}[9.4.19.v20190610] added {ErrorHandler@dbf57b3{STOPPED},AUTO}
2020-06-27 17:28:38,450 INFO o.e.j.s.Server [main] jetty-9.4.19.v20190610; built: 2019-06-10T16:30:51.723Z; git: afcf563148970e98786327af5e07c261fda175d3; jvm 1.8.0_201-b09
2020-06-27 17:28:38,459 DEBUG o.e.j.s.h.AbstractHandler [main] starting Server@4a22f9e2{STARTING}[9.4.19.v20190610]
2020-06-27 17:28:38,459 DEBUG o.e.j.u.c.AbstractLifeCycle [main] starting QueuedThreadPool[qtp1704629915]@659a969b{STOPPED,8<=0<=200,i=0,r=-1,q=0}[NO_TRY]
2020-06-27 17:28:38,461 DEBUG o.e.j.u.t.ReservedThreadExecutor [main] ReservedThreadExecutor@4f18837a{s=0/8,p=0}
2020-06-27 17:28:38,461 DEBUG o.e.j.u.c.ContainerLifeCycle [main] QueuedThreadPool[qtp1704629915]@659a969b{STARTING,8<=0<=200,i=0,r=-1,q=0}[ReservedThreadExecutor@4f18837a{s=0/8,p=0}] added {ReservedThreadExecutor@4f18837a{s=0/8,p=0},AUTO}
2020-06-27 17:28:38,462 DEBUG o.e.j.u.c.AbstractLifeCycle [main] starting ReservedThreadExecutor@4f18837a{s=0/8,p=0}
2020-06-27 17:28:38,467 DEBUG o.e.j.u.c.AbstractLifeCycle [main] STARTED @1897ms ReservedThreadExecutor@4f18837a{s=0/8,p=0}
2020-06-27 17:28:38,468 DEBUG o.e.j.u.t.QueuedThreadPool [main] Starting Thread[qtp1704629915-14,5,main]
2020-06-27 17:28:38,468 DEBUG o.e.j.u.t.QueuedThreadPool [main] Starting Thread[qtp1704629915-15,5,main]
2020-06-27 17:28:38,468 DEBUG o.e.j.u.t.QueuedThreadPool [main] Starting Thread[qtp1704629915-16,5,main]
2020-06-27 17:28:38,468 DEBUG o.e.j.u.t.QueuedThreadPool [main] Starting Thread[qtp1704629915-17,5,main]
2020-06-27 17:28:38,468 DEBUG o.e.j.u.t.QueuedThreadPool$Runner [qtp1704629915-14] Runner started for QueuedThreadPool[qtp1704629915]@659a969b{STARTING,8<=3<=200,i=0,r=-1,q=0}[ReservedThreadExecutor@4f18837a{s=0/8,p=0}]
2020-06-27 17:28:38,469 DEBUG o.e.j.u.t.QueuedThreadPool$Runner [qtp1704629915-15] Runner started for QueuedThreadPool[qtp1704629915]@659a969b{STARTING,8<=3<=200,i=0,r=-1,q=0}[ReservedThreadExecutor@4f18837a{s=0/8,p=0}]
2020-06-27 17:28:38,469 DEBUG o.e.j.u.t.QueuedThreadPool [main] Starting Thread[qtp1704629915-18,5,main]
2020-06-27 17:28:38,469 DEBUG o.e.j.u.t.QueuedThreadPool$Runner [qtp1704629915-16] Runner started for QueuedThreadPool[qtp1704629915]@659a969b{STARTING,8<=4<=200,i=0,r=-1,q=0}[ReservedThreadExecutor@4f18837a{s=0/8,p=0}]
2020-06-27 17:28:38,469 DEBUG o.e.j.u.t.QueuedThreadPool [main] Starting Thread[qtp1704629915-19,5,main]
2020-06-27 17:28:38,475 DEBUG o.e.j.u.t.QueuedThreadPool$Runner [qtp1704629915-17] Runner started for QueuedThreadPool[qtp1704629915]@659a969b{STARTING,8<=5<=200,i=2,r=-1,q=0}[ReservedThreadExecutor@4f18837a{s=0/8,p=0}]
2020-06-27 17:28:38,475 DEBUG o.e.j.u.t.QueuedThreadPool$Runner [qtp1704629915-18] Runner started for QueuedThreadPool[qtp1704629915]@659a969b{STARTING,8<=6<=200,i=3,r=-1,q=0}[ReservedThreadExecutor@4f18837a{s=0/8,p=0}]
2020-06-27 17:28:38,475 DEBUG o.e.j.u.t.QueuedThreadPool [main] Starting Thread[qtp1704629915-20,5,main]
2020-06-27 17:28:38,476 DEBUG o.e.j.u.t.QueuedThreadPool [main] Starting Thread[qtp1704629915-21,5,main]
2020-06-27 17:28:38,476 DEBUG o.e.j.u.t.QueuedThreadPool$Runner [qtp1704629915-19] Runner started for QueuedThreadPool[qtp1704629915]@659a969b{STARTING,8<=7<=200,i=5,r=-1,q=0}[ReservedThreadExecutor@4f18837a{s=0/8,p=0}]
2020-06-27 17:28:38,476 DEBUG o.e.j.u.t.QueuedThreadPool$Runner [qtp1704629915-20] Runner started for QueuedThreadPool[qtp1704629915]@659a969b{STARTING,8<=8<=200,i=5,r=-1,q=0}[ReservedThreadExecutor@4f18837a{s=0/8,p=0}]
2020-06-27 17:28:38,476 DEBUG o.e.j.u.c.AbstractLifeCycle [main] STARTED @1906ms QueuedThreadPool[qtp1704629915]@659a969b{STARTED,8<=8<=200,i=6,r=8,q=0}[ReservedThreadExecutor@4f18837a{s=0/8,p=0}]
2020-06-27 17:28:38,476 DEBUG o.e.j.u.t.QueuedThreadPool$Runner [qtp1704629915-21] Runner started for QueuedThreadPool[qtp1704629915]@659a969b{STARTED,8<=8<=200,i=6,r=8,q=0}[ReservedThreadExecutor@4f18837a{s=0/8,p=0}]
2020-06-27 17:28:38,476 DEBUG o.e.j.u.c.AbstractLifeCycle [main] starting o.e.j.s.ServletContextHandler@647fd8ce{/base,null,UNAVAILABLE}
2020-06-27 17:28:38,480 DEBUG o.e.j.h.PreEncodedHttpField [main] HttpField encoders loaded: [org.eclipse.jetty.http.Http1FieldPreEncoder@6c64cb25]
2020-06-27 17:28:38,486 DEBUG o.e.j.s.h.AbstractHandler [main] starting o.e.j.s.ServletContextHandler@647fd8ce{/base,null,STARTING}
2020-06-27 17:28:38,486 DEBUG o.e.j.u.c.AbstractLifeCycle [main] starting org.eclipse.jetty.server.session.SessionHandler22671767==dftMaxIdleSec=-1
2020-06-27 17:28:38,489 DEBUG o.e.j.u.c.ContainerLifeCycle [main] org.eclipse.jetty.server.session.SessionHandler22671767==dftMaxIdleSec=-1 added {org.eclipse.jetty.server.session.DefaultSessionCache@158d2680[evict=-1,removeUnloadable=false,saveOnCreate=false,saveOnInactiveEvict=false],AUTO}
2020-06-27 17:28:38,490 DEBUG o.e.j.u.c.ContainerLifeCycle [main] org.eclipse.jetty.server.session.DefaultSessionCache@158d2680[evict=-1,removeUnloadable=false,saveOnCreate=false,saveOnInactiveEvict=false] added {org.eclipse.jetty.server.session.NullSessionDataStore@1623b78d[passivating=false,graceSec=3600],AUTO}
2020-06-27 17:28:38,491 DEBUG o.e.j.u.c.AbstractLifeCycle [main] starting DefaultSessionIdManager@4550bb58{STOPPED}[worker=null]
2020-06-27 17:28:38,491 INFO o.e.j.s.s.DefaultSessionIdManager [main] DefaultSessionIdManager workerName=node0
2020-06-27 17:28:38,491 INFO o.e.j.s.s.DefaultSessionIdManager [main] No SessionScavenger set, using defaults
2020-06-27 17:28:38,492 DEBUG o.e.j.u.c.ContainerLifeCycle [main] DefaultSessionIdManager@4550bb58{STARTING}[worker=node0] added {HouseKeeper@49139829{STOPPED}[interval=600000, ownscheduler=false],MANAGED}
2020-06-27 17:28:38,492 DEBUG o.e.j.u.c.AbstractLifeCycle [main] starting HouseKeeper@49139829{STOPPED}[interval=600000, ownscheduler=false]
2020-06-27 17:28:38,493 DEBUG o.e.j.u.c.AbstractLifeCycle [main] starting ScheduledExecutorScheduler@9597028{STOPPED}
2020-06-27 17:28:38,494 DEBUG o.e.j.u.c.AbstractLifeCycle [main] STARTED @1923ms ScheduledExecutorScheduler@9597028{STARTED}
2020-06-27 17:28:38,494 DEBUG o.e.j.s.s.HouseKeeper [main] Using own scheduler for scavenging
2020-06-27 17:28:38,494 INFO o.e.j.s.s.HouseKeeper [main] node0 Scavenging every 660000ms
2020-06-27 17:28:38,496 DEBUG o.e.j.u.c.AbstractLifeCycle [main] STARTED @1925ms HouseKeeper@49139829{STARTED}[interval=660000, ownscheduler=true]
2020-06-27 17:28:38,496 DEBUG o.e.j.u.c.AbstractLifeCycle [main] STARTED @1925ms DefaultSessionIdManager@4550bb58{STARTED}[worker=node0]
2020-06-27 17:28:38,496 DEBUG o.e.j.u.c.ContainerLifeCycle [main] Server@4a22f9e2{STARTING}[9.4.19.v20190610] added {DefaultSessionIdManager@4550bb58{STARTED}[worker=node0],MANAGED}
2020-06-27 17:28:38,496 DEBUG o.e.j.u.c.ContainerLifeCycle [main] org.eclipse.jetty.server.session.SessionHandler22671767==dftMaxIdleSec=-1 added {DefaultSessionIdManager@4550bb58{STARTED}[worker=node0],UNMANAGED}
2020-06-27 17:28:38,496 DEBUG o.e.j.u.c.AbstractLifeCycle [main] starting ScheduledExecutorScheduler@2f9f7dcf{STOPPED}
2020-06-27 17:28:38,497 DEBUG o.e.j.u.c.AbstractLifeCycle [main] STARTED @1926ms ScheduledExecutorScheduler@2f9f7dcf{STARTED}
2020-06-27 17:28:38,497 DEBUG o.e.j.s.h.AbstractHandler [main] starting org.eclipse.jetty.server.session.SessionHandler22671767==dftMaxIdleSec=-1
2020-06-27 17:28:38,498 DEBUG o.e.j.u.c.AbstractLifeCycle [main] starting ServletHandler@778d1062{STOPPED}
2020-06-27 17:28:38,500 DEBUG o.e.j.s.ServletHandler [main] Path=/hi[EMBEDDED:null] mapped to servlet=com.demo.jetty.jettydemo1.HiServlet-3aefe5e5[EMBEDDED:null]
2020-06-27 17:28:38,501 DEBUG o.e.j.h.p.PathMappings [main] Added MappedResource[pathSpec=ServletPathSpec["/hi",pathDepth=1,group=EXACT],resource=com.demo.jetty.jettydemo1.HiServlet-3aefe5e5@38434de6==com.demo.jetty.jettydemo1.HiServlet,jsp=null,order=-1,inst=true,async=true] to PathMappings[size=1]
2020-06-27 17:28:38,501 DEBUG o.e.j.s.ServletHandler [main] Path=/hello[EMBEDDED:null] mapped to servlet=com.demo.jetty.jettydemo1.HelloServlet-7f552bd3[EMBEDDED:null]
2020-06-27 17:28:38,502 DEBUG o.e.j.h.p.PathMappings [main] Added MappedResource[pathSpec=ServletPathSpec["/hello",pathDepth=1,group=EXACT],resource=com.demo.jetty.jettydemo1.HelloServlet-7f552bd3@1a8262ba==com.demo.jetty.jettydemo1.HelloServlet,jsp=null,order=-1,inst=true,async=true] to PathMappings[size=2]
2020-06-27 17:28:38,502 DEBUG o.e.j.s.ServletHandler [main] filterNameMap={}
2020-06-27 17:28:38,502 DEBUG o.e.j.s.ServletHandler [main] pathFilters=null
2020-06-27 17:28:38,502 DEBUG o.e.j.s.ServletHandler [main] servletFilterMap=null
2020-06-27 17:28:38,502 DEBUG o.e.j.s.ServletHandler [main] servletPathMap=PathMappings[size=2]
2020-06-27 17:28:38,502 DEBUG o.e.j.s.ServletHandler [main] servletNameMap={com.demo.jetty.jettydemo1.HiServlet-3aefe5e5=com.demo.jetty.jettydemo1.HiServlet-3aefe5e5@38434de6==com.demo.jetty.jettydemo1.HiServlet,jsp=null,order=-1,inst=true,async=true, com.demo.jetty.jettydemo1.HelloServlet-7f552bd3=com.demo.jetty.jettydemo1.HelloServlet-7f552bd3@1a8262ba==com.demo.jetty.jettydemo1.HelloServlet,jsp=null,order=-1,inst=true,async=true}
2020-06-27 17:28:38,502 DEBUG o.e.j.s.ServletHandler [main] Adding Default404Servlet to ServletHandler@778d1062{STARTING}
2020-06-27 17:28:38,503 DEBUG o.e.j.s.ServletHandler [main] Path=/hi[EMBEDDED:null] mapped to servlet=com.demo.jetty.jettydemo1.HiServlet-3aefe5e5[EMBEDDED:null]
2020-06-27 17:28:38,503 DEBUG o.e.j.h.p.PathMappings [main] Added MappedResource[pathSpec=ServletPathSpec["/hi",pathDepth=1,group=EXACT],resource=com.demo.jetty.jettydemo1.HiServlet-3aefe5e5@38434de6==com.demo.jetty.jettydemo1.HiServlet,jsp=null,order=-1,inst=true,async=true] to PathMappings[size=1]
2020-06-27 17:28:38,503 DEBUG o.e.j.s.ServletHandler [main] Path=/hello[EMBEDDED:null] mapped to servlet=com.demo.jetty.jettydemo1.HelloServlet-7f552bd3[EMBEDDED:null]
2020-06-27 17:28:38,503 DEBUG o.e.j.h.p.PathMappings [main] Added MappedResource[pathSpec=ServletPathSpec["/hello",pathDepth=1,group=EXACT],resource=com.demo.jetty.jettydemo1.HelloServlet-7f552bd3@1a8262ba==com.demo.jetty.jettydemo1.HelloServlet,jsp=null,order=-1,inst=true,async=true] to PathMappings[size=2]
2020-06-27 17:28:38,504 DEBUG o.e.j.s.ServletHandler [main] Path=/[EMBEDDED:null] mapped to servlet=org.eclipse.jetty.servlet.ServletHandler$Default404Servlet-3c19aaa5[EMBEDDED:null]
2020-06-27 17:28:38,504 DEBUG o.e.j.h.p.PathMappings [main] Added MappedResource[pathSpec=ServletPathSpec["/",pathDepth=-1,group=DEFAULT],resource=org.eclipse.jetty.servlet.ServletHandler$Default404Servlet-3c19aaa5@dafbe660==org.eclipse.jetty.servlet.ServletHandler$Default404Servlet,jsp=null,order=-1,inst=false,async=true] to PathMappings[size=3]
2020-06-27 17:28:38,504 DEBUG o.e.j.s.ServletHandler [main] filterNameMap={}
2020-06-27 17:28:38,504 DEBUG o.e.j.s.ServletHandler [main] pathFilters=null
2020-06-27 17:28:38,504 DEBUG o.e.j.s.ServletHandler [main] servletFilterMap=null
2020-06-27 17:28:38,504 DEBUG o.e.j.s.ServletHandler [main] servletPathMap=PathMappings[size=3]
2020-06-27 17:28:38,505 DEBUG o.e.j.s.ServletHandler [main] servletNameMap={com.demo.jetty.jettydemo1.HiServlet-3aefe5e5=com.demo.jetty.jettydemo1.HiServlet-3aefe5e5@38434de6==com.demo.jetty.jettydemo1.HiServlet,jsp=null,order=-1,inst=true,async=true, com.demo.jetty.jettydemo1.HelloServlet-7f552bd3=com.demo.jetty.jettydemo1.HelloServlet-7f552bd3@1a8262ba==com.demo.jetty.jettydemo1.HelloServlet,jsp=null,order=-1,inst=true,async=true, org.eclipse.jetty.servlet.ServletHandler$Default404Servlet-3c19aaa5=org.eclipse.jetty.servlet.ServletHandler$Default404Servlet-3c19aaa5@dafbe660==org.eclipse.jetty.servlet.ServletHandler$Default404Servlet,jsp=null,order=-1,inst=false,async=true}
2020-06-27 17:28:38,505 DEBUG o.e.j.s.h.AbstractHandler [main] starting ServletHandler@778d1062{STARTING}
2020-06-27 17:28:38,505 DEBUG o.e.j.u.c.AbstractLifeCycle [main] STARTED @1935ms ServletHandler@778d1062{STARTED}
2020-06-27 17:28:38,506 DEBUG o.e.j.u.c.AbstractLifeCycle [main] starting org.eclipse.jetty.server.session.DefaultSessionCache@158d2680[evict=-1,removeUnloadable=false,saveOnCreate=false,saveOnInactiveEvict=false]
2020-06-27 17:28:38,506 DEBUG o.e.j.u.c.AbstractLifeCycle [main] starting org.eclipse.jetty.server.session.NullSessionDataStore@1623b78d[passivating=false,graceSec=3600]
2020-06-27 17:28:38,506 DEBUG o.e.j.u.c.AbstractLifeCycle [main] STARTED @1935ms org.eclipse.jetty.server.session.NullSessionDataStore@1623b78d[passivating=false,graceSec=3600]
2020-06-27 17:28:38,506 DEBUG o.e.j.u.c.AbstractLifeCycle [main] STARTED @1936ms org.eclipse.jetty.server.session.DefaultSessionCache@158d2680[evict=-1,removeUnloadable=false,saveOnCreate=false,saveOnInactiveEvict=false]
2020-06-27 17:28:38,507 DEBUG o.e.j.u.c.AbstractLifeCycle [main] STARTED @1936ms org.eclipse.jetty.server.session.SessionHandler22671767==dftMaxIdleSec=-1
2020-06-27 17:28:38,510 DEBUG o.e.j.u.c.AbstractLifeCycle [main] starting com.demo.jetty.jettydemo1.HelloServlet-7f552bd3@1a8262ba==com.demo.jetty.jettydemo1.HelloServlet,jsp=null,order=-1,inst=true,async=true
2020-06-27 17:28:38,511 DEBUG o.e.j.u.c.AbstractLifeCycle [main] STARTED @1940ms com.demo.jetty.jettydemo1.HelloServlet-7f552bd3@1a8262ba==com.demo.jetty.jettydemo1.HelloServlet,jsp=null,order=-1,inst=true,async=true
2020-06-27 17:28:38,512 DEBUG o.e.j.s.ServletHolder [main] Servlet.init com.demo.jetty.jettydemo1.HelloServlet@2a4fb17b for com.demo.jetty.jettydemo1.HelloServlet-7f552bd3
2020-06-27 17:28:38,512 DEBUG o.e.j.u.c.AbstractLifeCycle [main] starting com.demo.jetty.jettydemo1.HiServlet-3aefe5e5@38434de6==com.demo.jetty.jettydemo1.HiServlet,jsp=null,order=-1,inst=true,async=true
2020-06-27 17:28:38,512 DEBUG o.e.j.u.c.AbstractLifeCycle [main] STARTED @1942ms com.demo.jetty.jettydemo1.HiServlet-3aefe5e5@38434de6==com.demo.jetty.jettydemo1.HiServlet,jsp=null,order=-1,inst=true,async=true
2020-06-27 17:28:38,513 DEBUG o.e.j.s.ServletHolder [main] Servlet.init com.demo.jetty.jettydemo1.HiServlet@5c6648b0 for com.demo.jetty.jettydemo1.HiServlet-3aefe5e5
2020-06-27 17:28:38,513 DEBUG o.e.j.u.c.AbstractLifeCycle [main] starting org.eclipse.jetty.servlet.ServletHandler$Default404Servlet-3c19aaa5@dafbe660==org.eclipse.jetty.servlet.ServletHandler$Default404Servlet,jsp=null,order=-1,inst=false,async=true
2020-06-27 17:28:38,513 DEBUG o.e.j.u.c.AbstractLifeCycle [main] STARTED @1943ms org.eclipse.jetty.servlet.ServletHandler$Default404Servlet-3c19aaa5@dafbe660==org.eclipse.jetty.servlet.ServletHandler$Default404Servlet,jsp=null,order=-1,inst=false,async=true
2020-06-27 17:28:38,513 INFO o.e.j.s.h.ContextHandler [main] Started o.e.j.s.ServletContextHandler@647fd8ce{/base,null,AVAILABLE}
2020-06-27 17:28:38,513 DEBUG o.e.j.u.c.AbstractLifeCycle [main] STARTED @1943ms o.e.j.s.ServletContextHandler@647fd8ce{/base,null,AVAILABLE}
2020-06-27 17:28:38,514 DEBUG o.e.j.u.c.AbstractLifeCycle [main] starting ErrorHandler@dbf57b3{STOPPED}
2020-06-27 17:28:38,514 DEBUG o.e.j.s.h.AbstractHandler [main] starting ErrorHandler@dbf57b3{STARTING}
2020-06-27 17:28:38,514 DEBUG o.e.j.u.c.AbstractLifeCycle [main] STARTED @1944ms ErrorHandler@dbf57b3{STARTED}
2020-06-27 17:28:38,514 DEBUG o.e.j.u.c.AbstractLifeCycle [main] starting ServerConnector@1dde4cb2{HTTP/1.1,[http/1.1]}{0.0.0.0:8080}
2020-06-27 17:28:38,517 DEBUG o.e.j.u.c.ContainerLifeCycle [main] ServerConnector@1dde4cb2{HTTP/1.1,[http/1.1]}{0.0.0.0:8080} added {sun.nio.ch.ServerSocketChannelImpl[/0:0:0:0:0:0:0:0:8080],POJO}
2020-06-27 17:28:38,518 DEBUG o.e.j.u.c.AbstractLifeCycle [main] starting ScheduledExecutorScheduler@5f058f00{STOPPED}
2020-06-27 17:28:38,518 DEBUG o.e.j.u.c.AbstractLifeCycle [main] STARTED @1948ms ScheduledExecutorScheduler@5f058f00{STARTED}
2020-06-27 17:28:38,518 DEBUG o.e.j.u.c.AbstractLifeCycle [main] starting HttpConnectionFactory@2f7298b[HTTP/1.1]
2020-06-27 17:28:38,518 DEBUG o.e.j.u.c.AbstractLifeCycle [main] STARTED @1948ms HttpConnectionFactory@2f7298b[HTTP/1.1]
2020-06-27 17:28:38,518 DEBUG o.e.j.u.c.AbstractLifeCycle [main] starting SelectorManager@ServerConnector@1dde4cb2{HTTP/1.1,[http/1.1]}{0.0.0.0:8080}
2020-06-27 17:28:38,529 DEBUG o.e.j.u.c.ContainerLifeCycle [main] EatWhatYouKill@3270d194/SelectorProducer@397fbdb/IDLE/p=false/QueuedThreadPool[qtp1704629915]@659a969b{STARTED,8<=8<=200,i=8,r=8,q=0}[ReservedThreadExecutor@4f18837a{s=0/8,p=0}][pc=0,pic=0,pec=0,epc=0]@2020-06-27T17:28:38.527+08:00 added {SelectorProducer@397fbdb,POJO}
2020-06-27 17:28:38,529 DEBUG o.e.j.u.c.ContainerLifeCycle [main] EatWhatYouKill@3270d194/SelectorProducer@397fbdb/IDLE/p=false/QueuedThreadPool[qtp1704629915]@659a969b{STARTED,8<=8<=200,i=8,r=8,q=0}[ReservedThreadExecutor@4f18837a{s=0/8,p=0}][pc=0,pic=0,pec=0,epc=0]@2020-06-27T17:28:38.529+08:00 added {QueuedThreadPool[qtp1704629915]@659a969b{STARTED,8<=8<=200,i=8,r=8,q=0}[ReservedThreadExecutor@4f18837a{s=0/8,p=0}],UNMANAGED}
2020-06-27 17:28:38,530 DEBUG o.e.j.u.t.s.EatWhatYouKill [main] EatWhatYouKill@3270d194/SelectorProducer@397fbdb/IDLE/p=false/QueuedThreadPool[qtp1704629915]@659a969b{STARTED,8<=8<=200,i=8,r=8,q=0}[ReservedThreadExecutor@4f18837a{s=0/8,p=0}][pc=0,pic=0,pec=0,epc=0]@2020-06-27T17:28:38.53+08:00 created
2020-06-27 17:28:38,530 DEBUG o.e.j.u.c.ContainerLifeCycle [main] ManagedSelector@6b2ea799{STOPPED} id=0 keys=-1 selected=-1 updates=0 added {EatWhatYouKill@3270d194/SelectorProducer@397fbdb/IDLE/p=false/QueuedThreadPool[qtp1704629915]@659a969b{STARTED,8<=8<=200,i=8,r=8,q=0}[ReservedThreadExecutor@4f18837a{s=0/8,p=0}][pc=0,pic=0,pec=0,epc=0]@2020-06-27T17:28:38.53+08:00,MANAGED}
2020-06-27 17:28:38,531 DEBUG o.e.j.u.c.ContainerLifeCycle [main] SelectorManager@ServerConnector@1dde4cb2{HTTP/1.1,[http/1.1]}{0.0.0.0:8080} added {ManagedSelector@6b2ea799{STOPPED} id=0 keys=-1 selected=-1 updates=0,AUTO}
2020-06-27 17:28:38,531 DEBUG o.e.j.u.c.ContainerLifeCycle [main] EatWhatYouKill@411f53a0/SelectorProducer@2b71e916/IDLE/p=false/QueuedThreadPool[qtp1704629915]@659a969b{STARTED,8<=8<=200,i=8,r=8,q=0}[ReservedThreadExecutor@4f18837a{s=0/8,p=0}][pc=0,pic=0,pec=0,epc=0]@2020-06-27T17:28:38.531+08:00 added {SelectorProducer@2b71e916,POJO}
2020-06-27 17:28:38,532 DEBUG o.e.j.u.c.ContainerLifeCycle [main] EatWhatYouKill@411f53a0/SelectorProducer@2b71e916/IDLE/p=false/QueuedThreadPool[qtp1704629915]@659a969b{STARTED,8<=8<=200,i=8,r=8,q=0}[ReservedThreadExecutor@4f18837a{s=0/8,p=0}][pc=0,pic=0,pec=0,epc=0]@2020-06-27T17:28:38.531+08:00 added {QueuedThreadPool[qtp1704629915]@659a969b{STARTED,8<=8<=200,i=8,r=8,q=0}[ReservedThreadExecutor@4f18837a{s=0/8,p=0}],UNMANAGED}
2020-06-27 17:28:38,532 DEBUG o.e.j.u.t.s.EatWhatYouKill [main] EatWhatYouKill@411f53a0/SelectorProducer@2b71e916/IDLE/p=false/QueuedThreadPool[qtp1704629915]@659a969b{STARTED,8<=8<=200,i=8,r=8,q=0}[ReservedThreadExecutor@4f18837a{s=0/8,p=0}][pc=0,pic=0,pec=0,epc=0]@2020-06-27T17:28:38.532+08:00 created
2020-06-27 17:28:38,532 DEBUG o.e.j.u.c.ContainerLifeCycle [main] ManagedSelector@36fc695d{STOPPED} id=1 keys=-1 selected=-1 updates=0 added {EatWhatYouKill@411f53a0/SelectorProducer@2b71e916/IDLE/p=false/QueuedThreadPool[qtp1704629915]@659a969b{STARTED,8<=8<=200,i=8,r=8,q=0}[ReservedThreadExecutor@4f18837a{s=0/8,p=0}][pc=0,pic=0,pec=0,epc=0]@2020-06-27T17:28:38.532+08:00,MANAGED}
2020-06-27 17:28:38,533 DEBUG o.e.j.u.c.ContainerLifeCycle [main] SelectorManager@ServerConnector@1dde4cb2{HTTP/1.1,[http/1.1]}{0.0.0.0:8080} added {ManagedSelector@36fc695d{STOPPED} id=1 keys=-1 selected=-1 updates=0,AUTO}
2020-06-27 17:28:38,533 DEBUG o.e.j.u.c.ContainerLifeCycle [main] EatWhatYouKill@28701274/SelectorProducer@13c9d689/IDLE/p=false/QueuedThreadPool[qtp1704629915]@659a969b{STARTED,8<=8<=200,i=8,r=8,q=0}[ReservedThreadExecutor@4f18837a{s=0/8,p=0}][pc=0,pic=0,pec=0,epc=0]@2020-06-27T17:28:38.533+08:00 added {SelectorProducer@13c9d689,POJO}
2020-06-27 17:28:38,534 DEBUG o.e.j.u.c.ContainerLifeCycle [main] EatWhatYouKill@28701274/SelectorProducer@13c9d689/IDLE/p=false/QueuedThreadPool[qtp1704629915]@659a969b{STARTED,8<=8<=200,i=8,r=8,q=0}[ReservedThreadExecutor@4f18837a{s=0/8,p=0}][pc=0,pic=0,pec=0,epc=0]@2020-06-27T17:28:38.533+08:00 added {QueuedThreadPool[qtp1704629915]@659a969b{STARTED,8<=8<=200,i=8,r=8,q=0}[ReservedThreadExecutor@4f18837a{s=0/8,p=0}],UNMANAGED}
2020-06-27 17:28:38,534 DEBUG o.e.j.u.t.s.EatWhatYouKill [main] EatWhatYouKill@28701274/SelectorProducer@13c9d689/IDLE/p=false/QueuedThreadPool[qtp1704629915]@659a969b{STARTED,8<=8<=200,i=8,r=8,q=0}[ReservedThreadExecutor@4f18837a{s=0/8,p=0}][pc=0,pic=0,pec=0,epc=0]@2020-06-27T17:28:38.534+08:00 created
2020-06-27 17:28:38,535 DEBUG o.e.j.u.c.ContainerLifeCycle [main] ManagedSelector@3754a4bf{STOPPED} id=2 keys=-1 selected=-1 updates=0 added {EatWhatYouKill@28701274/SelectorProducer@13c9d689/IDLE/p=false/QueuedThreadPool[qtp1704629915]@659a969b{STARTED,8<=8<=200,i=8,r=8,q=0}[ReservedThreadExecutor@4f18837a{s=0/8,p=0}][pc=0,pic=0,pec=0,epc=0]@2020-06-27T17:28:38.534+08:00,MANAGED}
2020-06-27 17:28:38,535 DEBUG o.e.j.u.c.ContainerLifeCycle [main] SelectorManager@ServerConnector@1dde4cb2{HTTP/1.1,[http/1.1]}{0.0.0.0:8080} added {ManagedSelector@3754a4bf{STOPPED} id=2 keys=-1 selected=-1 updates=0,AUTO}
2020-06-27 17:28:38,536 DEBUG o.e.j.u.c.ContainerLifeCycle [main] EatWhatYouKill@62379589/SelectorProducer@4afcd809/IDLE/p=false/QueuedThreadPool[qtp1704629915]@659a969b{STARTED,8<=8<=200,i=8,r=8,q=0}[ReservedThreadExecutor@4f18837a{s=0/8,p=0}][pc=0,pic=0,pec=0,epc=0]@2020-06-27T17:28:38.535+08:00 added {SelectorProducer@4afcd809,POJO}
2020-06-27 17:28:38,536 DEBUG o.e.j.u.c.ContainerLifeCycle [main] EatWhatYouKill@62379589/SelectorProducer@4afcd809/IDLE/p=false/QueuedThreadPool[qtp1704629915]@659a969b{STARTED,8<=8<=200,i=8,r=8,q=0}[ReservedThreadExecutor@4f18837a{s=0/8,p=0}][pc=0,pic=0,pec=0,epc=0]@2020-06-27T17:28:38.536+08:00 added {QueuedThreadPool[qtp1704629915]@659a969b{STARTED,8<=8<=200,i=8,r=8,q=0}[ReservedThreadExecutor@4f18837a{s=0/8,p=0}],UNMANAGED}
2020-06-27 17:28:38,536 DEBUG o.e.j.u.t.s.EatWhatYouKill [main] EatWhatYouKill@62379589/SelectorProducer@4afcd809/IDLE/p=false/QueuedThreadPool[qtp1704629915]@659a969b{STARTED,8<=8<=200,i=8,r=8,q=0}[ReservedThreadExecutor@4f18837a{s=0/8,p=0}][pc=0,pic=0,pec=0,epc=0]@2020-06-27T17:28:38.536+08:00 created
2020-06-27 17:28:38,537 DEBUG o.e.j.u.c.ContainerLifeCycle [main] ManagedSelector@175c2241{STOPPED} id=3 keys=-1 selected=-1 updates=0 added {EatWhatYouKill@62379589/SelectorProducer@4afcd809/IDLE/p=false/QueuedThreadPool[qtp1704629915]@659a969b{STARTED,8<=8<=200,i=8,r=8,q=0}[ReservedThreadExecutor@4f18837a{s=0/8,p=0}][pc=0,pic=0,pec=0,epc=0]@2020-06-27T17:28:38.537+08:00,MANAGED}
2020-06-27 17:28:38,537 DEBUG o.e.j.u.c.ContainerLifeCycle [main] SelectorManager@ServerConnector@1dde4cb2{HTTP/1.1,[http/1.1]}{0.0.0.0:8080} added {ManagedSelector@175c2241{STOPPED} id=3 keys=-1 selected=-1 updates=0,AUTO}
2020-06-27 17:28:38,537 DEBUG o.e.j.u.c.AbstractLifeCycle [main] starting ManagedSelector@6b2ea799{STOPPED} id=0 keys=-1 selected=-1 updates=0
2020-06-27 17:28:38,537 DEBUG o.e.j.u.c.AbstractLifeCycle [main] starting EatWhatYouKill@3270d194/SelectorProducer@397fbdb/IDLE/p=false/QueuedThreadPool[qtp1704629915]@659a969b{STARTED,8<=8<=200,i=8,r=8,q=0}[ReservedThreadExecutor@4f18837a{s=0/8,p=0}][pc=0,pic=0,pec=0,epc=0]@2020-06-27T17:28:38.537+08:00
2020-06-27 17:28:38,538 DEBUG o.e.j.u.c.AbstractLifeCycle [main] STARTED @1967ms EatWhatYouKill@3270d194/SelectorProducer@397fbdb/IDLE/p=false/QueuedThreadPool[qtp1704629915]@659a969b{STARTED,8<=8<=200,i=8,r=8,q=0}[ReservedThreadExecutor@4f18837a{s=0/8,p=0}][pc=0,pic=0,pec=0,epc=0]@2020-06-27T17:28:38.538+08:00
2020-06-27 17:28:38,546 DEBUG o.e.j.u.t.QueuedThreadPool$Runner [qtp1704629915-14] run org.eclipse.jetty.io.ManagedSelector$$Lambda$29/1423561005@23a49862 in QueuedThreadPool[qtp1704629915]@659a969b{STARTED,8<=8<=200,i=7,r=8,q=0}[ReservedThreadExecutor@4f18837a{s=0/8,p=0}]
2020-06-27 17:28:38,546 DEBUG o.e.j.u.t.QueuedThreadPool [main] queue org.eclipse.jetty.io.ManagedSelector$$Lambda$29/1423561005@23a49862 startThread=false
2020-06-27 17:28:38,546 DEBUG o.e.j.u.t.s.EatWhatYouKill [qtp1704629915-14] EatWhatYouKill@3270d194/SelectorProducer@397fbdb/IDLE/p=false/QueuedThreadPool[qtp1704629915]@659a969b{STARTED,8<=8<=200,i=7,r=8,q=0}[ReservedThreadExecutor@4f18837a{s=0/8,p=0}][pc=0,pic=0,pec=0,epc=0]@2020-06-27T17:28:38.546+08:00 tryProduce false
2020-06-27 17:28:38,547 DEBUG o.e.j.i.ManagedSelector [main] Queued change org.eclipse.jetty.io.ManagedSelector$Start@38425407 on ManagedSelector@6b2ea799{STARTING} id=0 keys=0 selected=0 updates=0
2020-06-27 17:28:38,548 DEBUG o.e.j.i.ManagedSelector$SelectorProducer [qtp1704629915-14] updateable 1
2020-06-27 17:28:38,549 DEBUG o.e.j.i.ManagedSelector$SelectorProducer [qtp1704629915-14] update org.eclipse.jetty.io.ManagedSelector$Start@38425407
2020-06-27 17:28:38,549 DEBUG o.e.j.i.ManagedSelector$SelectorProducer [qtp1704629915-14] updates 0
2020-06-27 17:28:38,549 DEBUG o.e.j.i.ManagedSelector$SelectorProducer [qtp1704629915-14] Selector sun.nio.ch.WindowsSelectorImpl@bca0f18 waiting with 0 keys
2020-06-27 17:28:38,549 DEBUG o.e.j.u.c.AbstractLifeCycle [main] STARTED @1978ms ManagedSelector@6b2ea799{STARTED} id=0 keys=0 selected=0 updates=0
2020-06-27 17:28:38,549 DEBUG o.e.j.u.c.AbstractLifeCycle [main] starting ManagedSelector@36fc695d{STOPPED} id=1 keys=-1 selected=-1 updates=0
2020-06-27 17:28:38,549 DEBUG o.e.j.u.c.AbstractLifeCycle [main] starting EatWhatYouKill@411f53a0/SelectorProducer@2b71e916/IDLE/p=false/QueuedThreadPool[qtp1704629915]@659a969b{STARTED,8<=8<=200,i=7,r=8,q=0}[ReservedThreadExecutor@4f18837a{s=0/8,p=0}][pc=0,pic=0,pec=0,epc=0]@2020-06-27T17:28:38.549+08:00
2020-06-27 17:28:38,550 DEBUG o.e.j.u.c.AbstractLifeCycle [main] STARTED @1979ms EatWhatYouKill@411f53a0/SelectorProducer@2b71e916/IDLE/p=false/QueuedThreadPool[qtp1704629915]@659a969b{STARTED,8<=8<=200,i=7,r=8,q=0}[ReservedThreadExecutor@4f18837a{s=0/8,p=0}][pc=0,pic=0,pec=0,epc=0]@2020-06-27T17:28:38.55+08:00
2020-06-27 17:28:38,551 DEBUG o.e.j.u.t.QueuedThreadPool [main] queue org.eclipse.jetty.io.ManagedSelector$$Lambda$29/1423561005@43bc63a3 startThread=false
2020-06-27 17:28:38,551 DEBUG o.e.j.u.t.QueuedThreadPool$Runner [qtp1704629915-15] run org.eclipse.jetty.io.ManagedSelector$$Lambda$29/1423561005@43bc63a3 in QueuedThreadPool[qtp1704629915]@659a969b{STARTED,8<=8<=200,i=6,r=8,q=0}[ReservedThreadExecutor@4f18837a{s=0/8,p=0}]
2020-06-27 17:28:38,551 DEBUG o.e.j.i.ManagedSelector [main] Queued change org.eclipse.jetty.io.ManagedSelector$Start@702657cc on ManagedSelector@36fc695d{STARTING} id=1 keys=0 selected=0 updates=0
2020-06-27 17:28:38,551 DEBUG o.e.j.u.t.s.EatWhatYouKill [qtp1704629915-15] EatWhatYouKill@411f53a0/SelectorProducer@2b71e916/IDLE/p=false/QueuedThreadPool[qtp1704629915]@659a969b{STARTED,8<=8<=200,i=6,r=8,q=0}[ReservedThreadExecutor@4f18837a{s=0/8,p=0}][pc=0,pic=0,pec=0,epc=0]@2020-06-27T17:28:38.551+08:00 tryProduce false
2020-06-27 17:28:38,551 DEBUG o.e.j.i.ManagedSelector$SelectorProducer [qtp1704629915-15] updateable 1
2020-06-27 17:28:38,551 DEBUG o.e.j.i.ManagedSelector$SelectorProducer [qtp1704629915-15] update org.eclipse.jetty.io.ManagedSelector$Start@702657cc
2020-06-27 17:28:38,551 DEBUG o.e.j.i.ManagedSelector$SelectorProducer [qtp1704629915-15] updates 0
2020-06-27 17:28:38,551 DEBUG o.e.j.u.c.AbstractLifeCycle [main] STARTED @1981ms ManagedSelector@36fc695d{STARTED} id=1 keys=0 selected=0 updates=0
2020-06-27 17:28:38,551 DEBUG o.e.j.i.ManagedSelector$SelectorProducer [qtp1704629915-15] Selector sun.nio.ch.WindowsSelectorImpl@5f2e1ad9 waiting with 0 keys
2020-06-27 17:28:38,552 DEBUG o.e.j.u.c.AbstractLifeCycle [main] starting ManagedSelector@3754a4bf{STOPPED} id=2 keys=-1 selected=-1 updates=0
2020-06-27 17:28:38,552 DEBUG o.e.j.u.c.AbstractLifeCycle [main] starting EatWhatYouKill@28701274/SelectorProducer@13c9d689/IDLE/p=false/QueuedThreadPool[qtp1704629915]@659a969b{STARTED,8<=8<=200,i=6,r=8,q=0}[ReservedThreadExecutor@4f18837a{s=0/8,p=0}][pc=0,pic=0,pec=0,epc=0]@2020-06-27T17:28:38.552+08:00
2020-06-27 17:28:38,552 DEBUG o.e.j.u.c.AbstractLifeCycle [main] STARTED @1981ms EatWhatYouKill@28701274/SelectorProducer@13c9d689/IDLE/p=false/QueuedThreadPool[qtp1704629915]@659a969b{STARTED,8<=8<=200,i=6,r=8,q=0}[ReservedThreadExecutor@4f18837a{s=0/8,p=0}][pc=0,pic=0,pec=0,epc=0]@2020-06-27T17:28:38.552+08:00
2020-06-27 17:28:38,553 DEBUG o.e.j.u.t.QueuedThreadPool [main] queue org.eclipse.jetty.io.ManagedSelector$$Lambda$29/1423561005@6a6cb05c startThread=false
2020-06-27 17:28:38,553 DEBUG o.e.j.u.t.QueuedThreadPool$Runner [qtp1704629915-16] run org.eclipse.jetty.io.ManagedSelector$$Lambda$29/1423561005@6a6cb05c in QueuedThreadPool[qtp1704629915]@659a969b{STARTED,8<=8<=200,i=5,r=8,q=0}[ReservedThreadExecutor@4f18837a{s=0/8,p=0}]
2020-06-27 17:28:38,553 DEBUG o.e.j.i.ManagedSelector [main] Queued change org.eclipse.jetty.io.ManagedSelector$Start@40a4337a on ManagedSelector@3754a4bf{STARTING} id=2 keys=0 selected=0 updates=0
2020-06-27 17:28:38,553 DEBUG o.e.j.u.t.s.EatWhatYouKill [qtp1704629915-16] EatWhatYouKill@28701274/SelectorProducer@13c9d689/IDLE/p=false/QueuedThreadPool[qtp1704629915]@659a969b{STARTED,8<=8<=200,i=5,r=8,q=0}[ReservedThreadExecutor@4f18837a{s=0/8,p=0}][pc=0,pic=0,pec=0,epc=0]@2020-06-27T17:28:38.553+08:00 tryProduce false
2020-06-27 17:28:38,553 DEBUG o.e.j.i.ManagedSelector$SelectorProducer [qtp1704629915-16] updateable 1
2020-06-27 17:28:38,554 DEBUG o.e.j.i.ManagedSelector$SelectorProducer [qtp1704629915-16] update org.eclipse.jetty.io.ManagedSelector$Start@40a4337a
2020-06-27 17:28:38,554 DEBUG o.e.j.i.ManagedSelector$SelectorProducer [qtp1704629915-16] updates 0
2020-06-27 17:28:38,554 DEBUG o.e.j.i.ManagedSelector$SelectorProducer [qtp1704629915-16] Selector sun.nio.ch.WindowsSelectorImpl@4edb490 waiting with 0 keys
2020-06-27 17:28:38,554 DEBUG o.e.j.u.c.AbstractLifeCycle [main] STARTED @1983ms ManagedSelector@3754a4bf{STARTED} id=2 keys=0 selected=0 updates=0
2020-06-27 17:28:38,554 DEBUG o.e.j.u.c.AbstractLifeCycle [main] starting ManagedSelector@175c2241{STOPPED} id=3 keys=-1 selected=-1 updates=0
2020-06-27 17:28:38,556 DEBUG o.e.j.u.c.AbstractLifeCycle [main] starting EatWhatYouKill@62379589/SelectorProducer@4afcd809/IDLE/p=false/QueuedThreadPool[qtp1704629915]@659a969b{STARTED,8<=8<=200,i=5,r=8,q=0}[ReservedThreadExecutor@4f18837a{s=0/8,p=0}][pc=0,pic=0,pec=0,epc=0]@2020-06-27T17:28:38.555+08:00
2020-06-27 17:28:38,556 DEBUG o.e.j.u.c.AbstractLifeCycle [main] STARTED @1985ms EatWhatYouKill@62379589/SelectorProducer@4afcd809/IDLE/p=false/QueuedThreadPool[qtp1704629915]@659a969b{STARTED,8<=8<=200,i=5,r=8,q=0}[ReservedThreadExecutor@4f18837a{s=0/8,p=0}][pc=0,pic=0,pec=0,epc=0]@2020-06-27T17:28:38.556+08:00
2020-06-27 17:28:38,558 DEBUG o.e.j.u.t.QueuedThreadPool [main] queue org.eclipse.jetty.io.ManagedSelector$$Lambda$29/1423561005@6025e1b6 startThread=false
2020-06-27 17:28:38,558 DEBUG o.e.j.u.t.QueuedThreadPool$Runner [qtp1704629915-17] run org.eclipse.jetty.io.ManagedSelector$$Lambda$29/1423561005@6025e1b6 in QueuedThreadPool[qtp1704629915]@659a969b{STARTED,8<=8<=200,i=4,r=8,q=0}[ReservedThreadExecutor@4f18837a{s=0/8,p=0}]
2020-06-27 17:28:38,558 DEBUG o.e.j.i.ManagedSelector [main] Queued change org.eclipse.jetty.io.ManagedSelector$Start@22ff4249 on ManagedSelector@175c2241{STARTING} id=3 keys=0 selected=0 updates=0
2020-06-27 17:28:38,558 DEBUG o.e.j.u.t.s.EatWhatYouKill [qtp1704629915-17] EatWhatYouKill@62379589/SelectorProducer@4afcd809/IDLE/p=false/QueuedThreadPool[qtp1704629915]@659a969b{STARTED,8<=8<=200,i=4,r=8,q=0}[ReservedThreadExecutor@4f18837a{s=0/8,p=0}][pc=0,pic=0,pec=0,epc=0]@2020-06-27T17:28:38.558+08:00 tryProduce false
2020-06-27 17:28:38,558 DEBUG o.e.j.i.ManagedSelector$SelectorProducer [qtp1704629915-17] updateable 1
2020-06-27 17:28:38,558 DEBUG o.e.j.i.ManagedSelector$SelectorProducer [qtp1704629915-17] update org.eclipse.jetty.io.ManagedSelector$Start@22ff4249
2020-06-27 17:28:38,559 DEBUG o.e.j.i.ManagedSelector$SelectorProducer [qtp1704629915-17] updates 0
2020-06-27 17:28:38,559 DEBUG o.e.j.u.c.AbstractLifeCycle [main] STARTED @1988ms ManagedSelector@175c2241{STARTED} id=3 keys=0 selected=0 updates=0
2020-06-27 17:28:38,559 DEBUG o.e.j.i.ManagedSelector$SelectorProducer [qtp1704629915-17] Selector sun.nio.ch.WindowsSelectorImpl@3842a010 waiting with 0 keys
2020-06-27 17:28:38,559 DEBUG o.e.j.u.c.AbstractLifeCycle [main] STARTED @1988ms SelectorManager@ServerConnector@1dde4cb2{HTTP/1.1,[http/1.1]}{0.0.0.0:8080}
2020-06-27 17:28:38,560 DEBUG o.e.j.u.c.ContainerLifeCycle [main] ServerConnector@1dde4cb2{HTTP/1.1,[http/1.1]}{0.0.0.0:8080} added {acceptor-0@327514f,POJO}
2020-06-27 17:28:38,561 DEBUG o.e.j.u.t.QueuedThreadPool [main] queue acceptor-0@327514f startThread=false
2020-06-27 17:28:38,561 DEBUG o.e.j.u.t.QueuedThreadPool$Runner [qtp1704629915-18] run acceptor-0@327514f in QueuedThreadPool[qtp1704629915]@659a969b{STARTED,8<=8<=200,i=3,r=8,q=0}[ReservedThreadExecutor@4f18837a{s=0/8,p=0}]
2020-06-27 17:28:38,561 INFO o.e.j.s.AbstractConnector [main] Started ServerConnector@1dde4cb2{HTTP/1.1,[http/1.1]}{0.0.0.0:8080}
2020-06-27 17:28:38,561 DEBUG o.e.j.u.c.AbstractLifeCycle [main] STARTED @1990ms ServerConnector@1dde4cb2{HTTP/1.1,[http/1.1]}{0.0.0.0:8080}
2020-06-27 17:28:38,561 INFO o.e.j.s.Server [main] Started @1991ms
2020-06-27 17:28:38,561 DEBUG o.e.j.u.c.AbstractLifeCycle [main] STARTED @1991ms Server@4a22f9e2{STARTED}[9.4.19.v20190610]
