2020-06-28 17:09:33,960 DEBUG o.e.j.u.l.Log [main] Logging to org.apache.logging.slf4j.Log4jLogger@7fe8ea47 via org.eclipse.jetty.util.log.Slf4jLog
2020-06-28 17:09:33,968 INFO o.e.j.u.l.Log [main] Logging initialized @1754ms to org.eclipse.jetty.util.log.Slf4jLog
2020-06-28 17:09:34,094 WARN o.e.j.s.h.ContextHandler [main] o.e.j.s.h.ContextHandler@358ee631{/,null,UNAVAILABLE} contextPath ends with /
2020-06-28 17:09:34,105 DEBUG o.e.j.u.c.ContainerLifeCycle [main] o.e.j.s.h.ContextHandler@358ee631{/test,null,UNAVAILABLE} added {WebSocketHandler@7b227d8d{STOPPED},MANAGED}
2020-06-28 17:09:34,127 DEBUG o.e.j.u.c.ContainerLifeCycle [main] Server@318ba8c8{STOPPED}[9.4.19.v20190610] added {QueuedThreadPool[qtp769429195]@2ddc8ecb{STOPPED,8<=0<=200,i=0,r=-1,q=0}[NO_TRY],AUTO}
2020-06-28 17:09:34,179 DEBUG o.e.j.u.c.ContainerLifeCycle [main] HttpConnectionFactory@659a969b[HTTP/1.1] added {HttpConfiguration@76908cc0{32768/8192,8192/8192,https://:0,[]},POJO}
2020-06-28 17:09:34,183 DEBUG o.e.j.u.c.ContainerLifeCycle [main] ServerConnector@6f96c77{null,[]}{0.0.0.0:0} added {Server@318ba8c8{STOPPED}[9.4.19.v20190610],UNMANAGED}
2020-06-28 17:09:34,183 DEBUG o.e.j.u.c.ContainerLifeCycle [main] ServerConnector@6f96c77{null,[]}{0.0.0.0:0} added {QueuedThreadPool[qtp769429195]@2ddc8ecb{STOPPED,8<=0<=200,i=0,r=-1,q=0}[NO_TRY],AUTO}
2020-06-28 17:09:34,184 DEBUG o.e.j.u.c.ContainerLifeCycle [main] ServerConnector@6f96c77{null,[]}{0.0.0.0:0} added {ScheduledExecutorScheduler@49d904ec{STOPPED},AUTO}
2020-06-28 17:09:34,184 DEBUG o.e.j.u.c.ContainerLifeCycle [main] ServerConnector@6f96c77{null,[]}{0.0.0.0:0} added {org.eclipse.jetty.io.ArrayByteBufferPool@48e4374,POJO}
2020-06-28 17:09:34,185 DEBUG o.e.j.u.c.ContainerLifeCycle [main] ServerConnector@6f96c77{null,[http/1.1]}{0.0.0.0:0} added {HttpConnectionFactory@659a969b[HTTP/1.1],AUTO}
2020-06-28 17:09:34,186 DEBUG o.e.j.s.AbstractConnector [main] ServerConnector@6f96c77{HTTP/1.1,[http/1.1]}{0.0.0.0:0} added HttpConnectionFactory@659a969b[HTTP/1.1]
2020-06-28 17:09:34,191 DEBUG o.e.j.u.c.ContainerLifeCycle [main] ServerConnector@6f96c77{HTTP/1.1,[http/1.1]}{0.0.0.0:0} added {SelectorManager@ServerConnector@6f96c77{HTTP/1.1,[http/1.1]}{0.0.0.0:0},MANAGED}
2020-06-28 17:09:34,192 DEBUG o.e.j.u.c.ContainerLifeCycle [main] Server@318ba8c8{STOPPED}[9.4.19.v20190610] added {ServerConnector@6f96c77{HTTP/1.1,[http/1.1]}{0.0.0.0:7778},AUTO}
2020-06-28 17:09:34,193 DEBUG o.e.j.u.c.ContainerLifeCycle [main] Server@318ba8c8{STOPPED}[9.4.19.v20190610] added {o.e.j.s.h.ContextHandler@358ee631{/test,null,UNAVAILABLE},MANAGED}
2020-06-28 17:09:34,193 DEBUG o.e.j.u.c.AbstractLifeCycle [main] starting Server@318ba8c8{STOPPED}[9.4.19.v20190610]
2020-06-28 17:09:34,197 DEBUG o.e.j.u.c.ContainerLifeCycle [main] Server@318ba8c8{STARTING}[9.4.19.v20190610] added {ErrorHandler@2e4b8173{STOPPED},AUTO}
2020-06-28 17:09:34,198 INFO o.e.j.s.Server [main] jetty-9.4.19.v20190610; built: 2019-06-10T16:30:51.723Z; git: afcf563148970e98786327af5e07c261fda175d3; jvm 1.8.0_201-b09
2020-06-28 17:09:34,212 DEBUG o.e.j.s.h.AbstractHandler [main] starting Server@318ba8c8{STARTING}[9.4.19.v20190610]
2020-06-28 17:09:34,212 DEBUG o.e.j.u.c.AbstractLifeCycle [main] starting QueuedThreadPool[qtp769429195]@2ddc8ecb{STOPPED,8<=0<=200,i=0,r=-1,q=0}[NO_TRY]
2020-06-28 17:09:34,215 DEBUG o.e.j.u.t.ReservedThreadExecutor [main] ReservedThreadExecutor@5e82df6a{s=0/8,p=0}
2020-06-28 17:09:34,216 DEBUG o.e.j.u.c.ContainerLifeCycle [main] QueuedThreadPool[qtp769429195]@2ddc8ecb{STARTING,8<=0<=200,i=0,r=-1,q=0}[ReservedThreadExecutor@5e82df6a{s=0/8,p=0}] added {ReservedThreadExecutor@5e82df6a{s=0/8,p=0},AUTO}
2020-06-28 17:09:34,216 DEBUG o.e.j.u.c.AbstractLifeCycle [main] starting ReservedThreadExecutor@5e82df6a{s=0/8,p=0}
2020-06-28 17:09:34,226 DEBUG o.e.j.u.c.AbstractLifeCycle [main] STARTED @2013ms ReservedThreadExecutor@5e82df6a{s=0/8,p=0}
2020-06-28 17:09:34,227 DEBUG o.e.j.u.t.QueuedThreadPool [main] Starting Thread[qtp769429195-14,5,main]
2020-06-28 17:09:34,227 DEBUG o.e.j.u.t.QueuedThreadPool [main] Starting Thread[qtp769429195-15,5,main]
2020-06-28 17:09:34,228 DEBUG o.e.j.u.t.QueuedThreadPool$Runner [qtp769429195-14] Runner started for QueuedThreadPool[qtp769429195]@2ddc8ecb{STARTING,8<=2<=200,i=0,r=-1,q=0}[ReservedThreadExecutor@5e82df6a{s=0/8,p=0}]
2020-06-28 17:09:34,228 DEBUG o.e.j.u.t.QueuedThreadPool [main] Starting Thread[qtp769429195-16,5,main]
2020-06-28 17:09:34,229 DEBUG o.e.j.u.t.QueuedThreadPool$Runner [qtp769429195-15] Runner started for QueuedThreadPool[qtp769429195]@2ddc8ecb{STARTING,8<=3<=200,i=0,r=-1,q=0}[ReservedThreadExecutor@5e82df6a{s=0/8,p=0}]
2020-06-28 17:09:34,229 DEBUG o.e.j.u.t.QueuedThreadPool [main] Starting Thread[qtp769429195-17,5,main]
2020-06-28 17:09:34,230 DEBUG o.e.j.u.t.QueuedThreadPool$Runner [qtp769429195-16] Runner started for QueuedThreadPool[qtp769429195]@2ddc8ecb{STARTING,8<=4<=200,i=1,r=-1,q=0}[ReservedThreadExecutor@5e82df6a{s=0/8,p=0}]
2020-06-28 17:09:34,230 DEBUG o.e.j.u.t.QueuedThreadPool [main] Starting Thread[qtp769429195-18,5,main]
2020-06-28 17:09:34,232 DEBUG o.e.j.u.t.QueuedThreadPool [main] Starting Thread[qtp769429195-19,5,main]
2020-06-28 17:09:34,232 DEBUG o.e.j.u.t.QueuedThreadPool$Runner [qtp769429195-17] Runner started for QueuedThreadPool[qtp769429195]@2ddc8ecb{STARTING,8<=5<=200,i=3,r=-1,q=0}[ReservedThreadExecutor@5e82df6a{s=0/8,p=0}]
2020-06-28 17:09:34,232 DEBUG o.e.j.u.t.QueuedThreadPool$Runner [qtp769429195-18] Runner started for QueuedThreadPool[qtp769429195]@2ddc8ecb{STARTING,8<=6<=200,i=3,r=-1,q=0}[ReservedThreadExecutor@5e82df6a{s=0/8,p=0}]
2020-06-28 17:09:34,233 DEBUG o.e.j.u.t.QueuedThreadPool [main] Starting Thread[qtp769429195-20,5,main]
2020-06-28 17:09:34,233 DEBUG o.e.j.u.t.QueuedThreadPool [main] Starting Thread[qtp769429195-21,5,main]
2020-06-28 17:09:34,233 DEBUG o.e.j.u.t.QueuedThreadPool$Runner [qtp769429195-19] Runner started for QueuedThreadPool[qtp769429195]@2ddc8ecb{STARTING,8<=7<=200,i=5,r=-1,q=0}[ReservedThreadExecutor@5e82df6a{s=0/8,p=0}]
2020-06-28 17:09:34,234 DEBUG o.e.j.u.t.QueuedThreadPool$Runner [qtp769429195-20] Runner started for QueuedThreadPool[qtp769429195]@2ddc8ecb{STARTING,8<=8<=200,i=5,r=-1,q=0}[ReservedThreadExecutor@5e82df6a{s=0/8,p=0}]
2020-06-28 17:09:34,243 DEBUG o.e.j.u.c.AbstractLifeCycle [main] STARTED @2020ms QueuedThreadPool[qtp769429195]@2ddc8ecb{STARTED,8<=8<=200,i=6,r=8,q=0}[ReservedThreadExecutor@5e82df6a{s=0/8,p=0}]
2020-06-28 17:09:34,243 DEBUG o.e.j.u.t.QueuedThreadPool$Runner [qtp769429195-21] Runner started for QueuedThreadPool[qtp769429195]@2ddc8ecb{STARTED,8<=8<=200,i=7,r=8,q=0}[ReservedThreadExecutor@5e82df6a{s=0/8,p=0}]
2020-06-28 17:09:34,244 DEBUG o.e.j.u.c.AbstractLifeCycle [main] starting o.e.j.s.h.ContextHandler@358ee631{/test,null,UNAVAILABLE}
2020-06-28 17:09:34,250 DEBUG o.e.j.h.PreEncodedHttpField [main] HttpField encoders loaded: [org.eclipse.jetty.http.Http1FieldPreEncoder@35ef1869]
2020-06-28 17:09:34,262 DEBUG o.e.j.s.h.AbstractHandler [main] starting o.e.j.s.h.ContextHandler@358ee631{/test,null,STARTING}
2020-06-28 17:09:34,262 DEBUG o.e.j.u.c.AbstractLifeCycle [main] starting WebSocketHandler@7b227d8d{STOPPED}
2020-06-28 17:09:34,300 DEBUG o.e.j.u.c.ContainerLifeCycle [main] WebSocketServerFactory@6e20b53a[defaultPolicy=WebSocketPolicy@3a93b025[behavior=SERVER,maxTextMessageSize=65536,maxTextMessageBufferSize=32768,maxBinaryMessageSize=65536,maxBinaryMessageBufferSize=32768,asyncWriteTimeout=60000,idleTimeout=300000,inputBufferSize=4096],creator=org.eclipse.jetty.websocket.server.WebSocketServerFactory] added {ScheduledExecutorScheduler@35cabb2a{STOPPED},AUTO}
2020-06-28 17:09:34,300 DEBUG o.e.j.u.c.ContainerLifeCycle [main] WebSocketServerFactory@6e20b53a[defaultPolicy=WebSocketPolicy@3a93b025[behavior=SERVER,maxTextMessageSize=65536,maxTextMessageBufferSize=32768,maxBinaryMessageSize=65536,maxBinaryMessageBufferSize=32768,asyncWriteTimeout=60000,idleTimeout=300000,inputBufferSize=4096],creator=org.eclipse.jetty.websocket.server.WebSocketServerFactory] added {org.eclipse.jetty.io.MappedByteBufferPool@7e07db1f,POJO}
2020-06-28 17:09:34,300 DEBUG o.e.j.u.c.ContainerLifeCycle [main] WebSocketServerFactory@6e20b53a[defaultPolicy=WebSocketPolicy@3a93b025[behavior=SERVER,maxTextMessageSize=65536,maxTextMessageBufferSize=32768,maxBinaryMessageSize=65536,maxBinaryMessageBufferSize=32768,asyncWriteTimeout=60000,idleTimeout=300000,inputBufferSize=4096],creator=org.eclipse.jetty.websocket.server.WebSocketServerFactory] added {SessionTracker@1189dd52{STOPPED},AUTO}
2020-06-28 17:09:34,301 DEBUG o.e.j.u.c.ContainerLifeCycle [main] WebSocketHandler@7b227d8d{STARTING} added {WebSocketServerFactory@6e20b53a[defaultPolicy=WebSocketPolicy@3a93b025[behavior=SERVER,maxTextMessageSize=65536,maxTextMessageBufferSize=32768,maxBinaryMessageSize=65536,maxBinaryMessageBufferSize=32768,asyncWriteTimeout=60000,idleTimeout=300000,inputBufferSize=4096],creator=org.eclipse.jetty.websocket.server.WebSocketServerFactory],AUTO}
2020-06-28 17:09:34,303 DEBUG o.e.j.s.h.AbstractHandler [main] starting WebSocketHandler@7b227d8d{STARTING}
2020-06-28 17:09:34,304 DEBUG o.e.j.u.c.AbstractLifeCycle [main] starting WebSocketServerFactory@6e20b53a[defaultPolicy=WebSocketPolicy@3a93b025[behavior=SERVER,maxTextMessageSize=65536,maxTextMessageBufferSize=32768,maxBinaryMessageSize=65536,maxBinaryMessageBufferSize=32768,asyncWriteTimeout=10000,idleTimeout=600000,inputBufferSize=4096],creator=com.demo.jetty.websocket.server2.demo3.MyAdvancedEchoCreator]
2020-06-28 17:09:34,305 DEBUG o.e.j.u.c.AbstractLifeCycle [main] starting ScheduledExecutorScheduler@35cabb2a{STOPPED}
2020-06-28 17:09:34,307 DEBUG o.e.j.u.c.AbstractLifeCycle [main] STARTED @2094ms ScheduledExecutorScheduler@35cabb2a{STARTED}
2020-06-28 17:09:34,308 DEBUG o.e.j.u.c.AbstractLifeCycle [main] starting SessionTracker@1189dd52{STOPPED}
2020-06-28 17:09:34,308 DEBUG o.e.j.u.c.AbstractLifeCycle [main] STARTED @2095ms SessionTracker@1189dd52{STARTED}
2020-06-28 17:09:34,309 DEBUG o.e.j.u.c.AbstractLifeCycle [main] STARTED @2095ms WebSocketServerFactory@6e20b53a[defaultPolicy=WebSocketPolicy@3a93b025[behavior=SERVER,maxTextMessageSize=65536,maxTextMessageBufferSize=32768,maxBinaryMessageSize=65536,maxBinaryMessageBufferSize=32768,asyncWriteTimeout=10000,idleTimeout=600000,inputBufferSize=4096],creator=com.demo.jetty.websocket.server2.demo3.MyAdvancedEchoCreator]
2020-06-28 17:09:34,309 DEBUG o.e.j.u.c.AbstractLifeCycle [main] STARTED @2096ms WebSocketHandler@7b227d8d{STARTED}
2020-06-28 17:09:34,310 INFO o.e.j.s.h.ContextHandler [main] Started o.e.j.s.h.ContextHandler@358ee631{/test,null,AVAILABLE}
2020-06-28 17:09:34,311 DEBUG o.e.j.u.c.AbstractLifeCycle [main] STARTED @2097ms o.e.j.s.h.ContextHandler@358ee631{/test,null,AVAILABLE}
2020-06-28 17:09:34,311 DEBUG o.e.j.u.c.AbstractLifeCycle [main] starting ErrorHandler@2e4b8173{STOPPED}
2020-06-28 17:09:34,312 DEBUG o.e.j.s.h.AbstractHandler [main] starting ErrorHandler@2e4b8173{STARTING}
2020-06-28 17:09:34,313 DEBUG o.e.j.u.c.AbstractLifeCycle [main] STARTED @2100ms ErrorHandler@2e4b8173{STARTED}
2020-06-28 17:09:34,314 DEBUG o.e.j.u.c.AbstractLifeCycle [main] starting ServerConnector@6f96c77{HTTP/1.1,[http/1.1]}{0.0.0.0:7778}
2020-06-28 17:09:34,319 DEBUG o.e.j.u.c.ContainerLifeCycle [main] ServerConnector@6f96c77{HTTP/1.1,[http/1.1]}{0.0.0.0:7778} added {sun.nio.ch.ServerSocketChannelImpl[/0:0:0:0:0:0:0:0:7778],POJO}
2020-06-28 17:09:34,322 DEBUG o.e.j.u.c.AbstractLifeCycle [main] starting ScheduledExecutorScheduler@49d904ec{STOPPED}
2020-06-28 17:09:34,324 DEBUG o.e.j.u.c.AbstractLifeCycle [main] STARTED @2110ms ScheduledExecutorScheduler@49d904ec{STARTED}
2020-06-28 17:09:34,324 DEBUG o.e.j.u.c.AbstractLifeCycle [main] starting HttpConnectionFactory@659a969b[HTTP/1.1]
2020-06-28 17:09:34,324 DEBUG o.e.j.u.c.AbstractLifeCycle [main] STARTED @2111ms HttpConnectionFactory@659a969b[HTTP/1.1]
2020-06-28 17:09:34,324 DEBUG o.e.j.u.c.AbstractLifeCycle [main] starting SelectorManager@ServerConnector@6f96c77{HTTP/1.1,[http/1.1]}{0.0.0.0:7778}
2020-06-28 17:09:34,350 DEBUG o.e.j.u.c.ContainerLifeCycle [main] EatWhatYouKill@5c33f1a9/SelectorProducer@747ddf94/IDLE/p=false/QueuedThreadPool[qtp769429195]@2ddc8ecb{STARTED,8<=8<=200,i=8,r=8,q=0}[ReservedThreadExecutor@5e82df6a{s=0/8,p=0}][pc=0,pic=0,pec=0,epc=0]@2020-06-28T17:09:34.344+08:00 added {SelectorProducer@747ddf94,POJO}
2020-06-28 17:09:34,351 DEBUG o.e.j.u.c.ContainerLifeCycle [main] EatWhatYouKill@5c33f1a9/SelectorProducer@747ddf94/IDLE/p=false/QueuedThreadPool[qtp769429195]@2ddc8ecb{STARTED,8<=8<=200,i=8,r=8,q=0}[ReservedThreadExecutor@5e82df6a{s=0/8,p=0}][pc=0,pic=0,pec=0,epc=0]@2020-06-28T17:09:34.351+08:00 added {QueuedThreadPool[qtp769429195]@2ddc8ecb{STARTED,8<=8<=200,i=8,r=8,q=0}[ReservedThreadExecutor@5e82df6a{s=0/8,p=0}],UNMANAGED}
2020-06-28 17:09:34,352 DEBUG o.e.j.u.t.s.EatWhatYouKill [main] EatWhatYouKill@5c33f1a9/SelectorProducer@747ddf94/IDLE/p=false/QueuedThreadPool[qtp769429195]@2ddc8ecb{STARTED,8<=8<=200,i=8,r=8,q=0}[ReservedThreadExecutor@5e82df6a{s=0/8,p=0}][pc=0,pic=0,pec=0,epc=0]@2020-06-28T17:09:34.352+08:00 created
2020-06-28 17:09:34,353 DEBUG o.e.j.u.c.ContainerLifeCycle [main] ManagedSelector@3c19aaa5{STOPPED} id=0 keys=-1 selected=-1 updates=0 added {EatWhatYouKill@5c33f1a9/SelectorProducer@747ddf94/IDLE/p=false/QueuedThreadPool[qtp769429195]@2ddc8ecb{STARTED,8<=8<=200,i=8,r=8,q=0}[ReservedThreadExecutor@5e82df6a{s=0/8,p=0}][pc=0,pic=0,pec=0,epc=0]@2020-06-28T17:09:34.353+08:00,MANAGED}
2020-06-28 17:09:34,354 DEBUG o.e.j.u.c.ContainerLifeCycle [main] SelectorManager@ServerConnector@6f96c77{HTTP/1.1,[http/1.1]}{0.0.0.0:7778} added {ManagedSelector@3c19aaa5{STOPPED} id=0 keys=-1 selected=-1 updates=0,AUTO}
2020-06-28 17:09:34,355 DEBUG o.e.j.u.c.ContainerLifeCycle [main] EatWhatYouKill@3349e9bb/SelectorProducer@409bf450/IDLE/p=false/QueuedThreadPool[qtp769429195]@2ddc8ecb{STARTED,8<=8<=200,i=8,r=8,q=0}[ReservedThreadExecutor@5e82df6a{s=0/8,p=0}][pc=0,pic=0,pec=0,epc=0]@2020-06-28T17:09:34.355+08:00 added {SelectorProducer@409bf450,POJO}
2020-06-28 17:09:34,357 DEBUG o.e.j.u.c.ContainerLifeCycle [main] EatWhatYouKill@3349e9bb/SelectorProducer@409bf450/IDLE/p=false/QueuedThreadPool[qtp769429195]@2ddc8ecb{STARTED,8<=8<=200,i=8,r=8,q=0}[ReservedThreadExecutor@5e82df6a{s=0/8,p=0}][pc=0,pic=0,pec=0,epc=0]@2020-06-28T17:09:34.356+08:00 added {QueuedThreadPool[qtp769429195]@2ddc8ecb{STARTED,8<=8<=200,i=8,r=8,q=0}[ReservedThreadExecutor@5e82df6a{s=0/8,p=0}],UNMANAGED}
2020-06-28 17:09:34,358 DEBUG o.e.j.u.t.s.EatWhatYouKill [main] EatWhatYouKill@3349e9bb/SelectorProducer@409bf450/IDLE/p=false/QueuedThreadPool[qtp769429195]@2ddc8ecb{STARTED,8<=8<=200,i=8,r=8,q=0}[ReservedThreadExecutor@5e82df6a{s=0/8,p=0}][pc=0,pic=0,pec=0,epc=0]@2020-06-28T17:09:34.358+08:00 created
2020-06-28 17:09:34,359 DEBUG o.e.j.u.c.ContainerLifeCycle [main] ManagedSelector@38d8f54a{STOPPED} id=1 keys=-1 selected=-1 updates=0 added {EatWhatYouKill@3349e9bb/SelectorProducer@409bf450/IDLE/p=false/QueuedThreadPool[qtp769429195]@2ddc8ecb{STARTED,8<=8<=200,i=8,r=8,q=0}[ReservedThreadExecutor@5e82df6a{s=0/8,p=0}][pc=0,pic=0,pec=0,epc=0]@2020-06-28T17:09:34.359+08:00,MANAGED}
2020-06-28 17:09:34,359 DEBUG o.e.j.u.c.ContainerLifeCycle [main] SelectorManager@ServerConnector@6f96c77{HTTP/1.1,[http/1.1]}{0.0.0.0:7778} added {ManagedSelector@38d8f54a{STOPPED} id=1 keys=-1 selected=-1 updates=0,AUTO}
2020-06-28 17:09:34,360 DEBUG o.e.j.u.c.ContainerLifeCycle [main] EatWhatYouKill@49e53c76/SelectorProducer@351d00c0/IDLE/p=false/QueuedThreadPool[qtp769429195]@2ddc8ecb{STARTED,8<=8<=200,i=8,r=8,q=0}[ReservedThreadExecutor@5e82df6a{s=0/8,p=0}][pc=0,pic=0,pec=0,epc=0]@2020-06-28T17:09:34.36+08:00 added {SelectorProducer@351d00c0,POJO}
2020-06-28 17:09:34,361 DEBUG o.e.j.u.c.ContainerLifeCycle [main] EatWhatYouKill@49e53c76/SelectorProducer@351d00c0/IDLE/p=false/QueuedThreadPool[qtp769429195]@2ddc8ecb{STARTED,8<=8<=200,i=8,r=8,q=0}[ReservedThreadExecutor@5e82df6a{s=0/8,p=0}][pc=0,pic=0,pec=0,epc=0]@2020-06-28T17:09:34.36+08:00 added {QueuedThreadPool[qtp769429195]@2ddc8ecb{STARTED,8<=8<=200,i=8,r=8,q=0}[ReservedThreadExecutor@5e82df6a{s=0/8,p=0}],UNMANAGED}
2020-06-28 17:09:34,361 DEBUG o.e.j.u.t.s.EatWhatYouKill [main] EatWhatYouKill@49e53c76/SelectorProducer@351d00c0/IDLE/p=false/QueuedThreadPool[qtp769429195]@2ddc8ecb{STARTED,8<=8<=200,i=8,r=8,q=0}[ReservedThreadExecutor@5e82df6a{s=0/8,p=0}][pc=0,pic=0,pec=0,epc=0]@2020-06-28T17:09:34.361+08:00 created
2020-06-28 17:09:34,362 DEBUG o.e.j.u.c.ContainerLifeCycle [main] ManagedSelector@2a3b5b47{STOPPED} id=2 keys=-1 selected=-1 updates=0 added {EatWhatYouKill@49e53c76/SelectorProducer@351d00c0/IDLE/p=false/QueuedThreadPool[qtp769429195]@2ddc8ecb{STARTED,8<=8<=200,i=8,r=8,q=0}[ReservedThreadExecutor@5e82df6a{s=0/8,p=0}][pc=0,pic=0,pec=0,epc=0]@2020-06-28T17:09:34.362+08:00,MANAGED}
2020-06-28 17:09:34,364 DEBUG o.e.j.u.c.ContainerLifeCycle [main] SelectorManager@ServerConnector@6f96c77{HTTP/1.1,[http/1.1]}{0.0.0.0:7778} added {ManagedSelector@2a3b5b47{STOPPED} id=2 keys=-1 selected=-1 updates=0,AUTO}
2020-06-28 17:09:34,365 DEBUG o.e.j.u.c.ContainerLifeCycle [main] EatWhatYouKill@55b699ef/SelectorProducer@35d019a3/IDLE/p=false/QueuedThreadPool[qtp769429195]@2ddc8ecb{STARTED,8<=8<=200,i=8,r=8,q=0}[ReservedThreadExecutor@5e82df6a{s=0/8,p=0}][pc=0,pic=0,pec=0,epc=0]@2020-06-28T17:09:34.365+08:00 added {SelectorProducer@35d019a3,POJO}
2020-06-28 17:09:34,366 DEBUG o.e.j.u.c.ContainerLifeCycle [main] EatWhatYouKill@55b699ef/SelectorProducer@35d019a3/IDLE/p=false/QueuedThreadPool[qtp769429195]@2ddc8ecb{STARTED,8<=8<=200,i=8,r=8,q=0}[ReservedThreadExecutor@5e82df6a{s=0/8,p=0}][pc=0,pic=0,pec=0,epc=0]@2020-06-28T17:09:34.365+08:00 added {QueuedThreadPool[qtp769429195]@2ddc8ecb{STARTED,8<=8<=200,i=8,r=8,q=0}[ReservedThreadExecutor@5e82df6a{s=0/8,p=0}],UNMANAGED}
2020-06-28 17:09:34,366 DEBUG o.e.j.u.t.s.EatWhatYouKill [main] EatWhatYouKill@55b699ef/SelectorProducer@35d019a3/IDLE/p=false/QueuedThreadPool[qtp769429195]@2ddc8ecb{STARTED,8<=8<=200,i=8,r=8,q=0}[ReservedThreadExecutor@5e82df6a{s=0/8,p=0}][pc=0,pic=0,pec=0,epc=0]@2020-06-28T17:09:34.366+08:00 created
2020-06-28 17:09:34,367 DEBUG o.e.j.u.c.ContainerLifeCycle [main] ManagedSelector@689604d9{STOPPED} id=3 keys=-1 selected=-1 updates=0 added {EatWhatYouKill@55b699ef/SelectorProducer@35d019a3/IDLE/p=false/QueuedThreadPool[qtp769429195]@2ddc8ecb{STARTED,8<=8<=200,i=8,r=8,q=0}[ReservedThreadExecutor@5e82df6a{s=0/8,p=0}][pc=0,pic=0,pec=0,epc=0]@2020-06-28T17:09:34.367+08:00,MANAGED}
2020-06-28 17:09:34,367 DEBUG o.e.j.u.c.ContainerLifeCycle [main] SelectorManager@ServerConnector@6f96c77{HTTP/1.1,[http/1.1]}{0.0.0.0:7778} added {ManagedSelector@689604d9{STOPPED} id=3 keys=-1 selected=-1 updates=0,AUTO}
2020-06-28 17:09:34,368 DEBUG o.e.j.u.c.AbstractLifeCycle [main] starting ManagedSelector@3c19aaa5{STOPPED} id=0 keys=-1 selected=-1 updates=0
2020-06-28 17:09:34,368 DEBUG o.e.j.u.c.AbstractLifeCycle [main] starting EatWhatYouKill@5c33f1a9/SelectorProducer@747ddf94/IDLE/p=false/QueuedThreadPool[qtp769429195]@2ddc8ecb{STARTED,8<=8<=200,i=8,r=8,q=0}[ReservedThreadExecutor@5e82df6a{s=0/8,p=0}][pc=0,pic=0,pec=0,epc=0]@2020-06-28T17:09:34.368+08:00
2020-06-28 17:09:34,369 DEBUG o.e.j.u.c.AbstractLifeCycle [main] STARTED @2155ms EatWhatYouKill@5c33f1a9/SelectorProducer@747ddf94/IDLE/p=false/QueuedThreadPool[qtp769429195]@2ddc8ecb{STARTED,8<=8<=200,i=8,r=8,q=0}[ReservedThreadExecutor@5e82df6a{s=0/8,p=0}][pc=0,pic=0,pec=0,epc=0]@2020-06-28T17:09:34.368+08:00
2020-06-28 17:09:34,381 DEBUG o.e.j.u.t.QueuedThreadPool [main] queue org.eclipse.jetty.io.ManagedSelector$$Lambda$25/2088445230@4d5d943d startThread=false
2020-06-28 17:09:34,382 DEBUG o.e.j.u.t.QueuedThreadPool$Runner [qtp769429195-14] run org.eclipse.jetty.io.ManagedSelector$$Lambda$25/2088445230@4d5d943d in QueuedThreadPool[qtp769429195]@2ddc8ecb{STARTED,8<=8<=200,i=7,r=8,q=0}[ReservedThreadExecutor@5e82df6a{s=0/8,p=0}]
2020-06-28 17:09:34,383 DEBUG o.e.j.u.t.s.EatWhatYouKill [qtp769429195-14] EatWhatYouKill@5c33f1a9/SelectorProducer@747ddf94/IDLE/p=false/QueuedThreadPool[qtp769429195]@2ddc8ecb{STARTED,8<=8<=200,i=7,r=8,q=0}[ReservedThreadExecutor@5e82df6a{s=0/8,p=0}][pc=0,pic=0,pec=0,epc=0]@2020-06-28T17:09:34.382+08:00 tryProduce false
2020-06-28 17:09:34,383 DEBUG o.e.j.i.ManagedSelector [main] Queued change org.eclipse.jetty.io.ManagedSelector$Start@368f2016 on ManagedSelector@3c19aaa5{STARTING} id=0 keys=0 selected=0 updates=0
2020-06-28 17:09:34,385 DEBUG o.e.j.i.ManagedSelector$SelectorProducer [qtp769429195-14] updateable 1
2020-06-28 17:09:34,386 DEBUG o.e.j.i.ManagedSelector$SelectorProducer [qtp769429195-14] update org.eclipse.jetty.io.ManagedSelector$Start@368f2016
2020-06-28 17:09:34,386 DEBUG o.e.j.i.ManagedSelector$SelectorProducer [qtp769429195-14] updates 0
2020-06-28 17:09:34,386 DEBUG o.e.j.i.ManagedSelector$SelectorProducer [qtp769429195-14] Selector sun.nio.ch.WindowsSelectorImpl@327cd71 waiting with 0 keys
2020-06-28 17:09:34,386 DEBUG o.e.j.u.c.AbstractLifeCycle [main] STARTED @2173ms ManagedSelector@3c19aaa5{STARTED} id=0 keys=0 selected=0 updates=0
2020-06-28 17:09:34,388 DEBUG o.e.j.u.c.AbstractLifeCycle [main] starting ManagedSelector@38d8f54a{STOPPED} id=1 keys=-1 selected=-1 updates=0
2020-06-28 17:09:34,389 DEBUG o.e.j.u.c.AbstractLifeCycle [main] starting EatWhatYouKill@3349e9bb/SelectorProducer@409bf450/IDLE/p=false/QueuedThreadPool[qtp769429195]@2ddc8ecb{STARTED,8<=8<=200,i=7,r=8,q=0}[ReservedThreadExecutor@5e82df6a{s=0/8,p=0}][pc=0,pic=0,pec=0,epc=0]@2020-06-28T17:09:34.389+08:00
2020-06-28 17:09:34,389 DEBUG o.e.j.u.c.AbstractLifeCycle [main] STARTED @2176ms EatWhatYouKill@3349e9bb/SelectorProducer@409bf450/IDLE/p=false/QueuedThreadPool[qtp769429195]@2ddc8ecb{STARTED,8<=8<=200,i=7,r=8,q=0}[ReservedThreadExecutor@5e82df6a{s=0/8,p=0}][pc=0,pic=0,pec=0,epc=0]@2020-06-28T17:09:34.389+08:00
2020-06-28 17:09:34,391 DEBUG o.e.j.u.t.QueuedThreadPool [main] queue org.eclipse.jetty.io.ManagedSelector$$Lambda$25/2088445230@4c583ecf startThread=false
2020-06-28 17:09:34,391 DEBUG o.e.j.u.t.QueuedThreadPool$Runner [qtp769429195-15] run org.eclipse.jetty.io.ManagedSelector$$Lambda$25/2088445230@4c583ecf in QueuedThreadPool[qtp769429195]@2ddc8ecb{STARTED,8<=8<=200,i=6,r=8,q=0}[ReservedThreadExecutor@5e82df6a{s=0/8,p=0}]
2020-06-28 17:09:34,392 DEBUG o.e.j.i.ManagedSelector [main] Queued change org.eclipse.jetty.io.ManagedSelector$Start@692f203f on ManagedSelector@38d8f54a{STARTING} id=1 keys=0 selected=0 updates=0
2020-06-28 17:09:34,392 DEBUG o.e.j.u.t.s.EatWhatYouKill [qtp769429195-15] EatWhatYouKill@3349e9bb/SelectorProducer@409bf450/IDLE/p=false/QueuedThreadPool[qtp769429195]@2ddc8ecb{STARTED,8<=8<=200,i=6,r=8,q=0}[ReservedThreadExecutor@5e82df6a{s=0/8,p=0}][pc=0,pic=0,pec=0,epc=0]@2020-06-28T17:09:34.392+08:00 tryProduce false
2020-06-28 17:09:34,392 DEBUG o.e.j.i.ManagedSelector$SelectorProducer [qtp769429195-15] updateable 1
2020-06-28 17:09:34,392 DEBUG o.e.j.i.ManagedSelector$SelectorProducer [qtp769429195-15] update org.eclipse.jetty.io.ManagedSelector$Start@692f203f
2020-06-28 17:09:34,392 DEBUG o.e.j.i.ManagedSelector$SelectorProducer [qtp769429195-15] updates 0
2020-06-28 17:09:34,393 DEBUG o.e.j.u.c.AbstractLifeCycle [main] STARTED @2179ms ManagedSelector@38d8f54a{STARTED} id=1 keys=0 selected=0 updates=0
2020-06-28 17:09:34,393 DEBUG o.e.j.i.ManagedSelector$SelectorProducer [qtp769429195-15] Selector sun.nio.ch.WindowsSelectorImpl@4566f8ac waiting with 0 keys
2020-06-28 17:09:34,393 DEBUG o.e.j.u.c.AbstractLifeCycle [main] starting ManagedSelector@2a3b5b47{STOPPED} id=2 keys=-1 selected=-1 updates=0
2020-06-28 17:09:34,393 DEBUG o.e.j.u.c.AbstractLifeCycle [main] starting EatWhatYouKill@49e53c76/SelectorProducer@351d00c0/IDLE/p=false/QueuedThreadPool[qtp769429195]@2ddc8ecb{STARTED,8<=8<=200,i=6,r=8,q=0}[ReservedThreadExecutor@5e82df6a{s=0/8,p=0}][pc=0,pic=0,pec=0,epc=0]@2020-06-28T17:09:34.393+08:00
2020-06-28 17:09:34,394 DEBUG o.e.j.u.c.AbstractLifeCycle [main] STARTED @2181ms EatWhatYouKill@49e53c76/SelectorProducer@351d00c0/IDLE/p=false/QueuedThreadPool[qtp769429195]@2ddc8ecb{STARTED,8<=8<=200,i=6,r=8,q=0}[ReservedThreadExecutor@5e82df6a{s=0/8,p=0}][pc=0,pic=0,pec=0,epc=0]@2020-06-28T17:09:34.394+08:00
2020-06-28 17:09:34,397 DEBUG o.e.j.u.t.QueuedThreadPool [main] queue org.eclipse.jetty.io.ManagedSelector$$Lambda$25/2088445230@7b2bbc3 startThread=false
2020-06-28 17:09:34,397 DEBUG o.e.j.u.t.QueuedThreadPool$Runner [qtp769429195-16] run org.eclipse.jetty.io.ManagedSelector$$Lambda$25/2088445230@7b2bbc3 in QueuedThreadPool[qtp769429195]@2ddc8ecb{STARTED,8<=8<=200,i=5,r=8,q=0}[ReservedThreadExecutor@5e82df6a{s=0/8,p=0}]
2020-06-28 17:09:34,397 DEBUG o.e.j.i.ManagedSelector [main] Queued change org.eclipse.jetty.io.ManagedSelector$Start@a1153bc on ManagedSelector@2a3b5b47{STARTING} id=2 keys=0 selected=0 updates=0
2020-06-28 17:09:34,398 DEBUG o.e.j.u.t.s.EatWhatYouKill [qtp769429195-16] EatWhatYouKill@49e53c76/SelectorProducer@351d00c0/IDLE/p=false/QueuedThreadPool[qtp769429195]@2ddc8ecb{STARTED,8<=8<=200,i=5,r=8,q=0}[ReservedThreadExecutor@5e82df6a{s=0/8,p=0}][pc=0,pic=0,pec=0,epc=0]@2020-06-28T17:09:34.398+08:00 tryProduce false
2020-06-28 17:09:34,398 DEBUG o.e.j.i.ManagedSelector$SelectorProducer [qtp769429195-16] updateable 1
2020-06-28 17:09:34,398 DEBUG o.e.j.i.ManagedSelector$SelectorProducer [qtp769429195-16] update org.eclipse.jetty.io.ManagedSelector$Start@a1153bc
2020-06-28 17:09:34,399 DEBUG o.e.j.i.ManagedSelector$SelectorProducer [qtp769429195-16] updates 0
2020-06-28 17:09:34,399 DEBUG o.e.j.u.c.AbstractLifeCycle [main] STARTED @2185ms ManagedSelector@2a3b5b47{STARTED} id=2 keys=0 selected=0 updates=0
2020-06-28 17:09:34,399 DEBUG o.e.j.i.ManagedSelector$SelectorProducer [qtp769429195-16] Selector sun.nio.ch.WindowsSelectorImpl@1f234286 waiting with 0 keys
2020-06-28 17:09:34,399 DEBUG o.e.j.u.c.AbstractLifeCycle [main] starting ManagedSelector@689604d9{STOPPED} id=3 keys=-1 selected=-1 updates=0
2020-06-28 17:09:34,400 DEBUG o.e.j.u.c.AbstractLifeCycle [main] starting EatWhatYouKill@55b699ef/SelectorProducer@35d019a3/IDLE/p=false/QueuedThreadPool[qtp769429195]@2ddc8ecb{STARTED,8<=8<=200,i=5,r=8,q=0}[ReservedThreadExecutor@5e82df6a{s=0/8,p=0}][pc=0,pic=0,pec=0,epc=0]@2020-06-28T17:09:34.399+08:00
2020-06-28 17:09:34,401 DEBUG o.e.j.u.c.AbstractLifeCycle [main] STARTED @2187ms EatWhatYouKill@55b699ef/SelectorProducer@35d019a3/IDLE/p=false/QueuedThreadPool[qtp769429195]@2ddc8ecb{STARTED,8<=8<=200,i=5,r=8,q=0}[ReservedThreadExecutor@5e82df6a{s=0/8,p=0}][pc=0,pic=0,pec=0,epc=0]@2020-06-28T17:09:34.4+08:00
2020-06-28 17:09:34,404 DEBUG o.e.j.u.t.QueuedThreadPool [main] queue org.eclipse.jetty.io.ManagedSelector$$Lambda$25/2088445230@1aafa419 startThread=false
2020-06-28 17:09:34,404 DEBUG o.e.j.u.t.QueuedThreadPool$Runner [qtp769429195-17] run org.eclipse.jetty.io.ManagedSelector$$Lambda$25/2088445230@1aafa419 in QueuedThreadPool[qtp769429195]@2ddc8ecb{STARTED,8<=8<=200,i=4,r=8,q=0}[ReservedThreadExecutor@5e82df6a{s=0/8,p=0}]
2020-06-28 17:09:34,404 DEBUG o.e.j.i.ManagedSelector [main] Queued change org.eclipse.jetty.io.ManagedSelector$Start@47eaca72 on ManagedSelector@689604d9{STARTING} id=3 keys=0 selected=0 updates=0
2020-06-28 17:09:34,405 DEBUG o.e.j.u.t.s.EatWhatYouKill [qtp769429195-17] EatWhatYouKill@55b699ef/SelectorProducer@35d019a3/IDLE/p=false/QueuedThreadPool[qtp769429195]@2ddc8ecb{STARTED,8<=8<=200,i=4,r=8,q=0}[ReservedThreadExecutor@5e82df6a{s=0/8,p=0}][pc=0,pic=0,pec=0,epc=0]@2020-06-28T17:09:34.404+08:00 tryProduce false
2020-06-28 17:09:34,405 DEBUG o.e.j.i.ManagedSelector$SelectorProducer [qtp769429195-17] updateable 1
2020-06-28 17:09:34,405 DEBUG o.e.j.i.ManagedSelector$SelectorProducer [qtp769429195-17] update org.eclipse.jetty.io.ManagedSelector$Start@47eaca72
2020-06-28 17:09:34,405 DEBUG o.e.j.i.ManagedSelector$SelectorProducer [qtp769429195-17] updates 0
2020-06-28 17:09:34,405 DEBUG o.e.j.u.c.AbstractLifeCycle [main] STARTED @2192ms ManagedSelector@689604d9{STARTED} id=3 keys=0 selected=0 updates=0
2020-06-28 17:09:34,405 DEBUG o.e.j.i.ManagedSelector$SelectorProducer [qtp769429195-17] Selector sun.nio.ch.WindowsSelectorImpl@1d09eac4 waiting with 0 keys
2020-06-28 17:09:34,406 DEBUG o.e.j.u.c.AbstractLifeCycle [main] STARTED @2192ms SelectorManager@ServerConnector@6f96c77{HTTP/1.1,[http/1.1]}{0.0.0.0:7778}
2020-06-28 17:09:34,407 DEBUG o.e.j.u.c.ContainerLifeCycle [main] ServerConnector@6f96c77{HTTP/1.1,[http/1.1]}{0.0.0.0:7778} added {acceptor-0@3270d194,POJO}
2020-06-28 17:09:34,407 DEBUG o.e.j.u.t.QueuedThreadPool$Runner [qtp769429195-18] run acceptor-0@3270d194 in QueuedThreadPool[qtp769429195]@2ddc8ecb{STARTED,8<=8<=200,i=3,r=8,q=0}[ReservedThreadExecutor@5e82df6a{s=0/8,p=0}]
2020-06-28 17:09:34,407 DEBUG o.e.j.u.t.QueuedThreadPool [main] queue acceptor-0@3270d194 startThread=false
2020-06-28 17:09:34,408 INFO o.e.j.s.AbstractConnector [main] Started ServerConnector@6f96c77{HTTP/1.1,[http/1.1]}{0.0.0.0:7778}
2020-06-28 17:09:34,409 DEBUG o.e.j.u.c.AbstractLifeCycle [main] STARTED @2195ms ServerConnector@6f96c77{HTTP/1.1,[http/1.1]}{0.0.0.0:7778}
2020-06-28 17:09:34,409 INFO o.e.j.s.Server [main] Started @2196ms
2020-06-28 17:09:34,410 DEBUG o.e.j.u.c.AbstractLifeCycle [main] STARTED @2196ms Server@318ba8c8{STARTED}[9.4.19.v20190610]
