2020-03-11 22:18:06,529 INFO c.m.d.l.SLF4JLogger [main] Cluster created with settings {hosts=[localhost:27017], mode=SINGLE, requiredClusterType=UNKNOWN, serverSelectionTimeout='30000 ms', maxWaitQueueSize=500}
2020-03-11 22:18:06,563 DEBUG c.m.d.l.SLF4JLogger [main] Updating cluster description to  {type=UNKNOWN, servers=[{address=localhost:27017, type=UNKNOWN, state=CONNECTING}]
2020-03-11 22:18:06,581 INFO c.m.d.l.SLF4JLogger [main] Cluster description not yet available. Waiting for 30000 ms before timing out
2020-03-11 22:18:06,590 INFO c.m.d.l.SLF4JLogger [cluster-ClusterId{value='5e68f31d97022417579f0a71', description='null'}-localhost:27017] Opened connection [connectionId{localValue:1, serverValue:894}] to localhost:27017
2020-03-11 22:18:06,598 DEBUG c.m.d.l.SLF4JLogger [cluster-ClusterId{value='5e68f31d97022417579f0a71', description='null'}-localhost:27017] Checking status of localhost:27017
2020-03-11 22:18:06,623 DEBUG c.m.d.l.SLF4JLogger [cluster-ClusterId{value='5e68f31d97022417579f0a71', description='null'}-localhost:27017] Sending command '{"ismaster": 1, "$db": "admin"}' with request id 4 to com.demo.database admin on connection [connectionId{localValue:1, serverValue:894}] to server localhost:27017
2020-03-11 22:18:06,625 DEBUG c.m.d.l.SLF4JLogger [cluster-ClusterId{value='5e68f31d97022417579f0a71', description='null'}-localhost:27017] Execution of command with request id 4 completed successfully in 19.72 ms on connection [connectionId{localValue:1, serverValue:894}] to server localhost:27017
2020-03-11 22:18:06,626 INFO c.m.d.l.SLF4JLogger [cluster-ClusterId{value='5e68f31d97022417579f0a71', description='null'}-localhost:27017] Monitor com.demo.thread successfully connected to server with description ServerDescription{address=localhost:27017, type=STANDALONE, state=CONNECTED, ok=true, version=ServerVersion{versionList=[4, 0, 10]}, minWireVersion=0, maxWireVersion=7, maxDocumentSize=16777216, logicalSessionTimeoutMinutes=30, roundTripTimeNanos=25567700}
2020-03-11 22:18:06,627 DEBUG c.m.d.l.SLF4JLogger [cluster-ClusterId{value='5e68f31d97022417579f0a71', description='null'}-localhost:27017] Updating cluster description to  {type=STANDALONE, servers=[{address=localhost:27017, type=STANDALONE, roundTripTime=25.6 ms, state=CONNECTED}]
2020-03-11 22:18:06,637 INFO c.m.d.l.SLF4JLogger [main] Opened connection [connectionId{localValue:2, serverValue:895}] to localhost:27017
2020-03-11 22:18:06,646 DEBUG c.m.d.l.SLF4JLogger [main] Sending command '{"insert": "myinfo", "ordered": true, "$db": "mydatabase", "documents": [{"_id": {"$oid": "5e68f31e97022417579f0a72"}, "name": "haiyang", "age": 28, "sex": "man"}]}' with request id 8 to com.demo.database mydatabase on connection [connectionId{localValue:2, serverValue:895}] to server localhost:27017
2020-03-11 22:18:06,657 DEBUG c.m.d.l.SLF4JLogger [main] Execution of command with request id 8 completed successfully in 13.35 ms on connection [connectionId{localValue:2, serverValue:895}] to server localhost:27017
2020-03-11 22:18:06,660 DEBUG c.m.d.l.SLF4JLogger [main] Sending command '{"insert": "myinfo", "ordered": true, "$db": "mydatabase", "documents": [{"_id": {"$oid": "5e68f31e97022417579f0a73"}, "name": "mama", "age": 53, "sex": "woman"}, {"_id": {"$oid": "5e68f31e97022417579f0a74"}, "name": "baba", "age": 63, "sex": "man"}]}' with request id 9 to com.demo.database mydatabase on connection [connectionId{localValue:2, serverValue:895}] to server localhost:27017
2020-03-11 22:18:06,661 DEBUG c.m.d.l.SLF4JLogger [main] Execution of command with request id 9 completed successfully in 1.35 ms on connection [connectionId{localValue:2, serverValue:895}] to server localhost:27017
2020-03-11 22:18:06,672 DEBUG c.m.d.l.SLF4JLogger [main] Sending command '{"find": "myinfo", "$db": "mydatabase", "$readPreference": {"mode": "primaryPreferred"}}' with request id 10 to com.demo.database mydatabase on connection [connectionId{localValue:2, serverValue:895}] to server localhost:27017
2020-03-11 22:18:06,674 DEBUG c.m.d.l.SLF4JLogger [main] Execution of command with request id 10 completed successfully in 1.57 ms on connection [connectionId{localValue:2, serverValue:895}] to server localhost:27017
2020-03-11 22:18:06,681 DEBUG c.m.d.l.SLF4JLogger [main] Sending command '{"delete": "myinfo", "ordered": true, "$db": "mydatabase", "deletes": [{"q": {"name": "haiyang"}, "limit": 0}]}' with request id 11 to com.demo.database mydatabase on connection [connectionId{localValue:2, serverValue:895}] to server localhost:27017
2020-03-11 22:18:06,682 DEBUG c.m.d.l.SLF4JLogger [main] Execution of command with request id 11 completed successfully in 1.33 ms on connection [connectionId{localValue:2, serverValue:895}] to server localhost:27017
2020-03-11 22:18:06,684 DEBUG c.m.d.l.SLF4JLogger [main] Sending command '{"delete": "myinfo", "ordered": true, "$db": "mydatabase", "deletes": [{"q": {"name": "haiyang"}, "limit": 1}]}' with request id 12 to com.demo.database mydatabase on connection [connectionId{localValue:2, serverValue:895}] to server localhost:27017
2020-03-11 22:18:06,685 DEBUG c.m.d.l.SLF4JLogger [main] Execution of command with request id 12 completed successfully in 1.18 ms on connection [connectionId{localValue:2, serverValue:895}] to server localhost:27017
