2020-06-23 13:02:52,481 DEBUG o.e.j.u.l.Log [main] Logging to org.apache.logging.slf4j.Log4jLogger@1dd92fe2 via org.eclipse.jetty.util.log.Slf4jLog
2020-06-23 13:02:52,487 INFO o.e.j.u.l.Log [main] Logging initialized @1596ms to org.eclipse.jetty.util.log.Slf4jLog
2020-06-23 13:02:52,542 DEBUG o.e.j.u.c.ContainerLifeCycle [main] Server@7ea37dbf{STOPPED}[9.4.19.v20190610] added {QueuedThreadPool[qtp433287555]@19d37183{STOPPED,8<=0<=200,i=0,r=-1,q=0}[NO_TRY],AUTO}
2020-06-23 13:02:52,562 DEBUG o.e.j.u.c.ContainerLifeCycle [main] HttpConnectionFactory@1e802ef9[HTTP/1.1] added {HttpConfiguration@2b6faea6{32768/8192,8192/8192,https://:0,[]},POJO}
2020-06-23 13:02:52,565 DEBUG o.e.j.u.c.ContainerLifeCycle [main] ServerConnector@96def03{null,[]}{0.0.0.0:0} added {Server@7ea37dbf{STOPPED}[9.4.19.v20190610],UNMANAGED}
2020-06-23 13:02:52,568 DEBUG o.e.j.u.c.ContainerLifeCycle [main] ServerConnector@96def03{null,[]}{0.0.0.0:0} added {QueuedThreadPool[qtp433287555]@19d37183{STOPPED,8<=0<=200,i=0,r=-1,q=0}[NO_TRY],AUTO}
2020-06-23 13:02:52,568 DEBUG o.e.j.u.c.ContainerLifeCycle [main] ServerConnector@96def03{null,[]}{0.0.0.0:0} added {ScheduledExecutorScheduler@3cc2931c{STOPPED},AUTO}
2020-06-23 13:02:52,568 DEBUG o.e.j.u.c.ContainerLifeCycle [main] ServerConnector@96def03{null,[]}{0.0.0.0:0} added {org.eclipse.jetty.io.ArrayByteBufferPool@20d28811,POJO}
2020-06-23 13:02:52,569 DEBUG o.e.j.u.c.ContainerLifeCycle [main] ServerConnector@96def03{null,[http/1.1]}{0.0.0.0:0} added {HttpConnectionFactory@1e802ef9[HTTP/1.1],AUTO}
2020-06-23 13:02:52,569 DEBUG o.e.j.s.AbstractConnector [main] ServerConnector@96def03{HTTP/1.1,[http/1.1]}{0.0.0.0:0} added HttpConnectionFactory@1e802ef9[HTTP/1.1]
2020-06-23 13:02:52,572 DEBUG o.e.j.u.c.ContainerLifeCycle [main] ServerConnector@96def03{HTTP/1.1,[http/1.1]}{0.0.0.0:0} added {SelectorManager@ServerConnector@96def03{HTTP/1.1,[http/1.1]}{0.0.0.0:0},MANAGED}
2020-06-23 13:02:52,573 DEBUG o.e.j.u.c.ContainerLifeCycle [main] Server@7ea37dbf{STOPPED}[9.4.19.v20190610] added {ServerConnector@96def03{HTTP/1.1,[http/1.1]}{0.0.0.0:8080},AUTO}
2020-06-23 13:02:52,587 DEBUG o.e.j.u.DecoratedObjectFactory [main] Adding Decorator: org.eclipse.jetty.util.DeprecationWarning@4b0b0854
2020-06-23 13:02:52,594 DEBUG o.e.j.u.c.ContainerLifeCycle [main] o.e.j.s.ServletContextHandler@15eb5ee5{/,null,UNAVAILABLE} added {org.eclipse.jetty.server.session.SessionHandler558216562==dftMaxIdleSec=-1,MANAGED}
2020-06-23 13:02:52,600 DEBUG o.e.j.u.c.ContainerLifeCycle [main] org.eclipse.jetty.server.session.SessionHandler558216562==dftMaxIdleSec=-1 added {ServletHandler@619713e5{STOPPED},MANAGED}
2020-06-23 13:02:52,612 DEBUG o.e.j.u.c.ContainerLifeCycle [main] Server@7ea37dbf{STOPPED}[9.4.19.v20190610] added {o.e.j.s.ServletContextHandler@15eb5ee5{/hello,null,UNAVAILABLE},MANAGED}
2020-06-23 13:02:52,613 DEBUG o.e.j.u.c.AbstractLifeCycle [main] starting Server@7ea37dbf{STOPPED}[9.4.19.v20190610]
2020-06-23 13:02:52,614 DEBUG o.e.j.u.c.ContainerLifeCycle [main] Server@7ea37dbf{STARTING}[9.4.19.v20190610] added {ErrorHandler@123ef382{STOPPED},AUTO}
2020-06-23 13:02:52,615 INFO o.e.j.s.Server [main] jetty-9.4.19.v20190610; built: 2019-06-10T16:30:51.723Z; git: afcf563148970e98786327af5e07c261fda175d3; jvm 1.8.0_201-b09
2020-06-23 13:02:52,625 DEBUG o.e.j.s.h.AbstractHandler [main] starting Server@7ea37dbf{STARTING}[9.4.19.v20190610]
2020-06-23 13:02:52,626 DEBUG o.e.j.u.c.AbstractLifeCycle [main] starting QueuedThreadPool[qtp433287555]@19d37183{STOPPED,8<=0<=200,i=0,r=-1,q=0}[NO_TRY]
2020-06-23 13:02:52,627 DEBUG o.e.j.u.t.ReservedThreadExecutor [main] ReservedThreadExecutor@6356695f{s=0/8,p=0}
2020-06-23 13:02:52,628 DEBUG o.e.j.u.c.ContainerLifeCycle [main] QueuedThreadPool[qtp433287555]@19d37183{STARTING,8<=0<=200,i=0,r=-1,q=0}[ReservedThreadExecutor@6356695f{s=0/8,p=0}] added {ReservedThreadExecutor@6356695f{s=0/8,p=0},AUTO}
2020-06-23 13:02:52,628 DEBUG o.e.j.u.c.AbstractLifeCycle [main] starting ReservedThreadExecutor@6356695f{s=0/8,p=0}
2020-06-23 13:02:52,634 DEBUG o.e.j.u.c.AbstractLifeCycle [main] STARTED @1743ms ReservedThreadExecutor@6356695f{s=0/8,p=0}
2020-06-23 13:02:52,634 DEBUG o.e.j.u.t.QueuedThreadPool [main] Starting Thread[qtp433287555-14,5,main]
2020-06-23 13:02:52,634 DEBUG o.e.j.u.t.QueuedThreadPool [main] Starting Thread[qtp433287555-15,5,main]
2020-06-23 13:02:52,635 DEBUG o.e.j.u.t.QueuedThreadPool [main] Starting Thread[qtp433287555-16,5,main]
2020-06-23 13:02:52,635 DEBUG o.e.j.u.t.QueuedThreadPool [main] Starting Thread[qtp433287555-17,5,main]
2020-06-23 13:02:52,635 DEBUG o.e.j.u.t.QueuedThreadPool$Runner [qtp433287555-15] Runner started for QueuedThreadPool[qtp433287555]@19d37183{STARTING,8<=3<=200,i=0,r=-1,q=0}[ReservedThreadExecutor@6356695f{s=0/8,p=0}]
2020-06-23 13:02:52,635 DEBUG o.e.j.u.t.QueuedThreadPool$Runner [qtp433287555-14] Runner started for QueuedThreadPool[qtp433287555]@19d37183{STARTING,8<=3<=200,i=0,r=-1,q=0}[ReservedThreadExecutor@6356695f{s=0/8,p=0}]
2020-06-23 13:02:52,635 DEBUG o.e.j.u.t.QueuedThreadPool [main] Starting Thread[qtp433287555-18,5,main]
2020-06-23 13:02:52,635 DEBUG o.e.j.u.t.QueuedThreadPool$Runner [qtp433287555-16] Runner started for QueuedThreadPool[qtp433287555]@19d37183{STARTING,8<=4<=200,i=0,r=-1,q=0}[ReservedThreadExecutor@6356695f{s=0/8,p=0}]
2020-06-23 13:02:52,635 DEBUG o.e.j.u.t.QueuedThreadPool [main] Starting Thread[qtp433287555-19,5,main]
2020-06-23 13:02:52,635 DEBUG o.e.j.u.t.QueuedThreadPool$Runner [qtp433287555-17] Runner started for QueuedThreadPool[qtp433287555]@19d37183{STARTING,8<=5<=200,i=2,r=-1,q=0}[ReservedThreadExecutor@6356695f{s=0/8,p=0}]
2020-06-23 13:02:52,642 DEBUG o.e.j.u.t.QueuedThreadPool$Runner [qtp433287555-18] Runner started for QueuedThreadPool[qtp433287555]@19d37183{STARTING,8<=6<=200,i=3,r=-1,q=0}[ReservedThreadExecutor@6356695f{s=0/8,p=0}]
2020-06-23 13:02:52,642 DEBUG o.e.j.u.t.QueuedThreadPool [main] Starting Thread[qtp433287555-20,5,main]
2020-06-23 13:02:52,643 DEBUG o.e.j.u.t.QueuedThreadPool [main] Starting Thread[qtp433287555-21,5,main]
2020-06-23 13:02:52,643 DEBUG o.e.j.u.t.QueuedThreadPool$Runner [qtp433287555-19] Runner started for QueuedThreadPool[qtp433287555]@19d37183{STARTING,8<=7<=200,i=5,r=-1,q=0}[ReservedThreadExecutor@6356695f{s=0/8,p=0}]
2020-06-23 13:02:52,643 DEBUG o.e.j.u.c.AbstractLifeCycle [main] STARTED @1752ms QueuedThreadPool[qtp433287555]@19d37183{STARTED,8<=8<=200,i=5,r=8,q=0}[ReservedThreadExecutor@6356695f{s=0/8,p=0}]
2020-06-23 13:02:52,643 DEBUG o.e.j.u.t.QueuedThreadPool$Runner [qtp433287555-20] Runner started for QueuedThreadPool[qtp433287555]@19d37183{STARTING,8<=8<=200,i=5,r=8,q=0}[ReservedThreadExecutor@6356695f{s=0/8,p=0}]
2020-06-23 13:02:52,643 DEBUG o.e.j.u.c.AbstractLifeCycle [main] starting o.e.j.s.ServletContextHandler@15eb5ee5{/hello,null,UNAVAILABLE}
2020-06-23 13:02:52,643 DEBUG o.e.j.u.t.QueuedThreadPool$Runner [qtp433287555-21] Runner started for QueuedThreadPool[qtp433287555]@19d37183{STARTED,8<=8<=200,i=6,r=8,q=0}[ReservedThreadExecutor@6356695f{s=0/8,p=0}]
2020-06-23 13:02:52,647 DEBUG o.e.j.h.PreEncodedHttpField [main] HttpField encoders loaded: [org.eclipse.jetty.http.Http1FieldPreEncoder@245b4bdc]
2020-06-23 13:02:52,653 DEBUG o.e.j.s.h.AbstractHandler [main] starting o.e.j.s.ServletContextHandler@15eb5ee5{/hello,null,STARTING}
2020-06-23 13:02:52,653 DEBUG o.e.j.u.c.AbstractLifeCycle [main] starting org.eclipse.jetty.server.session.SessionHandler558216562==dftMaxIdleSec=-1
2020-06-23 13:02:52,656 DEBUG o.e.j.u.c.ContainerLifeCycle [main] org.eclipse.jetty.server.session.SessionHandler558216562==dftMaxIdleSec=-1 added {org.eclipse.jetty.server.session.DefaultSessionCache@131774fe[evict=-1,removeUnloadable=false,saveOnCreate=false,saveOnInactiveEvict=false],AUTO}
2020-06-23 13:02:52,657 DEBUG o.e.j.u.c.ContainerLifeCycle [main] org.eclipse.jetty.server.session.DefaultSessionCache@131774fe[evict=-1,removeUnloadable=false,saveOnCreate=false,saveOnInactiveEvict=false] added {org.eclipse.jetty.server.session.NullSessionDataStore@5c33f1a9[passivating=false,graceSec=3600],AUTO}
2020-06-23 13:02:52,658 DEBUG o.e.j.u.c.AbstractLifeCycle [main] starting DefaultSessionIdManager@6adbc9d{STOPPED}[worker=null]
2020-06-23 13:02:52,658 INFO o.e.j.s.s.DefaultSessionIdManager [main] DefaultSessionIdManager workerName=node0
2020-06-23 13:02:52,659 INFO o.e.j.s.s.DefaultSessionIdManager [main] No SessionScavenger set, using defaults
2020-06-23 13:02:52,659 DEBUG o.e.j.u.c.ContainerLifeCycle [main] DefaultSessionIdManager@6adbc9d{STARTING}[worker=node0] added {HouseKeeper@223191a6{STOPPED}[interval=600000, ownscheduler=false],MANAGED}
2020-06-23 13:02:52,660 DEBUG o.e.j.u.c.AbstractLifeCycle [main] starting HouseKeeper@223191a6{STOPPED}[interval=600000, ownscheduler=false]
2020-06-23 13:02:52,660 DEBUG o.e.j.u.c.AbstractLifeCycle [main] starting ScheduledExecutorScheduler@49139829{STOPPED}
2020-06-23 13:02:52,661 DEBUG o.e.j.u.c.AbstractLifeCycle [main] STARTED @1770ms ScheduledExecutorScheduler@49139829{STARTED}
2020-06-23 13:02:52,661 DEBUG o.e.j.s.s.HouseKeeper [main] Using own scheduler for scavenging
2020-06-23 13:02:52,662 INFO o.e.j.s.s.HouseKeeper [main] node0 Scavenging every 660000ms
2020-06-23 13:02:52,663 DEBUG o.e.j.u.c.AbstractLifeCycle [main] STARTED @1772ms HouseKeeper@223191a6{STARTED}[interval=660000, ownscheduler=true]
2020-06-23 13:02:52,663 DEBUG o.e.j.u.c.AbstractLifeCycle [main] STARTED @1772ms DefaultSessionIdManager@6adbc9d{STARTED}[worker=node0]
2020-06-23 13:02:52,663 DEBUG o.e.j.u.c.ContainerLifeCycle [main] Server@7ea37dbf{STARTING}[9.4.19.v20190610] added {DefaultSessionIdManager@6adbc9d{STARTED}[worker=node0],MANAGED}
2020-06-23 13:02:52,664 DEBUG o.e.j.u.c.ContainerLifeCycle [main] org.eclipse.jetty.server.session.SessionHandler558216562==dftMaxIdleSec=-1 added {DefaultSessionIdManager@6adbc9d{STARTED}[worker=node0],UNMANAGED}
2020-06-23 13:02:52,664 DEBUG o.e.j.u.c.AbstractLifeCycle [main] starting ScheduledExecutorScheduler@5b8dfcc1{STOPPED}
2020-06-23 13:02:52,664 DEBUG o.e.j.u.c.AbstractLifeCycle [main] STARTED @1773ms ScheduledExecutorScheduler@5b8dfcc1{STARTED}
2020-06-23 13:02:52,665 DEBUG o.e.j.s.h.AbstractHandler [main] starting org.eclipse.jetty.server.session.SessionHandler558216562==dftMaxIdleSec=-1
2020-06-23 13:02:52,665 DEBUG o.e.j.u.c.AbstractLifeCycle [main] starting ServletHandler@619713e5{STOPPED}
2020-06-23 13:02:52,667 DEBUG o.e.j.s.ServletHandler [main] Path=/a[EMBEDDED:null] mapped to servlet=com.demo.jetty.jettydemo2.HelloServlet2-333291e3[EMBEDDED:null]
2020-06-23 13:02:52,668 DEBUG o.e.j.h.p.PathMappings [main] Added MappedResource[pathSpec=ServletPathSpec["/a",pathDepth=1,group=EXACT],resource=com.demo.jetty.jettydemo2.HelloServlet2-333291e3@11675f81==com.demo.jetty.jettydemo2.HelloServlet2,jsp=null,order=-1,inst=true,async=true] to PathMappings[size=1]
2020-06-23 13:02:52,669 DEBUG o.e.j.s.ServletHandler [main] filterNameMap={}
2020-06-23 13:02:52,669 DEBUG o.e.j.s.ServletHandler [main] pathFilters=null
2020-06-23 13:02:52,669 DEBUG o.e.j.s.ServletHandler [main] servletFilterMap=null
2020-06-23 13:02:52,669 DEBUG o.e.j.s.ServletHandler [main] servletPathMap=PathMappings[size=1]
2020-06-23 13:02:52,670 DEBUG o.e.j.s.ServletHandler [main] servletNameMap={com.demo.jetty.jettydemo2.HelloServlet2-333291e3=com.demo.jetty.jettydemo2.HelloServlet2-333291e3@11675f81==com.demo.jetty.jettydemo2.HelloServlet2,jsp=null,order=-1,inst=true,async=true}
2020-06-23 13:02:52,670 DEBUG o.e.j.s.ServletHandler [main] Adding Default404Servlet to ServletHandler@619713e5{STARTING}
2020-06-23 13:02:52,671 DEBUG o.e.j.s.ServletHandler [main] Path=/a[EMBEDDED:null] mapped to servlet=com.demo.jetty.jettydemo2.HelloServlet2-333291e3[EMBEDDED:null]
2020-06-23 13:02:52,671 DEBUG o.e.j.h.p.PathMappings [main] Added MappedResource[pathSpec=ServletPathSpec["/a",pathDepth=1,group=EXACT],resource=com.demo.jetty.jettydemo2.HelloServlet2-333291e3@11675f81==com.demo.jetty.jettydemo2.HelloServlet2,jsp=null,order=-1,inst=true,async=true] to PathMappings[size=1]
2020-06-23 13:02:52,671 DEBUG o.e.j.s.ServletHandler [main] Path=/[EMBEDDED:null] mapped to servlet=org.eclipse.jetty.servlet.ServletHandler$Default404Servlet-f6efaab[EMBEDDED:null]
2020-06-23 13:02:52,671 DEBUG o.e.j.h.p.PathMappings [main] Added MappedResource[pathSpec=ServletPathSpec["/",pathDepth=-1,group=DEFAULT],resource=org.eclipse.jetty.servlet.ServletHandler$Default404Servlet-f6efaab@aa2e1d5d==org.eclipse.jetty.servlet.ServletHandler$Default404Servlet,jsp=null,order=-1,inst=false,async=true] to PathMappings[size=2]
2020-06-23 13:02:52,672 DEBUG o.e.j.s.ServletHandler [main] filterNameMap={}
2020-06-23 13:02:52,672 DEBUG o.e.j.s.ServletHandler [main] pathFilters=null
2020-06-23 13:02:52,672 DEBUG o.e.j.s.ServletHandler [main] servletFilterMap=null
2020-06-23 13:02:52,672 DEBUG o.e.j.s.ServletHandler [main] servletPathMap=PathMappings[size=2]
2020-06-23 13:02:52,672 DEBUG o.e.j.s.ServletHandler [main] servletNameMap={org.eclipse.jetty.servlet.ServletHandler$Default404Servlet-f6efaab=org.eclipse.jetty.servlet.ServletHandler$Default404Servlet-f6efaab@aa2e1d5d==org.eclipse.jetty.servlet.ServletHandler$Default404Servlet,jsp=null,order=-1,inst=false,async=true, com.demo.jetty.jettydemo2.HelloServlet2-333291e3=com.demo.jetty.jettydemo2.HelloServlet2-333291e3@11675f81==com.demo.jetty.jettydemo2.HelloServlet2,jsp=null,order=-1,inst=true,async=true}
2020-06-23 13:02:52,672 DEBUG o.e.j.s.h.AbstractHandler [main] starting ServletHandler@619713e5{STARTING}
2020-06-23 13:02:52,672 DEBUG o.e.j.u.c.AbstractLifeCycle [main] STARTED @1781ms ServletHandler@619713e5{STARTED}
2020-06-23 13:02:52,673 DEBUG o.e.j.u.c.AbstractLifeCycle [main] starting org.eclipse.jetty.server.session.DefaultSessionCache@131774fe[evict=-1,removeUnloadable=false,saveOnCreate=false,saveOnInactiveEvict=false]
2020-06-23 13:02:52,673 DEBUG o.e.j.u.c.AbstractLifeCycle [main] starting org.eclipse.jetty.server.session.NullSessionDataStore@5c33f1a9[passivating=false,graceSec=3600]
2020-06-23 13:02:52,673 DEBUG o.e.j.u.c.AbstractLifeCycle [main] STARTED @1782ms org.eclipse.jetty.server.session.NullSessionDataStore@5c33f1a9[passivating=false,graceSec=3600]
2020-06-23 13:02:52,673 DEBUG o.e.j.u.c.AbstractLifeCycle [main] STARTED @1782ms org.eclipse.jetty.server.session.DefaultSessionCache@131774fe[evict=-1,removeUnloadable=false,saveOnCreate=false,saveOnInactiveEvict=false]
2020-06-23 13:02:52,673 DEBUG o.e.j.u.c.AbstractLifeCycle [main] STARTED @1782ms org.eclipse.jetty.server.session.SessionHandler558216562==dftMaxIdleSec=-1
2020-06-23 13:02:52,676 DEBUG o.e.j.u.c.AbstractLifeCycle [main] starting com.demo.jetty.jettydemo2.HelloServlet2-333291e3@11675f81==com.demo.jetty.jettydemo2.HelloServlet2,jsp=null,order=-1,inst=true,async=true
2020-06-23 13:02:52,677 DEBUG o.e.j.u.c.AbstractLifeCycle [main] STARTED @1785ms com.demo.jetty.jettydemo2.HelloServlet2-333291e3@11675f81==com.demo.jetty.jettydemo2.HelloServlet2,jsp=null,order=-1,inst=true,async=true
2020-06-23 13:02:52,678 DEBUG o.e.j.s.ServletHolder [main] Servlet.init com.demo.jetty.jettydemo2.HelloServlet2@34a3d150 for com.demo.jetty.jettydemo2.HelloServlet2-333291e3
2020-06-23 13:02:52,678 DEBUG o.e.j.u.c.AbstractLifeCycle [main] starting org.eclipse.jetty.servlet.ServletHandler$Default404Servlet-f6efaab@aa2e1d5d==org.eclipse.jetty.servlet.ServletHandler$Default404Servlet,jsp=null,order=-1,inst=false,async=true
2020-06-23 13:02:52,678 DEBUG o.e.j.u.c.AbstractLifeCycle [main] STARTED @1787ms org.eclipse.jetty.servlet.ServletHandler$Default404Servlet-f6efaab@aa2e1d5d==org.eclipse.jetty.servlet.ServletHandler$Default404Servlet,jsp=null,order=-1,inst=false,async=true
2020-06-23 13:02:52,678 INFO o.e.j.s.h.ContextHandler [main] Started o.e.j.s.ServletContextHandler@15eb5ee5{/hello,null,AVAILABLE}
2020-06-23 13:02:52,679 DEBUG o.e.j.u.c.AbstractLifeCycle [main] STARTED @1787ms o.e.j.s.ServletContextHandler@15eb5ee5{/hello,null,AVAILABLE}
2020-06-23 13:02:52,679 DEBUG o.e.j.u.c.AbstractLifeCycle [main] starting ErrorHandler@123ef382{STOPPED}
2020-06-23 13:02:52,679 DEBUG o.e.j.s.h.AbstractHandler [main] starting ErrorHandler@123ef382{STARTING}
2020-06-23 13:02:52,679 DEBUG o.e.j.u.c.AbstractLifeCycle [main] STARTED @1788ms ErrorHandler@123ef382{STARTED}
2020-06-23 13:02:52,679 DEBUG o.e.j.u.c.AbstractLifeCycle [main] starting ServerConnector@96def03{HTTP/1.1,[http/1.1]}{0.0.0.0:8080}
2020-06-23 13:02:52,682 DEBUG o.e.j.u.c.ContainerLifeCycle [main] ServerConnector@96def03{HTTP/1.1,[http/1.1]}{0.0.0.0:8080} added {sun.nio.ch.ServerSocketChannelImpl[/0:0:0:0:0:0:0:0:8080],POJO}
2020-06-23 13:02:52,683 DEBUG o.e.j.u.c.AbstractLifeCycle [main] starting ScheduledExecutorScheduler@3cc2931c{STOPPED}
2020-06-23 13:02:52,683 DEBUG o.e.j.u.c.AbstractLifeCycle [main] STARTED @1792ms ScheduledExecutorScheduler@3cc2931c{STARTED}
2020-06-23 13:02:52,684 DEBUG o.e.j.u.c.AbstractLifeCycle [main] starting HttpConnectionFactory@1e802ef9[HTTP/1.1]
2020-06-23 13:02:52,684 DEBUG o.e.j.u.c.AbstractLifeCycle [main] STARTED @1793ms HttpConnectionFactory@1e802ef9[HTTP/1.1]
2020-06-23 13:02:52,684 DEBUG o.e.j.u.c.AbstractLifeCycle [main] starting SelectorManager@ServerConnector@96def03{HTTP/1.1,[http/1.1]}{0.0.0.0:8080}
2020-06-23 13:02:52,695 DEBUG o.e.j.u.c.ContainerLifeCycle [main] EatWhatYouKill@55141def/SelectorProducer@41d477ed/IDLE/p=false/QueuedThreadPool[qtp433287555]@19d37183{STARTED,8<=8<=200,i=8,r=8,q=0}[ReservedThreadExecutor@6356695f{s=0/8,p=0}][pc=0,pic=0,pec=0,epc=0]@2020-06-23T13:02:52.693+08:00 added {SelectorProducer@41d477ed,POJO}
2020-06-23 13:02:52,695 DEBUG o.e.j.u.c.ContainerLifeCycle [main] EatWhatYouKill@55141def/SelectorProducer@41d477ed/IDLE/p=false/QueuedThreadPool[qtp433287555]@19d37183{STARTED,8<=8<=200,i=8,r=8,q=0}[ReservedThreadExecutor@6356695f{s=0/8,p=0}][pc=0,pic=0,pec=0,epc=0]@2020-06-23T13:02:52.695+08:00 added {QueuedThreadPool[qtp433287555]@19d37183{STARTED,8<=8<=200,i=8,r=8,q=0}[ReservedThreadExecutor@6356695f{s=0/8,p=0}],UNMANAGED}
2020-06-23 13:02:52,696 DEBUG o.e.j.u.t.s.EatWhatYouKill [main] EatWhatYouKill@55141def/SelectorProducer@41d477ed/IDLE/p=false/QueuedThreadPool[qtp433287555]@19d37183{STARTED,8<=8<=200,i=8,r=8,q=0}[ReservedThreadExecutor@6356695f{s=0/8,p=0}][pc=0,pic=0,pec=0,epc=0]@2020-06-23T13:02:52.696+08:00 created
2020-06-23 13:02:52,696 DEBUG o.e.j.u.c.ContainerLifeCycle [main] ManagedSelector@6771beb3{STOPPED} id=0 keys=-1 selected=-1 updates=0 added {EatWhatYouKill@55141def/SelectorProducer@41d477ed/IDLE/p=false/QueuedThreadPool[qtp433287555]@19d37183{STARTED,8<=8<=200,i=8,r=8,q=0}[ReservedThreadExecutor@6356695f{s=0/8,p=0}][pc=0,pic=0,pec=0,epc=0]@2020-06-23T13:02:52.696+08:00,MANAGED}
2020-06-23 13:02:52,696 DEBUG o.e.j.u.c.ContainerLifeCycle [main] SelectorManager@ServerConnector@96def03{HTTP/1.1,[http/1.1]}{0.0.0.0:8080} added {ManagedSelector@6771beb3{STOPPED} id=0 keys=-1 selected=-1 updates=0,AUTO}
2020-06-23 13:02:52,697 DEBUG o.e.j.u.c.ContainerLifeCycle [main] EatWhatYouKill@51399530/SelectorProducer@6b2ea799/IDLE/p=false/QueuedThreadPool[qtp433287555]@19d37183{STARTED,8<=8<=200,i=8,r=8,q=0}[ReservedThreadExecutor@6356695f{s=0/8,p=0}][pc=0,pic=0,pec=0,epc=0]@2020-06-23T13:02:52.697+08:00 added {SelectorProducer@6b2ea799,POJO}
2020-06-23 13:02:52,697 DEBUG o.e.j.u.c.ContainerLifeCycle [main] EatWhatYouKill@51399530/SelectorProducer@6b2ea799/IDLE/p=false/QueuedThreadPool[qtp433287555]@19d37183{STARTED,8<=8<=200,i=8,r=8,q=0}[ReservedThreadExecutor@6356695f{s=0/8,p=0}][pc=0,pic=0,pec=0,epc=0]@2020-06-23T13:02:52.697+08:00 added {QueuedThreadPool[qtp433287555]@19d37183{STARTED,8<=8<=200,i=8,r=8,q=0}[ReservedThreadExecutor@6356695f{s=0/8,p=0}],UNMANAGED}
2020-06-23 13:02:52,697 DEBUG o.e.j.u.t.s.EatWhatYouKill [main] EatWhatYouKill@51399530/SelectorProducer@6b2ea799/IDLE/p=false/QueuedThreadPool[qtp433287555]@19d37183{STARTED,8<=8<=200,i=8,r=8,q=0}[ReservedThreadExecutor@6356695f{s=0/8,p=0}][pc=0,pic=0,pec=0,epc=0]@2020-06-23T13:02:52.697+08:00 created
2020-06-23 13:02:52,698 DEBUG o.e.j.u.c.ContainerLifeCycle [main] ManagedSelector@411f53a0{STOPPED} id=1 keys=-1 selected=-1 updates=0 added {EatWhatYouKill@51399530/SelectorProducer@6b2ea799/IDLE/p=false/QueuedThreadPool[qtp433287555]@19d37183{STARTED,8<=8<=200,i=8,r=8,q=0}[ReservedThreadExecutor@6356695f{s=0/8,p=0}][pc=0,pic=0,pec=0,epc=0]@2020-06-23T13:02:52.698+08:00,MANAGED}
2020-06-23 13:02:52,698 DEBUG o.e.j.u.c.ContainerLifeCycle [main] SelectorManager@ServerConnector@96def03{HTTP/1.1,[http/1.1]}{0.0.0.0:8080} added {ManagedSelector@411f53a0{STOPPED} id=1 keys=-1 selected=-1 updates=0,AUTO}
2020-06-23 13:02:52,699 DEBUG o.e.j.u.c.ContainerLifeCycle [main] EatWhatYouKill@2b71e916/SelectorProducer@36fc695d/IDLE/p=false/QueuedThreadPool[qtp433287555]@19d37183{STARTED,8<=8<=200,i=8,r=8,q=0}[ReservedThreadExecutor@6356695f{s=0/8,p=0}][pc=0,pic=0,pec=0,epc=0]@2020-06-23T13:02:52.699+08:00 added {SelectorProducer@36fc695d,POJO}
2020-06-23 13:02:52,700 DEBUG o.e.j.u.c.ContainerLifeCycle [main] EatWhatYouKill@2b71e916/SelectorProducer@36fc695d/IDLE/p=false/QueuedThreadPool[qtp433287555]@19d37183{STARTED,8<=8<=200,i=8,r=8,q=0}[ReservedThreadExecutor@6356695f{s=0/8,p=0}][pc=0,pic=0,pec=0,epc=0]@2020-06-23T13:02:52.699+08:00 added {QueuedThreadPool[qtp433287555]@19d37183{STARTED,8<=8<=200,i=8,r=8,q=0}[ReservedThreadExecutor@6356695f{s=0/8,p=0}],UNMANAGED}
2020-06-23 13:02:52,700 DEBUG o.e.j.u.t.s.EatWhatYouKill [main] EatWhatYouKill@2b71e916/SelectorProducer@36fc695d/IDLE/p=false/QueuedThreadPool[qtp433287555]@19d37183{STARTED,8<=8<=200,i=8,r=8,q=0}[ReservedThreadExecutor@6356695f{s=0/8,p=0}][pc=0,pic=0,pec=0,epc=0]@2020-06-23T13:02:52.7+08:00 created
2020-06-23 13:02:52,701 DEBUG o.e.j.u.c.ContainerLifeCycle [main] ManagedSelector@28701274{STOPPED} id=2 keys=-1 selected=-1 updates=0 added {EatWhatYouKill@2b71e916/SelectorProducer@36fc695d/IDLE/p=false/QueuedThreadPool[qtp433287555]@19d37183{STARTED,8<=8<=200,i=8,r=8,q=0}[ReservedThreadExecutor@6356695f{s=0/8,p=0}][pc=0,pic=0,pec=0,epc=0]@2020-06-23T13:02:52.7+08:00,MANAGED}
2020-06-23 13:02:52,701 DEBUG o.e.j.u.c.ContainerLifeCycle [main] SelectorManager@ServerConnector@96def03{HTTP/1.1,[http/1.1]}{0.0.0.0:8080} added {ManagedSelector@28701274{STOPPED} id=2 keys=-1 selected=-1 updates=0,AUTO}
2020-06-23 13:02:52,701 DEBUG o.e.j.u.c.ContainerLifeCycle [main] EatWhatYouKill@13c9d689/SelectorProducer@3754a4bf/IDLE/p=false/QueuedThreadPool[qtp433287555]@19d37183{STARTED,8<=8<=200,i=8,r=8,q=0}[ReservedThreadExecutor@6356695f{s=0/8,p=0}][pc=0,pic=0,pec=0,epc=0]@2020-06-23T13:02:52.701+08:00 added {SelectorProducer@3754a4bf,POJO}
2020-06-23 13:02:52,702 DEBUG o.e.j.u.c.ContainerLifeCycle [main] EatWhatYouKill@13c9d689/SelectorProducer@3754a4bf/IDLE/p=false/QueuedThreadPool[qtp433287555]@19d37183{STARTED,8<=8<=200,i=8,r=8,q=0}[ReservedThreadExecutor@6356695f{s=0/8,p=0}][pc=0,pic=0,pec=0,epc=0]@2020-06-23T13:02:52.702+08:00 added {QueuedThreadPool[qtp433287555]@19d37183{STARTED,8<=8<=200,i=8,r=8,q=0}[ReservedThreadExecutor@6356695f{s=0/8,p=0}],UNMANAGED}
2020-06-23 13:02:52,702 DEBUG o.e.j.u.t.s.EatWhatYouKill [main] EatWhatYouKill@13c9d689/SelectorProducer@3754a4bf/IDLE/p=false/QueuedThreadPool[qtp433287555]@19d37183{STARTED,8<=8<=200,i=8,r=8,q=0}[ReservedThreadExecutor@6356695f{s=0/8,p=0}][pc=0,pic=0,pec=0,epc=0]@2020-06-23T13:02:52.702+08:00 created
2020-06-23 13:02:52,702 DEBUG o.e.j.u.c.ContainerLifeCycle [main] ManagedSelector@62379589{STOPPED} id=3 keys=-1 selected=-1 updates=0 added {EatWhatYouKill@13c9d689/SelectorProducer@3754a4bf/IDLE/p=false/QueuedThreadPool[qtp433287555]@19d37183{STARTED,8<=8<=200,i=8,r=8,q=0}[ReservedThreadExecutor@6356695f{s=0/8,p=0}][pc=0,pic=0,pec=0,epc=0]@2020-06-23T13:02:52.702+08:00,MANAGED}
2020-06-23 13:02:52,703 DEBUG o.e.j.u.c.ContainerLifeCycle [main] SelectorManager@ServerConnector@96def03{HTTP/1.1,[http/1.1]}{0.0.0.0:8080} added {ManagedSelector@62379589{STOPPED} id=3 keys=-1 selected=-1 updates=0,AUTO}
2020-06-23 13:02:52,703 DEBUG o.e.j.u.c.AbstractLifeCycle [main] starting ManagedSelector@6771beb3{STOPPED} id=0 keys=-1 selected=-1 updates=0
2020-06-23 13:02:52,703 DEBUG o.e.j.u.c.AbstractLifeCycle [main] starting EatWhatYouKill@55141def/SelectorProducer@41d477ed/IDLE/p=false/QueuedThreadPool[qtp433287555]@19d37183{STARTED,8<=8<=200,i=8,r=8,q=0}[ReservedThreadExecutor@6356695f{s=0/8,p=0}][pc=0,pic=0,pec=0,epc=0]@2020-06-23T13:02:52.703+08:00
2020-06-23 13:02:52,703 DEBUG o.e.j.u.c.AbstractLifeCycle [main] STARTED @1812ms EatWhatYouKill@55141def/SelectorProducer@41d477ed/IDLE/p=false/QueuedThreadPool[qtp433287555]@19d37183{STARTED,8<=8<=200,i=8,r=8,q=0}[ReservedThreadExecutor@6356695f{s=0/8,p=0}][pc=0,pic=0,pec=0,epc=0]@2020-06-23T13:02:52.703+08:00
2020-06-23 13:02:52,711 DEBUG o.e.j.u.t.QueuedThreadPool [main] queue org.eclipse.jetty.io.ManagedSelector$$Lambda$29/887750041@3c41ed1d startThread=false
2020-06-23 13:02:52,711 DEBUG o.e.j.u.t.QueuedThreadPool$Runner [qtp433287555-15] run org.eclipse.jetty.io.ManagedSelector$$Lambda$29/887750041@3c41ed1d in QueuedThreadPool[qtp433287555]@19d37183{STARTED,8<=8<=200,i=7,r=8,q=0}[ReservedThreadExecutor@6356695f{s=0/8,p=0}]
2020-06-23 13:02:52,711 DEBUG o.e.j.i.ManagedSelector [main] Queued change org.eclipse.jetty.io.ManagedSelector$Start@54d9d12d on ManagedSelector@6771beb3{STARTING} id=0 keys=0 selected=0 updates=0
2020-06-23 13:02:52,711 DEBUG o.e.j.u.t.s.EatWhatYouKill [qtp433287555-15] EatWhatYouKill@55141def/SelectorProducer@41d477ed/IDLE/p=false/QueuedThreadPool[qtp433287555]@19d37183{STARTED,8<=8<=200,i=7,r=8,q=0}[ReservedThreadExecutor@6356695f{s=0/8,p=0}][pc=0,pic=0,pec=0,epc=0]@2020-06-23T13:02:52.711+08:00 tryProduce false
2020-06-23 13:02:52,713 DEBUG o.e.j.i.ManagedSelector$SelectorProducer [qtp433287555-15] updateable 1
2020-06-23 13:02:52,714 DEBUG o.e.j.i.ManagedSelector$SelectorProducer [qtp433287555-15] update org.eclipse.jetty.io.ManagedSelector$Start@54d9d12d
2020-06-23 13:02:52,714 DEBUG o.e.j.i.ManagedSelector$SelectorProducer [qtp433287555-15] updates 0
2020-06-23 13:02:52,714 DEBUG o.e.j.i.ManagedSelector$SelectorProducer [qtp433287555-15] Selector sun.nio.ch.WindowsSelectorImpl@4e6ab835 waiting with 0 keys
2020-06-23 13:02:52,714 DEBUG o.e.j.u.c.AbstractLifeCycle [main] STARTED @1823ms ManagedSelector@6771beb3{STARTED} id=0 keys=0 selected=0 updates=0
2020-06-23 13:02:52,714 DEBUG o.e.j.u.c.AbstractLifeCycle [main] starting ManagedSelector@411f53a0{STOPPED} id=1 keys=-1 selected=-1 updates=0
2020-06-23 13:02:52,715 DEBUG o.e.j.u.c.AbstractLifeCycle [main] starting EatWhatYouKill@51399530/SelectorProducer@6b2ea799/IDLE/p=false/QueuedThreadPool[qtp433287555]@19d37183{STARTED,8<=8<=200,i=7,r=8,q=0}[ReservedThreadExecutor@6356695f{s=0/8,p=0}][pc=0,pic=0,pec=0,epc=0]@2020-06-23T13:02:52.715+08:00
2020-06-23 13:02:52,715 DEBUG o.e.j.u.c.AbstractLifeCycle [main] STARTED @1824ms EatWhatYouKill@51399530/SelectorProducer@6b2ea799/IDLE/p=false/QueuedThreadPool[qtp433287555]@19d37183{STARTED,8<=8<=200,i=7,r=8,q=0}[ReservedThreadExecutor@6356695f{s=0/8,p=0}][pc=0,pic=0,pec=0,epc=0]@2020-06-23T13:02:52.715+08:00
2020-06-23 13:02:52,717 DEBUG o.e.j.u.t.QueuedThreadPool$Runner [qtp433287555-14] run org.eclipse.jetty.io.ManagedSelector$$Lambda$29/887750041@38425407 in QueuedThreadPool[qtp433287555]@19d37183{STARTED,8<=8<=200,i=6,r=8,q=0}[ReservedThreadExecutor@6356695f{s=0/8,p=0}]
2020-06-23 13:02:52,717 DEBUG o.e.j.u.t.QueuedThreadPool [main] queue org.eclipse.jetty.io.ManagedSelector$$Lambda$29/887750041@38425407 startThread=false
2020-06-23 13:02:52,717 DEBUG o.e.j.i.ManagedSelector [main] Queued change org.eclipse.jetty.io.ManagedSelector$Start@43bc63a3 on ManagedSelector@411f53a0{STARTING} id=1 keys=0 selected=0 updates=0
2020-06-23 13:02:52,717 DEBUG o.e.j.u.t.s.EatWhatYouKill [qtp433287555-14] EatWhatYouKill@51399530/SelectorProducer@6b2ea799/IDLE/p=false/QueuedThreadPool[qtp433287555]@19d37183{STARTED,8<=8<=200,i=6,r=8,q=0}[ReservedThreadExecutor@6356695f{s=0/8,p=0}][pc=0,pic=0,pec=0,epc=0]@2020-06-23T13:02:52.717+08:00 tryProduce false
2020-06-23 13:02:52,717 DEBUG o.e.j.i.ManagedSelector$SelectorProducer [qtp433287555-14] updateable 1
2020-06-23 13:02:52,718 DEBUG o.e.j.i.ManagedSelector$SelectorProducer [qtp433287555-14] update org.eclipse.jetty.io.ManagedSelector$Start@43bc63a3
2020-06-23 13:02:52,718 DEBUG o.e.j.i.ManagedSelector$SelectorProducer [qtp433287555-14] updates 0
2020-06-23 13:02:52,718 DEBUG o.e.j.i.ManagedSelector$SelectorProducer [qtp433287555-14] Selector sun.nio.ch.WindowsSelectorImpl@364c2d9c waiting with 0 keys
2020-06-23 13:02:52,718 DEBUG o.e.j.u.c.AbstractLifeCycle [main] STARTED @1826ms ManagedSelector@411f53a0{STARTED} id=1 keys=0 selected=0 updates=0
2020-06-23 13:02:52,718 DEBUG o.e.j.u.c.AbstractLifeCycle [main] starting ManagedSelector@28701274{STOPPED} id=2 keys=-1 selected=-1 updates=0
2020-06-23 13:02:52,718 DEBUG o.e.j.u.c.AbstractLifeCycle [main] starting EatWhatYouKill@2b71e916/SelectorProducer@36fc695d/IDLE/p=false/QueuedThreadPool[qtp433287555]@19d37183{STARTED,8<=8<=200,i=6,r=8,q=0}[ReservedThreadExecutor@6356695f{s=0/8,p=0}][pc=0,pic=0,pec=0,epc=0]@2020-06-23T13:02:52.718+08:00
2020-06-23 13:02:52,719 DEBUG o.e.j.u.c.AbstractLifeCycle [main] STARTED @1827ms EatWhatYouKill@2b71e916/SelectorProducer@36fc695d/IDLE/p=false/QueuedThreadPool[qtp433287555]@19d37183{STARTED,8<=8<=200,i=6,r=8,q=0}[ReservedThreadExecutor@6356695f{s=0/8,p=0}][pc=0,pic=0,pec=0,epc=0]@2020-06-23T13:02:52.719+08:00
2020-06-23 13:02:52,720 DEBUG o.e.j.u.t.QueuedThreadPool [main] queue org.eclipse.jetty.io.ManagedSelector$$Lambda$29/887750041@702657cc startThread=false
2020-06-23 13:02:52,721 DEBUG o.e.j.u.t.QueuedThreadPool$Runner [qtp433287555-16] run org.eclipse.jetty.io.ManagedSelector$$Lambda$29/887750041@702657cc in QueuedThreadPool[qtp433287555]@19d37183{STARTED,8<=8<=200,i=5,r=8,q=0}[ReservedThreadExecutor@6356695f{s=0/8,p=0}]
2020-06-23 13:02:52,721 DEBUG o.e.j.i.ManagedSelector [main] Queued change org.eclipse.jetty.io.ManagedSelector$Start@6a6cb05c on ManagedSelector@28701274{STARTING} id=2 keys=0 selected=0 updates=0
2020-06-23 13:02:52,721 DEBUG o.e.j.u.t.s.EatWhatYouKill [qtp433287555-16] EatWhatYouKill@2b71e916/SelectorProducer@36fc695d/IDLE/p=false/QueuedThreadPool[qtp433287555]@19d37183{STARTED,8<=8<=200,i=5,r=8,q=0}[ReservedThreadExecutor@6356695f{s=0/8,p=0}][pc=0,pic=0,pec=0,epc=0]@2020-06-23T13:02:52.721+08:00 tryProduce false
2020-06-23 13:02:52,721 DEBUG o.e.j.i.ManagedSelector$SelectorProducer [qtp433287555-16] updateable 1
2020-06-23 13:02:52,721 DEBUG o.e.j.i.ManagedSelector$SelectorProducer [qtp433287555-16] update org.eclipse.jetty.io.ManagedSelector$Start@6a6cb05c
2020-06-23 13:02:52,721 DEBUG o.e.j.i.ManagedSelector$SelectorProducer [qtp433287555-16] updates 0
2020-06-23 13:02:52,721 DEBUG o.e.j.u.c.AbstractLifeCycle [main] STARTED @1830ms ManagedSelector@28701274{STARTED} id=2 keys=0 selected=0 updates=0
2020-06-23 13:02:52,721 DEBUG o.e.j.i.ManagedSelector$SelectorProducer [qtp433287555-16] Selector sun.nio.ch.WindowsSelectorImpl@66a9978b waiting with 0 keys
2020-06-23 13:02:52,722 DEBUG o.e.j.u.c.AbstractLifeCycle [main] starting ManagedSelector@62379589{STOPPED} id=3 keys=-1 selected=-1 updates=0
2020-06-23 13:02:52,722 DEBUG o.e.j.u.c.AbstractLifeCycle [main] starting EatWhatYouKill@13c9d689/SelectorProducer@3754a4bf/IDLE/p=false/QueuedThreadPool[qtp433287555]@19d37183{STARTED,8<=8<=200,i=5,r=8,q=0}[ReservedThreadExecutor@6356695f{s=0/8,p=0}][pc=0,pic=0,pec=0,epc=0]@2020-06-23T13:02:52.722+08:00
2020-06-23 13:02:52,722 DEBUG o.e.j.u.c.AbstractLifeCycle [main] STARTED @1831ms EatWhatYouKill@13c9d689/SelectorProducer@3754a4bf/IDLE/p=false/QueuedThreadPool[qtp433287555]@19d37183{STARTED,8<=8<=200,i=5,r=8,q=0}[ReservedThreadExecutor@6356695f{s=0/8,p=0}][pc=0,pic=0,pec=0,epc=0]@2020-06-23T13:02:52.722+08:00
2020-06-23 13:02:52,723 DEBUG o.e.j.u.t.QueuedThreadPool [main] queue org.eclipse.jetty.io.ManagedSelector$$Lambda$29/887750041@40a4337a startThread=false
2020-06-23 13:02:52,723 DEBUG o.e.j.u.t.QueuedThreadPool$Runner [qtp433287555-17] run org.eclipse.jetty.io.ManagedSelector$$Lambda$29/887750041@40a4337a in QueuedThreadPool[qtp433287555]@19d37183{STARTED,8<=8<=200,i=4,r=8,q=0}[ReservedThreadExecutor@6356695f{s=0/8,p=0}]
2020-06-23 13:02:52,724 DEBUG o.e.j.i.ManagedSelector [main] Queued change org.eclipse.jetty.io.ManagedSelector$Start@6025e1b6 on ManagedSelector@62379589{STARTING} id=3 keys=0 selected=0 updates=0
2020-06-23 13:02:52,724 DEBUG o.e.j.u.t.s.EatWhatYouKill [qtp433287555-17] EatWhatYouKill@13c9d689/SelectorProducer@3754a4bf/IDLE/p=false/QueuedThreadPool[qtp433287555]@19d37183{STARTED,8<=8<=200,i=4,r=8,q=0}[ReservedThreadExecutor@6356695f{s=0/8,p=0}][pc=0,pic=0,pec=0,epc=0]@2020-06-23T13:02:52.724+08:00 tryProduce false
2020-06-23 13:02:52,724 DEBUG o.e.j.i.ManagedSelector$SelectorProducer [qtp433287555-17] updateable 1
2020-06-23 13:02:52,724 DEBUG o.e.j.i.ManagedSelector$SelectorProducer [qtp433287555-17] update org.eclipse.jetty.io.ManagedSelector$Start@6025e1b6
2020-06-23 13:02:52,724 DEBUG o.e.j.i.ManagedSelector$SelectorProducer [qtp433287555-17] updates 0
2020-06-23 13:02:52,724 DEBUG o.e.j.u.c.AbstractLifeCycle [main] STARTED @1833ms ManagedSelector@62379589{STARTED} id=3 keys=0 selected=0 updates=0
2020-06-23 13:02:52,725 DEBUG o.e.j.i.ManagedSelector$SelectorProducer [qtp433287555-17] Selector sun.nio.ch.WindowsSelectorImpl@2f27756f waiting with 0 keys
2020-06-23 13:02:52,725 DEBUG o.e.j.u.c.AbstractLifeCycle [main] STARTED @1833ms SelectorManager@ServerConnector@96def03{HTTP/1.1,[http/1.1]}{0.0.0.0:8080}
2020-06-23 13:02:52,726 DEBUG o.e.j.u.c.ContainerLifeCycle [main] ServerConnector@96def03{HTTP/1.1,[http/1.1]}{0.0.0.0:8080} added {acceptor-0@4c402120,POJO}
2020-06-23 13:02:52,727 DEBUG o.e.j.u.t.QueuedThreadPool [main] queue acceptor-0@4c402120 startThread=false
2020-06-23 13:02:52,727 DEBUG o.e.j.u.t.QueuedThreadPool$Runner [qtp433287555-18] run acceptor-0@4c402120 in QueuedThreadPool[qtp433287555]@19d37183{STARTED,8<=8<=200,i=3,r=8,q=0}[ReservedThreadExecutor@6356695f{s=0/8,p=0}]
2020-06-23 13:02:52,727 INFO o.e.j.s.AbstractConnector [main] Started ServerConnector@96def03{HTTP/1.1,[http/1.1]}{0.0.0.0:8080}
2020-06-23 13:02:52,728 DEBUG o.e.j.u.c.AbstractLifeCycle [main] STARTED @1836ms ServerConnector@96def03{HTTP/1.1,[http/1.1]}{0.0.0.0:8080}
2020-06-23 13:02:52,728 INFO o.e.j.s.Server [main] Started @1836ms
2020-06-23 13:02:52,728 DEBUG o.e.j.u.c.AbstractLifeCycle [main] STARTED @1837ms Server@7ea37dbf{STARTED}[9.4.19.v20190610]
2020-06-23 13:03:22,741 DEBUG o.e.j.u.c.AbstractLifeCycle [main] stopping Server@7ea37dbf{STARTED}[9.4.19.v20190610]
2020-06-23 13:03:22,741 DEBUG o.e.j.s.Server [main] doStop Server@7ea37dbf{STOPPING}[9.4.19.v20190610]
2020-06-23 13:03:22,742 DEBUG o.e.j.u.t.QueuedThreadPool$Runner [qtp433287555-18] ran qtp433287555-18-acceptor-0@4c402120-ServerConnector@96def03{HTTP/1.1,[http/1.1]}{0.0.0.0:8080} in QueuedThreadPool[qtp433287555]@19d37183{STARTED,8<=8<=200,i=3,r=8,q=0}[ReservedThreadExecutor@6356695f{s=0/8,p=0}]
2020-06-23 13:03:22,744 DEBUG o.e.j.s.h.AbstractHandlerContainer [main] Graceful shutdown Server@7ea37dbf{STOPPING}[9.4.19.v20190610] by 
2020-06-23 13:03:22,744 DEBUG o.e.j.u.c.AbstractLifeCycle [main] stopping ServerConnector@96def03{HTTP/1.1,[http/1.1]}{0.0.0.0:8080}
2020-06-23 13:03:22,744 DEBUG o.e.j.u.c.AbstractLifeCycle [main] stopping SelectorManager@ServerConnector@96def03{HTTP/1.1,[http/1.1]}{0.0.0.0:8080}
2020-06-23 13:03:22,744 DEBUG o.e.j.u.c.AbstractLifeCycle [main] stopping ManagedSelector@62379589{STARTED} id=3 keys=0 selected=0 updates=0
2020-06-23 13:03:22,744 DEBUG o.e.j.i.ManagedSelector [main] Queued change org.eclipse.jetty.io.ManagedSelector$CloseConnections@dd05255 on ManagedSelector@62379589{STOPPING} id=3 keys=0 selected=0 updates=0
2020-06-23 13:03:22,744 DEBUG o.e.j.i.ManagedSelector [main] Wakeup on submit ManagedSelector@62379589{STOPPING} id=3 keys=0 selected=0 updates=1
2020-06-23 13:03:22,745 DEBUG o.e.j.i.ManagedSelector$SelectorProducer [qtp433287555-17] Selector sun.nio.ch.WindowsSelectorImpl@2f27756f woken with none selected
2020-06-23 13:03:22,745 DEBUG o.e.j.i.ManagedSelector$SelectorProducer [qtp433287555-17] Selector sun.nio.ch.WindowsSelectorImpl@2f27756f woken up from select, 0/0/0 selected
2020-06-23 13:03:22,745 DEBUG o.e.j.i.ManagedSelector$SelectorProducer [qtp433287555-17] Selector sun.nio.ch.WindowsSelectorImpl@2f27756f processing 0 keys, 1 updates
2020-06-23 13:03:22,745 DEBUG o.e.j.i.ManagedSelector$SelectorProducer [qtp433287555-17] updateable 1
2020-06-23 13:03:22,745 DEBUG o.e.j.i.ManagedSelector$SelectorProducer [qtp433287555-17] update org.eclipse.jetty.io.ManagedSelector$CloseConnections@dd05255
2020-06-23 13:03:22,745 DEBUG o.e.j.i.ManagedSelector$CloseConnections [qtp433287555-17] Closing 0 connections on ManagedSelector@62379589{STOPPING} id=3 keys=0 selected=0 updates=0
2020-06-23 13:03:22,746 DEBUG o.e.j.i.ManagedSelector$SelectorProducer [qtp433287555-17] updates 0
2020-06-23 13:03:22,746 DEBUG o.e.j.i.ManagedSelector$SelectorProducer [qtp433287555-17] Selector sun.nio.ch.WindowsSelectorImpl@2f27756f waiting with 0 keys
2020-06-23 13:03:22,746 DEBUG o.e.j.i.ManagedSelector [main] Queued change org.eclipse.jetty.io.ManagedSelector$StopSelector@6a78afa0 on ManagedSelector@62379589{STOPPING} id=3 keys=0 selected=0 updates=0
2020-06-23 13:03:22,746 DEBUG o.e.j.i.ManagedSelector [main] Wakeup on submit ManagedSelector@62379589{STOPPING} id=3 keys=0 selected=0 updates=1
2020-06-23 13:03:22,746 DEBUG o.e.j.i.ManagedSelector$SelectorProducer [qtp433287555-17] Selector sun.nio.ch.WindowsSelectorImpl@2f27756f woken with none selected
2020-06-23 13:03:22,746 DEBUG o.e.j.i.ManagedSelector$SelectorProducer [qtp433287555-17] Selector sun.nio.ch.WindowsSelectorImpl@2f27756f woken up from select, 0/0/0 selected
2020-06-23 13:03:22,746 DEBUG o.e.j.i.ManagedSelector$SelectorProducer [qtp433287555-17] Selector sun.nio.ch.WindowsSelectorImpl@2f27756f processing 0 keys, 1 updates
2020-06-23 13:03:22,747 DEBUG o.e.j.i.ManagedSelector$SelectorProducer [qtp433287555-17] updateable 1
2020-06-23 13:03:22,747 DEBUG o.e.j.i.ManagedSelector$SelectorProducer [qtp433287555-17] update org.eclipse.jetty.io.ManagedSelector$StopSelector@6a78afa0
2020-06-23 13:03:22,747 DEBUG o.e.j.i.ManagedSelector$SelectorProducer [qtp433287555-17] updates 0
2020-06-23 13:03:22,748 DEBUG o.e.j.u.c.AbstractLifeCycle [main] stopping EatWhatYouKill@13c9d689/SelectorProducer@3754a4bf/PRODUCING/p=false/QueuedThreadPool[qtp433287555]@19d37183{STARTED,8<=8<=200,i=4,r=8,q=0}[ReservedThreadExecutor@6356695f{s=0/8,p=0}][pc=0,pic=0,pec=0,epc=0]@2020-06-23T13:03:22.747+08:00
2020-06-23 13:03:22,748 DEBUG o.e.j.u.t.QueuedThreadPool$Runner [qtp433287555-17] ran org.eclipse.jetty.io.ManagedSelector$$Lambda$29/887750041@40a4337a in QueuedThreadPool[qtp433287555]@19d37183{STARTED,8<=8<=200,i=4,r=8,q=0}[ReservedThreadExecutor@6356695f{s=0/8,p=0}]
2020-06-23 13:03:22,748 DEBUG o.e.j.u.c.AbstractLifeCycle [main] STOPPED EatWhatYouKill@13c9d689/SelectorProducer@3754a4bf/IDLE/p=false/QueuedThreadPool[qtp433287555]@19d37183{STARTED,8<=8<=200,i=5,r=8,q=0}[ReservedThreadExecutor@6356695f{s=0/8,p=0}][pc=0,pic=0,pec=0,epc=0]@2020-06-23T13:03:22.748+08:00
2020-06-23 13:03:22,748 DEBUG o.e.j.u.c.AbstractLifeCycle [main] STOPPED ManagedSelector@62379589{STOPPED} id=3 keys=-1 selected=-1 updates=0
2020-06-23 13:03:22,748 DEBUG o.e.j.u.c.AbstractLifeCycle [main] stopping ManagedSelector@28701274{STARTED} id=2 keys=0 selected=0 updates=0
2020-06-23 13:03:22,748 DEBUG o.e.j.i.ManagedSelector [main] Queued change org.eclipse.jetty.io.ManagedSelector$CloseConnections@2f4948e4 on ManagedSelector@28701274{STOPPING} id=2 keys=0 selected=0 updates=0
2020-06-23 13:03:22,749 DEBUG o.e.j.i.ManagedSelector [main] Wakeup on submit ManagedSelector@28701274{STOPPING} id=2 keys=0 selected=0 updates=1
2020-06-23 13:03:22,749 DEBUG o.e.j.i.ManagedSelector$SelectorProducer [qtp433287555-16] Selector sun.nio.ch.WindowsSelectorImpl@66a9978b woken with none selected
2020-06-23 13:03:22,749 DEBUG o.e.j.i.ManagedSelector$SelectorProducer [qtp433287555-16] Selector sun.nio.ch.WindowsSelectorImpl@66a9978b woken up from select, 0/0/0 selected
2020-06-23 13:03:22,749 DEBUG o.e.j.i.ManagedSelector$SelectorProducer [qtp433287555-16] Selector sun.nio.ch.WindowsSelectorImpl@66a9978b processing 0 keys, 1 updates
2020-06-23 13:03:22,749 DEBUG o.e.j.i.ManagedSelector$SelectorProducer [qtp433287555-16] updateable 1
2020-06-23 13:03:22,749 DEBUG o.e.j.i.ManagedSelector$SelectorProducer [qtp433287555-16] update org.eclipse.jetty.io.ManagedSelector$CloseConnections@2f4948e4
2020-06-23 13:03:22,750 DEBUG o.e.j.i.ManagedSelector$CloseConnections [qtp433287555-16] Closing 0 connections on ManagedSelector@28701274{STOPPING} id=2 keys=0 selected=0 updates=0
2020-06-23 13:03:22,750 DEBUG o.e.j.i.ManagedSelector$SelectorProducer [qtp433287555-16] updates 0
2020-06-23 13:03:22,750 DEBUG o.e.j.i.ManagedSelector [main] Queued change org.eclipse.jetty.io.ManagedSelector$StopSelector@1f2586d6 on ManagedSelector@28701274{STOPPING} id=2 keys=0 selected=0 updates=0
2020-06-23 13:03:22,750 DEBUG o.e.j.i.ManagedSelector$SelectorProducer [qtp433287555-16] Selector sun.nio.ch.WindowsSelectorImpl@66a9978b waiting with 0 keys
2020-06-23 13:03:22,750 DEBUG o.e.j.i.ManagedSelector [main] Wakeup on submit ManagedSelector@28701274{STOPPING} id=2 keys=0 selected=0 updates=1
2020-06-23 13:03:22,750 DEBUG o.e.j.i.ManagedSelector$SelectorProducer [qtp433287555-16] Selector sun.nio.ch.WindowsSelectorImpl@66a9978b woken with none selected
2020-06-23 13:03:22,750 DEBUG o.e.j.i.ManagedSelector$SelectorProducer [qtp433287555-16] Selector sun.nio.ch.WindowsSelectorImpl@66a9978b woken up from select, 0/0/0 selected
2020-06-23 13:03:22,751 DEBUG o.e.j.i.ManagedSelector$SelectorProducer [qtp433287555-16] Selector sun.nio.ch.WindowsSelectorImpl@66a9978b processing 0 keys, 1 updates
2020-06-23 13:03:22,751 DEBUG o.e.j.i.ManagedSelector$SelectorProducer [qtp433287555-16] updateable 1
2020-06-23 13:03:22,751 DEBUG o.e.j.i.ManagedSelector$SelectorProducer [qtp433287555-16] update org.eclipse.jetty.io.ManagedSelector$StopSelector@1f2586d6
2020-06-23 13:03:22,751 DEBUG o.e.j.i.ManagedSelector$SelectorProducer [qtp433287555-16] updates 0
2020-06-23 13:03:22,751 DEBUG o.e.j.u.c.AbstractLifeCycle [main] stopping EatWhatYouKill@2b71e916/SelectorProducer@36fc695d/PRODUCING/p=false/QueuedThreadPool[qtp433287555]@19d37183{STARTED,8<=8<=200,i=5,r=8,q=0}[ReservedThreadExecutor@6356695f{s=0/8,p=0}][pc=0,pic=0,pec=0,epc=0]@2020-06-23T13:03:22.751+08:00
2020-06-23 13:03:22,752 DEBUG o.e.j.u.t.QueuedThreadPool$Runner [qtp433287555-16] ran org.eclipse.jetty.io.ManagedSelector$$Lambda$29/887750041@702657cc in QueuedThreadPool[qtp433287555]@19d37183{STARTED,8<=8<=200,i=5,r=8,q=0}[ReservedThreadExecutor@6356695f{s=0/8,p=0}]
2020-06-23 13:03:22,752 DEBUG o.e.j.u.c.AbstractLifeCycle [main] STOPPED EatWhatYouKill@2b71e916/SelectorProducer@36fc695d/IDLE/p=false/QueuedThreadPool[qtp433287555]@19d37183{STARTED,8<=8<=200,i=5,r=8,q=0}[ReservedThreadExecutor@6356695f{s=0/8,p=0}][pc=0,pic=0,pec=0,epc=0]@2020-06-23T13:03:22.752+08:00
2020-06-23 13:03:22,752 DEBUG o.e.j.u.c.AbstractLifeCycle [main] STOPPED ManagedSelector@28701274{STOPPED} id=2 keys=-1 selected=-1 updates=0
2020-06-23 13:03:22,752 DEBUG o.e.j.u.c.AbstractLifeCycle [main] stopping ManagedSelector@411f53a0{STARTED} id=1 keys=0 selected=0 updates=0
2020-06-23 13:03:22,752 DEBUG o.e.j.i.ManagedSelector [main] Queued change org.eclipse.jetty.io.ManagedSelector$CloseConnections@10683d9d on ManagedSelector@411f53a0{STOPPING} id=1 keys=0 selected=0 updates=0
2020-06-23 13:03:22,752 DEBUG o.e.j.i.ManagedSelector [main] Wakeup on submit ManagedSelector@411f53a0{STOPPING} id=1 keys=0 selected=0 updates=1
2020-06-23 13:03:22,753 DEBUG o.e.j.i.ManagedSelector$SelectorProducer [qtp433287555-14] Selector sun.nio.ch.WindowsSelectorImpl@364c2d9c woken with none selected
2020-06-23 13:03:22,753 DEBUG o.e.j.i.ManagedSelector$SelectorProducer [qtp433287555-14] Selector sun.nio.ch.WindowsSelectorImpl@364c2d9c woken up from select, 0/0/0 selected
2020-06-23 13:03:22,753 DEBUG o.e.j.i.ManagedSelector$SelectorProducer [qtp433287555-14] Selector sun.nio.ch.WindowsSelectorImpl@364c2d9c processing 0 keys, 1 updates
2020-06-23 13:03:22,753 DEBUG o.e.j.i.ManagedSelector$SelectorProducer [qtp433287555-14] updateable 1
2020-06-23 13:03:22,753 DEBUG o.e.j.i.ManagedSelector$SelectorProducer [qtp433287555-14] update org.eclipse.jetty.io.ManagedSelector$CloseConnections@10683d9d
2020-06-23 13:03:22,753 DEBUG o.e.j.i.ManagedSelector$CloseConnections [qtp433287555-14] Closing 0 connections on ManagedSelector@411f53a0{STOPPING} id=1 keys=0 selected=0 updates=0
2020-06-23 13:03:22,753 DEBUG o.e.j.i.ManagedSelector$SelectorProducer [qtp433287555-14] updates 0
2020-06-23 13:03:22,753 DEBUG o.e.j.i.ManagedSelector [main] Queued change org.eclipse.jetty.io.ManagedSelector$StopSelector@3fc2959f on ManagedSelector@411f53a0{STOPPING} id=1 keys=0 selected=0 updates=0
2020-06-23 13:03:22,753 DEBUG o.e.j.i.ManagedSelector$SelectorProducer [qtp433287555-14] Selector sun.nio.ch.WindowsSelectorImpl@364c2d9c waiting with 0 keys
2020-06-23 13:03:22,754 DEBUG o.e.j.i.ManagedSelector [main] Wakeup on submit ManagedSelector@411f53a0{STOPPING} id=1 keys=0 selected=0 updates=1
2020-06-23 13:03:22,754 DEBUG o.e.j.i.ManagedSelector$SelectorProducer [qtp433287555-14] Selector sun.nio.ch.WindowsSelectorImpl@364c2d9c woken with none selected
2020-06-23 13:03:22,754 DEBUG o.e.j.i.ManagedSelector$SelectorProducer [qtp433287555-14] Selector sun.nio.ch.WindowsSelectorImpl@364c2d9c woken up from select, 0/0/0 selected
2020-06-23 13:03:22,754 DEBUG o.e.j.i.ManagedSelector$SelectorProducer [qtp433287555-14] Selector sun.nio.ch.WindowsSelectorImpl@364c2d9c processing 0 keys, 1 updates
2020-06-23 13:03:22,754 DEBUG o.e.j.i.ManagedSelector$SelectorProducer [qtp433287555-14] updateable 1
2020-06-23 13:03:22,754 DEBUG o.e.j.i.ManagedSelector$SelectorProducer [qtp433287555-14] update org.eclipse.jetty.io.ManagedSelector$StopSelector@3fc2959f
2020-06-23 13:03:22,755 DEBUG o.e.j.i.ManagedSelector$SelectorProducer [qtp433287555-14] updates 0
2020-06-23 13:03:22,755 DEBUG o.e.j.u.c.AbstractLifeCycle [main] stopping EatWhatYouKill@51399530/SelectorProducer@6b2ea799/PRODUCING/p=false/QueuedThreadPool[qtp433287555]@19d37183{STARTED,8<=8<=200,i=6,r=8,q=0}[ReservedThreadExecutor@6356695f{s=0/8,p=0}][pc=0,pic=0,pec=0,epc=0]@2020-06-23T13:03:22.755+08:00
2020-06-23 13:03:22,755 DEBUG o.e.j.u.t.QueuedThreadPool$Runner [qtp433287555-14] ran org.eclipse.jetty.io.ManagedSelector$$Lambda$29/887750041@38425407 in QueuedThreadPool[qtp433287555]@19d37183{STARTED,8<=8<=200,i=6,r=8,q=0}[ReservedThreadExecutor@6356695f{s=0/8,p=0}]
2020-06-23 13:03:22,755 DEBUG o.e.j.u.c.AbstractLifeCycle [main] STOPPED EatWhatYouKill@51399530/SelectorProducer@6b2ea799/IDLE/p=false/QueuedThreadPool[qtp433287555]@19d37183{STARTED,8<=8<=200,i=6,r=8,q=0}[ReservedThreadExecutor@6356695f{s=0/8,p=0}][pc=0,pic=0,pec=0,epc=0]@2020-06-23T13:03:22.755+08:00
2020-06-23 13:03:22,756 DEBUG o.e.j.u.c.AbstractLifeCycle [main] STOPPED ManagedSelector@411f53a0{STOPPED} id=1 keys=-1 selected=-1 updates=0
2020-06-23 13:03:22,756 DEBUG o.e.j.u.c.AbstractLifeCycle [main] stopping ManagedSelector@6771beb3{STARTED} id=0 keys=0 selected=0 updates=0
2020-06-23 13:03:22,756 DEBUG o.e.j.i.ManagedSelector [main] Queued change org.eclipse.jetty.io.ManagedSelector$CloseConnections@5aa9e4eb on ManagedSelector@6771beb3{STOPPING} id=0 keys=0 selected=0 updates=0
2020-06-23 13:03:22,756 DEBUG o.e.j.i.ManagedSelector [main] Wakeup on submit ManagedSelector@6771beb3{STOPPING} id=0 keys=0 selected=0 updates=1
2020-06-23 13:03:22,757 DEBUG o.e.j.i.ManagedSelector$SelectorProducer [qtp433287555-15] Selector sun.nio.ch.WindowsSelectorImpl@4e6ab835 woken with none selected
2020-06-23 13:03:22,757 DEBUG o.e.j.i.ManagedSelector$SelectorProducer [qtp433287555-15] Selector sun.nio.ch.WindowsSelectorImpl@4e6ab835 woken up from select, 0/0/0 selected
2020-06-23 13:03:22,757 DEBUG o.e.j.i.ManagedSelector$SelectorProducer [qtp433287555-15] Selector sun.nio.ch.WindowsSelectorImpl@4e6ab835 processing 0 keys, 1 updates
2020-06-23 13:03:22,757 DEBUG o.e.j.i.ManagedSelector$SelectorProducer [qtp433287555-15] updateable 1
2020-06-23 13:03:22,757 DEBUG o.e.j.i.ManagedSelector$SelectorProducer [qtp433287555-15] update org.eclipse.jetty.io.ManagedSelector$CloseConnections@5aa9e4eb
2020-06-23 13:03:22,757 DEBUG o.e.j.i.ManagedSelector$CloseConnections [qtp433287555-15] Closing 0 connections on ManagedSelector@6771beb3{STOPPING} id=0 keys=0 selected=0 updates=0
2020-06-23 13:03:22,757 DEBUG o.e.j.i.ManagedSelector$SelectorProducer [qtp433287555-15] updates 0
2020-06-23 13:03:22,757 DEBUG o.e.j.i.ManagedSelector$SelectorProducer [qtp433287555-15] Selector sun.nio.ch.WindowsSelectorImpl@4e6ab835 waiting with 0 keys
2020-06-23 13:03:22,758 DEBUG o.e.j.i.ManagedSelector [main] Queued change org.eclipse.jetty.io.ManagedSelector$StopSelector@6989da5e on ManagedSelector@6771beb3{STOPPING} id=0 keys=0 selected=0 updates=0
2020-06-23 13:03:22,758 DEBUG o.e.j.i.ManagedSelector [main] Wakeup on submit ManagedSelector@6771beb3{STOPPING} id=0 keys=0 selected=0 updates=1
2020-06-23 13:03:22,758 DEBUG o.e.j.i.ManagedSelector$SelectorProducer [qtp433287555-15] Selector sun.nio.ch.WindowsSelectorImpl@4e6ab835 woken with none selected
2020-06-23 13:03:22,758 DEBUG o.e.j.i.ManagedSelector$SelectorProducer [qtp433287555-15] Selector sun.nio.ch.WindowsSelectorImpl@4e6ab835 woken up from select, 0/0/0 selected
2020-06-23 13:03:22,758 DEBUG o.e.j.i.ManagedSelector$SelectorProducer [qtp433287555-15] Selector sun.nio.ch.WindowsSelectorImpl@4e6ab835 processing 0 keys, 1 updates
2020-06-23 13:03:22,758 DEBUG o.e.j.i.ManagedSelector$SelectorProducer [qtp433287555-15] updateable 1
2020-06-23 13:03:22,758 DEBUG o.e.j.i.ManagedSelector$SelectorProducer [qtp433287555-15] update org.eclipse.jetty.io.ManagedSelector$StopSelector@6989da5e
2020-06-23 13:03:22,759 DEBUG o.e.j.i.ManagedSelector$SelectorProducer [qtp433287555-15] updates 0
2020-06-23 13:03:22,759 DEBUG o.e.j.u.c.AbstractLifeCycle [main] stopping EatWhatYouKill@55141def/SelectorProducer@41d477ed/PRODUCING/p=false/QueuedThreadPool[qtp433287555]@19d37183{STARTED,8<=8<=200,i=7,r=8,q=0}[ReservedThreadExecutor@6356695f{s=0/8,p=0}][pc=0,pic=0,pec=0,epc=0]@2020-06-23T13:03:22.759+08:00
2020-06-23 13:03:22,759 DEBUG o.e.j.u.t.QueuedThreadPool$Runner [qtp433287555-15] ran org.eclipse.jetty.io.ManagedSelector$$Lambda$29/887750041@3c41ed1d in QueuedThreadPool[qtp433287555]@19d37183{STARTED,8<=8<=200,i=7,r=8,q=0}[ReservedThreadExecutor@6356695f{s=0/8,p=0}]
2020-06-23 13:03:22,760 DEBUG o.e.j.u.c.AbstractLifeCycle [main] STOPPED EatWhatYouKill@55141def/SelectorProducer@41d477ed/IDLE/p=false/QueuedThreadPool[qtp433287555]@19d37183{STARTED,8<=8<=200,i=7,r=8,q=0}[ReservedThreadExecutor@6356695f{s=0/8,p=0}][pc=0,pic=0,pec=0,epc=0]@2020-06-23T13:03:22.759+08:00
2020-06-23 13:03:22,760 DEBUG o.e.j.u.c.AbstractLifeCycle [main] STOPPED ManagedSelector@6771beb3{STOPPED} id=0 keys=-1 selected=-1 updates=0
2020-06-23 13:03:22,760 DEBUG o.e.j.u.c.AbstractLifeCycle [main] STOPPED SelectorManager@ServerConnector@96def03{HTTP/1.1,[http/1.1]}{0.0.0.0:8080}
2020-06-23 13:03:22,760 DEBUG o.e.j.u.c.AbstractLifeCycle [main] stopping HttpConnectionFactory@1e802ef9[HTTP/1.1]
2020-06-23 13:03:22,760 DEBUG o.e.j.u.c.AbstractLifeCycle [main] STOPPED HttpConnectionFactory@1e802ef9[HTTP/1.1]
2020-06-23 13:03:22,760 DEBUG o.e.j.u.c.AbstractLifeCycle [main] stopping ScheduledExecutorScheduler@3cc2931c{STARTED}
2020-06-23 13:03:22,761 DEBUG o.e.j.u.c.AbstractLifeCycle [main] STOPPED ScheduledExecutorScheduler@3cc2931c{STOPPED}
2020-06-23 13:03:22,761 INFO o.e.j.s.AbstractConnector [main] Stopped ServerConnector@96def03{HTTP/1.1,[http/1.1]}{0.0.0.0:8080}
2020-06-23 13:03:22,761 DEBUG o.e.j.u.c.AbstractLifeCycle [main] STOPPED ServerConnector@96def03{HTTP/1.1,[http/1.1]}{0.0.0.0:8080}
2020-06-23 13:03:22,761 DEBUG o.e.j.s.h.AbstractHandler [main] stopping Server@7ea37dbf{STOPPING}[9.4.19.v20190610]
2020-06-23 13:03:22,761 DEBUG o.e.j.u.c.AbstractLifeCycle [main] stopping DefaultSessionIdManager@6adbc9d{STARTED}[worker=node0]
2020-06-23 13:03:22,761 DEBUG o.e.j.u.c.AbstractLifeCycle [main] stopping HouseKeeper@223191a6{STARTED}[interval=660000, ownscheduler=true]
2020-06-23 13:03:22,762 INFO o.e.j.s.s.HouseKeeper [main] node0 Stopped scavenging
2020-06-23 13:03:22,762 DEBUG o.e.j.u.c.AbstractLifeCycle [main] stopping ScheduledExecutorScheduler@49139829{STARTED}
2020-06-23 13:03:22,762 DEBUG o.e.j.u.c.AbstractLifeCycle [main] STOPPED ScheduledExecutorScheduler@49139829{STOPPED}
2020-06-23 13:03:22,762 DEBUG o.e.j.u.c.AbstractLifeCycle [main] STOPPED HouseKeeper@223191a6{STOPPED}[interval=660000, ownscheduler=true]
2020-06-23 13:03:22,762 DEBUG o.e.j.u.c.AbstractLifeCycle [main] STOPPED DefaultSessionIdManager@6adbc9d{STOPPED}[worker=node0]
2020-06-23 13:03:22,762 DEBUG o.e.j.u.c.AbstractLifeCycle [main] stopping ErrorHandler@123ef382{STARTED}
2020-06-23 13:03:22,762 DEBUG o.e.j.s.h.AbstractHandler [main] stopping ErrorHandler@123ef382{STOPPING}
2020-06-23 13:03:22,763 DEBUG o.e.j.u.c.AbstractLifeCycle [main] STOPPED ErrorHandler@123ef382{STOPPED}
2020-06-23 13:03:22,763 DEBUG o.e.j.u.c.AbstractLifeCycle [main] stopping o.e.j.s.ServletContextHandler@15eb5ee5{/hello,null,SHUTDOWN}
2020-06-23 13:03:22,763 DEBUG o.e.j.s.h.AbstractHandlerContainer [main] Graceful shutdown o.e.j.s.ServletContextHandler@15eb5ee5{/hello,null,SHUTDOWN} by 
2020-06-23 13:03:22,763 DEBUG o.e.j.s.h.AbstractHandler [main] stopping o.e.j.s.ServletContextHandler@15eb5ee5{/hello,null,UNAVAILABLE}
2020-06-23 13:03:22,763 DEBUG o.e.j.u.c.AbstractLifeCycle [main] stopping org.eclipse.jetty.server.session.SessionHandler558216562==dftMaxIdleSec=-1
2020-06-23 13:03:22,763 DEBUG o.e.j.u.c.AbstractLifeCycle [main] stopping org.eclipse.jetty.server.session.DefaultSessionCache@131774fe[evict=-1,removeUnloadable=false,saveOnCreate=false,saveOnInactiveEvict=false]
2020-06-23 13:03:22,763 DEBUG o.e.j.u.c.AbstractLifeCycle [main] stopping org.eclipse.jetty.server.session.NullSessionDataStore@5c33f1a9[passivating=false,graceSec=3600]
2020-06-23 13:03:22,764 DEBUG o.e.j.u.c.AbstractLifeCycle [main] STOPPED org.eclipse.jetty.server.session.NullSessionDataStore@5c33f1a9[passivating=false,graceSec=3600]
2020-06-23 13:03:22,764 DEBUG o.e.j.u.c.AbstractLifeCycle [main] STOPPED org.eclipse.jetty.server.session.DefaultSessionCache@131774fe[evict=-1,removeUnloadable=false,saveOnCreate=false,saveOnInactiveEvict=false]
2020-06-23 13:03:22,764 DEBUG o.e.j.u.c.AbstractLifeCycle [main] stopping ScheduledExecutorScheduler@5b8dfcc1{STARTED}
2020-06-23 13:03:22,764 DEBUG o.e.j.u.c.AbstractLifeCycle [main] STOPPED ScheduledExecutorScheduler@5b8dfcc1{STOPPED}
2020-06-23 13:03:22,764 DEBUG o.e.j.s.h.AbstractHandler [main] stopping org.eclipse.jetty.server.session.SessionHandler558216562==dftMaxIdleSec=-1
2020-06-23 13:03:22,764 DEBUG o.e.j.u.c.AbstractLifeCycle [main] stopping ServletHandler@619713e5{STARTED}
2020-06-23 13:03:22,765 DEBUG o.e.j.s.h.AbstractHandler [main] stopping ServletHandler@619713e5{STOPPING}
2020-06-23 13:03:22,766 DEBUG o.e.j.u.c.AbstractLifeCycle [main] stopping org.eclipse.jetty.servlet.ServletHandler$Default404Servlet-f6efaab@aa2e1d5d==org.eclipse.jetty.servlet.ServletHandler$Default404Servlet,jsp=null,order=-1,inst=false,async=true
2020-06-23 13:03:22,766 DEBUG o.e.j.u.c.AbstractLifeCycle [main] STOPPED org.eclipse.jetty.servlet.ServletHandler$Default404Servlet-f6efaab@aa2e1d5d==org.eclipse.jetty.servlet.ServletHandler$Default404Servlet,jsp=null,order=-1,inst=false,async=true
2020-06-23 13:03:22,767 DEBUG o.e.j.u.c.AbstractLifeCycle [main] stopping com.demo.jetty.jettydemo2.HelloServlet2-333291e3@11675f81==com.demo.jetty.jettydemo2.HelloServlet2,jsp=null,order=-1,inst=true,async=true
2020-06-23 13:03:22,767 DEBUG o.e.j.u.c.AbstractLifeCycle [main] STOPPED com.demo.jetty.jettydemo2.HelloServlet2-333291e3@11675f81==com.demo.jetty.jettydemo2.HelloServlet2,jsp=null,order=-1,inst=true,async=true
2020-06-23 13:03:22,767 DEBUG o.e.j.u.c.AbstractLifeCycle [main] STOPPED ServletHandler@619713e5{STOPPED}
2020-06-23 13:03:22,767 DEBUG o.e.j.u.c.AbstractLifeCycle [main] STOPPED org.eclipse.jetty.server.session.SessionHandler558216562==dftMaxIdleSec=-1
2020-06-23 13:03:22,768 INFO o.e.j.s.h.ContextHandler [main] Stopped o.e.j.s.ServletContextHandler@15eb5ee5{/hello,null,UNAVAILABLE}
2020-06-23 13:03:22,768 DEBUG o.e.j.u.c.AbstractLifeCycle [main] STOPPED o.e.j.s.ServletContextHandler@15eb5ee5{/hello,null,UNAVAILABLE}
2020-06-23 13:03:22,768 DEBUG o.e.j.u.c.AbstractLifeCycle [main] stopping QueuedThreadPool[qtp433287555]@19d37183{STARTED,8<=8<=200,i=8,r=8,q=0}[ReservedThreadExecutor@6356695f{s=0/8,p=0}]
2020-06-23 13:03:22,768 DEBUG o.e.j.u.t.QueuedThreadPool [main] Stopping QueuedThreadPool[qtp433287555]@19d37183{STOPPING,8<=8<=200,i=8,r=-1,q=0}[ReservedThreadExecutor@6356695f{s=0/8,p=0}]
2020-06-23 13:03:22,768 DEBUG o.e.j.u.c.AbstractLifeCycle [main] stopping ReservedThreadExecutor@6356695f{s=0/8,p=0}
2020-06-23 13:03:22,768 DEBUG o.e.j.u.c.AbstractLifeCycle [main] STOPPED ReservedThreadExecutor@6356695f{s=0/8,p=0}
2020-06-23 13:03:22,769 DEBUG o.e.j.u.t.QueuedThreadPool [main] Waiting for Thread[qtp433287555-19,5,main] for 14999
2020-06-23 13:03:22,769 DEBUG o.e.j.u.t.QueuedThreadPool$Runner [qtp433287555-14] run org.eclipse.jetty.util.thread.QueuedThreadPool$$Lambda$1/1172131546@4aa8ebb in QueuedThreadPool[qtp433287555]@19d37183{STOPPING,8<=0<=200,i=8,r=-1,q=0}[NO_TRY]
2020-06-23 13:03:22,769 DEBUG o.e.j.u.t.QueuedThreadPool$Runner [qtp433287555-19] run org.eclipse.jetty.util.thread.QueuedThreadPool$$Lambda$1/1172131546@4aa8ebb in QueuedThreadPool[qtp433287555]@19d37183{STOPPING,8<=0<=200,i=8,r=-1,q=6}[NO_TRY]
2020-06-23 13:03:22,769 DEBUG o.e.j.u.t.QueuedThreadPool$Runner [qtp433287555-20] run org.eclipse.jetty.util.thread.QueuedThreadPool$$Lambda$1/1172131546@4aa8ebb in QueuedThreadPool[qtp433287555]@19d37183{STOPPING,8<=0<=200,i=8,r=-1,q=6}[NO_TRY]
2020-06-23 13:03:22,769 DEBUG o.e.j.u.t.QueuedThreadPool$Runner [qtp433287555-15] run org.eclipse.jetty.util.thread.QueuedThreadPool$$Lambda$1/1172131546@4aa8ebb in QueuedThreadPool[qtp433287555]@19d37183{STOPPING,8<=0<=200,i=8,r=-1,q=0}[NO_TRY]
2020-06-23 13:03:22,769 DEBUG o.e.j.u.t.QueuedThreadPool$Runner [qtp433287555-17] run org.eclipse.jetty.util.thread.QueuedThreadPool$$Lambda$1/1172131546@4aa8ebb in QueuedThreadPool[qtp433287555]@19d37183{STOPPING,8<=0<=200,i=8,r=-1,q=2}[NO_TRY]
2020-06-23 13:03:22,769 DEBUG o.e.j.u.t.QueuedThreadPool$Runner [qtp433287555-20] ran org.eclipse.jetty.util.thread.QueuedThreadPool$$Lambda$1/1172131546@4aa8ebb in QueuedThreadPool[qtp433287555]@19d37183{STOPPING,8<=0<=200,i=8,r=-1,q=0}[NO_TRY]
2020-06-23 13:03:22,769 DEBUG o.e.j.u.t.QueuedThreadPool$Runner [qtp433287555-14] ran org.eclipse.jetty.util.thread.QueuedThreadPool$$Lambda$1/1172131546@4aa8ebb in QueuedThreadPool[qtp433287555]@19d37183{STOPPING,8<=0<=200,i=8,r=-1,q=0}[NO_TRY]
2020-06-23 13:03:22,769 DEBUG o.e.j.u.t.QueuedThreadPool$Runner [qtp433287555-17] ran org.eclipse.jetty.util.thread.QueuedThreadPool$$Lambda$1/1172131546@4aa8ebb in QueuedThreadPool[qtp433287555]@19d37183{STOPPING,8<=0<=200,i=8,r=-1,q=0}[NO_TRY]
2020-06-23 13:03:22,769 DEBUG o.e.j.u.t.QueuedThreadPool$Runner [qtp433287555-15] ran org.eclipse.jetty.util.thread.QueuedThreadPool$$Lambda$1/1172131546@4aa8ebb in QueuedThreadPool[qtp433287555]@19d37183{STOPPING,8<=0<=200,i=8,r=-1,q=0}[NO_TRY]
2020-06-23 13:03:22,769 DEBUG o.e.j.u.t.QueuedThreadPool$Runner [qtp433287555-20] Thread[qtp433287555-20,5,main] exited for QueuedThreadPool[qtp433287555]@19d37183{STOPPING,8<=0<=200,i=8,r=-1,q=0}[NO_TRY]
2020-06-23 13:03:22,769 DEBUG o.e.j.u.t.QueuedThreadPool$Runner [qtp433287555-21] run org.eclipse.jetty.util.thread.QueuedThreadPool$$Lambda$1/1172131546@4aa8ebb in QueuedThreadPool[qtp433287555]@19d37183{STOPPING,8<=0<=200,i=8,r=-1,q=5}[NO_TRY]
2020-06-23 13:03:22,769 DEBUG o.e.j.u.t.QueuedThreadPool$Runner [qtp433287555-16] run org.eclipse.jetty.util.thread.QueuedThreadPool$$Lambda$1/1172131546@4aa8ebb in QueuedThreadPool[qtp433287555]@19d37183{STOPPING,8<=0<=200,i=8,r=-1,q=2}[NO_TRY]
2020-06-23 13:03:22,770 DEBUG o.e.j.u.t.QueuedThreadPool$Runner [qtp433287555-18] run org.eclipse.jetty.util.thread.QueuedThreadPool$$Lambda$1/1172131546@4aa8ebb in QueuedThreadPool[qtp433287555]@19d37183{STOPPING,8<=0<=200,i=8,r=-1,q=0}[NO_TRY]
2020-06-23 13:03:22,770 DEBUG o.e.j.u.t.QueuedThreadPool$Runner [qtp433287555-16] ran org.eclipse.jetty.util.thread.QueuedThreadPool$$Lambda$1/1172131546@4aa8ebb in QueuedThreadPool[qtp433287555]@19d37183{STOPPING,8<=0<=200,i=8,r=-1,q=0}[NO_TRY]
2020-06-23 13:03:22,770 DEBUG o.e.j.u.t.QueuedThreadPool$Runner [qtp433287555-18] ran org.eclipse.jetty.util.thread.QueuedThreadPool$$Lambda$1/1172131546@4aa8ebb in QueuedThreadPool[qtp433287555]@19d37183{STOPPING,8<=0<=200,i=8,r=-1,q=0}[NO_TRY]
2020-06-23 13:03:22,770 DEBUG o.e.j.u.t.QueuedThreadPool$Runner [qtp433287555-16] Thread[qtp433287555-16,5,main] exited for QueuedThreadPool[qtp433287555]@19d37183{STOPPING,8<=0<=200,i=8,r=-1,q=0}[NO_TRY]
2020-06-23 13:03:22,770 DEBUG o.e.j.u.t.QueuedThreadPool$Runner [qtp433287555-18] Thread[qtp433287555-18,5,main] exited for QueuedThreadPool[qtp433287555]@19d37183{STOPPING,8<=0<=200,i=8,r=-1,q=0}[NO_TRY]
2020-06-23 13:03:22,769 DEBUG o.e.j.u.t.QueuedThreadPool$Runner [qtp433287555-15] Thread[qtp433287555-15,5,main] exited for QueuedThreadPool[qtp433287555]@19d37183{STOPPING,8<=0<=200,i=8,r=-1,q=0}[NO_TRY]
2020-06-23 13:03:22,769 DEBUG o.e.j.u.t.QueuedThreadPool$Runner [qtp433287555-17] Thread[qtp433287555-17,5,main] exited for QueuedThreadPool[qtp433287555]@19d37183{STOPPING,8<=0<=200,i=8,r=-1,q=0}[NO_TRY]
2020-06-23 13:03:22,769 DEBUG o.e.j.u.t.QueuedThreadPool$Runner [qtp433287555-14] Thread[qtp433287555-14,5,main] exited for QueuedThreadPool[qtp433287555]@19d37183{STOPPING,8<=0<=200,i=8,r=-1,q=0}[NO_TRY]
2020-06-23 13:03:22,770 DEBUG o.e.j.u.t.QueuedThreadPool$Runner [qtp433287555-21] ran org.eclipse.jetty.util.thread.QueuedThreadPool$$Lambda$1/1172131546@4aa8ebb in QueuedThreadPool[qtp433287555]@19d37183{STOPPING,8<=0<=200,i=8,r=-1,q=0}[NO_TRY]
2020-06-23 13:03:22,770 DEBUG o.e.j.u.t.QueuedThreadPool$Runner [qtp433287555-19] ran org.eclipse.jetty.util.thread.QueuedThreadPool$$Lambda$1/1172131546@4aa8ebb in QueuedThreadPool[qtp433287555]@19d37183{STOPPING,8<=0<=200,i=8,r=-1,q=0}[NO_TRY]
2020-06-23 13:03:22,770 DEBUG o.e.j.u.t.QueuedThreadPool$Runner [qtp433287555-21] Thread[qtp433287555-21,5,main] exited for QueuedThreadPool[qtp433287555]@19d37183{STOPPING,8<=0<=200,i=8,r=-1,q=0}[NO_TRY]
2020-06-23 13:03:22,771 DEBUG o.e.j.u.t.QueuedThreadPool$Runner [qtp433287555-19] Thread[qtp433287555-19,5,main] exited for QueuedThreadPool[qtp433287555]@19d37183{STOPPING,8<=0<=200,i=8,r=-1,q=0}[NO_TRY]
2020-06-23 13:03:22,771 DEBUG o.e.j.u.t.QueuedThreadPool [main] Waiting for Thread[qtp433287555-18,5,] for 14997
2020-06-23 13:03:22,771 DEBUG o.e.j.u.c.AbstractLifeCycle [main] STOPPED QueuedThreadPool[qtp433287555]@19d37183{STOPPED,8<=0<=200,i=8,r=-1,q=0}[NO_TRY]
2020-06-23 13:03:22,771 DEBUG o.e.j.u.c.AbstractLifeCycle [main] STOPPED Server@7ea37dbf{STOPPED}[9.4.19.v20190610]
