2020-07-11 21:51:06,670 DEBUG o.e.j.u.l.Log [main] Logging to org.apache.logging.slf4j.Log4jLogger@49e5f737 via org.eclipse.jetty.util.log.Slf4jLog
2020-07-11 21:51:06,696 INFO o.e.j.u.l.Log [main] Logging initialized @4319ms to org.eclipse.jetty.util.log.Slf4jLog
2020-07-11 21:51:06,741 DEBUG o.e.j.u.c.ContainerLifeCycle [main] Server@2a266d09{STOPPED}[9.4.19.v20190610] added {QueuedThreadPool[qtp2082351774]@7c1e2a9e{STOPPED,8<=0<=200,i=0,r=-1,q=0}[NO_TRY],AUTO}
2020-07-11 21:51:06,784 DEBUG o.e.j.u.c.ContainerLifeCycle [main] HttpConnectionFactory@79da8dc5[HTTP/1.1] added {HttpConfiguration@1eb5174b{32768/8192,8192/8192,https://:0,[]},POJO}
2020-07-11 21:51:06,792 DEBUG o.e.j.u.c.ContainerLifeCycle [main] ServerConnector@2bfc268b{null,[]}{0.0.0.0:0} added {Server@2a266d09{STOPPED}[9.4.19.v20190610],UNMANAGED}
2020-07-11 21:51:06,794 DEBUG o.e.j.u.c.ContainerLifeCycle [main] ServerConnector@2bfc268b{null,[]}{0.0.0.0:0} added {QueuedThreadPool[qtp2082351774]@7c1e2a9e{STOPPED,8<=0<=200,i=0,r=-1,q=0}[NO_TRY],AUTO}
2020-07-11 21:51:06,795 DEBUG o.e.j.u.c.ContainerLifeCycle [main] ServerConnector@2bfc268b{null,[]}{0.0.0.0:0} added {ScheduledExecutorScheduler@a3d8174{STOPPED},AUTO}
2020-07-11 21:51:06,795 DEBUG o.e.j.u.c.ContainerLifeCycle [main] ServerConnector@2bfc268b{null,[]}{0.0.0.0:0} added {org.eclipse.jetty.io.ArrayByteBufferPool@1ba9117e,POJO}
2020-07-11 21:51:06,796 DEBUG o.e.j.u.c.ContainerLifeCycle [main] ServerConnector@2bfc268b{null,[http/1.1]}{0.0.0.0:0} added {HttpConnectionFactory@79da8dc5[HTTP/1.1],AUTO}
2020-07-11 21:51:06,797 DEBUG o.e.j.s.AbstractConnector [main] ServerConnector@2bfc268b{HTTP/1.1,[http/1.1]}{0.0.0.0:0} added HttpConnectionFactory@79da8dc5[HTTP/1.1]
2020-07-11 21:51:06,804 DEBUG o.e.j.u.c.ContainerLifeCycle [main] ServerConnector@2bfc268b{HTTP/1.1,[http/1.1]}{0.0.0.0:0} added {SelectorManager@ServerConnector@2bfc268b{HTTP/1.1,[http/1.1]}{0.0.0.0:0},MANAGED}
2020-07-11 21:51:06,805 DEBUG o.e.j.u.c.ContainerLifeCycle [main] Server@2a266d09{STOPPED}[9.4.19.v20190610] added {ServerConnector@2bfc268b{HTTP/1.1,[http/1.1]}{0.0.0.0:10085},AUTO}
2020-07-11 21:51:06,805 DEBUG o.e.j.u.c.AbstractLifeCycle [main] starting Server@2a266d09{STOPPED}[9.4.19.v20190610]
2020-07-11 21:51:06,811 DEBUG o.e.j.u.c.ContainerLifeCycle [main] Server@2a266d09{STARTING}[9.4.19.v20190610] added {ErrorHandler@31e5415e{STOPPED},AUTO}
2020-07-11 21:51:06,812 INFO o.e.j.s.Server [main] jetty-9.4.19.v20190610; built: 2019-06-10T16:30:51.723Z; git: afcf563148970e98786327af5e07c261fda175d3; jvm 1.8.0_251-b08
2020-07-11 21:51:06,836 DEBUG o.e.j.s.h.AbstractHandler [main] starting Server@2a266d09{STARTING}[9.4.19.v20190610]
2020-07-11 21:51:06,837 DEBUG o.e.j.u.c.AbstractLifeCycle [main] starting QueuedThreadPool[qtp2082351774]@7c1e2a9e{STOPPED,8<=0<=200,i=0,r=-1,q=0}[NO_TRY]
2020-07-11 21:51:06,841 DEBUG o.e.j.u.t.ReservedThreadExecutor [main] ReservedThreadExecutor@6babf3bf{s=0/8,p=0}
2020-07-11 21:51:06,842 DEBUG o.e.j.u.c.ContainerLifeCycle [main] QueuedThreadPool[qtp2082351774]@7c1e2a9e{STARTING,8<=0<=200,i=0,r=-1,q=0}[ReservedThreadExecutor@6babf3bf{s=0/8,p=0}] added {ReservedThreadExecutor@6babf3bf{s=0/8,p=0},AUTO}
2020-07-11 21:51:06,842 DEBUG o.e.j.u.c.AbstractLifeCycle [main] starting ReservedThreadExecutor@6babf3bf{s=0/8,p=0}
2020-07-11 21:51:06,848 DEBUG o.e.j.u.c.AbstractLifeCycle [main] STARTED @4471ms ReservedThreadExecutor@6babf3bf{s=0/8,p=0}
2020-07-11 21:51:06,848 DEBUG o.e.j.u.t.QueuedThreadPool [main] Starting Thread[qtp2082351774-14,5,main]
2020-07-11 21:51:06,849 DEBUG o.e.j.u.t.QueuedThreadPool [main] Starting Thread[qtp2082351774-15,5,main]
2020-07-11 21:51:06,850 DEBUG o.e.j.u.t.QueuedThreadPool [main] Starting Thread[qtp2082351774-16,5,main]
2020-07-11 21:51:06,850 DEBUG o.e.j.u.t.QueuedThreadPool$Runner [qtp2082351774-14] Runner started for QueuedThreadPool[qtp2082351774]@7c1e2a9e{STARTING,8<=2<=200,i=0,r=-1,q=0}[ReservedThreadExecutor@6babf3bf{s=0/8,p=0}]
2020-07-11 21:51:06,851 DEBUG o.e.j.u.t.QueuedThreadPool [main] Starting Thread[qtp2082351774-17,5,main]
2020-07-11 21:51:06,851 DEBUG o.e.j.u.t.QueuedThreadPool$Runner [qtp2082351774-15] Runner started for QueuedThreadPool[qtp2082351774]@7c1e2a9e{STARTING,8<=3<=200,i=0,r=-1,q=0}[ReservedThreadExecutor@6babf3bf{s=0/8,p=0}]
2020-07-11 21:51:06,851 DEBUG o.e.j.u.t.QueuedThreadPool [main] Starting Thread[qtp2082351774-18,5,main]
2020-07-11 21:51:06,851 DEBUG o.e.j.u.t.QueuedThreadPool$Runner [qtp2082351774-16] Runner started for QueuedThreadPool[qtp2082351774]@7c1e2a9e{STARTING,8<=4<=200,i=1,r=-1,q=0}[ReservedThreadExecutor@6babf3bf{s=0/8,p=0}]
2020-07-11 21:51:06,852 DEBUG o.e.j.u.t.QueuedThreadPool [main] Starting Thread[qtp2082351774-19,5,main]
2020-07-11 21:51:06,852 DEBUG o.e.j.u.t.QueuedThreadPool$Runner [qtp2082351774-17] Runner started for QueuedThreadPool[qtp2082351774]@7c1e2a9e{STARTING,8<=5<=200,i=2,r=-1,q=0}[ReservedThreadExecutor@6babf3bf{s=0/8,p=0}]
2020-07-11 21:51:06,852 DEBUG o.e.j.u.t.QueuedThreadPool [main] Starting Thread[qtp2082351774-20,5,main]
2020-07-11 21:51:06,852 DEBUG o.e.j.u.t.QueuedThreadPool$Runner [qtp2082351774-18] Runner started for QueuedThreadPool[qtp2082351774]@7c1e2a9e{STARTING,8<=6<=200,i=3,r=-1,q=0}[ReservedThreadExecutor@6babf3bf{s=0/8,p=0}]
2020-07-11 21:51:06,852 DEBUG o.e.j.u.t.QueuedThreadPool$Runner [qtp2082351774-19] Runner started for QueuedThreadPool[qtp2082351774]@7c1e2a9e{STARTING,8<=7<=200,i=4,r=-1,q=0}[ReservedThreadExecutor@6babf3bf{s=0/8,p=0}]
2020-07-11 21:51:06,852 DEBUG o.e.j.u.t.QueuedThreadPool [main] Starting Thread[qtp2082351774-21,5,main]
2020-07-11 21:51:06,853 DEBUG o.e.j.u.t.QueuedThreadPool$Runner [qtp2082351774-20] Runner started for QueuedThreadPool[qtp2082351774]@7c1e2a9e{STARTING,8<=8<=200,i=6,r=-1,q=0}[ReservedThreadExecutor@6babf3bf{s=0/8,p=0}]
2020-07-11 21:51:06,853 DEBUG o.e.j.u.c.AbstractLifeCycle [main] STARTED @4477ms QueuedThreadPool[qtp2082351774]@7c1e2a9e{STARTED,8<=8<=200,i=6,r=8,q=0}[ReservedThreadExecutor@6babf3bf{s=0/8,p=0}]
2020-07-11 21:51:06,854 DEBUG o.e.j.u.t.QueuedThreadPool$Runner [qtp2082351774-21] Runner started for QueuedThreadPool[qtp2082351774]@7c1e2a9e{STARTED,8<=8<=200,i=6,r=8,q=0}[ReservedThreadExecutor@6babf3bf{s=0/8,p=0}]
2020-07-11 21:51:06,854 DEBUG o.e.j.u.c.AbstractLifeCycle [main] starting ErrorHandler@31e5415e{STOPPED}
2020-07-11 21:51:06,855 DEBUG o.e.j.s.h.AbstractHandler [main] starting ErrorHandler@31e5415e{STARTING}
2020-07-11 21:51:06,855 DEBUG o.e.j.u.c.AbstractLifeCycle [main] STARTED @4479ms ErrorHandler@31e5415e{STARTED}
2020-07-11 21:51:06,856 DEBUG o.e.j.u.c.AbstractLifeCycle [main] starting ServerConnector@2bfc268b{HTTP/1.1,[http/1.1]}{0.0.0.0:10085}
2020-07-11 21:51:06,862 DEBUG o.e.j.u.c.ContainerLifeCycle [main] ServerConnector@2bfc268b{HTTP/1.1,[http/1.1]}{0.0.0.0:10085} added {sun.nio.ch.ServerSocketChannelImpl[/0:0:0:0:0:0:0:0:10085],POJO}
2020-07-11 21:51:06,864 DEBUG o.e.j.u.c.AbstractLifeCycle [main] starting ScheduledExecutorScheduler@a3d8174{STOPPED}
2020-07-11 21:51:06,866 DEBUG o.e.j.u.c.AbstractLifeCycle [main] STARTED @4490ms ScheduledExecutorScheduler@a3d8174{STARTED}
2020-07-11 21:51:06,866 DEBUG o.e.j.u.c.AbstractLifeCycle [main] starting HttpConnectionFactory@79da8dc5[HTTP/1.1]
2020-07-11 21:51:06,867 DEBUG o.e.j.u.c.AbstractLifeCycle [main] STARTED @4491ms HttpConnectionFactory@79da8dc5[HTTP/1.1]
2020-07-11 21:51:06,868 DEBUG o.e.j.u.c.AbstractLifeCycle [main] starting SelectorManager@ServerConnector@2bfc268b{HTTP/1.1,[http/1.1]}{0.0.0.0:10085}
2020-07-11 21:51:06,893 DEBUG o.e.j.u.c.ContainerLifeCycle [main] EatWhatYouKill@67c33749/SelectorProducer@53fdffa1/IDLE/p=false/QueuedThreadPool[qtp2082351774]@7c1e2a9e{STARTED,8<=8<=200,i=8,r=8,q=0}[ReservedThreadExecutor@6babf3bf{s=0/8,p=0}][pc=0,pic=0,pec=0,epc=0]@2020-07-11T21:51:06.888+08:00 added {SelectorProducer@53fdffa1,POJO}
2020-07-11 21:51:06,895 DEBUG o.e.j.u.c.ContainerLifeCycle [main] EatWhatYouKill@67c33749/SelectorProducer@53fdffa1/IDLE/p=false/QueuedThreadPool[qtp2082351774]@7c1e2a9e{STARTED,8<=8<=200,i=8,r=8,q=0}[ReservedThreadExecutor@6babf3bf{s=0/8,p=0}][pc=0,pic=0,pec=0,epc=0]@2020-07-11T21:51:06.894+08:00 added {QueuedThreadPool[qtp2082351774]@7c1e2a9e{STARTED,8<=8<=200,i=8,r=8,q=0}[ReservedThreadExecutor@6babf3bf{s=0/8,p=0}],UNMANAGED}
2020-07-11 21:51:06,897 DEBUG o.e.j.u.t.s.EatWhatYouKill [main] EatWhatYouKill@67c33749/SelectorProducer@53fdffa1/IDLE/p=false/QueuedThreadPool[qtp2082351774]@7c1e2a9e{STARTED,8<=8<=200,i=8,r=8,q=0}[ReservedThreadExecutor@6babf3bf{s=0/8,p=0}][pc=0,pic=0,pec=0,epc=0]@2020-07-11T21:51:06.896+08:00 created
2020-07-11 21:51:06,899 DEBUG o.e.j.u.c.ContainerLifeCycle [main] ManagedSelector@2b91004a{STOPPED} id=0 keys=-1 selected=-1 updates=0 added {EatWhatYouKill@67c33749/SelectorProducer@53fdffa1/IDLE/p=false/QueuedThreadPool[qtp2082351774]@7c1e2a9e{STARTED,8<=8<=200,i=8,r=8,q=0}[ReservedThreadExecutor@6babf3bf{s=0/8,p=0}][pc=0,pic=0,pec=0,epc=0]@2020-07-11T21:51:06.899+08:00,MANAGED}
2020-07-11 21:51:06,900 DEBUG o.e.j.u.c.ContainerLifeCycle [main] SelectorManager@ServerConnector@2bfc268b{HTTP/1.1,[http/1.1]}{0.0.0.0:10085} added {ManagedSelector@2b91004a{STOPPED} id=0 keys=-1 selected=-1 updates=0,AUTO}
2020-07-11 21:51:06,901 DEBUG o.e.j.u.c.ContainerLifeCycle [main] EatWhatYouKill@20ccf40b/SelectorProducer@2fb3536e/IDLE/p=false/QueuedThreadPool[qtp2082351774]@7c1e2a9e{STARTED,8<=8<=200,i=8,r=8,q=0}[ReservedThreadExecutor@6babf3bf{s=0/8,p=0}][pc=0,pic=0,pec=0,epc=0]@2020-07-11T21:51:06.901+08:00 added {SelectorProducer@2fb3536e,POJO}
2020-07-11 21:51:06,903 DEBUG o.e.j.u.c.ContainerLifeCycle [main] EatWhatYouKill@20ccf40b/SelectorProducer@2fb3536e/IDLE/p=false/QueuedThreadPool[qtp2082351774]@7c1e2a9e{STARTED,8<=8<=200,i=8,r=8,q=0}[ReservedThreadExecutor@6babf3bf{s=0/8,p=0}][pc=0,pic=0,pec=0,epc=0]@2020-07-11T21:51:06.902+08:00 added {QueuedThreadPool[qtp2082351774]@7c1e2a9e{STARTED,8<=8<=200,i=8,r=8,q=0}[ReservedThreadExecutor@6babf3bf{s=0/8,p=0}],UNMANAGED}
2020-07-11 21:51:06,903 DEBUG o.e.j.u.t.s.EatWhatYouKill [main] EatWhatYouKill@20ccf40b/SelectorProducer@2fb3536e/IDLE/p=false/QueuedThreadPool[qtp2082351774]@7c1e2a9e{STARTED,8<=8<=200,i=8,r=8,q=0}[ReservedThreadExecutor@6babf3bf{s=0/8,p=0}][pc=0,pic=0,pec=0,epc=0]@2020-07-11T21:51:06.903+08:00 created
2020-07-11 21:51:06,905 DEBUG o.e.j.u.c.ContainerLifeCycle [main] ManagedSelector@169e6180{STOPPED} id=1 keys=-1 selected=-1 updates=0 added {EatWhatYouKill@20ccf40b/SelectorProducer@2fb3536e/IDLE/p=false/QueuedThreadPool[qtp2082351774]@7c1e2a9e{STARTED,8<=8<=200,i=8,r=8,q=0}[ReservedThreadExecutor@6babf3bf{s=0/8,p=0}][pc=0,pic=0,pec=0,epc=0]@2020-07-11T21:51:06.904+08:00,MANAGED}
2020-07-11 21:51:06,906 DEBUG o.e.j.u.c.ContainerLifeCycle [main] SelectorManager@ServerConnector@2bfc268b{HTTP/1.1,[http/1.1]}{0.0.0.0:10085} added {ManagedSelector@169e6180{STOPPED} id=1 keys=-1 selected=-1 updates=0,AUTO}
2020-07-11 21:51:06,907 DEBUG o.e.j.u.c.ContainerLifeCycle [main] EatWhatYouKill@35aea049/SelectorProducer@7205765b/IDLE/p=false/QueuedThreadPool[qtp2082351774]@7c1e2a9e{STARTED,8<=8<=200,i=8,r=8,q=0}[ReservedThreadExecutor@6babf3bf{s=0/8,p=0}][pc=0,pic=0,pec=0,epc=0]@2020-07-11T21:51:06.907+08:00 added {SelectorProducer@7205765b,POJO}
2020-07-11 21:51:06,909 DEBUG o.e.j.u.c.ContainerLifeCycle [main] EatWhatYouKill@35aea049/SelectorProducer@7205765b/IDLE/p=false/QueuedThreadPool[qtp2082351774]@7c1e2a9e{STARTED,8<=8<=200,i=8,r=8,q=0}[ReservedThreadExecutor@6babf3bf{s=0/8,p=0}][pc=0,pic=0,pec=0,epc=0]@2020-07-11T21:51:06.908+08:00 added {QueuedThreadPool[qtp2082351774]@7c1e2a9e{STARTED,8<=8<=200,i=8,r=8,q=0}[ReservedThreadExecutor@6babf3bf{s=0/8,p=0}],UNMANAGED}
2020-07-11 21:51:06,910 DEBUG o.e.j.u.t.s.EatWhatYouKill [main] EatWhatYouKill@35aea049/SelectorProducer@7205765b/IDLE/p=false/QueuedThreadPool[qtp2082351774]@7c1e2a9e{STARTED,8<=8<=200,i=8,r=8,q=0}[ReservedThreadExecutor@6babf3bf{s=0/8,p=0}][pc=0,pic=0,pec=0,epc=0]@2020-07-11T21:51:06.909+08:00 created
2020-07-11 21:51:06,911 DEBUG o.e.j.u.c.ContainerLifeCycle [main] ManagedSelector@47987356{STOPPED} id=2 keys=-1 selected=-1 updates=0 added {EatWhatYouKill@35aea049/SelectorProducer@7205765b/IDLE/p=false/QueuedThreadPool[qtp2082351774]@7c1e2a9e{STARTED,8<=8<=200,i=8,r=8,q=0}[ReservedThreadExecutor@6babf3bf{s=0/8,p=0}][pc=0,pic=0,pec=0,epc=0]@2020-07-11T21:51:06.911+08:00,MANAGED}
2020-07-11 21:51:06,912 DEBUG o.e.j.u.c.ContainerLifeCycle [main] SelectorManager@ServerConnector@2bfc268b{HTTP/1.1,[http/1.1]}{0.0.0.0:10085} added {ManagedSelector@47987356{STOPPED} id=2 keys=-1 selected=-1 updates=0,AUTO}
2020-07-11 21:51:06,914 DEBUG o.e.j.u.c.ContainerLifeCycle [main] EatWhatYouKill@22ef9844/SelectorProducer@6283d8b8/IDLE/p=false/QueuedThreadPool[qtp2082351774]@7c1e2a9e{STARTED,8<=8<=200,i=8,r=8,q=0}[ReservedThreadExecutor@6babf3bf{s=0/8,p=0}][pc=0,pic=0,pec=0,epc=0]@2020-07-11T21:51:06.913+08:00 added {SelectorProducer@6283d8b8,POJO}
2020-07-11 21:51:06,915 DEBUG o.e.j.u.c.ContainerLifeCycle [main] EatWhatYouKill@22ef9844/SelectorProducer@6283d8b8/IDLE/p=false/QueuedThreadPool[qtp2082351774]@7c1e2a9e{STARTED,8<=8<=200,i=8,r=8,q=0}[ReservedThreadExecutor@6babf3bf{s=0/8,p=0}][pc=0,pic=0,pec=0,epc=0]@2020-07-11T21:51:06.915+08:00 added {QueuedThreadPool[qtp2082351774]@7c1e2a9e{STARTED,8<=8<=200,i=8,r=8,q=0}[ReservedThreadExecutor@6babf3bf{s=0/8,p=0}],UNMANAGED}
2020-07-11 21:51:06,917 DEBUG o.e.j.u.t.s.EatWhatYouKill [main] EatWhatYouKill@22ef9844/SelectorProducer@6283d8b8/IDLE/p=false/QueuedThreadPool[qtp2082351774]@7c1e2a9e{STARTED,8<=8<=200,i=8,r=8,q=0}[ReservedThreadExecutor@6babf3bf{s=0/8,p=0}][pc=0,pic=0,pec=0,epc=0]@2020-07-11T21:51:06.916+08:00 created
2020-07-11 21:51:06,918 DEBUG o.e.j.u.c.ContainerLifeCycle [main] ManagedSelector@3b6ddd1d{STOPPED} id=3 keys=-1 selected=-1 updates=0 added {EatWhatYouKill@22ef9844/SelectorProducer@6283d8b8/IDLE/p=false/QueuedThreadPool[qtp2082351774]@7c1e2a9e{STARTED,8<=8<=200,i=8,r=8,q=0}[ReservedThreadExecutor@6babf3bf{s=0/8,p=0}][pc=0,pic=0,pec=0,epc=0]@2020-07-11T21:51:06.917+08:00,MANAGED}
2020-07-11 21:51:06,919 DEBUG o.e.j.u.c.ContainerLifeCycle [main] SelectorManager@ServerConnector@2bfc268b{HTTP/1.1,[http/1.1]}{0.0.0.0:10085} added {ManagedSelector@3b6ddd1d{STOPPED} id=3 keys=-1 selected=-1 updates=0,AUTO}
2020-07-11 21:51:06,919 DEBUG o.e.j.u.c.AbstractLifeCycle [main] starting ManagedSelector@2b91004a{STOPPED} id=0 keys=-1 selected=-1 updates=0
2020-07-11 21:51:06,920 DEBUG o.e.j.u.c.AbstractLifeCycle [main] starting EatWhatYouKill@67c33749/SelectorProducer@53fdffa1/IDLE/p=false/QueuedThreadPool[qtp2082351774]@7c1e2a9e{STARTED,8<=8<=200,i=8,r=8,q=0}[ReservedThreadExecutor@6babf3bf{s=0/8,p=0}][pc=0,pic=0,pec=0,epc=0]@2020-07-11T21:51:06.92+08:00
2020-07-11 21:51:06,921 DEBUG o.e.j.u.c.AbstractLifeCycle [main] STARTED @4544ms EatWhatYouKill@67c33749/SelectorProducer@53fdffa1/IDLE/p=false/QueuedThreadPool[qtp2082351774]@7c1e2a9e{STARTED,8<=8<=200,i=8,r=8,q=0}[ReservedThreadExecutor@6babf3bf{s=0/8,p=0}][pc=0,pic=0,pec=0,epc=0]@2020-07-11T21:51:06.921+08:00
2020-07-11 21:51:06,938 DEBUG o.e.j.u.t.QueuedThreadPool [main] queue org.eclipse.jetty.io.ManagedSelector$$Lambda$68/1483298597@543588e6 startThread=false
2020-07-11 21:51:06,938 DEBUG o.e.j.u.t.QueuedThreadPool$Runner [qtp2082351774-14] run org.eclipse.jetty.io.ManagedSelector$$Lambda$68/1483298597@543588e6 in QueuedThreadPool[qtp2082351774]@7c1e2a9e{STARTED,8<=8<=200,i=7,r=8,q=0}[ReservedThreadExecutor@6babf3bf{s=0/8,p=0}]
2020-07-11 21:51:06,940 DEBUG o.e.j.u.t.s.EatWhatYouKill [qtp2082351774-14] EatWhatYouKill@67c33749/SelectorProducer@53fdffa1/IDLE/p=false/QueuedThreadPool[qtp2082351774]@7c1e2a9e{STARTED,8<=8<=200,i=7,r=8,q=0}[ReservedThreadExecutor@6babf3bf{s=0/8,p=0}][pc=0,pic=0,pec=0,epc=0]@2020-07-11T21:51:06.939+08:00 tryProduce false
2020-07-11 21:51:06,940 DEBUG o.e.j.i.ManagedSelector [main] Queued change org.eclipse.jetty.io.ManagedSelector$Start@f5acb9d on ManagedSelector@2b91004a{STARTING} id=0 keys=0 selected=0 updates=0
2020-07-11 21:51:06,943 DEBUG o.e.j.i.ManagedSelector$SelectorProducer [qtp2082351774-14] updateable 1
2020-07-11 21:51:06,944 DEBUG o.e.j.i.ManagedSelector$SelectorProducer [qtp2082351774-14] update org.eclipse.jetty.io.ManagedSelector$Start@f5acb9d
2020-07-11 21:51:06,944 DEBUG o.e.j.i.ManagedSelector$SelectorProducer [qtp2082351774-14] updates 0
2020-07-11 21:51:06,944 DEBUG o.e.j.i.ManagedSelector$SelectorProducer [qtp2082351774-14] Selector sun.nio.ch.WindowsSelectorImpl@24f870d2 waiting with 0 keys
2020-07-11 21:51:06,944 DEBUG o.e.j.u.c.AbstractLifeCycle [main] STARTED @4568ms ManagedSelector@2b91004a{STARTED} id=0 keys=0 selected=0 updates=0
2020-07-11 21:51:06,945 DEBUG o.e.j.u.c.AbstractLifeCycle [main] starting ManagedSelector@169e6180{STOPPED} id=1 keys=-1 selected=-1 updates=0
2020-07-11 21:51:06,946 DEBUG o.e.j.u.c.AbstractLifeCycle [main] starting EatWhatYouKill@20ccf40b/SelectorProducer@2fb3536e/IDLE/p=false/QueuedThreadPool[qtp2082351774]@7c1e2a9e{STARTED,8<=8<=200,i=7,r=8,q=0}[ReservedThreadExecutor@6babf3bf{s=0/8,p=0}][pc=0,pic=0,pec=0,epc=0]@2020-07-11T21:51:06.946+08:00
2020-07-11 21:51:06,947 DEBUG o.e.j.u.c.AbstractLifeCycle [main] STARTED @4570ms EatWhatYouKill@20ccf40b/SelectorProducer@2fb3536e/IDLE/p=false/QueuedThreadPool[qtp2082351774]@7c1e2a9e{STARTED,8<=8<=200,i=7,r=8,q=0}[ReservedThreadExecutor@6babf3bf{s=0/8,p=0}][pc=0,pic=0,pec=0,epc=0]@2020-07-11T21:51:06.947+08:00
2020-07-11 21:51:06,949 DEBUG o.e.j.u.t.QueuedThreadPool [main] queue org.eclipse.jetty.io.ManagedSelector$$Lambda$68/1483298597@4fb3ee4e startThread=false
2020-07-11 21:51:06,950 DEBUG o.e.j.u.t.QueuedThreadPool$Runner [qtp2082351774-15] run org.eclipse.jetty.io.ManagedSelector$$Lambda$68/1483298597@4fb3ee4e in QueuedThreadPool[qtp2082351774]@7c1e2a9e{STARTED,8<=8<=200,i=6,r=8,q=0}[ReservedThreadExecutor@6babf3bf{s=0/8,p=0}]
2020-07-11 21:51:06,951 DEBUG o.e.j.i.ManagedSelector [main] Queued change org.eclipse.jetty.io.ManagedSelector$Start@5d7148e2 on ManagedSelector@169e6180{STARTING} id=1 keys=0 selected=0 updates=0
2020-07-11 21:51:06,951 DEBUG o.e.j.u.t.s.EatWhatYouKill [qtp2082351774-15] EatWhatYouKill@20ccf40b/SelectorProducer@2fb3536e/IDLE/p=false/QueuedThreadPool[qtp2082351774]@7c1e2a9e{STARTED,8<=8<=200,i=6,r=8,q=0}[ReservedThreadExecutor@6babf3bf{s=0/8,p=0}][pc=0,pic=0,pec=0,epc=0]@2020-07-11T21:51:06.951+08:00 tryProduce false
2020-07-11 21:51:06,952 DEBUG o.e.j.i.ManagedSelector$SelectorProducer [qtp2082351774-15] updateable 1
2020-07-11 21:51:06,952 DEBUG o.e.j.i.ManagedSelector$SelectorProducer [qtp2082351774-15] update org.eclipse.jetty.io.ManagedSelector$Start@5d7148e2
2020-07-11 21:51:06,953 DEBUG o.e.j.i.ManagedSelector$SelectorProducer [qtp2082351774-15] updates 0
2020-07-11 21:51:06,953 DEBUG o.e.j.i.ManagedSelector$SelectorProducer [qtp2082351774-15] Selector sun.nio.ch.WindowsSelectorImpl@6451e5fc waiting with 0 keys
2020-07-11 21:51:06,953 DEBUG o.e.j.u.c.AbstractLifeCycle [main] STARTED @4576ms ManagedSelector@169e6180{STARTED} id=1 keys=0 selected=0 updates=0
2020-07-11 21:51:06,954 DEBUG o.e.j.u.c.AbstractLifeCycle [main] starting ManagedSelector@47987356{STOPPED} id=2 keys=-1 selected=-1 updates=0
2020-07-11 21:51:06,955 DEBUG o.e.j.u.c.AbstractLifeCycle [main] starting EatWhatYouKill@35aea049/SelectorProducer@7205765b/IDLE/p=false/QueuedThreadPool[qtp2082351774]@7c1e2a9e{STARTED,8<=8<=200,i=6,r=8,q=0}[ReservedThreadExecutor@6babf3bf{s=0/8,p=0}][pc=0,pic=0,pec=0,epc=0]@2020-07-11T21:51:06.955+08:00
2020-07-11 21:51:06,956 DEBUG o.e.j.u.c.AbstractLifeCycle [main] STARTED @4579ms EatWhatYouKill@35aea049/SelectorProducer@7205765b/IDLE/p=false/QueuedThreadPool[qtp2082351774]@7c1e2a9e{STARTED,8<=8<=200,i=6,r=8,q=0}[ReservedThreadExecutor@6babf3bf{s=0/8,p=0}][pc=0,pic=0,pec=0,epc=0]@2020-07-11T21:51:06.955+08:00
2020-07-11 21:51:06,958 DEBUG o.e.j.u.t.QueuedThreadPool [main] queue org.eclipse.jetty.io.ManagedSelector$$Lambda$68/1483298597@25fb8912 startThread=false
2020-07-11 21:51:06,958 DEBUG o.e.j.u.t.QueuedThreadPool$Runner [qtp2082351774-16] run org.eclipse.jetty.io.ManagedSelector$$Lambda$68/1483298597@25fb8912 in QueuedThreadPool[qtp2082351774]@7c1e2a9e{STARTED,8<=8<=200,i=5,r=8,q=0}[ReservedThreadExecutor@6babf3bf{s=0/8,p=0}]
2020-07-11 21:51:06,959 DEBUG o.e.j.i.ManagedSelector [main] Queued change org.eclipse.jetty.io.ManagedSelector$Start@7c24b813 on ManagedSelector@47987356{STARTING} id=2 keys=0 selected=0 updates=0
2020-07-11 21:51:06,959 DEBUG o.e.j.u.t.s.EatWhatYouKill [qtp2082351774-16] EatWhatYouKill@35aea049/SelectorProducer@7205765b/IDLE/p=false/QueuedThreadPool[qtp2082351774]@7c1e2a9e{STARTED,8<=8<=200,i=5,r=8,q=0}[ReservedThreadExecutor@6babf3bf{s=0/8,p=0}][pc=0,pic=0,pec=0,epc=0]@2020-07-11T21:51:06.959+08:00 tryProduce false
2020-07-11 21:51:06,959 DEBUG o.e.j.i.ManagedSelector$SelectorProducer [qtp2082351774-16] updateable 1
2020-07-11 21:51:06,959 DEBUG o.e.j.i.ManagedSelector$SelectorProducer [qtp2082351774-16] update org.eclipse.jetty.io.ManagedSelector$Start@7c24b813
2020-07-11 21:51:06,960 DEBUG o.e.j.i.ManagedSelector$SelectorProducer [qtp2082351774-16] updates 0
2020-07-11 21:51:06,960 DEBUG o.e.j.u.c.AbstractLifeCycle [main] STARTED @4583ms ManagedSelector@47987356{STARTED} id=2 keys=0 selected=0 updates=0
2020-07-11 21:51:06,960 DEBUG o.e.j.i.ManagedSelector$SelectorProducer [qtp2082351774-16] Selector sun.nio.ch.WindowsSelectorImpl@2c8ec049 waiting with 0 keys
2020-07-11 21:51:06,961 DEBUG o.e.j.u.c.AbstractLifeCycle [main] starting ManagedSelector@3b6ddd1d{STOPPED} id=3 keys=-1 selected=-1 updates=0
2020-07-11 21:51:06,962 DEBUG o.e.j.u.c.AbstractLifeCycle [main] starting EatWhatYouKill@22ef9844/SelectorProducer@6283d8b8/IDLE/p=false/QueuedThreadPool[qtp2082351774]@7c1e2a9e{STARTED,8<=8<=200,i=5,r=8,q=0}[ReservedThreadExecutor@6babf3bf{s=0/8,p=0}][pc=0,pic=0,pec=0,epc=0]@2020-07-11T21:51:06.961+08:00
2020-07-11 21:51:06,962 DEBUG o.e.j.u.c.AbstractLifeCycle [main] STARTED @4585ms EatWhatYouKill@22ef9844/SelectorProducer@6283d8b8/IDLE/p=false/QueuedThreadPool[qtp2082351774]@7c1e2a9e{STARTED,8<=8<=200,i=5,r=8,q=0}[ReservedThreadExecutor@6babf3bf{s=0/8,p=0}][pc=0,pic=0,pec=0,epc=0]@2020-07-11T21:51:06.962+08:00
2020-07-11 21:51:06,965 DEBUG o.e.j.u.t.QueuedThreadPool [main] queue org.eclipse.jetty.io.ManagedSelector$$Lambda$68/1483298597@2c35e847 startThread=false
2020-07-11 21:51:06,965 DEBUG o.e.j.u.t.QueuedThreadPool$Runner [qtp2082351774-17] run org.eclipse.jetty.io.ManagedSelector$$Lambda$68/1483298597@2c35e847 in QueuedThreadPool[qtp2082351774]@7c1e2a9e{STARTED,8<=8<=200,i=4,r=8,q=0}[ReservedThreadExecutor@6babf3bf{s=0/8,p=0}]
2020-07-11 21:51:06,965 DEBUG o.e.j.i.ManagedSelector [main] Queued change org.eclipse.jetty.io.ManagedSelector$Start@7bd4937b on ManagedSelector@3b6ddd1d{STARTING} id=3 keys=0 selected=0 updates=0
2020-07-11 21:51:06,966 DEBUG o.e.j.u.t.s.EatWhatYouKill [qtp2082351774-17] EatWhatYouKill@22ef9844/SelectorProducer@6283d8b8/IDLE/p=false/QueuedThreadPool[qtp2082351774]@7c1e2a9e{STARTED,8<=8<=200,i=4,r=8,q=0}[ReservedThreadExecutor@6babf3bf{s=0/8,p=0}][pc=0,pic=0,pec=0,epc=0]@2020-07-11T21:51:06.966+08:00 tryProduce false
2020-07-11 21:51:06,966 DEBUG o.e.j.i.ManagedSelector$SelectorProducer [qtp2082351774-17] updateable 1
2020-07-11 21:51:06,966 DEBUG o.e.j.i.ManagedSelector$SelectorProducer [qtp2082351774-17] update org.eclipse.jetty.io.ManagedSelector$Start@7bd4937b
2020-07-11 21:51:06,966 DEBUG o.e.j.i.ManagedSelector$SelectorProducer [qtp2082351774-17] updates 0
2020-07-11 21:51:06,966 DEBUG o.e.j.u.c.AbstractLifeCycle [main] STARTED @4590ms ManagedSelector@3b6ddd1d{STARTED} id=3 keys=0 selected=0 updates=0
2020-07-11 21:51:06,966 DEBUG o.e.j.i.ManagedSelector$SelectorProducer [qtp2082351774-17] Selector sun.nio.ch.WindowsSelectorImpl@388298b8 waiting with 0 keys
2020-07-11 21:51:06,967 DEBUG o.e.j.u.c.AbstractLifeCycle [main] STARTED @4590ms SelectorManager@ServerConnector@2bfc268b{HTTP/1.1,[http/1.1]}{0.0.0.0:10085}
2020-07-11 21:51:06,968 DEBUG o.e.j.u.c.ContainerLifeCycle [main] ServerConnector@2bfc268b{HTTP/1.1,[http/1.1]}{0.0.0.0:10085} added {acceptor-0@58d75e99,POJO}
2020-07-11 21:51:06,969 DEBUG o.e.j.u.t.QueuedThreadPool [main] queue acceptor-0@58d75e99 startThread=false
2020-07-11 21:51:06,969 DEBUG o.e.j.u.t.QueuedThreadPool$Runner [qtp2082351774-18] run acceptor-0@58d75e99 in QueuedThreadPool[qtp2082351774]@7c1e2a9e{STARTED,8<=8<=200,i=3,r=8,q=0}[ReservedThreadExecutor@6babf3bf{s=0/8,p=0}]
2020-07-11 21:51:06,970 INFO o.e.j.s.AbstractConnector [main] Started ServerConnector@2bfc268b{HTTP/1.1,[http/1.1]}{0.0.0.0:10085}
2020-07-11 21:51:06,971 DEBUG o.e.j.u.c.AbstractLifeCycle [main] STARTED @4595ms ServerConnector@2bfc268b{HTTP/1.1,[http/1.1]}{0.0.0.0:10085}
2020-07-11 21:51:06,972 INFO o.e.j.s.Server [main] Started @4596ms
2020-07-11 21:51:06,972 DEBUG o.e.j.u.c.AbstractLifeCycle [main] STARTED @4596ms Server@2a266d09{STARTED}[9.4.19.v20190610]
2020-07-11 21:51:07,979 DEBUG o.e.j.u.c.AbstractLifeCycle [main] stopping Server@2a266d09{STARTED}[9.4.19.v20190610]
2020-07-11 21:51:07,979 DEBUG o.e.j.s.Server [main] doStop Server@2a266d09{STOPPING}[9.4.19.v20190610]
2020-07-11 21:51:07,982 DEBUG o.e.j.u.t.QueuedThreadPool$Runner [qtp2082351774-18] ran qtp2082351774-18-acceptor-0@58d75e99-ServerConnector@2bfc268b{HTTP/1.1,[http/1.1]}{0.0.0.0:10085} in QueuedThreadPool[qtp2082351774]@7c1e2a9e{STARTED,8<=8<=200,i=3,r=8,q=0}[ReservedThreadExecutor@6babf3bf{s=0/8,p=0}]
2020-07-11 21:51:07,987 DEBUG o.e.j.s.h.AbstractHandlerContainer [main] Graceful shutdown Server@2a266d09{STOPPING}[9.4.19.v20190610] by 
2020-07-11 21:51:07,988 DEBUG o.e.j.u.c.AbstractLifeCycle [main] stopping ServerConnector@2bfc268b{HTTP/1.1,[http/1.1]}{0.0.0.0:10085}
2020-07-11 21:51:07,988 DEBUG o.e.j.u.c.AbstractLifeCycle [main] stopping SelectorManager@ServerConnector@2bfc268b{HTTP/1.1,[http/1.1]}{0.0.0.0:10085}
2020-07-11 21:51:07,989 DEBUG o.e.j.u.c.AbstractLifeCycle [main] stopping ManagedSelector@3b6ddd1d{STARTED} id=3 keys=0 selected=0 updates=0
2020-07-11 21:51:07,990 DEBUG o.e.j.i.ManagedSelector [main] Queued change org.eclipse.jetty.io.ManagedSelector$CloseConnections@342c38f8 on ManagedSelector@3b6ddd1d{STOPPING} id=3 keys=0 selected=0 updates=0
2020-07-11 21:51:07,991 DEBUG o.e.j.i.ManagedSelector [main] Wakeup on submit ManagedSelector@3b6ddd1d{STOPPING} id=3 keys=0 selected=0 updates=1
2020-07-11 21:51:07,992 DEBUG o.e.j.i.ManagedSelector$SelectorProducer [qtp2082351774-17] Selector sun.nio.ch.WindowsSelectorImpl@388298b8 woken with none selected
2020-07-11 21:51:07,993 DEBUG o.e.j.i.ManagedSelector$SelectorProducer [qtp2082351774-17] Selector sun.nio.ch.WindowsSelectorImpl@388298b8 woken up from select, 0/0/0 selected
2020-07-11 21:51:07,993 DEBUG o.e.j.i.ManagedSelector$SelectorProducer [qtp2082351774-17] Selector sun.nio.ch.WindowsSelectorImpl@388298b8 processing 0 keys, 1 updates
2020-07-11 21:51:07,994 DEBUG o.e.j.i.ManagedSelector$SelectorProducer [qtp2082351774-17] updateable 1
2020-07-11 21:51:07,994 DEBUG o.e.j.i.ManagedSelector$SelectorProducer [qtp2082351774-17] update org.eclipse.jetty.io.ManagedSelector$CloseConnections@342c38f8
2020-07-11 21:51:07,994 DEBUG o.e.j.i.ManagedSelector$CloseConnections [qtp2082351774-17] Closing 0 connections on ManagedSelector@3b6ddd1d{STOPPING} id=3 keys=0 selected=0 updates=0
2020-07-11 21:51:07,994 DEBUG o.e.j.i.ManagedSelector$SelectorProducer [qtp2082351774-17] updates 0
2020-07-11 21:51:07,994 DEBUG o.e.j.i.ManagedSelector$SelectorProducer [qtp2082351774-17] Selector sun.nio.ch.WindowsSelectorImpl@388298b8 waiting with 0 keys
2020-07-11 21:51:07,995 DEBUG o.e.j.i.ManagedSelector [main] Queued change org.eclipse.jetty.io.ManagedSelector$StopSelector@c88a337 on ManagedSelector@3b6ddd1d{STOPPING} id=3 keys=0 selected=0 updates=0
2020-07-11 21:51:07,995 DEBUG o.e.j.i.ManagedSelector [main] Wakeup on submit ManagedSelector@3b6ddd1d{STOPPING} id=3 keys=0 selected=0 updates=1
2020-07-11 21:51:07,996 DEBUG o.e.j.i.ManagedSelector$SelectorProducer [qtp2082351774-17] Selector sun.nio.ch.WindowsSelectorImpl@388298b8 woken with none selected
2020-07-11 21:51:07,997 DEBUG o.e.j.i.ManagedSelector$SelectorProducer [qtp2082351774-17] Selector sun.nio.ch.WindowsSelectorImpl@388298b8 woken up from select, 0/0/0 selected
2020-07-11 21:51:07,997 DEBUG o.e.j.i.ManagedSelector$SelectorProducer [qtp2082351774-17] Selector sun.nio.ch.WindowsSelectorImpl@388298b8 processing 0 keys, 1 updates
2020-07-11 21:51:07,998 DEBUG o.e.j.i.ManagedSelector$SelectorProducer [qtp2082351774-17] updateable 1
2020-07-11 21:51:07,998 DEBUG o.e.j.i.ManagedSelector$SelectorProducer [qtp2082351774-17] update org.eclipse.jetty.io.ManagedSelector$StopSelector@c88a337
2020-07-11 21:51:08,000 DEBUG o.e.j.i.ManagedSelector$SelectorProducer [qtp2082351774-17] updates 0
2020-07-11 21:51:08,001 DEBUG o.e.j.u.c.AbstractLifeCycle [main] stopping EatWhatYouKill@22ef9844/SelectorProducer@6283d8b8/PRODUCING/p=false/QueuedThreadPool[qtp2082351774]@7c1e2a9e{STARTED,8<=8<=200,i=4,r=8,q=0}[ReservedThreadExecutor@6babf3bf{s=0/8,p=0}][pc=0,pic=0,pec=0,epc=0]@2020-07-11T21:51:08+08:00
2020-07-11 21:51:08,001 DEBUG o.e.j.u.t.QueuedThreadPool$Runner [qtp2082351774-17] ran org.eclipse.jetty.io.ManagedSelector$$Lambda$68/1483298597@2c35e847 in QueuedThreadPool[qtp2082351774]@7c1e2a9e{STARTED,8<=8<=200,i=4,r=8,q=0}[ReservedThreadExecutor@6babf3bf{s=0/8,p=0}]
2020-07-11 21:51:08,002 DEBUG o.e.j.u.c.AbstractLifeCycle [main] STOPPED EatWhatYouKill@22ef9844/SelectorProducer@6283d8b8/IDLE/p=false/QueuedThreadPool[qtp2082351774]@7c1e2a9e{STARTED,8<=8<=200,i=4,r=8,q=0}[ReservedThreadExecutor@6babf3bf{s=0/8,p=0}][pc=0,pic=0,pec=0,epc=0]@2020-07-11T21:51:08.001+08:00
2020-07-11 21:51:08,002 DEBUG o.e.j.u.c.AbstractLifeCycle [main] STOPPED ManagedSelector@3b6ddd1d{STOPPED} id=3 keys=-1 selected=-1 updates=0
2020-07-11 21:51:08,003 DEBUG o.e.j.u.c.AbstractLifeCycle [main] stopping ManagedSelector@47987356{STARTED} id=2 keys=0 selected=0 updates=0
2020-07-11 21:51:08,004 DEBUG o.e.j.i.ManagedSelector [main] Queued change org.eclipse.jetty.io.ManagedSelector$CloseConnections@5d0a1059 on ManagedSelector@47987356{STOPPING} id=2 keys=0 selected=0 updates=0
2020-07-11 21:51:08,004 DEBUG o.e.j.i.ManagedSelector [main] Wakeup on submit ManagedSelector@47987356{STOPPING} id=2 keys=0 selected=0 updates=1
2020-07-11 21:51:08,005 DEBUG o.e.j.i.ManagedSelector$SelectorProducer [qtp2082351774-16] Selector sun.nio.ch.WindowsSelectorImpl@2c8ec049 woken with none selected
2020-07-11 21:51:08,006 DEBUG o.e.j.i.ManagedSelector$SelectorProducer [qtp2082351774-16] Selector sun.nio.ch.WindowsSelectorImpl@2c8ec049 woken up from select, 0/0/0 selected
2020-07-11 21:51:08,007 DEBUG o.e.j.i.ManagedSelector$SelectorProducer [qtp2082351774-16] Selector sun.nio.ch.WindowsSelectorImpl@2c8ec049 processing 0 keys, 1 updates
2020-07-11 21:51:08,007 DEBUG o.e.j.i.ManagedSelector$SelectorProducer [qtp2082351774-16] updateable 1
2020-07-11 21:51:08,008 DEBUG o.e.j.i.ManagedSelector$SelectorProducer [qtp2082351774-16] update org.eclipse.jetty.io.ManagedSelector$CloseConnections@5d0a1059
2020-07-11 21:51:08,008 DEBUG o.e.j.i.ManagedSelector$CloseConnections [qtp2082351774-16] Closing 0 connections on ManagedSelector@47987356{STOPPING} id=2 keys=0 selected=0 updates=0
2020-07-11 21:51:08,008 DEBUG o.e.j.i.ManagedSelector$SelectorProducer [qtp2082351774-16] updates 0
2020-07-11 21:51:08,009 DEBUG o.e.j.i.ManagedSelector$SelectorProducer [qtp2082351774-16] Selector sun.nio.ch.WindowsSelectorImpl@2c8ec049 waiting with 0 keys
2020-07-11 21:51:08,009 DEBUG o.e.j.i.ManagedSelector [main] Queued change org.eclipse.jetty.io.ManagedSelector$StopSelector@485966cc on ManagedSelector@47987356{STOPPING} id=2 keys=0 selected=0 updates=0
2020-07-11 21:51:08,010 DEBUG o.e.j.i.ManagedSelector [main] Wakeup on submit ManagedSelector@47987356{STOPPING} id=2 keys=0 selected=0 updates=1
2020-07-11 21:51:08,010 DEBUG o.e.j.i.ManagedSelector$SelectorProducer [qtp2082351774-16] Selector sun.nio.ch.WindowsSelectorImpl@2c8ec049 woken with none selected
2020-07-11 21:51:08,010 DEBUG o.e.j.i.ManagedSelector$SelectorProducer [qtp2082351774-16] Selector sun.nio.ch.WindowsSelectorImpl@2c8ec049 woken up from select, 0/0/0 selected
2020-07-11 21:51:08,011 DEBUG o.e.j.i.ManagedSelector$SelectorProducer [qtp2082351774-16] Selector sun.nio.ch.WindowsSelectorImpl@2c8ec049 processing 0 keys, 1 updates
2020-07-11 21:51:08,011 DEBUG o.e.j.i.ManagedSelector$SelectorProducer [qtp2082351774-16] updateable 1
2020-07-11 21:51:08,011 DEBUG o.e.j.i.ManagedSelector$SelectorProducer [qtp2082351774-16] update org.eclipse.jetty.io.ManagedSelector$StopSelector@485966cc
2020-07-11 21:51:08,012 DEBUG o.e.j.i.ManagedSelector$SelectorProducer [qtp2082351774-16] updates 0
2020-07-11 21:51:08,012 DEBUG o.e.j.u.t.QueuedThreadPool$Runner [qtp2082351774-16] ran org.eclipse.jetty.io.ManagedSelector$$Lambda$68/1483298597@25fb8912 in QueuedThreadPool[qtp2082351774]@7c1e2a9e{STARTED,8<=8<=200,i=5,r=8,q=0}[ReservedThreadExecutor@6babf3bf{s=0/8,p=0}]
2020-07-11 21:51:08,012 DEBUG o.e.j.u.c.AbstractLifeCycle [main] stopping EatWhatYouKill@35aea049/SelectorProducer@7205765b/PRODUCING/p=false/QueuedThreadPool[qtp2082351774]@7c1e2a9e{STARTED,8<=8<=200,i=5,r=8,q=0}[ReservedThreadExecutor@6babf3bf{s=0/8,p=0}][pc=0,pic=0,pec=0,epc=0]@2020-07-11T21:51:08.012+08:00
2020-07-11 21:51:08,014 DEBUG o.e.j.u.c.AbstractLifeCycle [main] STOPPED EatWhatYouKill@35aea049/SelectorProducer@7205765b/IDLE/p=false/QueuedThreadPool[qtp2082351774]@7c1e2a9e{STARTED,8<=8<=200,i=6,r=8,q=0}[ReservedThreadExecutor@6babf3bf{s=0/8,p=0}][pc=0,pic=0,pec=0,epc=0]@2020-07-11T21:51:08.013+08:00
2020-07-11 21:51:08,016 DEBUG o.e.j.u.c.AbstractLifeCycle [main] STOPPED ManagedSelector@47987356{STOPPED} id=2 keys=-1 selected=-1 updates=0
2020-07-11 21:51:08,017 DEBUG o.e.j.u.c.AbstractLifeCycle [main] stopping ManagedSelector@169e6180{STARTED} id=1 keys=0 selected=0 updates=0
2020-07-11 21:51:08,017 DEBUG o.e.j.i.ManagedSelector [main] Queued change org.eclipse.jetty.io.ManagedSelector$CloseConnections@1de76cc7 on ManagedSelector@169e6180{STOPPING} id=1 keys=0 selected=0 updates=0
2020-07-11 21:51:08,018 DEBUG o.e.j.i.ManagedSelector [main] Wakeup on submit ManagedSelector@169e6180{STOPPING} id=1 keys=0 selected=0 updates=1
2020-07-11 21:51:08,019 DEBUG o.e.j.i.ManagedSelector$SelectorProducer [qtp2082351774-15] Selector sun.nio.ch.WindowsSelectorImpl@6451e5fc woken with none selected
2020-07-11 21:51:08,019 DEBUG o.e.j.i.ManagedSelector$SelectorProducer [qtp2082351774-15] Selector sun.nio.ch.WindowsSelectorImpl@6451e5fc woken up from select, 0/0/0 selected
2020-07-11 21:51:08,019 DEBUG o.e.j.i.ManagedSelector$SelectorProducer [qtp2082351774-15] Selector sun.nio.ch.WindowsSelectorImpl@6451e5fc processing 0 keys, 1 updates
2020-07-11 21:51:08,019 DEBUG o.e.j.i.ManagedSelector$SelectorProducer [qtp2082351774-15] updateable 1
2020-07-11 21:51:08,020 DEBUG o.e.j.i.ManagedSelector$SelectorProducer [qtp2082351774-15] update org.eclipse.jetty.io.ManagedSelector$CloseConnections@1de76cc7
2020-07-11 21:51:08,020 DEBUG o.e.j.i.ManagedSelector$CloseConnections [qtp2082351774-15] Closing 0 connections on ManagedSelector@169e6180{STOPPING} id=1 keys=0 selected=0 updates=0
2020-07-11 21:51:08,020 DEBUG o.e.j.i.ManagedSelector$SelectorProducer [qtp2082351774-15] updates 0
2020-07-11 21:51:08,021 DEBUG o.e.j.i.ManagedSelector [main] Queued change org.eclipse.jetty.io.ManagedSelector$StopSelector@54bff557 on ManagedSelector@169e6180{STOPPING} id=1 keys=0 selected=0 updates=0
2020-07-11 21:51:08,021 DEBUG o.e.j.i.ManagedSelector$SelectorProducer [qtp2082351774-15] Selector sun.nio.ch.WindowsSelectorImpl@6451e5fc waiting with 0 keys
2020-07-11 21:51:08,021 DEBUG o.e.j.i.ManagedSelector [main] Wakeup on submit ManagedSelector@169e6180{STOPPING} id=1 keys=0 selected=0 updates=1
2020-07-11 21:51:08,022 DEBUG o.e.j.i.ManagedSelector$SelectorProducer [qtp2082351774-15] Selector sun.nio.ch.WindowsSelectorImpl@6451e5fc woken with none selected
2020-07-11 21:51:08,023 DEBUG o.e.j.i.ManagedSelector$SelectorProducer [qtp2082351774-15] Selector sun.nio.ch.WindowsSelectorImpl@6451e5fc woken up from select, 0/0/0 selected
2020-07-11 21:51:08,025 DEBUG o.e.j.i.ManagedSelector$SelectorProducer [qtp2082351774-15] Selector sun.nio.ch.WindowsSelectorImpl@6451e5fc processing 0 keys, 1 updates
2020-07-11 21:51:08,025 DEBUG o.e.j.i.ManagedSelector$SelectorProducer [qtp2082351774-15] updateable 1
2020-07-11 21:51:08,026 DEBUG o.e.j.i.ManagedSelector$SelectorProducer [qtp2082351774-15] update org.eclipse.jetty.io.ManagedSelector$StopSelector@54bff557
2020-07-11 21:51:08,027 DEBUG o.e.j.i.ManagedSelector$SelectorProducer [qtp2082351774-15] updates 0
2020-07-11 21:51:08,028 DEBUG o.e.j.u.t.QueuedThreadPool$Runner [qtp2082351774-15] ran org.eclipse.jetty.io.ManagedSelector$$Lambda$68/1483298597@4fb3ee4e in QueuedThreadPool[qtp2082351774]@7c1e2a9e{STARTED,8<=8<=200,i=6,r=8,q=0}[ReservedThreadExecutor@6babf3bf{s=0/8,p=0}]
2020-07-11 21:51:08,028 DEBUG o.e.j.u.c.AbstractLifeCycle [main] stopping EatWhatYouKill@20ccf40b/SelectorProducer@2fb3536e/PRODUCING/p=false/QueuedThreadPool[qtp2082351774]@7c1e2a9e{STARTED,8<=8<=200,i=6,r=8,q=0}[ReservedThreadExecutor@6babf3bf{s=0/8,p=0}][pc=0,pic=0,pec=0,epc=0]@2020-07-11T21:51:08.028+08:00
2020-07-11 21:51:08,030 DEBUG o.e.j.u.c.AbstractLifeCycle [main] STOPPED EatWhatYouKill@20ccf40b/SelectorProducer@2fb3536e/IDLE/p=false/QueuedThreadPool[qtp2082351774]@7c1e2a9e{STARTED,8<=8<=200,i=7,r=8,q=0}[ReservedThreadExecutor@6babf3bf{s=0/8,p=0}][pc=0,pic=0,pec=0,epc=0]@2020-07-11T21:51:08.029+08:00
2020-07-11 21:51:08,031 DEBUG o.e.j.u.c.AbstractLifeCycle [main] STOPPED ManagedSelector@169e6180{STOPPED} id=1 keys=-1 selected=-1 updates=0
2020-07-11 21:51:08,031 DEBUG o.e.j.u.c.AbstractLifeCycle [main] stopping ManagedSelector@2b91004a{STARTED} id=0 keys=0 selected=0 updates=0
2020-07-11 21:51:08,032 DEBUG o.e.j.i.ManagedSelector [main] Queued change org.eclipse.jetty.io.ManagedSelector$CloseConnections@593aaf41 on ManagedSelector@2b91004a{STOPPING} id=0 keys=0 selected=0 updates=0
2020-07-11 21:51:08,032 DEBUG o.e.j.i.ManagedSelector [main] Wakeup on submit ManagedSelector@2b91004a{STOPPING} id=0 keys=0 selected=0 updates=1
2020-07-11 21:51:08,033 DEBUG o.e.j.i.ManagedSelector$SelectorProducer [qtp2082351774-14] Selector sun.nio.ch.WindowsSelectorImpl@24f870d2 woken with none selected
2020-07-11 21:51:08,034 DEBUG o.e.j.i.ManagedSelector$SelectorProducer [qtp2082351774-14] Selector sun.nio.ch.WindowsSelectorImpl@24f870d2 woken up from select, 0/0/0 selected
2020-07-11 21:51:08,034 DEBUG o.e.j.i.ManagedSelector$SelectorProducer [qtp2082351774-14] Selector sun.nio.ch.WindowsSelectorImpl@24f870d2 processing 0 keys, 1 updates
2020-07-11 21:51:08,034 DEBUG o.e.j.i.ManagedSelector$SelectorProducer [qtp2082351774-14] updateable 1
2020-07-11 21:51:08,035 DEBUG o.e.j.i.ManagedSelector$SelectorProducer [qtp2082351774-14] update org.eclipse.jetty.io.ManagedSelector$CloseConnections@593aaf41
2020-07-11 21:51:08,035 DEBUG o.e.j.i.ManagedSelector$CloseConnections [qtp2082351774-14] Closing 0 connections on ManagedSelector@2b91004a{STOPPING} id=0 keys=0 selected=0 updates=0
2020-07-11 21:51:08,036 DEBUG o.e.j.i.ManagedSelector$SelectorProducer [qtp2082351774-14] updates 0
2020-07-11 21:51:08,036 DEBUG o.e.j.i.ManagedSelector$SelectorProducer [qtp2082351774-14] Selector sun.nio.ch.WindowsSelectorImpl@24f870d2 waiting with 0 keys
2020-07-11 21:51:08,036 DEBUG o.e.j.i.ManagedSelector [main] Queued change org.eclipse.jetty.io.ManagedSelector$StopSelector@5a56cdac on ManagedSelector@2b91004a{STOPPING} id=0 keys=0 selected=0 updates=0
2020-07-11 21:51:08,037 DEBUG o.e.j.i.ManagedSelector [main] Wakeup on submit ManagedSelector@2b91004a{STOPPING} id=0 keys=0 selected=0 updates=1
2020-07-11 21:51:08,037 DEBUG o.e.j.i.ManagedSelector$SelectorProducer [qtp2082351774-14] Selector sun.nio.ch.WindowsSelectorImpl@24f870d2 woken with none selected
2020-07-11 21:51:08,038 DEBUG o.e.j.i.ManagedSelector$SelectorProducer [qtp2082351774-14] Selector sun.nio.ch.WindowsSelectorImpl@24f870d2 woken up from select, 0/0/0 selected
2020-07-11 21:51:08,038 DEBUG o.e.j.i.ManagedSelector$SelectorProducer [qtp2082351774-14] Selector sun.nio.ch.WindowsSelectorImpl@24f870d2 processing 0 keys, 1 updates
2020-07-11 21:51:08,038 DEBUG o.e.j.i.ManagedSelector$SelectorProducer [qtp2082351774-14] updateable 1
2020-07-11 21:51:08,038 DEBUG o.e.j.i.ManagedSelector$SelectorProducer [qtp2082351774-14] update org.eclipse.jetty.io.ManagedSelector$StopSelector@5a56cdac
2020-07-11 21:51:08,040 DEBUG o.e.j.i.ManagedSelector$SelectorProducer [qtp2082351774-14] updates 0
2020-07-11 21:51:08,040 DEBUG o.e.j.u.c.AbstractLifeCycle [main] stopping EatWhatYouKill@67c33749/SelectorProducer@53fdffa1/PRODUCING/p=false/QueuedThreadPool[qtp2082351774]@7c1e2a9e{STARTED,8<=8<=200,i=7,r=8,q=0}[ReservedThreadExecutor@6babf3bf{s=0/8,p=0}][pc=0,pic=0,pec=0,epc=0]@2020-07-11T21:51:08.04+08:00
2020-07-11 21:51:08,040 DEBUG o.e.j.u.t.QueuedThreadPool$Runner [qtp2082351774-14] ran org.eclipse.jetty.io.ManagedSelector$$Lambda$68/1483298597@543588e6 in QueuedThreadPool[qtp2082351774]@7c1e2a9e{STARTED,8<=8<=200,i=7,r=8,q=0}[ReservedThreadExecutor@6babf3bf{s=0/8,p=0}]
2020-07-11 21:51:08,041 DEBUG o.e.j.u.c.AbstractLifeCycle [main] STOPPED EatWhatYouKill@67c33749/SelectorProducer@53fdffa1/IDLE/p=false/QueuedThreadPool[qtp2082351774]@7c1e2a9e{STARTED,8<=8<=200,i=8,r=8,q=0}[ReservedThreadExecutor@6babf3bf{s=0/8,p=0}][pc=0,pic=0,pec=0,epc=0]@2020-07-11T21:51:08.041+08:00
2020-07-11 21:51:08,041 DEBUG o.e.j.u.c.AbstractLifeCycle [main] STOPPED ManagedSelector@2b91004a{STOPPED} id=0 keys=-1 selected=-1 updates=0
2020-07-11 21:51:08,042 DEBUG o.e.j.u.c.AbstractLifeCycle [main] STOPPED SelectorManager@ServerConnector@2bfc268b{HTTP/1.1,[http/1.1]}{0.0.0.0:10085}
2020-07-11 21:51:08,042 DEBUG o.e.j.u.c.AbstractLifeCycle [main] stopping HttpConnectionFactory@79da8dc5[HTTP/1.1]
2020-07-11 21:51:08,043 DEBUG o.e.j.u.c.AbstractLifeCycle [main] STOPPED HttpConnectionFactory@79da8dc5[HTTP/1.1]
2020-07-11 21:51:08,043 DEBUG o.e.j.u.c.AbstractLifeCycle [main] stopping ScheduledExecutorScheduler@a3d8174{STARTED}
2020-07-11 21:51:08,044 DEBUG o.e.j.u.c.AbstractLifeCycle [main] STOPPED ScheduledExecutorScheduler@a3d8174{STOPPED}
2020-07-11 21:51:08,044 INFO o.e.j.s.AbstractConnector [main] Stopped ServerConnector@2bfc268b{HTTP/1.1,[http/1.1]}{0.0.0.0:10085}
2020-07-11 21:51:08,044 DEBUG o.e.j.u.c.AbstractLifeCycle [main] STOPPED ServerConnector@2bfc268b{HTTP/1.1,[http/1.1]}{0.0.0.0:10085}
2020-07-11 21:51:08,045 DEBUG o.e.j.s.h.AbstractHandler [main] stopping Server@2a266d09{STOPPING}[9.4.19.v20190610]
2020-07-11 21:51:08,045 DEBUG o.e.j.u.c.AbstractLifeCycle [main] stopping ErrorHandler@31e5415e{STARTED}
2020-07-11 21:51:08,046 DEBUG o.e.j.s.h.AbstractHandler [main] stopping ErrorHandler@31e5415e{STOPPING}
2020-07-11 21:51:08,046 DEBUG o.e.j.u.c.AbstractLifeCycle [main] STOPPED ErrorHandler@31e5415e{STOPPED}
2020-07-11 21:51:08,047 DEBUG o.e.j.u.c.AbstractLifeCycle [main] stopping QueuedThreadPool[qtp2082351774]@7c1e2a9e{STARTED,8<=8<=200,i=8,r=8,q=0}[ReservedThreadExecutor@6babf3bf{s=0/8,p=0}]
2020-07-11 21:51:08,047 DEBUG o.e.j.u.t.QueuedThreadPool [main] Stopping QueuedThreadPool[qtp2082351774]@7c1e2a9e{STOPPING,8<=8<=200,i=8,r=-1,q=0}[ReservedThreadExecutor@6babf3bf{s=0/8,p=0}]
2020-07-11 21:51:08,049 DEBUG o.e.j.u.c.AbstractLifeCycle [main] stopping ReservedThreadExecutor@6babf3bf{s=0/8,p=0}
2020-07-11 21:51:08,050 DEBUG o.e.j.u.c.AbstractLifeCycle [main] STOPPED ReservedThreadExecutor@6babf3bf{s=0/8,p=0}
2020-07-11 21:51:08,051 DEBUG o.e.j.u.t.QueuedThreadPool$Runner [qtp2082351774-18] run org.eclipse.jetty.util.thread.QueuedThreadPool$$Lambda$49/301749835@549c4132 in QueuedThreadPool[qtp2082351774]@7c1e2a9e{STOPPING,8<=0<=200,i=8,r=-1,q=4}[NO_TRY]
2020-07-11 21:51:08,051 DEBUG o.e.j.u.t.QueuedThreadPool$Runner [qtp2082351774-19] run org.eclipse.jetty.util.thread.QueuedThreadPool$$Lambda$49/301749835@549c4132 in QueuedThreadPool[qtp2082351774]@7c1e2a9e{STOPPING,8<=0<=200,i=8,r=-1,q=6}[NO_TRY]
2020-07-11 21:51:08,051 DEBUG o.e.j.u.t.QueuedThreadPool$Runner [qtp2082351774-20] run org.eclipse.jetty.util.thread.QueuedThreadPool$$Lambda$49/301749835@549c4132 in QueuedThreadPool[qtp2082351774]@7c1e2a9e{STOPPING,8<=0<=200,i=8,r=-1,q=4}[NO_TRY]
2020-07-11 21:51:08,051 DEBUG o.e.j.u.t.QueuedThreadPool$Runner [qtp2082351774-15] run org.eclipse.jetty.util.thread.QueuedThreadPool$$Lambda$49/301749835@549c4132 in QueuedThreadPool[qtp2082351774]@7c1e2a9e{STOPPING,8<=0<=200,i=8,r=-1,q=1}[NO_TRY]
2020-07-11 21:51:08,051 DEBUG o.e.j.u.t.QueuedThreadPool$Runner [qtp2082351774-14] run org.eclipse.jetty.util.thread.QueuedThreadPool$$Lambda$49/301749835@549c4132 in QueuedThreadPool[qtp2082351774]@7c1e2a9e{STOPPING,8<=0<=200,i=8,r=-1,q=0}[NO_TRY]
2020-07-11 21:51:08,052 DEBUG o.e.j.u.t.QueuedThreadPool$Runner [qtp2082351774-15] ran org.eclipse.jetty.util.thread.QueuedThreadPool$$Lambda$49/301749835@549c4132 in QueuedThreadPool[qtp2082351774]@7c1e2a9e{STOPPING,8<=0<=200,i=8,r=-1,q=0}[NO_TRY]
2020-07-11 21:51:08,052 DEBUG o.e.j.u.t.QueuedThreadPool$Runner [qtp2082351774-14] ran org.eclipse.jetty.util.thread.QueuedThreadPool$$Lambda$49/301749835@549c4132 in QueuedThreadPool[qtp2082351774]@7c1e2a9e{STOPPING,8<=0<=200,i=8,r=-1,q=0}[NO_TRY]
2020-07-11 21:51:08,051 DEBUG o.e.j.u.t.QueuedThreadPool$Runner [qtp2082351774-16] run org.eclipse.jetty.util.thread.QueuedThreadPool$$Lambda$49/301749835@549c4132 in QueuedThreadPool[qtp2082351774]@7c1e2a9e{STOPPING,8<=0<=200,i=8,r=-1,q=2}[NO_TRY]
2020-07-11 21:51:08,051 DEBUG o.e.j.u.t.QueuedThreadPool [main] Waiting for Thread[qtp2082351774-20,5,main] for 14999
2020-07-11 21:51:08,052 DEBUG o.e.j.u.t.QueuedThreadPool$Runner [qtp2082351774-19] ran org.eclipse.jetty.util.thread.QueuedThreadPool$$Lambda$49/301749835@549c4132 in QueuedThreadPool[qtp2082351774]@7c1e2a9e{STOPPING,8<=0<=200,i=8,r=-1,q=0}[NO_TRY]
2020-07-11 21:51:08,051 DEBUG o.e.j.u.t.QueuedThreadPool$Runner [qtp2082351774-21] run org.eclipse.jetty.util.thread.QueuedThreadPool$$Lambda$49/301749835@549c4132 in QueuedThreadPool[qtp2082351774]@7c1e2a9e{STOPPING,8<=0<=200,i=8,r=-1,q=4}[NO_TRY]
2020-07-11 21:51:08,052 DEBUG o.e.j.u.t.QueuedThreadPool$Runner [qtp2082351774-18] ran org.eclipse.jetty.util.thread.QueuedThreadPool$$Lambda$49/301749835@549c4132 in QueuedThreadPool[qtp2082351774]@7c1e2a9e{STOPPING,8<=0<=200,i=8,r=-1,q=0}[NO_TRY]
2020-07-11 21:51:08,051 DEBUG o.e.j.u.t.QueuedThreadPool$Runner [qtp2082351774-17] run org.eclipse.jetty.util.thread.QueuedThreadPool$$Lambda$49/301749835@549c4132 in QueuedThreadPool[qtp2082351774]@7c1e2a9e{STOPPING,8<=0<=200,i=8,r=-1,q=3}[NO_TRY]
2020-07-11 21:51:08,052 DEBUG o.e.j.u.t.QueuedThreadPool$Runner [qtp2082351774-14] Thread[qtp2082351774-14,5,main] exited for QueuedThreadPool[qtp2082351774]@7c1e2a9e{STOPPING,8<=0<=200,i=8,r=-1,q=0}[NO_TRY]
2020-07-11 21:51:08,052 DEBUG o.e.j.u.t.QueuedThreadPool$Runner [qtp2082351774-15] Thread[qtp2082351774-15,5,main] exited for QueuedThreadPool[qtp2082351774]@7c1e2a9e{STOPPING,8<=0<=200,i=8,r=-1,q=0}[NO_TRY]
2020-07-11 21:51:08,052 DEBUG o.e.j.u.t.QueuedThreadPool$Runner [qtp2082351774-21] ran org.eclipse.jetty.util.thread.QueuedThreadPool$$Lambda$49/301749835@549c4132 in QueuedThreadPool[qtp2082351774]@7c1e2a9e{STOPPING,8<=0<=200,i=8,r=-1,q=0}[NO_TRY]
2020-07-11 21:51:08,053 DEBUG o.e.j.u.t.QueuedThreadPool$Runner [qtp2082351774-17] ran org.eclipse.jetty.util.thread.QueuedThreadPool$$Lambda$49/301749835@549c4132 in QueuedThreadPool[qtp2082351774]@7c1e2a9e{STOPPING,8<=0<=200,i=8,r=-1,q=0}[NO_TRY]
2020-07-11 21:51:08,052 DEBUG o.e.j.u.t.QueuedThreadPool$Runner [qtp2082351774-20] ran org.eclipse.jetty.util.thread.QueuedThreadPool$$Lambda$49/301749835@549c4132 in QueuedThreadPool[qtp2082351774]@7c1e2a9e{STOPPING,8<=0<=200,i=8,r=-1,q=0}[NO_TRY]
2020-07-11 21:51:08,052 DEBUG o.e.j.u.t.QueuedThreadPool$Runner [qtp2082351774-16] ran org.eclipse.jetty.util.thread.QueuedThreadPool$$Lambda$49/301749835@549c4132 in QueuedThreadPool[qtp2082351774]@7c1e2a9e{STOPPING,8<=0<=200,i=8,r=-1,q=0}[NO_TRY]
2020-07-11 21:51:08,053 DEBUG o.e.j.u.t.QueuedThreadPool$Runner [qtp2082351774-18] Thread[qtp2082351774-18,5,main] exited for QueuedThreadPool[qtp2082351774]@7c1e2a9e{STOPPING,8<=0<=200,i=8,r=-1,q=0}[NO_TRY]
2020-07-11 21:51:08,053 DEBUG o.e.j.u.t.QueuedThreadPool$Runner [qtp2082351774-16] Thread[qtp2082351774-16,5,main] exited for QueuedThreadPool[qtp2082351774]@7c1e2a9e{STOPPING,8<=0<=200,i=8,r=-1,q=0}[NO_TRY]
2020-07-11 21:51:08,053 DEBUG o.e.j.u.t.QueuedThreadPool$Runner [qtp2082351774-20] Thread[qtp2082351774-20,5,main] exited for QueuedThreadPool[qtp2082351774]@7c1e2a9e{STOPPING,8<=0<=200,i=8,r=-1,q=0}[NO_TRY]
2020-07-11 21:51:08,053 DEBUG o.e.j.u.t.QueuedThreadPool$Runner [qtp2082351774-21] Thread[qtp2082351774-21,5,main] exited for QueuedThreadPool[qtp2082351774]@7c1e2a9e{STOPPING,8<=0<=200,i=8,r=-1,q=0}[NO_TRY]
2020-07-11 21:51:08,054 DEBUG o.e.j.u.t.QueuedThreadPool [main] Waiting for Thread[qtp2082351774-15,5,] for 14996
2020-07-11 21:51:08,055 DEBUG o.e.j.u.c.AbstractLifeCycle [main] STOPPED QueuedThreadPool[qtp2082351774]@7c1e2a9e{STOPPED,8<=0<=200,i=8,r=-1,q=0}[NO_TRY]
2020-07-11 21:51:08,055 DEBUG o.e.j.u.c.AbstractLifeCycle [main] STOPPED Server@2a266d09{STOPPED}[9.4.19.v20190610]
2020-07-11 21:51:08,052 DEBUG o.e.j.u.t.QueuedThreadPool$Runner [qtp2082351774-19] Thread[qtp2082351774-19,5,main] exited for QueuedThreadPool[qtp2082351774]@7c1e2a9e{STOPPING,8<=0<=200,i=8,r=-1,q=0}[NO_TRY]
2020-07-11 21:51:08,053 DEBUG o.e.j.u.t.QueuedThreadPool$Runner [qtp2082351774-17] Thread[qtp2082351774-17,5,main] exited for QueuedThreadPool[qtp2082351774]@7c1e2a9e{STOPPING,8<=0<=200,i=8,r=-1,q=0}[NO_TRY]
