2020-06-23 13:02:39,455 DEBUG o.e.j.u.l.Log [main] Logging to org.apache.logging.slf4j.Log4jLogger@3b2c72c2 via org.eclipse.jetty.util.log.Slf4jLog
2020-06-23 13:02:39,459 INFO o.e.j.u.l.Log [main] Logging initialized @1726ms to org.eclipse.jetty.util.log.Slf4jLog
2020-06-23 13:02:39,512 DEBUG o.e.j.u.c.ContainerLifeCycle [main] Server@10db82ae{STOPPED}[9.4.19.v20190610] added {QueuedThreadPool[qtp172032696]@a4102b8{STOPPED,8<=0<=200,i=0,r=-1,q=0}[NO_TRY],AUTO}
2020-06-23 13:02:39,532 DEBUG o.e.j.u.c.ContainerLifeCycle [main] HttpConnectionFactory@49c386c8[HTTP/1.1] added {HttpConfiguration@56528192{32768/8192,8192/8192,https://:0,[]},POJO}
2020-06-23 13:02:39,535 DEBUG o.e.j.u.c.ContainerLifeCycle [main] ServerConnector@4b5a5ed1{null,[]}{0.0.0.0:0} added {Server@10db82ae{STOPPED}[9.4.19.v20190610],UNMANAGED}
2020-06-23 13:02:39,536 DEBUG o.e.j.u.c.ContainerLifeCycle [main] ServerConnector@4b5a5ed1{null,[]}{0.0.0.0:0} added {QueuedThreadPool[qtp172032696]@a4102b8{STOPPED,8<=0<=200,i=0,r=-1,q=0}[NO_TRY],AUTO}
2020-06-23 13:02:39,536 DEBUG o.e.j.u.c.ContainerLifeCycle [main] ServerConnector@4b5a5ed1{null,[]}{0.0.0.0:0} added {ScheduledExecutorScheduler@7c0c77c7{STOPPED},AUTO}
2020-06-23 13:02:39,536 DEBUG o.e.j.u.c.ContainerLifeCycle [main] ServerConnector@4b5a5ed1{null,[]}{0.0.0.0:0} added {org.eclipse.jetty.io.ArrayByteBufferPool@7adda9cc,POJO}
2020-06-23 13:02:39,537 DEBUG o.e.j.u.c.ContainerLifeCycle [main] ServerConnector@4b5a5ed1{null,[http/1.1]}{0.0.0.0:0} added {HttpConnectionFactory@49c386c8[HTTP/1.1],AUTO}
2020-06-23 13:02:39,537 DEBUG o.e.j.s.AbstractConnector [main] ServerConnector@4b5a5ed1{HTTP/1.1,[http/1.1]}{0.0.0.0:0} added HttpConnectionFactory@49c386c8[HTTP/1.1]
2020-06-23 13:02:39,540 DEBUG o.e.j.u.c.ContainerLifeCycle [main] ServerConnector@4b5a5ed1{HTTP/1.1,[http/1.1]}{0.0.0.0:0} added {SelectorManager@ServerConnector@4b5a5ed1{HTTP/1.1,[http/1.1]}{0.0.0.0:0},MANAGED}
2020-06-23 13:02:39,540 DEBUG o.e.j.u.c.ContainerLifeCycle [main] Server@10db82ae{STOPPED}[9.4.19.v20190610] added {ServerConnector@4b5a5ed1{HTTP/1.1,[http/1.1]}{0.0.0.0:8080},AUTO}
2020-06-23 13:02:39,557 DEBUG o.e.j.u.DecoratedObjectFactory [main] Adding Decorator: org.eclipse.jetty.util.DeprecationWarning@67a20f67
2020-06-23 13:02:39,564 DEBUG o.e.j.u.c.ContainerLifeCycle [main] o.e.j.s.ServletContextHandler@31c88ec8{/,null,UNAVAILABLE} added {org.eclipse.jetty.server.session.SessionHandler482082765==dftMaxIdleSec=-1,MANAGED}
2020-06-23 13:02:39,568 DEBUG o.e.j.u.c.ContainerLifeCycle [main] org.eclipse.jetty.server.session.SessionHandler482082765==dftMaxIdleSec=-1 added {ServletHandler@243c4f91{STOPPED},MANAGED}
2020-06-23 13:02:39,583 DEBUG o.e.j.u.c.ContainerLifeCycle [main] Server@10db82ae{STOPPED}[9.4.19.v20190610] added {o.e.j.s.ServletContextHandler@31c88ec8{/hello,null,UNAVAILABLE},MANAGED}
2020-06-23 13:02:39,584 DEBUG o.e.j.u.c.AbstractLifeCycle [main] starting Server@10db82ae{STOPPED}[9.4.19.v20190610]
2020-06-23 13:02:39,585 DEBUG o.e.j.u.c.ContainerLifeCycle [main] Server@10db82ae{STARTING}[9.4.19.v20190610] added {ErrorHandler@7334aada{STOPPED},AUTO}
2020-06-23 13:02:39,587 INFO o.e.j.s.Server [main] jetty-9.4.19.v20190610; built: 2019-06-10T16:30:51.723Z; git: afcf563148970e98786327af5e07c261fda175d3; jvm 1.8.0_201-b09
2020-06-23 13:02:39,599 DEBUG o.e.j.s.h.AbstractHandler [main] starting Server@10db82ae{STARTING}[9.4.19.v20190610]
2020-06-23 13:02:39,599 DEBUG o.e.j.u.c.AbstractLifeCycle [main] starting QueuedThreadPool[qtp172032696]@a4102b8{STOPPED,8<=0<=200,i=0,r=-1,q=0}[NO_TRY]
2020-06-23 13:02:39,601 DEBUG o.e.j.u.t.ReservedThreadExecutor [main] ReservedThreadExecutor@4466af20{s=0/8,p=0}
2020-06-23 13:02:39,602 DEBUG o.e.j.u.c.ContainerLifeCycle [main] QueuedThreadPool[qtp172032696]@a4102b8{STARTING,8<=0<=200,i=0,r=-1,q=0}[ReservedThreadExecutor@4466af20{s=0/8,p=0}] added {ReservedThreadExecutor@4466af20{s=0/8,p=0},AUTO}
2020-06-23 13:02:39,602 DEBUG o.e.j.u.c.AbstractLifeCycle [main] starting ReservedThreadExecutor@4466af20{s=0/8,p=0}
2020-06-23 13:02:39,610 DEBUG o.e.j.u.c.AbstractLifeCycle [main] STARTED @1877ms ReservedThreadExecutor@4466af20{s=0/8,p=0}
2020-06-23 13:02:39,611 DEBUG o.e.j.u.t.QueuedThreadPool [main] Starting Thread[qtp172032696-13,5,main]
2020-06-23 13:02:39,611 DEBUG o.e.j.u.t.QueuedThreadPool [main] Starting Thread[qtp172032696-14,5,main]
2020-06-23 13:02:39,611 DEBUG o.e.j.u.t.QueuedThreadPool [main] Starting Thread[qtp172032696-15,5,main]
2020-06-23 13:02:39,611 DEBUG o.e.j.u.t.QueuedThreadPool [main] Starting Thread[qtp172032696-16,5,main]
2020-06-23 13:02:39,611 DEBUG o.e.j.u.t.QueuedThreadPool$Runner [qtp172032696-13] Runner started for QueuedThreadPool[qtp172032696]@a4102b8{STARTING,8<=3<=200,i=0,r=-1,q=0}[ReservedThreadExecutor@4466af20{s=0/8,p=0}]
2020-06-23 13:02:39,611 DEBUG o.e.j.u.t.QueuedThreadPool$Runner [qtp172032696-14] Runner started for QueuedThreadPool[qtp172032696]@a4102b8{STARTING,8<=3<=200,i=0,r=-1,q=0}[ReservedThreadExecutor@4466af20{s=0/8,p=0}]
2020-06-23 13:02:39,612 DEBUG o.e.j.u.t.QueuedThreadPool [main] Starting Thread[qtp172032696-17,5,main]
2020-06-23 13:02:39,612 DEBUG o.e.j.u.t.QueuedThreadPool$Runner [qtp172032696-15] Runner started for QueuedThreadPool[qtp172032696]@a4102b8{STARTING,8<=4<=200,i=0,r=-1,q=0}[ReservedThreadExecutor@4466af20{s=0/8,p=0}]
2020-06-23 13:02:39,612 DEBUG o.e.j.u.t.QueuedThreadPool [main] Starting Thread[qtp172032696-18,5,main]
2020-06-23 13:02:39,612 DEBUG o.e.j.u.t.QueuedThreadPool$Runner [qtp172032696-16] Runner started for QueuedThreadPool[qtp172032696]@a4102b8{STARTING,8<=5<=200,i=2,r=-1,q=0}[ReservedThreadExecutor@4466af20{s=0/8,p=0}]
2020-06-23 13:02:39,612 DEBUG o.e.j.u.t.QueuedThreadPool [main] Starting Thread[qtp172032696-19,5,main]
2020-06-23 13:02:39,612 DEBUG o.e.j.u.t.QueuedThreadPool$Runner [qtp172032696-17] Runner started for QueuedThreadPool[qtp172032696]@a4102b8{STARTING,8<=6<=200,i=3,r=-1,q=0}[ReservedThreadExecutor@4466af20{s=0/8,p=0}]
2020-06-23 13:02:39,624 DEBUG o.e.j.u.t.QueuedThreadPool [main] Starting Thread[qtp172032696-20,5,main]
2020-06-23 13:02:39,625 DEBUG o.e.j.u.t.QueuedThreadPool$Runner [qtp172032696-19] Runner started for QueuedThreadPool[qtp172032696]@a4102b8{STARTING,8<=8<=200,i=5,r=-1,q=0}[ReservedThreadExecutor@4466af20{s=0/8,p=0}]
2020-06-23 13:02:39,626 DEBUG o.e.j.u.c.AbstractLifeCycle [main] STARTED @1892ms QueuedThreadPool[qtp172032696]@a4102b8{STARTED,8<=8<=200,i=5,r=8,q=0}[ReservedThreadExecutor@4466af20{s=0/8,p=0}]
2020-06-23 13:02:39,626 DEBUG o.e.j.u.c.AbstractLifeCycle [main] starting o.e.j.s.ServletContextHandler@31c88ec8{/hello,null,UNAVAILABLE}
2020-06-23 13:02:39,625 DEBUG o.e.j.u.t.QueuedThreadPool$Runner [qtp172032696-18] Runner started for QueuedThreadPool[qtp172032696]@a4102b8{STARTING,8<=8<=200,i=5,r=-1,q=0}[ReservedThreadExecutor@4466af20{s=0/8,p=0}]
2020-06-23 13:02:39,626 DEBUG o.e.j.u.t.QueuedThreadPool$Runner [qtp172032696-20] Runner started for QueuedThreadPool[qtp172032696]@a4102b8{STARTED,8<=8<=200,i=6,r=8,q=0}[ReservedThreadExecutor@4466af20{s=0/8,p=0}]
2020-06-23 13:02:39,634 DEBUG o.e.j.h.PreEncodedHttpField [main] HttpField encoders loaded: [org.eclipse.jetty.http.Http1FieldPreEncoder@16293aa2]
2020-06-23 13:02:39,644 DEBUG o.e.j.s.h.AbstractHandler [main] starting o.e.j.s.ServletContextHandler@31c88ec8{/hello,null,STARTING}
2020-06-23 13:02:39,644 DEBUG o.e.j.u.c.AbstractLifeCycle [main] starting org.eclipse.jetty.server.session.SessionHandler482082765==dftMaxIdleSec=-1
2020-06-23 13:02:39,648 DEBUG o.e.j.u.c.ContainerLifeCycle [main] org.eclipse.jetty.server.session.SessionHandler482082765==dftMaxIdleSec=-1 added {org.eclipse.jetty.server.session.DefaultSessionCache@2b662a77[evict=-1,removeUnloadable=false,saveOnCreate=false,saveOnInactiveEvict=false],AUTO}
2020-06-23 13:02:39,649 DEBUG o.e.j.u.c.ContainerLifeCycle [main] org.eclipse.jetty.server.session.DefaultSessionCache@2b662a77[evict=-1,removeUnloadable=false,saveOnCreate=false,saveOnInactiveEvict=false] added {org.eclipse.jetty.server.session.NullSessionDataStore@4ec4f3a0[passivating=false,graceSec=3600],AUTO}
2020-06-23 13:02:39,651 DEBUG o.e.j.u.c.AbstractLifeCycle [main] starting DefaultSessionIdManager@9597028{STOPPED}[worker=null]
2020-06-23 13:02:39,652 INFO o.e.j.s.s.DefaultSessionIdManager [main] DefaultSessionIdManager workerName=node0
2020-06-23 13:02:39,652 INFO o.e.j.s.s.DefaultSessionIdManager [main] No SessionScavenger set, using defaults
2020-06-23 13:02:39,654 DEBUG o.e.j.u.c.ContainerLifeCycle [main] DefaultSessionIdManager@9597028{STARTING}[worker=node0] added {HouseKeeper@1b7cc17c{STOPPED}[interval=600000, ownscheduler=false],MANAGED}
2020-06-23 13:02:39,654 DEBUG o.e.j.u.c.AbstractLifeCycle [main] starting HouseKeeper@1b7cc17c{STOPPED}[interval=600000, ownscheduler=false]
2020-06-23 13:02:39,654 DEBUG o.e.j.u.c.AbstractLifeCycle [main] starting ScheduledExecutorScheduler@59662a0b{STOPPED}
2020-06-23 13:02:39,656 DEBUG o.e.j.u.c.AbstractLifeCycle [main] STARTED @1923ms ScheduledExecutorScheduler@59662a0b{STARTED}
2020-06-23 13:02:39,656 DEBUG o.e.j.s.s.HouseKeeper [main] Using own scheduler for scavenging
2020-06-23 13:02:39,657 INFO o.e.j.s.s.HouseKeeper [main] node0 Scavenging every 660000ms
2020-06-23 13:02:39,659 DEBUG o.e.j.u.c.AbstractLifeCycle [main] STARTED @1926ms HouseKeeper@1b7cc17c{STARTED}[interval=660000, ownscheduler=true]
2020-06-23 13:02:39,660 DEBUG o.e.j.u.c.AbstractLifeCycle [main] STARTED @1927ms DefaultSessionIdManager@9597028{STARTED}[worker=node0]
2020-06-23 13:02:39,660 DEBUG o.e.j.u.c.ContainerLifeCycle [main] Server@10db82ae{STARTING}[9.4.19.v20190610] added {DefaultSessionIdManager@9597028{STARTED}[worker=node0],MANAGED}
2020-06-23 13:02:39,660 DEBUG o.e.j.u.c.ContainerLifeCycle [main] org.eclipse.jetty.server.session.SessionHandler482082765==dftMaxIdleSec=-1 added {DefaultSessionIdManager@9597028{STARTED}[worker=node0],UNMANAGED}
2020-06-23 13:02:39,660 DEBUG o.e.j.u.c.AbstractLifeCycle [main] starting ScheduledExecutorScheduler@55183b20{STOPPED}
2020-06-23 13:02:39,660 DEBUG o.e.j.u.c.AbstractLifeCycle [main] STARTED @1927ms ScheduledExecutorScheduler@55183b20{STARTED}
2020-06-23 13:02:39,661 DEBUG o.e.j.s.h.AbstractHandler [main] starting org.eclipse.jetty.server.session.SessionHandler482082765==dftMaxIdleSec=-1
2020-06-23 13:02:39,661 DEBUG o.e.j.u.c.AbstractLifeCycle [main] starting ServletHandler@243c4f91{STOPPED}
2020-06-23 13:02:39,663 DEBUG o.e.j.s.ServletHandler [main] Path=/a[EMBEDDED:null] mapped to servlet=com.demo.jetty.HelloServlet2-402bba4f[EMBEDDED:null]
2020-06-23 13:02:39,666 DEBUG o.e.j.h.p.PathMappings [main] Added MappedResource[pathSpec=ServletPathSpec["/a",pathDepth=1,group=EXACT],resource=com.demo.jetty.HelloServlet2-402bba4f@db98bbd9==com.demo.jetty.HelloServlet2,jsp=null,order=-1,inst=true,async=true] to PathMappings[size=1]
2020-06-23 13:02:39,666 DEBUG o.e.j.s.ServletHandler [main] filterNameMap={}
2020-06-23 13:02:39,667 DEBUG o.e.j.s.ServletHandler [main] pathFilters=null
2020-06-23 13:02:39,667 DEBUG o.e.j.s.ServletHandler [main] servletFilterMap=null
2020-06-23 13:02:39,668 DEBUG o.e.j.s.ServletHandler [main] servletPathMap=PathMappings[size=1]
2020-06-23 13:02:39,669 DEBUG o.e.j.s.ServletHandler [main] servletNameMap={com.demo.jetty.HelloServlet2-402bba4f=com.demo.jetty.HelloServlet2-402bba4f@db98bbd9==com.demo.jetty.HelloServlet2,jsp=null,order=-1,inst=true,async=true}
2020-06-23 13:02:39,669 DEBUG o.e.j.s.ServletHandler [main] Adding Default404Servlet to ServletHandler@243c4f91{STARTING}
2020-06-23 13:02:39,670 DEBUG o.e.j.s.ServletHandler [main] Path=/a[EMBEDDED:null] mapped to servlet=com.demo.jetty.HelloServlet2-402bba4f[EMBEDDED:null]
2020-06-23 13:02:39,670 DEBUG o.e.j.h.p.PathMappings [main] Added MappedResource[pathSpec=ServletPathSpec["/a",pathDepth=1,group=EXACT],resource=com.demo.jetty.HelloServlet2-402bba4f@db98bbd9==com.demo.jetty.HelloServlet2,jsp=null,order=-1,inst=true,async=true] to PathMappings[size=1]
2020-06-23 13:02:39,671 DEBUG o.e.j.s.ServletHandler [main] Path=/[EMBEDDED:null] mapped to servlet=org.eclipse.jetty.servlet.ServletHandler$Default404Servlet-49e53c76[EMBEDDED:null]
2020-06-23 13:02:39,671 DEBUG o.e.j.h.p.PathMappings [main] Added MappedResource[pathSpec=ServletPathSpec["/",pathDepth=-1,group=DEFAULT],resource=org.eclipse.jetty.servlet.ServletHandler$Default404Servlet-49e53c76@ed861638==org.eclipse.jetty.servlet.ServletHandler$Default404Servlet,jsp=null,order=-1,inst=false,async=true] to PathMappings[size=2]
2020-06-23 13:02:39,671 DEBUG o.e.j.s.ServletHandler [main] filterNameMap={}
2020-06-23 13:02:39,672 DEBUG o.e.j.s.ServletHandler [main] pathFilters=null
2020-06-23 13:02:39,672 DEBUG o.e.j.s.ServletHandler [main] servletFilterMap=null
2020-06-23 13:02:39,672 DEBUG o.e.j.s.ServletHandler [main] servletPathMap=PathMappings[size=2]
2020-06-23 13:02:39,672 DEBUG o.e.j.s.ServletHandler [main] servletNameMap={com.demo.jetty.HelloServlet2-402bba4f=com.demo.jetty.HelloServlet2-402bba4f@db98bbd9==com.demo.jetty.HelloServlet2,jsp=null,order=-1,inst=true,async=true, org.eclipse.jetty.servlet.ServletHandler$Default404Servlet-49e53c76=org.eclipse.jetty.servlet.ServletHandler$Default404Servlet-49e53c76@ed861638==org.eclipse.jetty.servlet.ServletHandler$Default404Servlet,jsp=null,order=-1,inst=false,async=true}
2020-06-23 13:02:39,672 DEBUG o.e.j.s.h.AbstractHandler [main] starting ServletHandler@243c4f91{STARTING}
2020-06-23 13:02:39,672 DEBUG o.e.j.u.c.AbstractLifeCycle [main] STARTED @1939ms ServletHandler@243c4f91{STARTED}
2020-06-23 13:02:39,673 DEBUG o.e.j.u.c.AbstractLifeCycle [main] starting org.eclipse.jetty.server.session.DefaultSessionCache@2b662a77[evict=-1,removeUnloadable=false,saveOnCreate=false,saveOnInactiveEvict=false]
2020-06-23 13:02:39,673 DEBUG o.e.j.u.c.AbstractLifeCycle [main] starting org.eclipse.jetty.server.session.NullSessionDataStore@4ec4f3a0[passivating=false,graceSec=3600]
2020-06-23 13:02:39,673 DEBUG o.e.j.u.c.AbstractLifeCycle [main] STARTED @1940ms org.eclipse.jetty.server.session.NullSessionDataStore@4ec4f3a0[passivating=false,graceSec=3600]
2020-06-23 13:02:39,673 DEBUG o.e.j.u.c.AbstractLifeCycle [main] STARTED @1940ms org.eclipse.jetty.server.session.DefaultSessionCache@2b662a77[evict=-1,removeUnloadable=false,saveOnCreate=false,saveOnInactiveEvict=false]
2020-06-23 13:02:39,673 DEBUG o.e.j.u.c.AbstractLifeCycle [main] STARTED @1940ms org.eclipse.jetty.server.session.SessionHandler482082765==dftMaxIdleSec=-1
2020-06-23 13:02:39,676 DEBUG o.e.j.u.c.AbstractLifeCycle [main] starting com.demo.jetty.HelloServlet2-402bba4f@db98bbd9==com.demo.jetty.HelloServlet2,jsp=null,order=-1,inst=true,async=true
2020-06-23 13:02:39,678 DEBUG o.e.j.u.c.AbstractLifeCycle [main] STARTED @1945ms com.demo.jetty.HelloServlet2-402bba4f@db98bbd9==com.demo.jetty.HelloServlet2,jsp=null,order=-1,inst=true,async=true
2020-06-23 13:02:39,680 DEBUG o.e.j.s.ServletHolder [main] Servlet.init com.demo.jetty.HelloServlet2@128d2484 for com.demo.jetty.HelloServlet2-402bba4f
2020-06-23 13:02:39,681 DEBUG o.e.j.u.c.AbstractLifeCycle [main] starting org.eclipse.jetty.servlet.ServletHandler$Default404Servlet-49e53c76@ed861638==org.eclipse.jetty.servlet.ServletHandler$Default404Servlet,jsp=null,order=-1,inst=false,async=true
2020-06-23 13:02:39,681 DEBUG o.e.j.u.c.AbstractLifeCycle [main] STARTED @1948ms org.eclipse.jetty.servlet.ServletHandler$Default404Servlet-49e53c76@ed861638==org.eclipse.jetty.servlet.ServletHandler$Default404Servlet,jsp=null,order=-1,inst=false,async=true
2020-06-23 13:02:39,681 INFO o.e.j.s.h.ContextHandler [main] Started o.e.j.s.ServletContextHandler@31c88ec8{/hello,null,AVAILABLE}
2020-06-23 13:02:39,682 DEBUG o.e.j.u.c.AbstractLifeCycle [main] STARTED @1949ms o.e.j.s.ServletContextHandler@31c88ec8{/hello,null,AVAILABLE}
2020-06-23 13:02:39,682 DEBUG o.e.j.u.c.AbstractLifeCycle [main] starting ErrorHandler@7334aada{STOPPED}
2020-06-23 13:02:39,682 DEBUG o.e.j.s.h.AbstractHandler [main] starting ErrorHandler@7334aada{STARTING}
2020-06-23 13:02:39,682 DEBUG o.e.j.u.c.AbstractLifeCycle [main] STARTED @1949ms ErrorHandler@7334aada{STARTED}
2020-06-23 13:02:39,682 DEBUG o.e.j.u.c.AbstractLifeCycle [main] starting ServerConnector@4b5a5ed1{HTTP/1.1,[http/1.1]}{0.0.0.0:8080}
2020-06-23 13:02:39,688 DEBUG o.e.j.u.c.ContainerLifeCycle [main] ServerConnector@4b5a5ed1{HTTP/1.1,[http/1.1]}{0.0.0.0:8080} added {sun.nio.ch.ServerSocketChannelImpl[/0:0:0:0:0:0:0:0:8080],POJO}
2020-06-23 13:02:39,689 DEBUG o.e.j.u.c.AbstractLifeCycle [main] starting ScheduledExecutorScheduler@7c0c77c7{STOPPED}
2020-06-23 13:02:39,689 DEBUG o.e.j.u.c.AbstractLifeCycle [main] STARTED @1956ms ScheduledExecutorScheduler@7c0c77c7{STARTED}
2020-06-23 13:02:39,690 DEBUG o.e.j.u.c.AbstractLifeCycle [main] starting HttpConnectionFactory@49c386c8[HTTP/1.1]
2020-06-23 13:02:39,690 DEBUG o.e.j.u.c.AbstractLifeCycle [main] STARTED @1957ms HttpConnectionFactory@49c386c8[HTTP/1.1]
2020-06-23 13:02:39,690 DEBUG o.e.j.u.c.AbstractLifeCycle [main] starting SelectorManager@ServerConnector@4b5a5ed1{HTTP/1.1,[http/1.1]}{0.0.0.0:8080}
2020-06-23 13:02:39,704 DEBUG o.e.j.u.c.ContainerLifeCycle [main] EatWhatYouKill@4218d6a3/SelectorProducer@639c2c1d/IDLE/p=false/QueuedThreadPool[qtp172032696]@a4102b8{STARTED,8<=8<=200,i=8,r=8,q=0}[ReservedThreadExecutor@4466af20{s=0/8,p=0}][pc=0,pic=0,pec=0,epc=0]@2020-06-23T13:02:39.702+08:00 added {SelectorProducer@639c2c1d,POJO}
2020-06-23 13:02:39,705 DEBUG o.e.j.u.c.ContainerLifeCycle [main] EatWhatYouKill@4218d6a3/SelectorProducer@639c2c1d/IDLE/p=false/QueuedThreadPool[qtp172032696]@a4102b8{STARTED,8<=8<=200,i=8,r=8,q=0}[ReservedThreadExecutor@4466af20{s=0/8,p=0}][pc=0,pic=0,pec=0,epc=0]@2020-06-23T13:02:39.705+08:00 added {QueuedThreadPool[qtp172032696]@a4102b8{STARTED,8<=8<=200,i=8,r=8,q=0}[ReservedThreadExecutor@4466af20{s=0/8,p=0}],UNMANAGED}
2020-06-23 13:02:39,706 DEBUG o.e.j.u.t.s.EatWhatYouKill [main] EatWhatYouKill@4218d6a3/SelectorProducer@639c2c1d/IDLE/p=false/QueuedThreadPool[qtp172032696]@a4102b8{STARTED,8<=8<=200,i=8,r=8,q=0}[ReservedThreadExecutor@4466af20{s=0/8,p=0}][pc=0,pic=0,pec=0,epc=0]@2020-06-23T13:02:39.705+08:00 created
2020-06-23 13:02:39,706 DEBUG o.e.j.u.c.ContainerLifeCycle [main] ManagedSelector@36fc695d{STOPPED} id=0 keys=-1 selected=-1 updates=0 added {EatWhatYouKill@4218d6a3/SelectorProducer@639c2c1d/IDLE/p=false/QueuedThreadPool[qtp172032696]@a4102b8{STARTED,8<=8<=200,i=8,r=8,q=0}[ReservedThreadExecutor@4466af20{s=0/8,p=0}][pc=0,pic=0,pec=0,epc=0]@2020-06-23T13:02:39.706+08:00,MANAGED}
2020-06-23 13:02:39,707 DEBUG o.e.j.u.c.ContainerLifeCycle [main] SelectorManager@ServerConnector@4b5a5ed1{HTTP/1.1,[http/1.1]}{0.0.0.0:8080} added {ManagedSelector@36fc695d{STOPPED} id=0 keys=-1 selected=-1 updates=0,AUTO}
2020-06-23 13:02:39,708 DEBUG o.e.j.u.c.ContainerLifeCycle [main] EatWhatYouKill@28701274/SelectorProducer@13c9d689/IDLE/p=false/QueuedThreadPool[qtp172032696]@a4102b8{STARTED,8<=8<=200,i=8,r=8,q=0}[ReservedThreadExecutor@4466af20{s=0/8,p=0}][pc=0,pic=0,pec=0,epc=0]@2020-06-23T13:02:39.707+08:00 added {SelectorProducer@13c9d689,POJO}
2020-06-23 13:02:39,709 DEBUG o.e.j.u.c.ContainerLifeCycle [main] EatWhatYouKill@28701274/SelectorProducer@13c9d689/IDLE/p=false/QueuedThreadPool[qtp172032696]@a4102b8{STARTED,8<=8<=200,i=8,r=8,q=0}[ReservedThreadExecutor@4466af20{s=0/8,p=0}][pc=0,pic=0,pec=0,epc=0]@2020-06-23T13:02:39.708+08:00 added {QueuedThreadPool[qtp172032696]@a4102b8{STARTED,8<=8<=200,i=8,r=8,q=0}[ReservedThreadExecutor@4466af20{s=0/8,p=0}],UNMANAGED}
2020-06-23 13:02:39,710 DEBUG o.e.j.u.t.s.EatWhatYouKill [main] EatWhatYouKill@28701274/SelectorProducer@13c9d689/IDLE/p=false/QueuedThreadPool[qtp172032696]@a4102b8{STARTED,8<=8<=200,i=8,r=8,q=0}[ReservedThreadExecutor@4466af20{s=0/8,p=0}][pc=0,pic=0,pec=0,epc=0]@2020-06-23T13:02:39.709+08:00 created
2020-06-23 13:02:39,710 DEBUG o.e.j.u.c.ContainerLifeCycle [main] ManagedSelector@3754a4bf{STOPPED} id=1 keys=-1 selected=-1 updates=0 added {EatWhatYouKill@28701274/SelectorProducer@13c9d689/IDLE/p=false/QueuedThreadPool[qtp172032696]@a4102b8{STARTED,8<=8<=200,i=8,r=8,q=0}[ReservedThreadExecutor@4466af20{s=0/8,p=0}][pc=0,pic=0,pec=0,epc=0]@2020-06-23T13:02:39.71+08:00,MANAGED}
2020-06-23 13:02:39,711 DEBUG o.e.j.u.c.ContainerLifeCycle [main] SelectorManager@ServerConnector@4b5a5ed1{HTTP/1.1,[http/1.1]}{0.0.0.0:8080} added {ManagedSelector@3754a4bf{STOPPED} id=1 keys=-1 selected=-1 updates=0,AUTO}
2020-06-23 13:02:39,712 DEBUG o.e.j.u.c.ContainerLifeCycle [main] EatWhatYouKill@62379589/SelectorProducer@4afcd809/IDLE/p=false/QueuedThreadPool[qtp172032696]@a4102b8{STARTED,8<=8<=200,i=8,r=8,q=0}[ReservedThreadExecutor@4466af20{s=0/8,p=0}][pc=0,pic=0,pec=0,epc=0]@2020-06-23T13:02:39.711+08:00 added {SelectorProducer@4afcd809,POJO}
2020-06-23 13:02:39,712 DEBUG o.e.j.u.c.ContainerLifeCycle [main] EatWhatYouKill@62379589/SelectorProducer@4afcd809/IDLE/p=false/QueuedThreadPool[qtp172032696]@a4102b8{STARTED,8<=8<=200,i=8,r=8,q=0}[ReservedThreadExecutor@4466af20{s=0/8,p=0}][pc=0,pic=0,pec=0,epc=0]@2020-06-23T13:02:39.712+08:00 added {QueuedThreadPool[qtp172032696]@a4102b8{STARTED,8<=8<=200,i=8,r=8,q=0}[ReservedThreadExecutor@4466af20{s=0/8,p=0}],UNMANAGED}
2020-06-23 13:02:39,713 DEBUG o.e.j.u.t.s.EatWhatYouKill [main] EatWhatYouKill@62379589/SelectorProducer@4afcd809/IDLE/p=false/QueuedThreadPool[qtp172032696]@a4102b8{STARTED,8<=8<=200,i=8,r=8,q=0}[ReservedThreadExecutor@4466af20{s=0/8,p=0}][pc=0,pic=0,pec=0,epc=0]@2020-06-23T13:02:39.713+08:00 created
2020-06-23 13:02:39,713 DEBUG o.e.j.u.c.ContainerLifeCycle [main] ManagedSelector@175c2241{STOPPED} id=2 keys=-1 selected=-1 updates=0 added {EatWhatYouKill@62379589/SelectorProducer@4afcd809/IDLE/p=false/QueuedThreadPool[qtp172032696]@a4102b8{STARTED,8<=8<=200,i=8,r=8,q=0}[ReservedThreadExecutor@4466af20{s=0/8,p=0}][pc=0,pic=0,pec=0,epc=0]@2020-06-23T13:02:39.713+08:00,MANAGED}
2020-06-23 13:02:39,713 DEBUG o.e.j.u.c.ContainerLifeCycle [main] SelectorManager@ServerConnector@4b5a5ed1{HTTP/1.1,[http/1.1]}{0.0.0.0:8080} added {ManagedSelector@175c2241{STOPPED} id=2 keys=-1 selected=-1 updates=0,AUTO}
2020-06-23 13:02:39,714 DEBUG o.e.j.u.c.ContainerLifeCycle [main] EatWhatYouKill@5bf0d49/SelectorProducer@5b7a5baa/IDLE/p=false/QueuedThreadPool[qtp172032696]@a4102b8{STARTED,8<=8<=200,i=8,r=8,q=0}[ReservedThreadExecutor@4466af20{s=0/8,p=0}][pc=0,pic=0,pec=0,epc=0]@2020-06-23T13:02:39.714+08:00 added {SelectorProducer@5b7a5baa,POJO}
2020-06-23 13:02:39,715 DEBUG o.e.j.u.c.ContainerLifeCycle [main] EatWhatYouKill@5bf0d49/SelectorProducer@5b7a5baa/IDLE/p=false/QueuedThreadPool[qtp172032696]@a4102b8{STARTED,8<=8<=200,i=8,r=8,q=0}[ReservedThreadExecutor@4466af20{s=0/8,p=0}][pc=0,pic=0,pec=0,epc=0]@2020-06-23T13:02:39.714+08:00 added {QueuedThreadPool[qtp172032696]@a4102b8{STARTED,8<=8<=200,i=8,r=8,q=0}[ReservedThreadExecutor@4466af20{s=0/8,p=0}],UNMANAGED}
2020-06-23 13:02:39,715 DEBUG o.e.j.u.t.s.EatWhatYouKill [main] EatWhatYouKill@5bf0d49/SelectorProducer@5b7a5baa/IDLE/p=false/QueuedThreadPool[qtp172032696]@a4102b8{STARTED,8<=8<=200,i=8,r=8,q=0}[ReservedThreadExecutor@4466af20{s=0/8,p=0}][pc=0,pic=0,pec=0,epc=0]@2020-06-23T13:02:39.715+08:00 created
2020-06-23 13:02:39,715 DEBUG o.e.j.u.c.ContainerLifeCycle [main] ManagedSelector@776aec5c{STOPPED} id=3 keys=-1 selected=-1 updates=0 added {EatWhatYouKill@5bf0d49/SelectorProducer@5b7a5baa/IDLE/p=false/QueuedThreadPool[qtp172032696]@a4102b8{STARTED,8<=8<=200,i=8,r=8,q=0}[ReservedThreadExecutor@4466af20{s=0/8,p=0}][pc=0,pic=0,pec=0,epc=0]@2020-06-23T13:02:39.715+08:00,MANAGED}
2020-06-23 13:02:39,716 DEBUG o.e.j.u.c.ContainerLifeCycle [main] SelectorManager@ServerConnector@4b5a5ed1{HTTP/1.1,[http/1.1]}{0.0.0.0:8080} added {ManagedSelector@776aec5c{STOPPED} id=3 keys=-1 selected=-1 updates=0,AUTO}
2020-06-23 13:02:39,716 DEBUG o.e.j.u.c.AbstractLifeCycle [main] starting ManagedSelector@36fc695d{STOPPED} id=0 keys=-1 selected=-1 updates=0
2020-06-23 13:02:39,717 DEBUG o.e.j.u.c.AbstractLifeCycle [main] starting EatWhatYouKill@4218d6a3/SelectorProducer@639c2c1d/IDLE/p=false/QueuedThreadPool[qtp172032696]@a4102b8{STARTED,8<=8<=200,i=8,r=8,q=0}[ReservedThreadExecutor@4466af20{s=0/8,p=0}][pc=0,pic=0,pec=0,epc=0]@2020-06-23T13:02:39.717+08:00
2020-06-23 13:02:39,717 DEBUG o.e.j.u.c.AbstractLifeCycle [main] STARTED @1984ms EatWhatYouKill@4218d6a3/SelectorProducer@639c2c1d/IDLE/p=false/QueuedThreadPool[qtp172032696]@a4102b8{STARTED,8<=8<=200,i=8,r=8,q=0}[ReservedThreadExecutor@4466af20{s=0/8,p=0}][pc=0,pic=0,pec=0,epc=0]@2020-06-23T13:02:39.717+08:00
2020-06-23 13:02:39,725 DEBUG o.e.j.u.t.QueuedThreadPool [main] queue org.eclipse.jetty.io.ManagedSelector$$Lambda$29/1881561036@6a6cb05c startThread=false
2020-06-23 13:02:39,725 DEBUG o.e.j.u.t.QueuedThreadPool$Runner [qtp172032696-13] run org.eclipse.jetty.io.ManagedSelector$$Lambda$29/1881561036@6a6cb05c in QueuedThreadPool[qtp172032696]@a4102b8{STARTED,8<=8<=200,i=7,r=8,q=0}[ReservedThreadExecutor@4466af20{s=0/8,p=0}]
2020-06-23 13:02:39,725 DEBUG o.e.j.i.ManagedSelector [main] Queued change org.eclipse.jetty.io.ManagedSelector$Start@40a4337a on ManagedSelector@36fc695d{STARTING} id=0 keys=0 selected=0 updates=0
2020-06-23 13:02:39,725 DEBUG o.e.j.u.t.s.EatWhatYouKill [qtp172032696-13] EatWhatYouKill@4218d6a3/SelectorProducer@639c2c1d/IDLE/p=false/QueuedThreadPool[qtp172032696]@a4102b8{STARTED,8<=8<=200,i=7,r=8,q=0}[ReservedThreadExecutor@4466af20{s=0/8,p=0}][pc=0,pic=0,pec=0,epc=0]@2020-06-23T13:02:39.725+08:00 tryProduce false
2020-06-23 13:02:39,727 DEBUG o.e.j.i.ManagedSelector$SelectorProducer [qtp172032696-13] updateable 1
2020-06-23 13:02:39,727 DEBUG o.e.j.i.ManagedSelector$SelectorProducer [qtp172032696-13] update org.eclipse.jetty.io.ManagedSelector$Start@40a4337a
2020-06-23 13:02:39,727 DEBUG o.e.j.i.ManagedSelector$SelectorProducer [qtp172032696-13] updates 0
2020-06-23 13:02:39,727 DEBUG o.e.j.i.ManagedSelector$SelectorProducer [qtp172032696-13] Selector sun.nio.ch.WindowsSelectorImpl@235d4126 waiting with 0 keys
2020-06-23 13:02:39,728 DEBUG o.e.j.u.c.AbstractLifeCycle [main] STARTED @1994ms ManagedSelector@36fc695d{STARTED} id=0 keys=0 selected=0 updates=0
2020-06-23 13:02:39,728 DEBUG o.e.j.u.c.AbstractLifeCycle [main] starting ManagedSelector@3754a4bf{STOPPED} id=1 keys=-1 selected=-1 updates=0
2020-06-23 13:02:39,728 DEBUG o.e.j.u.c.AbstractLifeCycle [main] starting EatWhatYouKill@28701274/SelectorProducer@13c9d689/IDLE/p=false/QueuedThreadPool[qtp172032696]@a4102b8{STARTED,8<=8<=200,i=7,r=8,q=0}[ReservedThreadExecutor@4466af20{s=0/8,p=0}][pc=0,pic=0,pec=0,epc=0]@2020-06-23T13:02:39.728+08:00
2020-06-23 13:02:39,729 DEBUG o.e.j.u.c.AbstractLifeCycle [main] STARTED @1995ms EatWhatYouKill@28701274/SelectorProducer@13c9d689/IDLE/p=false/QueuedThreadPool[qtp172032696]@a4102b8{STARTED,8<=8<=200,i=7,r=8,q=0}[ReservedThreadExecutor@4466af20{s=0/8,p=0}][pc=0,pic=0,pec=0,epc=0]@2020-06-23T13:02:39.729+08:00
2020-06-23 13:02:39,730 DEBUG o.e.j.u.t.QueuedThreadPool [main] queue org.eclipse.jetty.io.ManagedSelector$$Lambda$29/1881561036@6025e1b6 startThread=false
2020-06-23 13:02:39,730 DEBUG o.e.j.u.t.QueuedThreadPool$Runner [qtp172032696-14] run org.eclipse.jetty.io.ManagedSelector$$Lambda$29/1881561036@6025e1b6 in QueuedThreadPool[qtp172032696]@a4102b8{STARTED,8<=8<=200,i=6,r=8,q=0}[ReservedThreadExecutor@4466af20{s=0/8,p=0}]
2020-06-23 13:02:39,731 DEBUG o.e.j.i.ManagedSelector [main] Queued change org.eclipse.jetty.io.ManagedSelector$Start@22ff4249 on ManagedSelector@3754a4bf{STARTING} id=1 keys=0 selected=0 updates=0
2020-06-23 13:02:39,731 DEBUG o.e.j.u.t.s.EatWhatYouKill [qtp172032696-14] EatWhatYouKill@28701274/SelectorProducer@13c9d689/IDLE/p=false/QueuedThreadPool[qtp172032696]@a4102b8{STARTED,8<=8<=200,i=6,r=8,q=0}[ReservedThreadExecutor@4466af20{s=0/8,p=0}][pc=0,pic=0,pec=0,epc=0]@2020-06-23T13:02:39.731+08:00 tryProduce false
2020-06-23 13:02:39,731 DEBUG o.e.j.i.ManagedSelector$SelectorProducer [qtp172032696-14] updateable 1
2020-06-23 13:02:39,731 DEBUG o.e.j.i.ManagedSelector$SelectorProducer [qtp172032696-14] update org.eclipse.jetty.io.ManagedSelector$Start@22ff4249
2020-06-23 13:02:39,731 DEBUG o.e.j.i.ManagedSelector$SelectorProducer [qtp172032696-14] updates 0
2020-06-23 13:02:39,731 DEBUG o.e.j.i.ManagedSelector$SelectorProducer [qtp172032696-14] Selector sun.nio.ch.WindowsSelectorImpl@2c99a551 waiting with 0 keys
2020-06-23 13:02:39,731 DEBUG o.e.j.u.c.AbstractLifeCycle [main] STARTED @1998ms ManagedSelector@3754a4bf{STARTED} id=1 keys=0 selected=0 updates=0
2020-06-23 13:02:39,731 DEBUG o.e.j.u.c.AbstractLifeCycle [main] starting ManagedSelector@175c2241{STOPPED} id=2 keys=-1 selected=-1 updates=0
2020-06-23 13:02:39,732 DEBUG o.e.j.u.c.AbstractLifeCycle [main] starting EatWhatYouKill@62379589/SelectorProducer@4afcd809/IDLE/p=false/QueuedThreadPool[qtp172032696]@a4102b8{STARTED,8<=8<=200,i=6,r=8,q=0}[ReservedThreadExecutor@4466af20{s=0/8,p=0}][pc=0,pic=0,pec=0,epc=0]@2020-06-23T13:02:39.732+08:00
2020-06-23 13:02:39,732 DEBUG o.e.j.u.c.AbstractLifeCycle [main] STARTED @1999ms EatWhatYouKill@62379589/SelectorProducer@4afcd809/IDLE/p=false/QueuedThreadPool[qtp172032696]@a4102b8{STARTED,8<=8<=200,i=6,r=8,q=0}[ReservedThreadExecutor@4466af20{s=0/8,p=0}][pc=0,pic=0,pec=0,epc=0]@2020-06-23T13:02:39.732+08:00
2020-06-23 13:02:39,734 DEBUG o.e.j.u.t.QueuedThreadPool$Runner [qtp172032696-15] run org.eclipse.jetty.io.ManagedSelector$$Lambda$29/1881561036@2d1ef81a in QueuedThreadPool[qtp172032696]@a4102b8{STARTED,8<=8<=200,i=5,r=8,q=0}[ReservedThreadExecutor@4466af20{s=0/8,p=0}]
2020-06-23 13:02:39,734 DEBUG o.e.j.u.t.QueuedThreadPool [main] queue org.eclipse.jetty.io.ManagedSelector$$Lambda$29/1881561036@2d1ef81a startThread=false
2020-06-23 13:02:39,734 DEBUG o.e.j.u.t.s.EatWhatYouKill [qtp172032696-15] EatWhatYouKill@62379589/SelectorProducer@4afcd809/IDLE/p=false/QueuedThreadPool[qtp172032696]@a4102b8{STARTED,8<=8<=200,i=5,r=8,q=0}[ReservedThreadExecutor@4466af20{s=0/8,p=0}][pc=0,pic=0,pec=0,epc=0]@2020-06-23T13:02:39.734+08:00 tryProduce false
2020-06-23 13:02:39,734 DEBUG o.e.j.i.ManagedSelector [main] Queued change org.eclipse.jetty.io.ManagedSelector$Start@4c402120 on ManagedSelector@175c2241{STARTING} id=2 keys=0 selected=0 updates=0
2020-06-23 13:02:39,735 DEBUG o.e.j.i.ManagedSelector$SelectorProducer [qtp172032696-15] updateable 0
2020-06-23 13:02:39,735 DEBUG o.e.j.i.ManagedSelector$SelectorProducer [qtp172032696-15] updates 1
2020-06-23 13:02:39,735 DEBUG o.e.j.i.ManagedSelector$SelectorProducer [qtp172032696-15] wakeup on updates SelectorProducer@4afcd809
2020-06-23 13:02:39,735 DEBUG o.e.j.i.ManagedSelector$SelectorProducer [qtp172032696-15] Selector sun.nio.ch.WindowsSelectorImpl@5a3aa63d waiting with 0 keys
2020-06-23 13:02:39,735 DEBUG o.e.j.i.ManagedSelector$SelectorProducer [qtp172032696-15] Selector sun.nio.ch.WindowsSelectorImpl@5a3aa63d woken with none selected
2020-06-23 13:02:39,736 DEBUG o.e.j.i.ManagedSelector$SelectorProducer [qtp172032696-15] Selector sun.nio.ch.WindowsSelectorImpl@5a3aa63d woken up from select, 0/0/0 selected
2020-06-23 13:02:39,736 DEBUG o.e.j.i.ManagedSelector$SelectorProducer [qtp172032696-15] Selector sun.nio.ch.WindowsSelectorImpl@5a3aa63d processing 0 keys, 1 updates
2020-06-23 13:02:39,736 DEBUG o.e.j.i.ManagedSelector$SelectorProducer [qtp172032696-15] updateable 1
2020-06-23 13:02:39,736 DEBUG o.e.j.i.ManagedSelector$SelectorProducer [qtp172032696-15] update org.eclipse.jetty.io.ManagedSelector$Start@4c402120
2020-06-23 13:02:39,736 DEBUG o.e.j.i.ManagedSelector$SelectorProducer [qtp172032696-15] updates 0
2020-06-23 13:02:39,736 DEBUG o.e.j.i.ManagedSelector$SelectorProducer [qtp172032696-15] Selector sun.nio.ch.WindowsSelectorImpl@5a3aa63d waiting with 0 keys
2020-06-23 13:02:39,736 DEBUG o.e.j.u.c.AbstractLifeCycle [main] STARTED @2003ms ManagedSelector@175c2241{STARTED} id=2 keys=0 selected=0 updates=0
2020-06-23 13:02:39,736 DEBUG o.e.j.u.c.AbstractLifeCycle [main] starting ManagedSelector@776aec5c{STOPPED} id=3 keys=-1 selected=-1 updates=0
2020-06-23 13:02:39,737 DEBUG o.e.j.u.c.AbstractLifeCycle [main] starting EatWhatYouKill@5bf0d49/SelectorProducer@5b7a5baa/IDLE/p=false/QueuedThreadPool[qtp172032696]@a4102b8{STARTED,8<=8<=200,i=5,r=8,q=0}[ReservedThreadExecutor@4466af20{s=0/8,p=0}][pc=0,pic=0,pec=0,epc=0]@2020-06-23T13:02:39.737+08:00
2020-06-23 13:02:39,738 DEBUG o.e.j.u.c.AbstractLifeCycle [main] STARTED @2004ms EatWhatYouKill@5bf0d49/SelectorProducer@5b7a5baa/IDLE/p=false/QueuedThreadPool[qtp172032696]@a4102b8{STARTED,8<=8<=200,i=5,r=8,q=0}[ReservedThreadExecutor@4466af20{s=0/8,p=0}][pc=0,pic=0,pec=0,epc=0]@2020-06-23T13:02:39.738+08:00
2020-06-23 13:02:39,739 DEBUG o.e.j.u.t.QueuedThreadPool [main] queue org.eclipse.jetty.io.ManagedSelector$$Lambda$29/1881561036@327514f startThread=false
2020-06-23 13:02:39,739 DEBUG o.e.j.u.t.QueuedThreadPool$Runner [qtp172032696-16] run org.eclipse.jetty.io.ManagedSelector$$Lambda$29/1881561036@327514f in QueuedThreadPool[qtp172032696]@a4102b8{STARTED,8<=8<=200,i=4,r=8,q=0}[ReservedThreadExecutor@4466af20{s=0/8,p=0}]
2020-06-23 13:02:39,740 DEBUG o.e.j.i.ManagedSelector [main] Queued change org.eclipse.jetty.io.ManagedSelector$Start@5b12b668 on ManagedSelector@776aec5c{STARTING} id=3 keys=0 selected=0 updates=0
2020-06-23 13:02:39,740 DEBUG o.e.j.u.t.s.EatWhatYouKill [qtp172032696-16] EatWhatYouKill@5bf0d49/SelectorProducer@5b7a5baa/IDLE/p=false/QueuedThreadPool[qtp172032696]@a4102b8{STARTED,8<=8<=200,i=4,r=8,q=0}[ReservedThreadExecutor@4466af20{s=0/8,p=0}][pc=0,pic=0,pec=0,epc=0]@2020-06-23T13:02:39.74+08:00 tryProduce false
2020-06-23 13:02:39,740 DEBUG o.e.j.i.ManagedSelector$SelectorProducer [qtp172032696-16] updateable 1
2020-06-23 13:02:39,741 DEBUG o.e.j.i.ManagedSelector$SelectorProducer [qtp172032696-16] update org.eclipse.jetty.io.ManagedSelector$Start@5b12b668
2020-06-23 13:02:39,741 DEBUG o.e.j.i.ManagedSelector$SelectorProducer [qtp172032696-16] updates 0
2020-06-23 13:02:39,741 DEBUG o.e.j.u.c.AbstractLifeCycle [main] STARTED @2008ms ManagedSelector@776aec5c{STARTED} id=3 keys=0 selected=0 updates=0
2020-06-23 13:02:39,741 DEBUG o.e.j.i.ManagedSelector$SelectorProducer [qtp172032696-16] Selector sun.nio.ch.WindowsSelectorImpl@2302f5ee waiting with 0 keys
2020-06-23 13:02:39,741 DEBUG o.e.j.u.c.AbstractLifeCycle [main] STARTED @2008ms SelectorManager@ServerConnector@4b5a5ed1{HTTP/1.1,[http/1.1]}{0.0.0.0:8080}
2020-06-23 13:02:39,743 DEBUG o.e.j.u.c.ContainerLifeCycle [main] ServerConnector@4b5a5ed1{HTTP/1.1,[http/1.1]}{0.0.0.0:8080} added {acceptor-0@7586beff,POJO}
2020-06-23 13:02:39,743 DEBUG o.e.j.u.t.QueuedThreadPool [main] queue acceptor-0@7586beff startThread=false
2020-06-23 13:02:39,743 DEBUG o.e.j.u.t.QueuedThreadPool$Runner [qtp172032696-17] run acceptor-0@7586beff in QueuedThreadPool[qtp172032696]@a4102b8{STARTED,8<=8<=200,i=3,r=8,q=0}[ReservedThreadExecutor@4466af20{s=0/8,p=0}]
2020-06-23 13:02:39,743 INFO o.e.j.s.AbstractConnector [main] Started ServerConnector@4b5a5ed1{HTTP/1.1,[http/1.1]}{0.0.0.0:8080}
2020-06-23 13:02:39,744 DEBUG o.e.j.u.c.AbstractLifeCycle [main] STARTED @2010ms ServerConnector@4b5a5ed1{HTTP/1.1,[http/1.1]}{0.0.0.0:8080}
2020-06-23 13:02:39,744 INFO o.e.j.s.Server [main] Started @2011ms
2020-06-23 13:02:39,744 DEBUG o.e.j.u.c.AbstractLifeCycle [main] STARTED @2011ms Server@10db82ae{STARTED}[9.4.19.v20190610]
